
RAxML-NG v. 0.8.0 BETA released on 11.01.2019 by The Exelixis Lab.
Authors: Alexey Kozlov, Alexandros Stamatakis, Diego Darriba, Tomas Flouri, Benoit Morel.
Latest version: https://github.com/amkozlov/raxml-ng
Questions/problems/suggestions? Please visit: https://groups.google.com/forum/#!forum/raxml

WARNING: This is a BETA release, please use at your own risk!

RAxML-NG was called at 25-Apr-2019 17:41:52 as follows:

raxml-ng --bootstrap --msa Tolkien_concat_align_protossOG.txt --outgroup Protoss_OG --model MULTI6_MK --bs-trees 1000 --prefix BootstrapConcat_OG_P --threads 1 --seed 2

Analysis options:
  run mode: Bootstrapping
  start tree(s): 
  bootstrap replicates: 1000
  random seed: 2
  tip-inner: OFF
  pattern compression: ON
  per-rate scalers: OFF
  site repeats: ON
  branch lengths: proportional (ML estimate, algorithm: NR-FAST)
  SIMD kernels: AVX
  parallelization: NONE/sequential

[00:00:00] Reading alignment from file: Tolkien_concat_align_protossOG.txt
[00:00:00] Loaded alignment with 33 taxa and 70 sites

Alignment comprises 1 partitions and 62 patterns

Partition 0: noname
Model: MULTI6_MK
Alignment sites / patterns: 70 / 62
Gaps: 0.00 %
Invariant sites: 1.43 %


NOTE: Binary MSA file created: BootstrapConcat_OG_P.raxml.rba

[00:00:00] Data distribution: max. partitions/sites/weight per thread: 1 / 62 / 372
[00:00:00] Starting bootstrapping analysis with 1000 replicates.

[00:00:00] Bootstrap tree #1, logLikelihood: -1893.176070
[00:00:01] Bootstrap tree #2, logLikelihood: -2098.438080
[00:00:02] Bootstrap tree #3, logLikelihood: -2125.501314
[00:00:03] Bootstrap tree #4, logLikelihood: -2174.624696
[00:00:04] Bootstrap tree #5, logLikelihood: -1914.777643
[00:00:04] Bootstrap tree #6, logLikelihood: -1884.629605
[00:00:05] Bootstrap tree #7, logLikelihood: -2238.286607
[00:00:06] Bootstrap tree #8, logLikelihood: -2033.460170
[00:00:07] Bootstrap tree #9, logLikelihood: -2009.049752
[00:00:08] Bootstrap tree #10, logLikelihood: -2064.815403
[00:00:09] Bootstrap tree #11, logLikelihood: -1956.703399
[00:00:10] Bootstrap tree #12, logLikelihood: -2084.517687
[00:00:11] Bootstrap tree #13, logLikelihood: -1923.287178
[00:00:11] Bootstrap tree #14, logLikelihood: -2051.874280
[00:00:12] Bootstrap tree #15, logLikelihood: -2062.223858
[00:00:13] Bootstrap tree #16, logLikelihood: -1946.113548
[00:00:14] Bootstrap tree #17, logLikelihood: -2205.895531
[00:00:15] Bootstrap tree #18, logLikelihood: -2132.736841
[00:00:16] Bootstrap tree #19, logLikelihood: -2005.200671
[00:00:17] Bootstrap tree #20, logLikelihood: -2147.719063
[00:00:18] Bootstrap tree #21, logLikelihood: -2074.098358
[00:00:19] Bootstrap tree #22, logLikelihood: -2090.200678
[00:00:20] Bootstrap tree #23, logLikelihood: -1912.139477
[00:00:21] Bootstrap tree #24, logLikelihood: -2020.472414
[00:00:22] Bootstrap tree #25, logLikelihood: -1963.520855
[00:00:23] Bootstrap tree #26, logLikelihood: -2025.820019
[00:00:24] Bootstrap tree #27, logLikelihood: -1975.300841
[00:00:24] Bootstrap tree #28, logLikelihood: -2072.441485
[00:00:25] Bootstrap tree #29, logLikelihood: -1964.427953
[00:00:26] Bootstrap tree #30, logLikelihood: -2123.614740
[00:00:26] Bootstrap tree #31, logLikelihood: -2144.400157
[00:00:27] Bootstrap tree #32, logLikelihood: -2098.615220
[00:00:28] Bootstrap tree #33, logLikelihood: -2191.046942
[00:00:29] Bootstrap tree #34, logLikelihood: -1977.487502
[00:00:29] Bootstrap tree #35, logLikelihood: -2130.423100
[00:00:30] Bootstrap tree #36, logLikelihood: -2137.267298
[00:00:31] Bootstrap tree #37, logLikelihood: -2085.208943
[00:00:31] Bootstrap tree #38, logLikelihood: -1935.064603
[00:00:32] Bootstrap tree #39, logLikelihood: -2147.091274
[00:00:33] Bootstrap tree #40, logLikelihood: -2154.038413
[00:00:34] Bootstrap tree #41, logLikelihood: -1998.316088
[00:00:35] Bootstrap tree #42, logLikelihood: -2092.673922
[00:00:36] Bootstrap tree #43, logLikelihood: -2245.077139
[00:00:36] Bootstrap tree #44, logLikelihood: -2098.109133
[00:00:37] Bootstrap tree #45, logLikelihood: -2041.176482
[00:00:38] Bootstrap tree #46, logLikelihood: -2176.234505
[00:00:39] Bootstrap tree #47, logLikelihood: -2066.754597
[00:00:40] Bootstrap tree #48, logLikelihood: -2038.661262
[00:00:41] Bootstrap tree #49, logLikelihood: -2221.260201
[00:00:42] Bootstrap tree #50, logLikelihood: -1989.073484
[00:00:43] Bootstrap tree #51, logLikelihood: -1943.768010
[00:00:44] Bootstrap tree #52, logLikelihood: -2224.319458
[00:00:45] Bootstrap tree #53, logLikelihood: -2015.591802
[00:00:46] Bootstrap tree #54, logLikelihood: -1803.892735
[00:00:46] Bootstrap tree #55, logLikelihood: -2043.282599
[00:00:48] Bootstrap tree #56, logLikelihood: -2103.537898
[00:00:48] Bootstrap tree #57, logLikelihood: -1947.908964
[00:00:49] Bootstrap tree #58, logLikelihood: -2211.137106
[00:00:50] Bootstrap tree #59, logLikelihood: -2020.693777
[00:00:51] Bootstrap tree #60, logLikelihood: -2030.247451
[00:00:52] Bootstrap tree #61, logLikelihood: -1990.861718
[00:00:54] Bootstrap tree #62, logLikelihood: -2082.134356
[00:00:54] Bootstrap tree #63, logLikelihood: -2079.765862
[00:00:55] Bootstrap tree #64, logLikelihood: -2176.894547
[00:00:56] Bootstrap tree #65, logLikelihood: -2095.305753
[00:00:57] Bootstrap tree #66, logLikelihood: -2080.586327
[00:00:57] Bootstrap tree #67, logLikelihood: -2156.466442
[00:00:59] Bootstrap tree #68, logLikelihood: -1999.359409
[00:01:00] Bootstrap tree #69, logLikelihood: -2019.579874
[00:01:01] Bootstrap tree #70, logLikelihood: -1930.299316
[00:01:02] Bootstrap tree #71, logLikelihood: -2243.747494
[00:01:03] Bootstrap tree #72, logLikelihood: -2090.352933
[00:01:04] Bootstrap tree #73, logLikelihood: -1976.079412
[00:01:04] Bootstrap tree #74, logLikelihood: -2097.947261
[00:01:06] Bootstrap tree #75, logLikelihood: -1971.849993
[00:01:07] Bootstrap tree #76, logLikelihood: -2076.571046
[00:01:08] Bootstrap tree #77, logLikelihood: -2096.796583
[00:01:09] Bootstrap tree #78, logLikelihood: -2036.466968
[00:01:09] Bootstrap tree #79, logLikelihood: -2096.019136
[00:01:10] Bootstrap tree #80, logLikelihood: -2201.684421
[00:01:11] Bootstrap tree #81, logLikelihood: -1798.466091
[00:01:12] Bootstrap tree #82, logLikelihood: -1901.531389
[00:01:12] Bootstrap tree #83, logLikelihood: -2076.934693
[00:01:13] Bootstrap tree #84, logLikelihood: -1963.760423
[00:01:14] Bootstrap tree #85, logLikelihood: -1976.920742
[00:01:16] Bootstrap tree #86, logLikelihood: -2331.024210
[00:01:16] Bootstrap tree #87, logLikelihood: -2126.991991
[00:01:17] Bootstrap tree #88, logLikelihood: -1969.531924
[00:01:18] Bootstrap tree #89, logLikelihood: -2043.514840
[00:01:19] Bootstrap tree #90, logLikelihood: -1994.650555
[00:01:19] Bootstrap tree #91, logLikelihood: -1934.967458
[00:01:20] Bootstrap tree #92, logLikelihood: -2136.186529
[00:01:21] Bootstrap tree #93, logLikelihood: -2203.883575
[00:01:22] Bootstrap tree #94, logLikelihood: -1920.061381
[00:01:23] Bootstrap tree #95, logLikelihood: -2262.953558
[00:01:24] Bootstrap tree #96, logLikelihood: -1911.110683
[00:01:24] Bootstrap tree #97, logLikelihood: -2046.383679
[00:01:25] Bootstrap tree #98, logLikelihood: -2114.364211
[00:01:26] Bootstrap tree #99, logLikelihood: -2052.660082
[00:01:27] Bootstrap tree #100, logLikelihood: -2063.631525
[00:01:28] Bootstrap tree #101, logLikelihood: -2117.617469
[00:01:29] Bootstrap tree #102, logLikelihood: -2094.732533
[00:01:29] Bootstrap tree #103, logLikelihood: -2026.391804
[00:01:30] Bootstrap tree #104, logLikelihood: -2026.191931
[00:01:31] Bootstrap tree #105, logLikelihood: -2195.896956
[00:01:32] Bootstrap tree #106, logLikelihood: -1972.112819
[00:01:33] Bootstrap tree #107, logLikelihood: -1917.280205
[00:01:35] Bootstrap tree #108, logLikelihood: -2208.326992
[00:01:35] Bootstrap tree #109, logLikelihood: -2027.888701
[00:01:36] Bootstrap tree #110, logLikelihood: -2199.404317
[00:01:37] Bootstrap tree #111, logLikelihood: -1893.057058
[00:01:38] Bootstrap tree #112, logLikelihood: -2100.093686
[00:01:38] Bootstrap tree #113, logLikelihood: -2095.482965
[00:01:39] Bootstrap tree #114, logLikelihood: -2043.311303
[00:01:40] Bootstrap tree #115, logLikelihood: -1896.523525
[00:01:42] Bootstrap tree #116, logLikelihood: -2216.318717
[00:01:42] Bootstrap tree #117, logLikelihood: -2198.494609
[00:01:43] Bootstrap tree #118, logLikelihood: -2149.840610
[00:01:44] Bootstrap tree #119, logLikelihood: -1960.223557
[00:01:44] Bootstrap tree #120, logLikelihood: -1997.329037
[00:01:45] Bootstrap tree #121, logLikelihood: -2232.976950
[00:01:46] Bootstrap tree #122, logLikelihood: -2133.750611
[00:01:47] Bootstrap tree #123, logLikelihood: -2088.146953
[00:01:48] Bootstrap tree #124, logLikelihood: -2132.026286
[00:01:49] Bootstrap tree #125, logLikelihood: -2149.264404
[00:01:49] Bootstrap tree #126, logLikelihood: -1866.632710
[00:01:50] Bootstrap tree #127, logLikelihood: -1821.686302
[00:01:51] Bootstrap tree #128, logLikelihood: -1971.045830
[00:01:52] Bootstrap tree #129, logLikelihood: -1995.094210
[00:01:53] Bootstrap tree #130, logLikelihood: -2151.894192
[00:01:53] Bootstrap tree #131, logLikelihood: -2017.023756
[00:01:54] Bootstrap tree #132, logLikelihood: -2047.406351
[00:01:55] Bootstrap tree #133, logLikelihood: -1963.763434
[00:01:56] Bootstrap tree #134, logLikelihood: -2111.850632
[00:01:57] Bootstrap tree #135, logLikelihood: -2136.776694
[00:01:58] Bootstrap tree #136, logLikelihood: -2112.331474
[00:01:59] Bootstrap tree #137, logLikelihood: -2100.215442
[00:01:59] Bootstrap tree #138, logLikelihood: -2284.889582
[00:02:00] Bootstrap tree #139, logLikelihood: -1784.115571
[00:02:01] Bootstrap tree #140, logLikelihood: -1867.213224
[00:02:02] Bootstrap tree #141, logLikelihood: -2099.568047
[00:02:03] Bootstrap tree #142, logLikelihood: -2186.843427
[00:02:04] Bootstrap tree #143, logLikelihood: -2037.908907
[00:02:05] Bootstrap tree #144, logLikelihood: -2158.963208
[00:02:06] Bootstrap tree #145, logLikelihood: -2160.210142
[00:02:06] Bootstrap tree #146, logLikelihood: -1820.353266
[00:02:07] Bootstrap tree #147, logLikelihood: -1986.331732
[00:02:08] Bootstrap tree #148, logLikelihood: -1861.601367
[00:02:09] Bootstrap tree #149, logLikelihood: -2086.340827
[00:02:10] Bootstrap tree #150, logLikelihood: -2153.589968
[00:02:11] Bootstrap tree #151, logLikelihood: -2168.701713
[00:02:12] Bootstrap tree #152, logLikelihood: -2162.257087
[00:02:13] Bootstrap tree #153, logLikelihood: -2028.294067
[00:02:14] Bootstrap tree #154, logLikelihood: -2154.903501
[00:02:16] Bootstrap tree #155, logLikelihood: -2229.578392
[00:02:16] Bootstrap tree #156, logLikelihood: -2106.318690
[00:02:17] Bootstrap tree #157, logLikelihood: -2073.743972
[00:02:18] Bootstrap tree #158, logLikelihood: -2021.498630
[00:02:20] Bootstrap tree #159, logLikelihood: -2027.881132
[00:02:21] Bootstrap tree #160, logLikelihood: -1982.215221
[00:02:21] Bootstrap tree #161, logLikelihood: -1825.978760
[00:02:22] Bootstrap tree #162, logLikelihood: -2171.648401
[00:02:23] Bootstrap tree #163, logLikelihood: -2094.748162
[00:02:24] Bootstrap tree #164, logLikelihood: -2151.173663
[00:02:25] Bootstrap tree #165, logLikelihood: -2101.944458
[00:02:26] Bootstrap tree #166, logLikelihood: -2047.169432
[00:02:27] Bootstrap tree #167, logLikelihood: -1886.015878
[00:02:27] Bootstrap tree #168, logLikelihood: -1968.783335
[00:02:28] Bootstrap tree #169, logLikelihood: -2020.630253
[00:02:29] Bootstrap tree #170, logLikelihood: -2065.122481
[00:02:29] Bootstrap tree #171, logLikelihood: -2108.908796
[00:02:30] Bootstrap tree #172, logLikelihood: -2269.207450
[00:02:31] Bootstrap tree #173, logLikelihood: -2153.888996
[00:02:32] Bootstrap tree #174, logLikelihood: -2043.199758
[00:02:33] Bootstrap tree #175, logLikelihood: -2021.773569
[00:02:34] Bootstrap tree #176, logLikelihood: -2170.819128
[00:02:34] Bootstrap tree #177, logLikelihood: -2251.778134
[00:02:35] Bootstrap tree #178, logLikelihood: -2000.665498
[00:02:37] Bootstrap tree #179, logLikelihood: -2140.995728
[00:02:37] Bootstrap tree #180, logLikelihood: -2105.829810
[00:02:38] Bootstrap tree #181, logLikelihood: -2020.629293
[00:02:39] Bootstrap tree #182, logLikelihood: -1994.940476
[00:02:40] Bootstrap tree #183, logLikelihood: -2056.607913
[00:02:41] Bootstrap tree #184, logLikelihood: -1876.791631
[00:02:42] Bootstrap tree #185, logLikelihood: -2227.234817
[00:02:44] Bootstrap tree #186, logLikelihood: -2161.102465
[00:02:44] Bootstrap tree #187, logLikelihood: -2220.272650
[00:02:45] Bootstrap tree #188, logLikelihood: -1920.471984
[00:02:46] Bootstrap tree #189, logLikelihood: -2101.175125
[00:02:46] Bootstrap tree #190, logLikelihood: -2053.430073
[00:02:47] Bootstrap tree #191, logLikelihood: -1974.335488
[00:02:48] Bootstrap tree #192, logLikelihood: -2012.230106
[00:02:49] Bootstrap tree #193, logLikelihood: -1948.250894
[00:02:50] Bootstrap tree #194, logLikelihood: -2219.609867
[00:02:51] Bootstrap tree #195, logLikelihood: -2037.374658
[00:02:52] Bootstrap tree #196, logLikelihood: -2015.319746
[00:02:52] Bootstrap tree #197, logLikelihood: -2069.222475
[00:02:54] Bootstrap tree #198, logLikelihood: -2239.348367
[00:02:54] Bootstrap tree #199, logLikelihood: -1913.900835
[00:02:55] Bootstrap tree #200, logLikelihood: -2058.183479
[00:02:57] Bootstrap tree #201, logLikelihood: -2204.074615
[00:02:58] Bootstrap tree #202, logLikelihood: -2222.464797
[00:02:59] Bootstrap tree #203, logLikelihood: -2012.880987
[00:03:00] Bootstrap tree #204, logLikelihood: -2102.511042
[00:03:00] Bootstrap tree #205, logLikelihood: -2138.628055
[00:03:01] Bootstrap tree #206, logLikelihood: -1906.416421
[00:03:02] Bootstrap tree #207, logLikelihood: -1986.514844
[00:03:02] Bootstrap tree #208, logLikelihood: -2124.783551
[00:03:04] Bootstrap tree #209, logLikelihood: -1962.221024
[00:03:05] Bootstrap tree #210, logLikelihood: -2149.575801
[00:03:06] Bootstrap tree #211, logLikelihood: -2120.351569
[00:03:07] Bootstrap tree #212, logLikelihood: -2003.120381
[00:03:08] Bootstrap tree #213, logLikelihood: -2128.211121
[00:03:08] Bootstrap tree #214, logLikelihood: -1931.459336
[00:03:09] Bootstrap tree #215, logLikelihood: -2124.783837
[00:03:10] Bootstrap tree #216, logLikelihood: -2031.568389
[00:03:10] Bootstrap tree #217, logLikelihood: -1657.204592
[00:03:11] Bootstrap tree #218, logLikelihood: -2245.628359
[00:03:12] Bootstrap tree #219, logLikelihood: -2169.508537
[00:03:13] Bootstrap tree #220, logLikelihood: -2031.997684
[00:03:14] Bootstrap tree #221, logLikelihood: -2111.197433
[00:03:16] Bootstrap tree #222, logLikelihood: -2020.434867
[00:03:18] Bootstrap tree #223, logLikelihood: -2086.589944
[00:03:19] Bootstrap tree #224, logLikelihood: -2058.840732
[00:03:19] Bootstrap tree #225, logLikelihood: -2197.031480
[00:03:20] Bootstrap tree #226, logLikelihood: -2048.414611
[00:03:21] Bootstrap tree #227, logLikelihood: -2169.188040
[00:03:22] Bootstrap tree #228, logLikelihood: -2104.643115
[00:03:24] Bootstrap tree #229, logLikelihood: -2197.858669
[00:03:25] Bootstrap tree #230, logLikelihood: -2220.815620
[00:03:26] Bootstrap tree #231, logLikelihood: -2064.245523
[00:03:26] Bootstrap tree #232, logLikelihood: -1968.132343
[00:03:27] Bootstrap tree #233, logLikelihood: -2062.408746
[00:03:28] Bootstrap tree #234, logLikelihood: -2175.021507
[00:03:29] Bootstrap tree #235, logLikelihood: -2201.525384
[00:03:29] Bootstrap tree #236, logLikelihood: -2082.434282
[00:03:30] Bootstrap tree #237, logLikelihood: -2081.337167
[00:03:31] Bootstrap tree #238, logLikelihood: -2009.567303
[00:03:31] Bootstrap tree #239, logLikelihood: -2064.272038
[00:03:32] Bootstrap tree #240, logLikelihood: -2214.194988
[00:03:33] Bootstrap tree #241, logLikelihood: -2287.275022
[00:03:34] Bootstrap tree #242, logLikelihood: -2213.835096
[00:03:35] Bootstrap tree #243, logLikelihood: -2081.758961
[00:03:36] Bootstrap tree #244, logLikelihood: -1873.263604
[00:03:37] Bootstrap tree #245, logLikelihood: -1874.205471
[00:03:38] Bootstrap tree #246, logLikelihood: -2060.075556
[00:03:39] Bootstrap tree #247, logLikelihood: -1890.104966
[00:03:39] Bootstrap tree #248, logLikelihood: -1966.339388
[00:03:40] Bootstrap tree #249, logLikelihood: -2014.913173
[00:03:41] Bootstrap tree #250, logLikelihood: -2141.567770
[00:03:42] Bootstrap tree #251, logLikelihood: -2172.115771
[00:03:42] Bootstrap tree #252, logLikelihood: -1964.173786
[00:03:43] Bootstrap tree #253, logLikelihood: -2046.540905
[00:03:44] Bootstrap tree #254, logLikelihood: -2180.135357
[00:03:45] Bootstrap tree #255, logLikelihood: -2127.363469
[00:03:46] Bootstrap tree #256, logLikelihood: -1892.841892
[00:03:47] Bootstrap tree #257, logLikelihood: -2183.678595
[00:03:47] Bootstrap tree #258, logLikelihood: -2188.719045
[00:03:48] Bootstrap tree #259, logLikelihood: -2129.954043
[00:03:50] Bootstrap tree #260, logLikelihood: -2005.466814
[00:03:50] Bootstrap tree #261, logLikelihood: -2008.402453
[00:03:51] Bootstrap tree #262, logLikelihood: -2198.384445
[00:03:53] Bootstrap tree #263, logLikelihood: -2169.246571
[00:03:53] Bootstrap tree #264, logLikelihood: -1803.188796
[00:03:54] Bootstrap tree #265, logLikelihood: -2052.538929
[00:03:55] Bootstrap tree #266, logLikelihood: -2063.312078
[00:03:56] Bootstrap tree #267, logLikelihood: -2028.996787
[00:03:57] Bootstrap tree #268, logLikelihood: -2234.061840
[00:03:58] Bootstrap tree #269, logLikelihood: -2185.259184
[00:03:59] Bootstrap tree #270, logLikelihood: -2083.739822
[00:04:00] Bootstrap tree #271, logLikelihood: -2035.312471
[00:04:01] Bootstrap tree #272, logLikelihood: -2104.619315
[00:04:01] Bootstrap tree #273, logLikelihood: -1830.825539
[00:04:02] Bootstrap tree #274, logLikelihood: -1807.005808
[00:04:03] Bootstrap tree #275, logLikelihood: -2000.497902
[00:04:04] Bootstrap tree #276, logLikelihood: -1836.077121
[00:04:05] Bootstrap tree #277, logLikelihood: -2119.723582
[00:04:06] Bootstrap tree #278, logLikelihood: -2065.855504
[00:04:06] Bootstrap tree #279, logLikelihood: -2309.839023
[00:04:07] Bootstrap tree #280, logLikelihood: -2077.819940
[00:04:08] Bootstrap tree #281, logLikelihood: -2042.902710
[00:04:08] Bootstrap tree #282, logLikelihood: -2174.946516
[00:04:09] Bootstrap tree #283, logLikelihood: -2096.388904
[00:04:10] Bootstrap tree #284, logLikelihood: -2203.115879
[00:04:11] Bootstrap tree #285, logLikelihood: -1924.503295
[00:04:12] Bootstrap tree #286, logLikelihood: -2213.981609
[00:04:12] Bootstrap tree #287, logLikelihood: -1981.829831
[00:04:14] Bootstrap tree #288, logLikelihood: -1939.878410
[00:04:15] Bootstrap tree #289, logLikelihood: -2039.104677
[00:04:16] Bootstrap tree #290, logLikelihood: -2011.220020
[00:04:17] Bootstrap tree #291, logLikelihood: -2007.272585
[00:04:18] Bootstrap tree #292, logLikelihood: -2089.149404
[00:04:19] Bootstrap tree #293, logLikelihood: -2136.711585
[00:04:20] Bootstrap tree #294, logLikelihood: -2012.626636
[00:04:21] Bootstrap tree #295, logLikelihood: -1996.931407
[00:04:22] Bootstrap tree #296, logLikelihood: -2112.543466
[00:04:23] Bootstrap tree #297, logLikelihood: -2031.019905
[00:04:24] Bootstrap tree #298, logLikelihood: -2059.736005
[00:04:25] Bootstrap tree #299, logLikelihood: -1980.477903
[00:04:26] Bootstrap tree #300, logLikelihood: -2157.091190
[00:04:27] Bootstrap tree #301, logLikelihood: -2166.979139
[00:04:28] Bootstrap tree #302, logLikelihood: -1923.830119
[00:04:28] Bootstrap tree #303, logLikelihood: -2071.974096
[00:04:29] Bootstrap tree #304, logLikelihood: -2009.904426
[00:04:31] Bootstrap tree #305, logLikelihood: -2107.904080
[00:04:31] Bootstrap tree #306, logLikelihood: -1986.613269
[00:04:32] Bootstrap tree #307, logLikelihood: -2022.800779
[00:04:33] Bootstrap tree #308, logLikelihood: -2064.648891
[00:04:34] Bootstrap tree #309, logLikelihood: -2188.915262
[00:04:35] Bootstrap tree #310, logLikelihood: -2158.637266
[00:04:35] Bootstrap tree #311, logLikelihood: -2195.200090
[00:04:37] Bootstrap tree #312, logLikelihood: -2139.354484
[00:04:38] Bootstrap tree #313, logLikelihood: -1963.001068
[00:04:38] Bootstrap tree #314, logLikelihood: -2146.647567
[00:04:39] Bootstrap tree #315, logLikelihood: -2162.464641
[00:04:40] Bootstrap tree #316, logLikelihood: -2158.258054
[00:04:41] Bootstrap tree #317, logLikelihood: -2010.197850
[00:04:42] Bootstrap tree #318, logLikelihood: -1997.585813
[00:04:43] Bootstrap tree #319, logLikelihood: -1949.601311
[00:04:44] Bootstrap tree #320, logLikelihood: -2136.277109
[00:04:45] Bootstrap tree #321, logLikelihood: -2112.520544
[00:04:46] Bootstrap tree #322, logLikelihood: -2216.485271
[00:04:47] Bootstrap tree #323, logLikelihood: -1978.581946
[00:04:49] Bootstrap tree #324, logLikelihood: -2229.709641
[00:04:50] Bootstrap tree #325, logLikelihood: -2036.190263
[00:04:51] Bootstrap tree #326, logLikelihood: -2259.376054
[00:04:52] Bootstrap tree #327, logLikelihood: -2067.730676
[00:04:53] Bootstrap tree #328, logLikelihood: -2068.983424
[00:04:54] Bootstrap tree #329, logLikelihood: -1842.008659
[00:04:54] Bootstrap tree #330, logLikelihood: -2022.504214
[00:04:55] Bootstrap tree #331, logLikelihood: -2029.188331
[00:04:56] Bootstrap tree #332, logLikelihood: -2062.225808
[00:04:57] Bootstrap tree #333, logLikelihood: -2039.256814
[00:04:58] Bootstrap tree #334, logLikelihood: -2130.009047
[00:04:59] Bootstrap tree #335, logLikelihood: -2000.308041
[00:05:00] Bootstrap tree #336, logLikelihood: -2076.531543
[00:05:01] Bootstrap tree #337, logLikelihood: -2076.869981
[00:05:02] Bootstrap tree #338, logLikelihood: -2132.244812
[00:05:03] Bootstrap tree #339, logLikelihood: -2253.316457
[00:05:04] Bootstrap tree #340, logLikelihood: -2033.722491
[00:05:04] Bootstrap tree #341, logLikelihood: -2126.408620
[00:05:05] Bootstrap tree #342, logLikelihood: -2052.318651
[00:05:06] Bootstrap tree #343, logLikelihood: -2072.628216
[00:05:07] Bootstrap tree #344, logLikelihood: -2134.423079
[00:05:08] Bootstrap tree #345, logLikelihood: -2072.064421
[00:05:09] Bootstrap tree #346, logLikelihood: -2052.096733
[00:05:11] Bootstrap tree #347, logLikelihood: -2142.944260
[00:05:12] Bootstrap tree #348, logLikelihood: -2115.893863
[00:05:13] Bootstrap tree #349, logLikelihood: -1886.718615
[00:05:14] Bootstrap tree #350, logLikelihood: -2063.806005
[00:05:14] Bootstrap tree #351, logLikelihood: -2004.918762
[00:05:16] Bootstrap tree #352, logLikelihood: -2149.534032
[00:05:17] Bootstrap tree #353, logLikelihood: -2135.969798
[00:05:18] Bootstrap tree #354, logLikelihood: -2219.629837
[00:05:19] Bootstrap tree #355, logLikelihood: -2056.588712
[00:05:20] Bootstrap tree #356, logLikelihood: -2004.572870
[00:05:21] Bootstrap tree #357, logLikelihood: -1995.981423
[00:05:22] Bootstrap tree #358, logLikelihood: -2037.203921
[00:05:23] Bootstrap tree #359, logLikelihood: -2006.843522
[00:05:24] Bootstrap tree #360, logLikelihood: -2087.890364
[00:05:24] Bootstrap tree #361, logLikelihood: -1978.316253
[00:05:25] Bootstrap tree #362, logLikelihood: -2107.371150
[00:05:26] Bootstrap tree #363, logLikelihood: -2056.618166
[00:05:27] Bootstrap tree #364, logLikelihood: -2075.242369
[00:05:28] Bootstrap tree #365, logLikelihood: -1971.462317
[00:05:29] Bootstrap tree #366, logLikelihood: -2222.624426
[00:05:30] Bootstrap tree #367, logLikelihood: -2162.721340
[00:05:31] Bootstrap tree #368, logLikelihood: -2044.495353
[00:05:31] Bootstrap tree #369, logLikelihood: -2207.651417
[00:05:33] Bootstrap tree #370, logLikelihood: -2264.053179
[00:05:34] Bootstrap tree #371, logLikelihood: -1998.717203
[00:05:35] Bootstrap tree #372, logLikelihood: -2154.497205
[00:05:36] Bootstrap tree #373, logLikelihood: -2136.110220
[00:05:36] Bootstrap tree #374, logLikelihood: -2041.555970
[00:05:37] Bootstrap tree #375, logLikelihood: -2038.357301
[00:05:38] Bootstrap tree #376, logLikelihood: -2149.576352
[00:05:39] Bootstrap tree #377, logLikelihood: -2110.728941
[00:05:40] Bootstrap tree #378, logLikelihood: -2291.566153
[00:05:41] Bootstrap tree #379, logLikelihood: -1985.911560
[00:05:42] Bootstrap tree #380, logLikelihood: -2190.960518
[00:05:43] Bootstrap tree #381, logLikelihood: -2198.607990
[00:05:43] Bootstrap tree #382, logLikelihood: -1976.302186
[00:05:44] Bootstrap tree #383, logLikelihood: -2140.708010
[00:05:45] Bootstrap tree #384, logLikelihood: -2220.555065
[00:05:47] Bootstrap tree #385, logLikelihood: -2168.667024
[00:05:48] Bootstrap tree #386, logLikelihood: -2111.361679
[00:05:49] Bootstrap tree #387, logLikelihood: -2185.609064
[00:05:50] Bootstrap tree #388, logLikelihood: -2207.447195
[00:05:51] Bootstrap tree #389, logLikelihood: -2060.658009
[00:05:52] Bootstrap tree #390, logLikelihood: -2316.146731
[00:05:53] Bootstrap tree #391, logLikelihood: -2084.271705
[00:05:54] Bootstrap tree #392, logLikelihood: -2119.579506
[00:05:56] Bootstrap tree #393, logLikelihood: -2311.157809
[00:05:57] Bootstrap tree #394, logLikelihood: -2060.518107
[00:05:58] Bootstrap tree #395, logLikelihood: -2041.309667
[00:05:59] Bootstrap tree #396, logLikelihood: -2282.412319
[00:05:59] Bootstrap tree #397, logLikelihood: -2127.897473
[00:06:00] Bootstrap tree #398, logLikelihood: -2024.337766
[00:06:01] Bootstrap tree #399, logLikelihood: -2223.386583
[00:06:01] Bootstrap tree #400, logLikelihood: -1859.094678
[00:06:02] Bootstrap tree #401, logLikelihood: -2084.852093
[00:06:03] Bootstrap tree #402, logLikelihood: -2028.686920
[00:06:04] Bootstrap tree #403, logLikelihood: -2075.879040
[00:06:05] Bootstrap tree #404, logLikelihood: -2135.050759
[00:06:06] Bootstrap tree #405, logLikelihood: -2158.095303
[00:06:07] Bootstrap tree #406, logLikelihood: -2125.357479
[00:06:08] Bootstrap tree #407, logLikelihood: -2021.706343
[00:06:09] Bootstrap tree #408, logLikelihood: -2085.096426
[00:06:10] Bootstrap tree #409, logLikelihood: -2034.820542
[00:06:11] Bootstrap tree #410, logLikelihood: -2068.483023
[00:06:12] Bootstrap tree #411, logLikelihood: -2139.170266
[00:06:13] Bootstrap tree #412, logLikelihood: -1941.206611
[00:06:13] Bootstrap tree #413, logLikelihood: -2005.977376
[00:06:14] Bootstrap tree #414, logLikelihood: -2125.145832
[00:06:15] Bootstrap tree #415, logLikelihood: -2000.251990
[00:06:16] Bootstrap tree #416, logLikelihood: -1965.857401
[00:06:17] Bootstrap tree #417, logLikelihood: -2201.903789
[00:06:18] Bootstrap tree #418, logLikelihood: -2171.900702
[00:06:19] Bootstrap tree #419, logLikelihood: -1861.553243
[00:06:20] Bootstrap tree #420, logLikelihood: -2144.829211
[00:06:21] Bootstrap tree #421, logLikelihood: -2194.341329
[00:06:22] Bootstrap tree #422, logLikelihood: -2064.416457
[00:06:23] Bootstrap tree #423, logLikelihood: -2063.628041
[00:06:24] Bootstrap tree #424, logLikelihood: -2261.625098
[00:06:25] Bootstrap tree #425, logLikelihood: -2199.052861
[00:06:25] Bootstrap tree #426, logLikelihood: -2183.226282
[00:06:26] Bootstrap tree #427, logLikelihood: -2247.871773
[00:06:27] Bootstrap tree #428, logLikelihood: -2288.255263
[00:06:28] Bootstrap tree #429, logLikelihood: -2089.962664
[00:06:29] Bootstrap tree #430, logLikelihood: -2185.967914
[00:06:30] Bootstrap tree #431, logLikelihood: -2062.624955
[00:06:31] Bootstrap tree #432, logLikelihood: -2092.649245
[00:06:31] Bootstrap tree #433, logLikelihood: -2272.083487
[00:06:33] Bootstrap tree #434, logLikelihood: -2218.015075
[00:06:34] Bootstrap tree #435, logLikelihood: -2135.300269
[00:06:36] Bootstrap tree #436, logLikelihood: -2074.907577
[00:06:36] Bootstrap tree #437, logLikelihood: -2077.521247
[00:06:37] Bootstrap tree #438, logLikelihood: -2268.260698
[00:06:38] Bootstrap tree #439, logLikelihood: -2159.076910
[00:06:38] Bootstrap tree #440, logLikelihood: -2023.158962
[00:06:39] Bootstrap tree #441, logLikelihood: -1855.201199
[00:06:41] Bootstrap tree #442, logLikelihood: -2015.099088
[00:06:42] Bootstrap tree #443, logLikelihood: -2126.802695
[00:06:42] Bootstrap tree #444, logLikelihood: -2066.122756
[00:06:43] Bootstrap tree #445, logLikelihood: -2114.315595
[00:06:44] Bootstrap tree #446, logLikelihood: -1924.787930
[00:06:45] Bootstrap tree #447, logLikelihood: -1953.454272
[00:06:46] Bootstrap tree #448, logLikelihood: -2055.903012
[00:06:47] Bootstrap tree #449, logLikelihood: -2008.523816
[00:06:48] Bootstrap tree #450, logLikelihood: -2059.970344
[00:06:49] Bootstrap tree #451, logLikelihood: -2002.655659
[00:06:50] Bootstrap tree #452, logLikelihood: -1973.663922
[00:06:51] Bootstrap tree #453, logLikelihood: -2235.245023
[00:06:52] Bootstrap tree #454, logLikelihood: -2100.115888
[00:06:53] Bootstrap tree #455, logLikelihood: -1904.399029
[00:06:53] Bootstrap tree #456, logLikelihood: -2109.053312
[00:06:54] Bootstrap tree #457, logLikelihood: -2178.111395
[00:06:55] Bootstrap tree #458, logLikelihood: -2102.709456
[00:06:56] Bootstrap tree #459, logLikelihood: -2107.023638
[00:06:57] Bootstrap tree #460, logLikelihood: -1957.355746
[00:06:58] Bootstrap tree #461, logLikelihood: -1924.063104
[00:06:59] Bootstrap tree #462, logLikelihood: -2046.849497
[00:07:00] Bootstrap tree #463, logLikelihood: -2315.432682
[00:07:01] Bootstrap tree #464, logLikelihood: -2161.934418
[00:07:01] Bootstrap tree #465, logLikelihood: -1895.997197
[00:07:02] Bootstrap tree #466, logLikelihood: -2058.524806
[00:07:03] Bootstrap tree #467, logLikelihood: -2029.957635
[00:07:04] Bootstrap tree #468, logLikelihood: -2121.466458
[00:07:05] Bootstrap tree #469, logLikelihood: -1859.279702
[00:07:06] Bootstrap tree #470, logLikelihood: -2137.829348
[00:07:07] Bootstrap tree #471, logLikelihood: -2027.199161
[00:07:08] Bootstrap tree #472, logLikelihood: -2135.512790
[00:07:09] Bootstrap tree #473, logLikelihood: -2046.017221
[00:07:10] Bootstrap tree #474, logLikelihood: -2258.637893
[00:07:11] Bootstrap tree #475, logLikelihood: -2178.399199
[00:07:12] Bootstrap tree #476, logLikelihood: -2010.954851
[00:07:13] Bootstrap tree #477, logLikelihood: -2073.020028
[00:07:14] Bootstrap tree #478, logLikelihood: -1852.712478
[00:07:15] Bootstrap tree #479, logLikelihood: -2135.198576
[00:07:15] Bootstrap tree #480, logLikelihood: -1958.657648
[00:07:17] Bootstrap tree #481, logLikelihood: -2225.445420
[00:07:18] Bootstrap tree #482, logLikelihood: -2107.441402
[00:07:19] Bootstrap tree #483, logLikelihood: -2052.419414
[00:07:20] Bootstrap tree #484, logLikelihood: -2223.055369
[00:07:20] Bootstrap tree #485, logLikelihood: -2042.924394
[00:07:21] Bootstrap tree #486, logLikelihood: -2159.817954
[00:07:23] Bootstrap tree #487, logLikelihood: -2106.702989
[00:07:23] Bootstrap tree #488, logLikelihood: -2075.269963
[00:07:24] Bootstrap tree #489, logLikelihood: -2239.950212
[00:07:25] Bootstrap tree #490, logLikelihood: -2255.363027
[00:07:26] Bootstrap tree #491, logLikelihood: -2209.551427
[00:07:27] Bootstrap tree #492, logLikelihood: -1984.245026
[00:07:28] Bootstrap tree #493, logLikelihood: -2151.607951
[00:07:29] Bootstrap tree #494, logLikelihood: -2068.297362
[00:07:30] Bootstrap tree #495, logLikelihood: -1986.281227
[00:07:31] Bootstrap tree #496, logLikelihood: -2139.905427
[00:07:32] Bootstrap tree #497, logLikelihood: -1805.270833
[00:07:33] Bootstrap tree #498, logLikelihood: -2077.444522
[00:07:33] Bootstrap tree #499, logLikelihood: -2069.359170
[00:07:34] Bootstrap tree #500, logLikelihood: -2186.696156
[00:07:35] Bootstrap tree #501, logLikelihood: -2059.367685
[00:07:36] Bootstrap tree #502, logLikelihood: -2147.735848
[00:07:37] Bootstrap tree #503, logLikelihood: -2064.413177
[00:07:37] Bootstrap tree #504, logLikelihood: -1953.322415
[00:07:38] Bootstrap tree #505, logLikelihood: -2167.572079
[00:07:39] Bootstrap tree #506, logLikelihood: -2218.400179
[00:07:40] Bootstrap tree #507, logLikelihood: -1757.662268
[00:07:41] Bootstrap tree #508, logLikelihood: -2049.080227
[00:07:42] Bootstrap tree #509, logLikelihood: -2376.927114
[00:07:43] Bootstrap tree #510, logLikelihood: -2044.023941
[00:07:44] Bootstrap tree #511, logLikelihood: -2098.143315
[00:07:45] Bootstrap tree #512, logLikelihood: -2117.487495
[00:07:46] Bootstrap tree #513, logLikelihood: -2138.167719
[00:07:47] Bootstrap tree #514, logLikelihood: -2037.185970
[00:07:48] Bootstrap tree #515, logLikelihood: -1958.777674
[00:07:49] Bootstrap tree #516, logLikelihood: -2058.851863
[00:07:50] Bootstrap tree #517, logLikelihood: -2049.564720
[00:07:51] Bootstrap tree #518, logLikelihood: -2068.005447
[00:07:52] Bootstrap tree #519, logLikelihood: -2013.268661
[00:07:53] Bootstrap tree #520, logLikelihood: -2079.764973
[00:07:54] Bootstrap tree #521, logLikelihood: -2191.889974
[00:07:54] Bootstrap tree #522, logLikelihood: -2215.998931
[00:07:55] Bootstrap tree #523, logLikelihood: -2130.759224
[00:07:56] Bootstrap tree #524, logLikelihood: -1957.110968
[00:07:57] Bootstrap tree #525, logLikelihood: -2029.222050
[00:07:57] Bootstrap tree #526, logLikelihood: -1935.956534
[00:07:59] Bootstrap tree #527, logLikelihood: -2275.529342
[00:08:00] Bootstrap tree #528, logLikelihood: -2071.006834
[00:08:01] Bootstrap tree #529, logLikelihood: -2106.342081
[00:08:02] Bootstrap tree #530, logLikelihood: -2153.897278
[00:08:02] Bootstrap tree #531, logLikelihood: -2037.584893
[00:08:04] Bootstrap tree #532, logLikelihood: -1966.033500
[00:08:05] Bootstrap tree #533, logLikelihood: -2095.281528
[00:08:06] Bootstrap tree #534, logLikelihood: -1981.370917
[00:08:06] Bootstrap tree #535, logLikelihood: -2103.309962
[00:08:08] Bootstrap tree #536, logLikelihood: -2072.967014
[00:08:09] Bootstrap tree #537, logLikelihood: -2013.863043
[00:08:10] Bootstrap tree #538, logLikelihood: -2028.676849
[00:08:11] Bootstrap tree #539, logLikelihood: -2018.764058
[00:08:12] Bootstrap tree #540, logLikelihood: -2063.825138
[00:08:13] Bootstrap tree #541, logLikelihood: -2126.564705
[00:08:14] Bootstrap tree #542, logLikelihood: -2203.030581
[00:08:15] Bootstrap tree #543, logLikelihood: -2007.920689
[00:08:16] Bootstrap tree #544, logLikelihood: -2106.533875
[00:08:17] Bootstrap tree #545, logLikelihood: -2236.983433
[00:08:18] Bootstrap tree #546, logLikelihood: -2015.285321
[00:08:19] Bootstrap tree #547, logLikelihood: -2038.016559
[00:08:21] Bootstrap tree #548, logLikelihood: -2228.837332
[00:08:22] Bootstrap tree #549, logLikelihood: -2139.468639
[00:08:23] Bootstrap tree #550, logLikelihood: -2182.320776
[00:08:24] Bootstrap tree #551, logLikelihood: -2078.327970
[00:08:25] Bootstrap tree #552, logLikelihood: -2072.262615
[00:08:26] Bootstrap tree #553, logLikelihood: -2061.797824
[00:08:28] Bootstrap tree #554, logLikelihood: -2080.473623
[00:08:29] Bootstrap tree #555, logLikelihood: -2291.598923
[00:08:30] Bootstrap tree #556, logLikelihood: -2188.067969
[00:08:31] Bootstrap tree #557, logLikelihood: -2078.833527
[00:08:32] Bootstrap tree #558, logLikelihood: -2116.997302
[00:08:32] Bootstrap tree #559, logLikelihood: -2104.454468
[00:08:33] Bootstrap tree #560, logLikelihood: -2100.263048
[00:08:34] Bootstrap tree #561, logLikelihood: -2181.057731
[00:08:35] Bootstrap tree #562, logLikelihood: -2212.031277
[00:08:36] Bootstrap tree #563, logLikelihood: -2085.134028
[00:08:37] Bootstrap tree #564, logLikelihood: -2082.402955
[00:08:39] Bootstrap tree #565, logLikelihood: -2133.268083
[00:08:39] Bootstrap tree #566, logLikelihood: -2021.736359
[00:08:40] Bootstrap tree #567, logLikelihood: -2098.897114
[00:08:41] Bootstrap tree #568, logLikelihood: -2010.132501
[00:08:42] Bootstrap tree #569, logLikelihood: -1927.187594
[00:08:43] Bootstrap tree #570, logLikelihood: -2004.123079
[00:08:44] Bootstrap tree #571, logLikelihood: -2099.855811
[00:08:45] Bootstrap tree #572, logLikelihood: -1959.111409
[00:08:46] Bootstrap tree #573, logLikelihood: -2206.777541
[00:08:47] Bootstrap tree #574, logLikelihood: -2039.680920
[00:08:48] Bootstrap tree #575, logLikelihood: -2006.232181
[00:08:49] Bootstrap tree #576, logLikelihood: -1999.795749
[00:08:50] Bootstrap tree #577, logLikelihood: -2018.022241
[00:08:51] Bootstrap tree #578, logLikelihood: -1872.697935
[00:08:53] Bootstrap tree #579, logLikelihood: -1789.148777
[00:08:54] Bootstrap tree #580, logLikelihood: -2114.919371
[00:08:55] Bootstrap tree #581, logLikelihood: -2150.703036
[00:08:57] Bootstrap tree #582, logLikelihood: -2179.699988
[00:08:58] Bootstrap tree #583, logLikelihood: -2008.235787
[00:08:59] Bootstrap tree #584, logLikelihood: -2116.433332
[00:09:00] Bootstrap tree #585, logLikelihood: -2293.220585
[00:09:00] Bootstrap tree #586, logLikelihood: -2130.838539
[00:09:02] Bootstrap tree #587, logLikelihood: -2070.630203
[00:09:03] Bootstrap tree #588, logLikelihood: -2143.238079
[00:09:04] Bootstrap tree #589, logLikelihood: -2158.829922
[00:09:04] Bootstrap tree #590, logLikelihood: -2138.477825
[00:09:05] Bootstrap tree #591, logLikelihood: -2085.261834
[00:09:06] Bootstrap tree #592, logLikelihood: -2287.445061
[00:09:07] Bootstrap tree #593, logLikelihood: -2012.393124
[00:09:08] Bootstrap tree #594, logLikelihood: -2125.678822
[00:09:09] Bootstrap tree #595, logLikelihood: -2137.384222
[00:09:10] Bootstrap tree #596, logLikelihood: -2125.978292
[00:09:10] Bootstrap tree #597, logLikelihood: -2265.205104
[00:09:11] Bootstrap tree #598, logLikelihood: -2178.056097
[00:09:12] Bootstrap tree #599, logLikelihood: -2141.981303
[00:09:13] Bootstrap tree #600, logLikelihood: -2116.609717
[00:09:14] Bootstrap tree #601, logLikelihood: -2020.842164
[00:09:15] Bootstrap tree #602, logLikelihood: -2128.360377
[00:09:16] Bootstrap tree #603, logLikelihood: -2099.276989
[00:09:17] Bootstrap tree #604, logLikelihood: -2189.687053
[00:09:18] Bootstrap tree #605, logLikelihood: -2069.458742
[00:09:19] Bootstrap tree #606, logLikelihood: -2016.360513
[00:09:20] Bootstrap tree #607, logLikelihood: -2065.946691
[00:09:21] Bootstrap tree #608, logLikelihood: -2056.275958
[00:09:22] Bootstrap tree #609, logLikelihood: -2112.277732
[00:09:23] Bootstrap tree #610, logLikelihood: -2122.529526
[00:09:25] Bootstrap tree #611, logLikelihood: -2162.128009
[00:09:26] Bootstrap tree #612, logLikelihood: -2094.481420
[00:09:26] Bootstrap tree #613, logLikelihood: -2094.223122
[00:09:27] Bootstrap tree #614, logLikelihood: -2066.722775
[00:09:28] Bootstrap tree #615, logLikelihood: -2136.461909
[00:09:29] Bootstrap tree #616, logLikelihood: -2244.603780
[00:09:30] Bootstrap tree #617, logLikelihood: -2027.087476
[00:09:31] Bootstrap tree #618, logLikelihood: -2059.855592
[00:09:32] Bootstrap tree #619, logLikelihood: -2100.185461
[00:09:33] Bootstrap tree #620, logLikelihood: -1968.686432
[00:09:34] Bootstrap tree #621, logLikelihood: -2065.553403
[00:09:35] Bootstrap tree #622, logLikelihood: -2081.582797
[00:09:36] Bootstrap tree #623, logLikelihood: -2132.792571
[00:09:37] Bootstrap tree #624, logLikelihood: -2193.505520
[00:09:39] Bootstrap tree #625, logLikelihood: -2033.595595
[00:09:40] Bootstrap tree #626, logLikelihood: -2053.614443
[00:09:41] Bootstrap tree #627, logLikelihood: -2013.490815
[00:09:42] Bootstrap tree #628, logLikelihood: -2189.689919
[00:09:43] Bootstrap tree #629, logLikelihood: -2065.520875
[00:09:44] Bootstrap tree #630, logLikelihood: -2019.395086
[00:09:45] Bootstrap tree #631, logLikelihood: -2015.069564
[00:09:46] Bootstrap tree #632, logLikelihood: -2162.955752
[00:09:47] Bootstrap tree #633, logLikelihood: -2124.540742
[00:09:48] Bootstrap tree #634, logLikelihood: -2048.363091
[00:09:49] Bootstrap tree #635, logLikelihood: -1934.827004
[00:09:49] Bootstrap tree #636, logLikelihood: -1823.633016
[00:09:51] Bootstrap tree #637, logLikelihood: -2092.212403
[00:09:51] Bootstrap tree #638, logLikelihood: -2170.502872
[00:09:52] Bootstrap tree #639, logLikelihood: -2066.727360
[00:09:53] Bootstrap tree #640, logLikelihood: -1967.562349
[00:09:54] Bootstrap tree #641, logLikelihood: -2048.705282
[00:09:55] Bootstrap tree #642, logLikelihood: -1929.052830
[00:09:55] Bootstrap tree #643, logLikelihood: -1883.287623
[00:09:57] Bootstrap tree #644, logLikelihood: -2103.510341
[00:09:58] Bootstrap tree #645, logLikelihood: -1995.661497
[00:09:59] Bootstrap tree #646, logLikelihood: -2065.618051
[00:09:59] Bootstrap tree #647, logLikelihood: -2110.485491
[00:10:00] Bootstrap tree #648, logLikelihood: -2034.842553
[00:10:01] Bootstrap tree #649, logLikelihood: -2164.616054
[00:10:02] Bootstrap tree #650, logLikelihood: -1973.570874
[00:10:03] Bootstrap tree #651, logLikelihood: -1996.924298
[00:10:04] Bootstrap tree #652, logLikelihood: -2152.388698
[00:10:05] Bootstrap tree #653, logLikelihood: -1991.726242
[00:10:06] Bootstrap tree #654, logLikelihood: -2200.969096
[00:10:07] Bootstrap tree #655, logLikelihood: -2032.392562
[00:10:08] Bootstrap tree #656, logLikelihood: -2193.024749
[00:10:09] Bootstrap tree #657, logLikelihood: -1962.339860
[00:10:10] Bootstrap tree #658, logLikelihood: -2151.756969
[00:10:11] Bootstrap tree #659, logLikelihood: -2000.269199
[00:10:12] Bootstrap tree #660, logLikelihood: -1958.246164
[00:10:13] Bootstrap tree #661, logLikelihood: -1972.833175
[00:10:13] Bootstrap tree #662, logLikelihood: -2088.897001
[00:10:14] Bootstrap tree #663, logLikelihood: -2000.601858
[00:10:16] Bootstrap tree #664, logLikelihood: -2200.047235
[00:10:17] Bootstrap tree #665, logLikelihood: -2007.643788
[00:10:18] Bootstrap tree #666, logLikelihood: -2095.964792
[00:10:20] Bootstrap tree #667, logLikelihood: -2109.125371
[00:10:20] Bootstrap tree #668, logLikelihood: -2077.338824
[00:10:21] Bootstrap tree #669, logLikelihood: -2034.199796
[00:10:22] Bootstrap tree #670, logLikelihood: -2052.071411
[00:10:23] Bootstrap tree #671, logLikelihood: -2138.680966
[00:10:24] Bootstrap tree #672, logLikelihood: -2192.844794
[00:10:24] Bootstrap tree #673, logLikelihood: -1858.394985
[00:10:25] Bootstrap tree #674, logLikelihood: -2088.725308
[00:10:26] Bootstrap tree #675, logLikelihood: -2173.388104
[00:10:28] Bootstrap tree #676, logLikelihood: -2084.575436
[00:10:29] Bootstrap tree #677, logLikelihood: -2105.587525
[00:10:29] Bootstrap tree #678, logLikelihood: -2235.004547
[00:10:30] Bootstrap tree #679, logLikelihood: -2062.608742
[00:10:31] Bootstrap tree #680, logLikelihood: -2143.465908
[00:10:32] Bootstrap tree #681, logLikelihood: -2198.169490
[00:10:33] Bootstrap tree #682, logLikelihood: -2023.811947
[00:10:34] Bootstrap tree #683, logLikelihood: -2240.712997
[00:10:35] Bootstrap tree #684, logLikelihood: -2066.856473
[00:10:37] Bootstrap tree #685, logLikelihood: -1984.732043
[00:10:38] Bootstrap tree #686, logLikelihood: -2128.324711
[00:10:39] Bootstrap tree #687, logLikelihood: -2195.079209
[00:10:40] Bootstrap tree #688, logLikelihood: -2120.502456
[00:10:41] Bootstrap tree #689, logLikelihood: -2258.035082
[00:10:42] Bootstrap tree #690, logLikelihood: -2010.743720
[00:10:43] Bootstrap tree #691, logLikelihood: -2104.575562
[00:10:44] Bootstrap tree #692, logLikelihood: -2046.407274
[00:10:45] Bootstrap tree #693, logLikelihood: -1950.703876
[00:10:46] Bootstrap tree #694, logLikelihood: -2359.077574
[00:10:47] Bootstrap tree #695, logLikelihood: -2225.369237
[00:10:48] Bootstrap tree #696, logLikelihood: -1968.448353
[00:10:49] Bootstrap tree #697, logLikelihood: -2177.522993
[00:10:50] Bootstrap tree #698, logLikelihood: -1964.437867
[00:10:51] Bootstrap tree #699, logLikelihood: -2107.980920
[00:10:52] Bootstrap tree #700, logLikelihood: -1940.755733
[00:10:52] Bootstrap tree #701, logLikelihood: -1926.518713
[00:10:54] Bootstrap tree #702, logLikelihood: -2158.695182
[00:10:55] Bootstrap tree #703, logLikelihood: -2239.215081
[00:10:56] Bootstrap tree #704, logLikelihood: -2262.373092
[00:10:57] Bootstrap tree #705, logLikelihood: -1975.526440
[00:10:58] Bootstrap tree #706, logLikelihood: -2131.957427
[00:10:58] Bootstrap tree #707, logLikelihood: -2130.219018
[00:10:59] Bootstrap tree #708, logLikelihood: -2094.661197
[00:11:00] Bootstrap tree #709, logLikelihood: -2008.924471
[00:11:02] Bootstrap tree #710, logLikelihood: -2088.382320
[00:11:03] Bootstrap tree #711, logLikelihood: -2182.475329
[00:11:05] Bootstrap tree #712, logLikelihood: -1895.189602
[00:11:05] Bootstrap tree #713, logLikelihood: -2020.702102
[00:11:06] Bootstrap tree #714, logLikelihood: -2216.276523
[00:11:08] Bootstrap tree #715, logLikelihood: -2161.373123
[00:11:09] Bootstrap tree #716, logLikelihood: -2100.493119
[00:11:10] Bootstrap tree #717, logLikelihood: -2011.352778
[00:11:10] Bootstrap tree #718, logLikelihood: -1939.847724
[00:11:11] Bootstrap tree #719, logLikelihood: -2051.540077
[00:11:12] Bootstrap tree #720, logLikelihood: -2160.700228
[00:11:13] Bootstrap tree #721, logLikelihood: -2025.422884
[00:11:14] Bootstrap tree #722, logLikelihood: -2287.063424
[00:11:14] Bootstrap tree #723, logLikelihood: -1946.906719
[00:11:15] Bootstrap tree #724, logLikelihood: -1988.246158
[00:11:17] Bootstrap tree #725, logLikelihood: -2187.914638
[00:11:17] Bootstrap tree #726, logLikelihood: -2146.537276
[00:11:18] Bootstrap tree #727, logLikelihood: -2019.701572
[00:11:19] Bootstrap tree #728, logLikelihood: -1985.434564
[00:11:21] Bootstrap tree #729, logLikelihood: -2055.126229
[00:11:21] Bootstrap tree #730, logLikelihood: -2108.623632
[00:11:23] Bootstrap tree #731, logLikelihood: -1912.905400
[00:11:24] Bootstrap tree #732, logLikelihood: -2217.189518
[00:11:25] Bootstrap tree #733, logLikelihood: -1915.118003
[00:11:26] Bootstrap tree #734, logLikelihood: -2084.250428
[00:11:28] Bootstrap tree #735, logLikelihood: -2102.514671
[00:11:29] Bootstrap tree #736, logLikelihood: -1963.649557
[00:11:30] Bootstrap tree #737, logLikelihood: -2041.622267
[00:11:31] Bootstrap tree #738, logLikelihood: -2046.125974
[00:11:32] Bootstrap tree #739, logLikelihood: -1955.244657
[00:11:33] Bootstrap tree #740, logLikelihood: -2158.258015
[00:11:34] Bootstrap tree #741, logLikelihood: -1974.432586
[00:11:35] Bootstrap tree #742, logLikelihood: -2113.711248
[00:11:36] Bootstrap tree #743, logLikelihood: -2126.383684
[00:11:37] Bootstrap tree #744, logLikelihood: -2163.281312
[00:11:38] Bootstrap tree #745, logLikelihood: -2059.405151
[00:11:38] Bootstrap tree #746, logLikelihood: -2207.651965
[00:11:40] Bootstrap tree #747, logLikelihood: -2020.286394
[00:11:41] Bootstrap tree #748, logLikelihood: -1822.530805
[00:11:42] Bootstrap tree #749, logLikelihood: -1827.416359
[00:11:43] Bootstrap tree #750, logLikelihood: -2194.856336
[00:11:44] Bootstrap tree #751, logLikelihood: -2047.990371
[00:11:45] Bootstrap tree #752, logLikelihood: -2146.093960
[00:11:45] Bootstrap tree #753, logLikelihood: -1956.500603
[00:11:46] Bootstrap tree #754, logLikelihood: -2079.565148
[00:11:47] Bootstrap tree #755, logLikelihood: -2164.550589
[00:11:48] Bootstrap tree #756, logLikelihood: -2090.317649
[00:11:49] Bootstrap tree #757, logLikelihood: -2077.205764
[00:11:50] Bootstrap tree #758, logLikelihood: -2036.774667
[00:11:52] Bootstrap tree #759, logLikelihood: -2190.670767
[00:11:52] Bootstrap tree #760, logLikelihood: -2171.604640
[00:11:53] Bootstrap tree #761, logLikelihood: -2175.150123
[00:11:55] Bootstrap tree #762, logLikelihood: -2035.347501
[00:11:56] Bootstrap tree #763, logLikelihood: -2282.010795
[00:11:57] Bootstrap tree #764, logLikelihood: -2167.483837
[00:11:59] Bootstrap tree #765, logLikelihood: -2156.041962
[00:11:59] Bootstrap tree #766, logLikelihood: -1922.668330
[00:12:01] Bootstrap tree #767, logLikelihood: -1965.022912
[00:12:02] Bootstrap tree #768, logLikelihood: -2094.403850
[00:12:03] Bootstrap tree #769, logLikelihood: -2181.011188
[00:12:04] Bootstrap tree #770, logLikelihood: -2074.179914
[00:12:05] Bootstrap tree #771, logLikelihood: -2165.407488
[00:12:06] Bootstrap tree #772, logLikelihood: -2258.940531
[00:12:07] Bootstrap tree #773, logLikelihood: -2019.398153
[00:12:09] Bootstrap tree #774, logLikelihood: -2130.296838
[00:12:09] Bootstrap tree #775, logLikelihood: -2124.893023
[00:12:11] Bootstrap tree #776, logLikelihood: -2119.288852
[00:12:12] Bootstrap tree #777, logLikelihood: -2105.029006
[00:12:13] Bootstrap tree #778, logLikelihood: -2126.585420
[00:12:14] Bootstrap tree #779, logLikelihood: -2179.021951
[00:12:15] Bootstrap tree #780, logLikelihood: -2057.246644
[00:12:16] Bootstrap tree #781, logLikelihood: -2053.177137
[00:12:17] Bootstrap tree #782, logLikelihood: -1942.760822
[00:12:18] Bootstrap tree #783, logLikelihood: -2073.611480
[00:12:19] Bootstrap tree #784, logLikelihood: -2080.932434
[00:12:20] Bootstrap tree #785, logLikelihood: -1841.727766
[00:12:21] Bootstrap tree #786, logLikelihood: -2149.480286
[00:12:22] Bootstrap tree #787, logLikelihood: -2053.641756
[00:12:23] Bootstrap tree #788, logLikelihood: -1987.962371
[00:12:24] Bootstrap tree #789, logLikelihood: -2075.700092
[00:12:25] Bootstrap tree #790, logLikelihood: -1979.334654
[00:12:26] Bootstrap tree #791, logLikelihood: -2133.211461
[00:12:27] Bootstrap tree #792, logLikelihood: -2074.720789
[00:12:27] Bootstrap tree #793, logLikelihood: -2075.595815
[00:12:29] Bootstrap tree #794, logLikelihood: -2142.305580
[00:12:30] Bootstrap tree #795, logLikelihood: -2090.769003
[00:12:30] Bootstrap tree #796, logLikelihood: -2164.896249
[00:12:31] Bootstrap tree #797, logLikelihood: -2341.273165
[00:12:32] Bootstrap tree #798, logLikelihood: -1918.126967
[00:12:34] Bootstrap tree #799, logLikelihood: -2018.202075
[00:12:35] Bootstrap tree #800, logLikelihood: -2174.442613
[00:12:36] Bootstrap tree #801, logLikelihood: -2093.299329
[00:12:37] Bootstrap tree #802, logLikelihood: -2014.393485
[00:12:38] Bootstrap tree #803, logLikelihood: -2126.644428
[00:12:39] Bootstrap tree #804, logLikelihood: -2069.846317
[00:12:40] Bootstrap tree #805, logLikelihood: -2216.419466
[00:12:41] Bootstrap tree #806, logLikelihood: -1990.818963
[00:12:42] Bootstrap tree #807, logLikelihood: -2009.229365
[00:12:43] Bootstrap tree #808, logLikelihood: -2209.210055
[00:12:44] Bootstrap tree #809, logLikelihood: -2257.987453
[00:12:45] Bootstrap tree #810, logLikelihood: -2176.510405
[00:12:46] Bootstrap tree #811, logLikelihood: -2159.363694
[00:12:48] Bootstrap tree #812, logLikelihood: -2285.135441
[00:12:49] Bootstrap tree #813, logLikelihood: -1971.058759
[00:12:49] Bootstrap tree #814, logLikelihood: -2064.037656
[00:12:50] Bootstrap tree #815, logLikelihood: -2189.790487
[00:12:51] Bootstrap tree #816, logLikelihood: -1967.146295
[00:12:52] Bootstrap tree #817, logLikelihood: -2155.794456
[00:12:54] Bootstrap tree #818, logLikelihood: -2029.253362
[00:12:55] Bootstrap tree #819, logLikelihood: -1923.656106
[00:12:56] Bootstrap tree #820, logLikelihood: -1847.161732
[00:12:56] Bootstrap tree #821, logLikelihood: -1946.649168
[00:12:57] Bootstrap tree #822, logLikelihood: -1999.678625
[00:12:59] Bootstrap tree #823, logLikelihood: -2072.419234
[00:13:00] Bootstrap tree #824, logLikelihood: -2033.487141
[00:13:00] Bootstrap tree #825, logLikelihood: -1882.752160
[00:13:01] Bootstrap tree #826, logLikelihood: -2107.398595
[00:13:03] Bootstrap tree #827, logLikelihood: -2079.117565
[00:13:04] Bootstrap tree #828, logLikelihood: -2036.640030
[00:13:04] Bootstrap tree #829, logLikelihood: -1953.822628
[00:13:06] Bootstrap tree #830, logLikelihood: -2213.392773
[00:13:07] Bootstrap tree #831, logLikelihood: -2178.584570
[00:13:08] Bootstrap tree #832, logLikelihood: -1914.873855
[00:13:09] Bootstrap tree #833, logLikelihood: -2014.820812
[00:13:10] Bootstrap tree #834, logLikelihood: -2050.391800
[00:13:11] Bootstrap tree #835, logLikelihood: -2083.402486
[00:13:12] Bootstrap tree #836, logLikelihood: -2025.226056
[00:13:13] Bootstrap tree #837, logLikelihood: -1984.565262
[00:13:14] Bootstrap tree #838, logLikelihood: -2018.269675
[00:13:14] Bootstrap tree #839, logLikelihood: -2159.603498
[00:13:16] Bootstrap tree #840, logLikelihood: -2216.456384
[00:13:17] Bootstrap tree #841, logLikelihood: -2109.933768
[00:13:17] Bootstrap tree #842, logLikelihood: -1985.717125
[00:13:19] Bootstrap tree #843, logLikelihood: -2169.409478
[00:13:20] Bootstrap tree #844, logLikelihood: -2071.570149
[00:13:21] Bootstrap tree #845, logLikelihood: -1938.767696
[00:13:22] Bootstrap tree #846, logLikelihood: -2164.159817
[00:13:23] Bootstrap tree #847, logLikelihood: -2042.889297
[00:13:24] Bootstrap tree #848, logLikelihood: -2121.145865
[00:13:25] Bootstrap tree #849, logLikelihood: -1863.970582
[00:13:26] Bootstrap tree #850, logLikelihood: -1923.392491
[00:13:27] Bootstrap tree #851, logLikelihood: -2176.874944
[00:13:28] Bootstrap tree #852, logLikelihood: -1897.981883
[00:13:29] Bootstrap tree #853, logLikelihood: -2030.373262
[00:13:30] Bootstrap tree #854, logLikelihood: -1906.364160
[00:13:31] Bootstrap tree #855, logLikelihood: -1926.479492
[00:13:32] Bootstrap tree #856, logLikelihood: -2286.104126
[00:13:33] Bootstrap tree #857, logLikelihood: -1853.844069
[00:13:34] Bootstrap tree #858, logLikelihood: -2154.442995
[00:13:35] Bootstrap tree #859, logLikelihood: -2139.304172
[00:13:36] Bootstrap tree #860, logLikelihood: -2066.333471
[00:13:37] Bootstrap tree #861, logLikelihood: -2216.561623
[00:13:38] Bootstrap tree #862, logLikelihood: -1918.467126
[00:13:39] Bootstrap tree #863, logLikelihood: -2095.478758
[00:13:40] Bootstrap tree #864, logLikelihood: -2141.941500
[00:13:41] Bootstrap tree #865, logLikelihood: -2109.420949
[00:13:42] Bootstrap tree #866, logLikelihood: -2014.274729
[00:13:43] Bootstrap tree #867, logLikelihood: -2003.311997
[00:13:44] Bootstrap tree #868, logLikelihood: -2082.861487
[00:13:45] Bootstrap tree #869, logLikelihood: -2066.612565
[00:13:46] Bootstrap tree #870, logLikelihood: -2074.087854
[00:13:46] Bootstrap tree #871, logLikelihood: -2196.372200
[00:13:47] Bootstrap tree #872, logLikelihood: -2230.382435
[00:13:49] Bootstrap tree #873, logLikelihood: -2017.195768
[00:13:50] Bootstrap tree #874, logLikelihood: -2133.584865
[00:13:51] Bootstrap tree #875, logLikelihood: -2074.281459
[00:13:53] Bootstrap tree #876, logLikelihood: -2215.462951
[00:13:54] Bootstrap tree #877, logLikelihood: -1790.826619
[00:13:55] Bootstrap tree #878, logLikelihood: -2247.255550
[00:13:56] Bootstrap tree #879, logLikelihood: -2202.396223
[00:13:57] Bootstrap tree #880, logLikelihood: -2088.711806
[00:13:58] Bootstrap tree #881, logLikelihood: -2044.235722
[00:13:59] Bootstrap tree #882, logLikelihood: -1839.716029
[00:14:01] Bootstrap tree #883, logLikelihood: -2063.611545
[00:14:02] Bootstrap tree #884, logLikelihood: -2104.731569
[00:14:03] Bootstrap tree #885, logLikelihood: -2045.644577
[00:14:04] Bootstrap tree #886, logLikelihood: -2174.619638
[00:14:05] Bootstrap tree #887, logLikelihood: -2041.579895
[00:14:06] Bootstrap tree #888, logLikelihood: -2065.593816
[00:14:07] Bootstrap tree #889, logLikelihood: -1916.507412
[00:14:08] Bootstrap tree #890, logLikelihood: -2062.301553
[00:14:09] Bootstrap tree #891, logLikelihood: -2290.220603
[00:14:10] Bootstrap tree #892, logLikelihood: -1971.145107
[00:14:11] Bootstrap tree #893, logLikelihood: -2103.839293
[00:14:12] Bootstrap tree #894, logLikelihood: -2122.835220
[00:14:13] Bootstrap tree #895, logLikelihood: -2009.178945
[00:14:14] Bootstrap tree #896, logLikelihood: -2004.571897
[00:14:15] Bootstrap tree #897, logLikelihood: -2042.837597
[00:14:16] Bootstrap tree #898, logLikelihood: -2131.367351
[00:14:17] Bootstrap tree #899, logLikelihood: -1935.972198
[00:14:19] Bootstrap tree #900, logLikelihood: -2175.429268
[00:14:19] Bootstrap tree #901, logLikelihood: -2071.256885
[00:14:20] Bootstrap tree #902, logLikelihood: -1917.204568
[00:14:22] Bootstrap tree #903, logLikelihood: -2140.581109
[00:14:23] Bootstrap tree #904, logLikelihood: -2102.357612
[00:14:24] Bootstrap tree #905, logLikelihood: -2125.211970
[00:14:25] Bootstrap tree #906, logLikelihood: -2208.838076
[00:14:26] Bootstrap tree #907, logLikelihood: -1981.490024
[00:14:27] Bootstrap tree #908, logLikelihood: -1942.788056
[00:14:28] Bootstrap tree #909, logLikelihood: -2133.232643
[00:14:29] Bootstrap tree #910, logLikelihood: -2029.565794
[00:14:30] Bootstrap tree #911, logLikelihood: -2164.518922
[00:14:31] Bootstrap tree #912, logLikelihood: -2021.187827
[00:14:33] Bootstrap tree #913, logLikelihood: -1959.859914
[00:14:34] Bootstrap tree #914, logLikelihood: -2184.152693
[00:14:35] Bootstrap tree #915, logLikelihood: -2124.996945
[00:14:36] Bootstrap tree #916, logLikelihood: -2056.794747
[00:14:37] Bootstrap tree #917, logLikelihood: -2175.739327
[00:14:38] Bootstrap tree #918, logLikelihood: -2178.984255
[00:14:39] Bootstrap tree #919, logLikelihood: -2262.943223
[00:14:41] Bootstrap tree #920, logLikelihood: -2266.637040
[00:14:42] Bootstrap tree #921, logLikelihood: -1836.423924
[00:14:43] Bootstrap tree #922, logLikelihood: -2205.045160
[00:14:45] Bootstrap tree #923, logLikelihood: -2088.063767
[00:14:46] Bootstrap tree #924, logLikelihood: -1891.069301
[00:14:47] Bootstrap tree #925, logLikelihood: -1813.495746
[00:14:48] Bootstrap tree #926, logLikelihood: -2028.928283
[00:14:49] Bootstrap tree #927, logLikelihood: -1953.906162
[00:14:50] Bootstrap tree #928, logLikelihood: -2071.676551
[00:14:52] Bootstrap tree #929, logLikelihood: -2048.513361
[00:14:53] Bootstrap tree #930, logLikelihood: -2056.314076
[00:14:54] Bootstrap tree #931, logLikelihood: -2162.966297
[00:14:55] Bootstrap tree #932, logLikelihood: -2057.291915
[00:14:56] Bootstrap tree #933, logLikelihood: -1982.620222
[00:14:57] Bootstrap tree #934, logLikelihood: -1914.195787
[00:14:58] Bootstrap tree #935, logLikelihood: -2123.358830
[00:14:59] Bootstrap tree #936, logLikelihood: -2062.775271
[00:15:00] Bootstrap tree #937, logLikelihood: -2069.450440
[00:15:00] Bootstrap tree #938, logLikelihood: -2126.621652
[00:15:02] Bootstrap tree #939, logLikelihood: -2136.336549
[00:15:02] Bootstrap tree #940, logLikelihood: -2136.542027
[00:15:04] Bootstrap tree #941, logLikelihood: -2354.041598
[00:15:05] Bootstrap tree #942, logLikelihood: -2036.145588
[00:15:06] Bootstrap tree #943, logLikelihood: -2185.397594
[00:15:07] Bootstrap tree #944, logLikelihood: -2015.919584
[00:15:08] Bootstrap tree #945, logLikelihood: -1982.003675
[00:15:09] Bootstrap tree #946, logLikelihood: -2287.084464
[00:15:10] Bootstrap tree #947, logLikelihood: -2053.351777
[00:15:12] Bootstrap tree #948, logLikelihood: -2073.125702
[00:15:13] Bootstrap tree #949, logLikelihood: -2104.473589
[00:15:14] Bootstrap tree #950, logLikelihood: -2020.186663
[00:15:15] Bootstrap tree #951, logLikelihood: -2208.586885
[00:15:17] Bootstrap tree #952, logLikelihood: -2029.163747
[00:15:18] Bootstrap tree #953, logLikelihood: -2067.690867
[00:15:19] Bootstrap tree #954, logLikelihood: -2084.681370
[00:15:21] Bootstrap tree #955, logLikelihood: -2273.010468
[00:15:22] Bootstrap tree #956, logLikelihood: -2287.542957
[00:15:23] Bootstrap tree #957, logLikelihood: -1986.413126
[00:15:24] Bootstrap tree #958, logLikelihood: -2251.057187
[00:15:25] Bootstrap tree #959, logLikelihood: -2017.832757
[00:15:26] Bootstrap tree #960, logLikelihood: -1999.129419
[00:15:28] Bootstrap tree #961, logLikelihood: -2193.692075
[00:15:28] Bootstrap tree #962, logLikelihood: -2159.109489
[00:15:30] Bootstrap tree #963, logLikelihood: -2220.020752
[00:15:30] Bootstrap tree #964, logLikelihood: -1970.755916
[00:15:31] Bootstrap tree #965, logLikelihood: -2083.917101
[00:15:32] Bootstrap tree #966, logLikelihood: -2200.680661
[00:15:33] Bootstrap tree #967, logLikelihood: -2237.757975
[00:15:35] Bootstrap tree #968, logLikelihood: -2290.292587
[00:15:36] Bootstrap tree #969, logLikelihood: -1984.226188
[00:15:36] Bootstrap tree #970, logLikelihood: -2120.177351
[00:15:37] Bootstrap tree #971, logLikelihood: -2080.710197
[00:15:38] Bootstrap tree #972, logLikelihood: -2135.421205
[00:15:39] Bootstrap tree #973, logLikelihood: -2063.010618
[00:15:41] Bootstrap tree #974, logLikelihood: -2161.874433
[00:15:42] Bootstrap tree #975, logLikelihood: -1978.793280
[00:15:43] Bootstrap tree #976, logLikelihood: -2024.652021
[00:15:44] Bootstrap tree #977, logLikelihood: -2100.603373
[00:15:45] Bootstrap tree #978, logLikelihood: -2164.112933
[00:15:46] Bootstrap tree #979, logLikelihood: -2031.956829
[00:15:47] Bootstrap tree #980, logLikelihood: -2053.660582
[00:15:48] Bootstrap tree #981, logLikelihood: -1938.476243
[00:15:49] Bootstrap tree #982, logLikelihood: -1869.050426
[00:15:50] Bootstrap tree #983, logLikelihood: -2128.457771
[00:15:51] Bootstrap tree #984, logLikelihood: -2065.098957
[00:15:53] Bootstrap tree #985, logLikelihood: -2097.487729
[00:15:54] Bootstrap tree #986, logLikelihood: -1976.129246
[00:15:55] Bootstrap tree #987, logLikelihood: -2110.044161
[00:15:56] Bootstrap tree #988, logLikelihood: -2128.623293
[00:15:57] Bootstrap tree #989, logLikelihood: -1926.756266
[00:15:59] Bootstrap tree #990, logLikelihood: -2159.322212
[00:16:01] Bootstrap tree #991, logLikelihood: -2202.850870
[00:16:02] Bootstrap tree #992, logLikelihood: -2106.566735
[00:16:03] Bootstrap tree #993, logLikelihood: -2133.711418
[00:16:04] Bootstrap tree #994, logLikelihood: -2096.605957
[00:16:05] Bootstrap tree #995, logLikelihood: -2165.188520
[00:16:06] Bootstrap tree #996, logLikelihood: -2107.617111
[00:16:07] Bootstrap tree #997, logLikelihood: -1990.096593
[00:16:08] Bootstrap tree #998, logLikelihood: -2095.580003
[00:16:09] Bootstrap tree #999, logLikelihood: -2201.437154
[00:16:10] Bootstrap tree #1000, logLikelihood: -2010.127539
Bootstrap trees saved to: /home/jmahguib/EEOB563-Spring2019/Final_Project/BootstrapConcat_OG_P.raxml.bootstraps

Execution log saved to: /home/jmahguib/EEOB563-Spring2019/Final_Project/BootstrapConcat_OG_P.raxml.log

Analysis started: 25-Apr-2019 17:41:52 / finished: 25-Apr-2019 17:58:03

Elapsed time: 971.000 seconds

