
RAxML-NG v. 0.8.0 BETA released on 11.01.2019 by The Exelixis Lab.
Authors: Alexey Kozlov, Alexandros Stamatakis, Diego Darriba, Tomas Flouri, Benoit Morel.
Latest version: https://github.com/amkozlov/raxml-ng
Questions/problems/suggestions? Please visit: https://groups.google.com/forum/#!forum/raxml

WARNING: This is a BETA release, please use at your own risk!

RAxML-NG was called at 20-Apr-2019 10:33:57 as follows:

raxml-ng --bsconverge --bs-trees BootstrapPhysioProtossOG.raxml.bootstraps --prefix BootstrapPhysioProtossOG_Converge --threads 1 --seed 2

Analysis options:
  run mode: A posteriori bootstrap convergence test
  start tree(s): 
  random seed: 2
  SIMD kernels: AVX
  parallelization: NONE/sequential

Reading bootstrap trees from file: BootstrapPhysioProtossOG.raxml.bootstraps
Loaded 1000 trees with 33 taxa.

Performing bootstrap convergence assessment using autoMRE criterion

 # trees        avg WRF       avg WRF in %       # perms: wrf <= 3.00 %     converged?  
      50        139.295              9.286                            1        NO
     100        219.017              7.301                            1        NO
     150        309.177              6.871                            1        NO
     200        410.609              6.843                            2        NO
     250        492.792              6.571                            2        NO
     300        493.456              5.483                           39        NO
     350        576.729              5.493                           31        NO
     400        700.309              5.836                           13        NO
     450        791.017              5.859                            4        NO
     500        880.550              5.870                            7        NO
     550        822.132              4.983                           37        NO
     600        872.031              4.845                           72        NO
     650        823.861              4.225                          174        NO
     700        946.095              4.505                          120        NO
     750       1010.024              4.489                           88        NO
     800       1099.674              4.582                           98        NO
     850       1060.138              4.157                          156        NO
     900       1078.129              3.993                          203        NO
     950       1127.634              3.957                          222        NO
    1000       1090.533              3.635                          311        NO
Bootstopping test did not converge after 1000 trees


Execution log saved to: /home/jmahguib/EEOB563-Spring2019/Final_Project/BootstrapPhysioProtossOG_Converge.raxml.log

Analysis started: 20-Apr-2019 10:33:57 / finished: 20-Apr-2019 10:34:19

Elapsed time: 21.846 seconds

