
RAxML-NG v. 0.8.0 BETA released on 11.01.2019 by The Exelixis Lab.
Authors: Alexey Kozlov, Alexandros Stamatakis, Diego Darriba, Tomas Flouri, Benoit Morel.
Latest version: https://github.com/amkozlov/raxml-ng
Questions/problems/suggestions? Please visit: https://groups.google.com/forum/#!forum/raxml

WARNING: This is a BETA release, please use at your own risk!

RAxML-NG was called at 20-Apr-2019 10:36:15 as follows:

raxml-ng --bsconverge --bs-trees BootstrapArcheProtossOG.raxml.bootstraps --prefix BootstrapArcheProtossOG_Converge --threads 1 --seed 2

Analysis options:
  run mode: A posteriori bootstrap convergence test
  start tree(s): 
  random seed: 2
  SIMD kernels: AVX
  parallelization: NONE/sequential

Reading bootstrap trees from file: BootstrapArcheProtossOG.raxml.bootstraps
Loaded 1000 trees with 33 taxa.

Performing bootstrap convergence assessment using autoMRE criterion

 # trees        avg WRF       avg WRF in %       # perms: wrf <= 3.00 %     converged?  
      50        156.529             11.031                            0        NO
     100        199.094              6.756                            1        NO
     150        237.499              5.339                           51        NO
     200        204.364              3.417                          446        NO
     250        260.595              3.480                          404        NO
     300        249.718              2.778                          722        NO
     350        267.917              2.554                          811        NO
     400        343.158              2.862                          689        NO
     450        367.118              2.722                          743        NO
     500        360.495              2.404                          864        NO
     550        397.122              2.407                          902        NO
     600        400.717              2.226                          950        NO
     650        439.052              2.252                          950        NO
     700        423.843              2.018                          967        NO
     750        419.219              1.863                          970        NO
     800        461.073              1.921                          984        NO
     850        466.967              1.831                          991        YES
Bootstopping test converged after 850 trees


Execution log saved to: /home/jmahguib/EEOB563-Spring2019/Final_Project/BootstrapArcheProtossOG_Converge.raxml.log

Analysis started: 20-Apr-2019 10:36:15 / finished: 20-Apr-2019 10:36:59

Elapsed time: 43.288 seconds

