
RAxML-NG v. 0.8.0 BETA released on 11.01.2019 by The Exelixis Lab.
Authors: Alexey Kozlov, Alexandros Stamatakis, Diego Darriba, Tomas Flouri, Benoit Morel.
Latest version: https://github.com/amkozlov/raxml-ng
Questions/problems/suggestions? Please visit: https://groups.google.com/forum/#!forum/raxml

WARNING: This is a BETA release, please use at your own risk!

RAxML-NG was called at 18-Apr-2019 05:26:52 as follows:

raxml-ng --bootstrap --msa Tolkien_arche_align_protossOG.txt --outgroup Protoss_OG --model MULTI7_MK --bs-trees 1000 --prefix BootstrapArcheProtossOG --threads 1 --seed 2

Analysis options:
  run mode: Bootstrapping
  start tree(s): 
  bootstrap replicates: 1000
  random seed: 2
  tip-inner: OFF
  pattern compression: ON
  per-rate scalers: OFF
  site repeats: ON
  branch lengths: proportional (ML estimate, algorithm: NR-FAST)
  SIMD kernels: AVX
  parallelization: NONE/sequential

[00:00:00] Reading alignment from file: Tolkien_arche_align_protossOG.txt
[00:00:00] Loaded alignment with 33 taxa and 18 sites

Alignment comprises 1 partitions and 18 patterns

Partition 0: noname
Model: MULTI7_MK
Alignment sites / patterns: 18 / 18
Gaps: 0.00 %
Invariant sites: 0.00 %


NOTE: Binary MSA file created: BootstrapArcheProtossOG.raxml.rba

[00:00:00] Data distribution: max. partitions/sites/weight per thread: 1 / 18 / 126
[00:00:00] Starting bootstrapping analysis with 1000 replicates.

[00:00:00] Bootstrap tree #1, logLikelihood: -563.330491
[00:00:00] Bootstrap tree #2, logLikelihood: -573.126836
[00:00:01] Bootstrap tree #3, logLikelihood: -517.879940
[00:00:02] Bootstrap tree #4, logLikelihood: -491.384732
[00:00:02] Bootstrap tree #5, logLikelihood: -575.133114
[00:00:03] Bootstrap tree #6, logLikelihood: -496.183767
[00:00:04] Bootstrap tree #7, logLikelihood: -606.157830
[00:00:04] Bootstrap tree #8, logLikelihood: -470.350346
[00:00:05] Bootstrap tree #9, logLikelihood: -545.784592
[00:00:05] Bootstrap tree #10, logLikelihood: -560.053395
[00:00:06] Bootstrap tree #11, logLikelihood: -554.927217
[00:00:07] Bootstrap tree #12, logLikelihood: -540.371184
[00:00:07] Bootstrap tree #13, logLikelihood: -532.491068
[00:00:08] Bootstrap tree #14, logLikelihood: -587.821188
[00:00:09] Bootstrap tree #15, logLikelihood: -536.308199
[00:00:09] Bootstrap tree #16, logLikelihood: -579.211164
[00:00:10] Bootstrap tree #17, logLikelihood: -535.219010
[00:00:10] Bootstrap tree #18, logLikelihood: -534.160808
[00:00:11] Bootstrap tree #19, logLikelihood: -580.801153
[00:00:12] Bootstrap tree #20, logLikelihood: -569.741617
[00:00:12] Bootstrap tree #21, logLikelihood: -576.009006
[00:00:13] Bootstrap tree #22, logLikelihood: -558.579377
[00:00:14] Bootstrap tree #23, logLikelihood: -624.577831
[00:00:15] Bootstrap tree #24, logLikelihood: -535.922892
[00:00:15] Bootstrap tree #25, logLikelihood: -606.143704
[00:00:16] Bootstrap tree #26, logLikelihood: -601.842028
[00:00:17] Bootstrap tree #27, logLikelihood: -625.714362
[00:00:18] Bootstrap tree #28, logLikelihood: -590.233702
[00:00:18] Bootstrap tree #29, logLikelihood: -567.340710
[00:00:19] Bootstrap tree #30, logLikelihood: -606.741116
[00:00:20] Bootstrap tree #31, logLikelihood: -567.825091
[00:00:21] Bootstrap tree #32, logLikelihood: -557.553238
[00:00:21] Bootstrap tree #33, logLikelihood: -586.275998
[00:00:22] Bootstrap tree #34, logLikelihood: -575.984338
[00:00:22] Bootstrap tree #35, logLikelihood: -600.140679
[00:00:23] Bootstrap tree #36, logLikelihood: -545.461249
[00:00:23] Bootstrap tree #37, logLikelihood: -599.843917
[00:00:24] Bootstrap tree #38, logLikelihood: -555.914838
[00:00:24] Bootstrap tree #39, logLikelihood: -594.128931
[00:00:25] Bootstrap tree #40, logLikelihood: -593.335037
[00:00:26] Bootstrap tree #41, logLikelihood: -615.030087
[00:00:26] Bootstrap tree #42, logLikelihood: -589.301035
[00:00:27] Bootstrap tree #43, logLikelihood: -575.462062
[00:00:27] Bootstrap tree #44, logLikelihood: -549.011458
[00:00:28] Bootstrap tree #45, logLikelihood: -589.897245
[00:00:29] Bootstrap tree #46, logLikelihood: -560.706205
[00:00:30] Bootstrap tree #47, logLikelihood: -603.340419
[00:00:30] Bootstrap tree #48, logLikelihood: -612.945304
[00:00:31] Bootstrap tree #49, logLikelihood: -639.311721
[00:00:32] Bootstrap tree #50, logLikelihood: -640.213256
[00:00:32] Bootstrap tree #51, logLikelihood: -572.042828
[00:00:33] Bootstrap tree #52, logLikelihood: -612.215009
[00:00:34] Bootstrap tree #53, logLikelihood: -609.155541
[00:00:35] Bootstrap tree #54, logLikelihood: -575.803618
[00:00:35] Bootstrap tree #55, logLikelihood: -609.730335
[00:00:36] Bootstrap tree #56, logLikelihood: -641.090707
[00:00:36] Bootstrap tree #57, logLikelihood: -536.027254
[00:00:37] Bootstrap tree #58, logLikelihood: -595.669687
[00:00:38] Bootstrap tree #59, logLikelihood: -594.976803
[00:00:39] Bootstrap tree #60, logLikelihood: -609.179915
[00:00:39] Bootstrap tree #61, logLikelihood: -575.229225
[00:00:40] Bootstrap tree #62, logLikelihood: -534.083526
[00:00:41] Bootstrap tree #63, logLikelihood: -619.567429
[00:00:41] Bootstrap tree #64, logLikelihood: -605.472529
[00:00:42] Bootstrap tree #65, logLikelihood: -598.109848
[00:00:42] Bootstrap tree #66, logLikelihood: -553.960533
[00:00:43] Bootstrap tree #67, logLikelihood: -599.171284
[00:00:44] Bootstrap tree #68, logLikelihood: -548.478958
[00:00:44] Bootstrap tree #69, logLikelihood: -570.745654
[00:00:45] Bootstrap tree #70, logLikelihood: -596.528423
[00:00:45] Bootstrap tree #71, logLikelihood: -562.636853
[00:00:46] Bootstrap tree #72, logLikelihood: -557.623145
[00:00:47] Bootstrap tree #73, logLikelihood: -679.799135
[00:00:48] Bootstrap tree #74, logLikelihood: -615.951909
[00:00:48] Bootstrap tree #75, logLikelihood: -571.997794
[00:00:49] Bootstrap tree #76, logLikelihood: -597.627550
[00:00:49] Bootstrap tree #77, logLikelihood: -563.664334
[00:00:50] Bootstrap tree #78, logLikelihood: -555.449536
[00:00:50] Bootstrap tree #79, logLikelihood: -594.339499
[00:00:51] Bootstrap tree #80, logLikelihood: -511.060307
[00:00:51] Bootstrap tree #81, logLikelihood: -603.693408
[00:00:52] Bootstrap tree #82, logLikelihood: -552.487640
[00:00:53] Bootstrap tree #83, logLikelihood: -598.277990
[00:00:53] Bootstrap tree #84, logLikelihood: -536.830172
[00:00:54] Bootstrap tree #85, logLikelihood: -580.236033
[00:00:54] Bootstrap tree #86, logLikelihood: -585.872432
[00:00:55] Bootstrap tree #87, logLikelihood: -521.389143
[00:00:55] Bootstrap tree #88, logLikelihood: -592.407234
[00:00:56] Bootstrap tree #89, logLikelihood: -637.826157
[00:00:56] Bootstrap tree #90, logLikelihood: -527.009467
[00:00:57] Bootstrap tree #91, logLikelihood: -593.479302
[00:00:58] Bootstrap tree #92, logLikelihood: -469.864382
[00:00:59] Bootstrap tree #93, logLikelihood: -624.813374
[00:00:59] Bootstrap tree #94, logLikelihood: -546.907318
[00:01:00] Bootstrap tree #95, logLikelihood: -611.627293
[00:01:00] Bootstrap tree #96, logLikelihood: -554.747859
[00:01:01] Bootstrap tree #97, logLikelihood: -586.263151
[00:01:01] Bootstrap tree #98, logLikelihood: -604.948593
[00:01:02] Bootstrap tree #99, logLikelihood: -656.383796
[00:01:02] Bootstrap tree #100, logLikelihood: -575.361016
[00:01:03] Bootstrap tree #101, logLikelihood: -609.156739
[00:01:04] Bootstrap tree #102, logLikelihood: -533.011759
[00:01:04] Bootstrap tree #103, logLikelihood: -585.260836
[00:01:05] Bootstrap tree #104, logLikelihood: -528.754239
[00:01:05] Bootstrap tree #105, logLikelihood: -546.034089
[00:01:06] Bootstrap tree #106, logLikelihood: -584.739924
[00:01:07] Bootstrap tree #107, logLikelihood: -622.761884
[00:01:07] Bootstrap tree #108, logLikelihood: -576.549911
[00:01:08] Bootstrap tree #109, logLikelihood: -576.998768
[00:01:09] Bootstrap tree #110, logLikelihood: -552.493635
[00:01:09] Bootstrap tree #111, logLikelihood: -612.257577
[00:01:10] Bootstrap tree #112, logLikelihood: -529.219166
[00:01:10] Bootstrap tree #113, logLikelihood: -553.581106
[00:01:11] Bootstrap tree #114, logLikelihood: -498.511546
[00:01:11] Bootstrap tree #115, logLikelihood: -591.741565
[00:01:12] Bootstrap tree #116, logLikelihood: -469.555584
[00:01:12] Bootstrap tree #117, logLikelihood: -541.479613
[00:01:13] Bootstrap tree #118, logLikelihood: -576.819142
[00:01:14] Bootstrap tree #119, logLikelihood: -559.946019
[00:01:14] Bootstrap tree #120, logLikelihood: -624.714463
[00:01:15] Bootstrap tree #121, logLikelihood: -560.886310
[00:01:16] Bootstrap tree #122, logLikelihood: -576.985849
[00:01:16] Bootstrap tree #123, logLikelihood: -562.369155
[00:01:17] Bootstrap tree #124, logLikelihood: -521.630326
[00:01:18] Bootstrap tree #125, logLikelihood: -621.727810
[00:01:18] Bootstrap tree #126, logLikelihood: -524.043184
[00:01:18] Bootstrap tree #127, logLikelihood: -503.251134
[00:01:20] Bootstrap tree #128, logLikelihood: -532.671484
[00:01:21] Bootstrap tree #129, logLikelihood: -549.608259
[00:01:21] Bootstrap tree #130, logLikelihood: -491.383285
[00:01:22] Bootstrap tree #131, logLikelihood: -613.358090
[00:01:22] Bootstrap tree #132, logLikelihood: -570.715093
[00:01:23] Bootstrap tree #133, logLikelihood: -565.346507
[00:01:23] Bootstrap tree #134, logLikelihood: -629.785222
[00:01:24] Bootstrap tree #135, logLikelihood: -594.917981
[00:01:25] Bootstrap tree #136, logLikelihood: -575.897479
[00:01:25] Bootstrap tree #137, logLikelihood: -547.578755
[00:01:26] Bootstrap tree #138, logLikelihood: -580.459946
[00:01:26] Bootstrap tree #139, logLikelihood: -549.837904
[00:01:27] Bootstrap tree #140, logLikelihood: -587.670517
[00:01:27] Bootstrap tree #141, logLikelihood: -555.118130
[00:01:28] Bootstrap tree #142, logLikelihood: -531.030513
[00:01:28] Bootstrap tree #143, logLikelihood: -549.313897
[00:01:29] Bootstrap tree #144, logLikelihood: -608.543953
[00:01:29] Bootstrap tree #145, logLikelihood: -596.003425
[00:01:30] Bootstrap tree #146, logLikelihood: -598.998119
[00:01:30] Bootstrap tree #147, logLikelihood: -588.774029
[00:01:31] Bootstrap tree #148, logLikelihood: -578.597678
[00:01:32] Bootstrap tree #149, logLikelihood: -565.738304
[00:01:32] Bootstrap tree #150, logLikelihood: -616.243597
[00:01:33] Bootstrap tree #151, logLikelihood: -594.346941
[00:01:34] Bootstrap tree #152, logLikelihood: -608.350442
[00:01:35] Bootstrap tree #153, logLikelihood: -575.770704
[00:01:35] Bootstrap tree #154, logLikelihood: -553.168304
[00:01:36] Bootstrap tree #155, logLikelihood: -497.807636
[00:01:36] Bootstrap tree #156, logLikelihood: -581.520427
[00:01:37] Bootstrap tree #157, logLikelihood: -496.887445
[00:01:38] Bootstrap tree #158, logLikelihood: -610.137197
[00:01:38] Bootstrap tree #159, logLikelihood: -590.342696
[00:01:39] Bootstrap tree #160, logLikelihood: -567.717114
[00:01:40] Bootstrap tree #161, logLikelihood: -548.883733
[00:01:40] Bootstrap tree #162, logLikelihood: -601.224028
[00:01:41] Bootstrap tree #163, logLikelihood: -572.100884
[00:01:42] Bootstrap tree #164, logLikelihood: -567.977253
[00:01:42] Bootstrap tree #165, logLikelihood: -544.956435
[00:01:43] Bootstrap tree #166, logLikelihood: -596.720252
[00:01:43] Bootstrap tree #167, logLikelihood: -559.738086
[00:01:44] Bootstrap tree #168, logLikelihood: -555.642132
[00:01:44] Bootstrap tree #169, logLikelihood: -631.133424
[00:01:45] Bootstrap tree #170, logLikelihood: -618.889499
[00:01:45] Bootstrap tree #171, logLikelihood: -558.882347
[00:01:46] Bootstrap tree #172, logLikelihood: -537.473332
[00:01:46] Bootstrap tree #173, logLikelihood: -597.896502
[00:01:47] Bootstrap tree #174, logLikelihood: -575.306941
[00:01:48] Bootstrap tree #175, logLikelihood: -577.690099
[00:01:48] Bootstrap tree #176, logLikelihood: -589.859505
[00:01:49] Bootstrap tree #177, logLikelihood: -580.137534
[00:01:50] Bootstrap tree #178, logLikelihood: -617.365674
[00:01:50] Bootstrap tree #179, logLikelihood: -581.424641
[00:01:51] Bootstrap tree #180, logLikelihood: -552.089364
[00:01:52] Bootstrap tree #181, logLikelihood: -599.995450
[00:01:52] Bootstrap tree #182, logLikelihood: -595.523685
[00:01:53] Bootstrap tree #183, logLikelihood: -552.578311
[00:01:53] Bootstrap tree #184, logLikelihood: -566.650729
[00:01:54] Bootstrap tree #185, logLikelihood: -618.524300
[00:01:55] Bootstrap tree #186, logLikelihood: -541.947183
[00:01:56] Bootstrap tree #187, logLikelihood: -565.926756
[00:01:56] Bootstrap tree #188, logLikelihood: -609.715599
[00:01:57] Bootstrap tree #189, logLikelihood: -558.345351
[00:01:57] Bootstrap tree #190, logLikelihood: -533.389153
[00:01:58] Bootstrap tree #191, logLikelihood: -620.742490
[00:01:59] Bootstrap tree #192, logLikelihood: -601.976494
[00:01:59] Bootstrap tree #193, logLikelihood: -610.396176
[00:02:00] Bootstrap tree #194, logLikelihood: -609.926776
[00:02:01] Bootstrap tree #195, logLikelihood: -596.385918
[00:02:01] Bootstrap tree #196, logLikelihood: -530.429096
[00:02:02] Bootstrap tree #197, logLikelihood: -597.915779
[00:02:02] Bootstrap tree #198, logLikelihood: -550.651659
[00:02:03] Bootstrap tree #199, logLikelihood: -592.709836
[00:02:04] Bootstrap tree #200, logLikelihood: -584.380619
[00:02:04] Bootstrap tree #201, logLikelihood: -556.881493
[00:02:05] Bootstrap tree #202, logLikelihood: -576.570616
[00:02:06] Bootstrap tree #203, logLikelihood: -608.398237
[00:02:07] Bootstrap tree #204, logLikelihood: -533.027646
[00:02:07] Bootstrap tree #205, logLikelihood: -559.747974
[00:02:08] Bootstrap tree #206, logLikelihood: -528.958770
[00:02:08] Bootstrap tree #207, logLikelihood: -538.223725
[00:02:09] Bootstrap tree #208, logLikelihood: -538.161813
[00:02:10] Bootstrap tree #209, logLikelihood: -596.392840
[00:02:11] Bootstrap tree #210, logLikelihood: -536.191312
[00:02:11] Bootstrap tree #211, logLikelihood: -593.726599
[00:02:12] Bootstrap tree #212, logLikelihood: -562.563220
[00:02:13] Bootstrap tree #213, logLikelihood: -569.959712
[00:02:13] Bootstrap tree #214, logLikelihood: -575.574749
[00:02:14] Bootstrap tree #215, logLikelihood: -535.249215
[00:02:15] Bootstrap tree #216, logLikelihood: -565.191821
[00:02:15] Bootstrap tree #217, logLikelihood: -552.215373
[00:02:16] Bootstrap tree #218, logLikelihood: -540.531485
[00:02:17] Bootstrap tree #219, logLikelihood: -524.154214
[00:02:17] Bootstrap tree #220, logLikelihood: -545.450622
[00:02:18] Bootstrap tree #221, logLikelihood: -571.833590
[00:02:18] Bootstrap tree #222, logLikelihood: -522.432011
[00:02:19] Bootstrap tree #223, logLikelihood: -583.294624
[00:02:19] Bootstrap tree #224, logLikelihood: -576.118460
[00:02:20] Bootstrap tree #225, logLikelihood: -563.882109
[00:02:21] Bootstrap tree #226, logLikelihood: -576.357275
[00:02:21] Bootstrap tree #227, logLikelihood: -568.268087
[00:02:22] Bootstrap tree #228, logLikelihood: -603.833183
[00:02:23] Bootstrap tree #229, logLikelihood: -572.097454
[00:02:23] Bootstrap tree #230, logLikelihood: -571.570894
[00:02:24] Bootstrap tree #231, logLikelihood: -587.080856
[00:02:24] Bootstrap tree #232, logLikelihood: -543.336376
[00:02:25] Bootstrap tree #233, logLikelihood: -580.106387
[00:02:25] Bootstrap tree #234, logLikelihood: -531.534690
[00:02:26] Bootstrap tree #235, logLikelihood: -555.762766
[00:02:27] Bootstrap tree #236, logLikelihood: -593.372528
[00:02:28] Bootstrap tree #237, logLikelihood: -552.469288
[00:02:28] Bootstrap tree #238, logLikelihood: -540.173456
[00:02:29] Bootstrap tree #239, logLikelihood: -537.554255
[00:02:29] Bootstrap tree #240, logLikelihood: -595.770637
[00:02:30] Bootstrap tree #241, logLikelihood: -572.098475
[00:02:30] Bootstrap tree #242, logLikelihood: -533.109240
[00:02:31] Bootstrap tree #243, logLikelihood: -616.163844
[00:02:32] Bootstrap tree #244, logLikelihood: -567.995824
[00:02:33] Bootstrap tree #245, logLikelihood: -581.672612
[00:02:33] Bootstrap tree #246, logLikelihood: -570.498744
[00:02:34] Bootstrap tree #247, logLikelihood: -520.919789
[00:02:34] Bootstrap tree #248, logLikelihood: -603.826743
[00:02:35] Bootstrap tree #249, logLikelihood: -605.369751
[00:02:36] Bootstrap tree #250, logLikelihood: -583.156213
[00:02:36] Bootstrap tree #251, logLikelihood: -616.700918
[00:02:37] Bootstrap tree #252, logLikelihood: -559.343334
[00:02:38] Bootstrap tree #253, logLikelihood: -610.304799
[00:02:38] Bootstrap tree #254, logLikelihood: -563.901942
[00:02:39] Bootstrap tree #255, logLikelihood: -449.210698
[00:02:39] Bootstrap tree #256, logLikelihood: -573.589332
[00:02:40] Bootstrap tree #257, logLikelihood: -593.539558
[00:02:40] Bootstrap tree #258, logLikelihood: -611.054886
[00:02:41] Bootstrap tree #259, logLikelihood: -578.539943
[00:02:42] Bootstrap tree #260, logLikelihood: -585.220003
[00:02:42] Bootstrap tree #261, logLikelihood: -578.075420
[00:02:43] Bootstrap tree #262, logLikelihood: -527.137020
[00:02:44] Bootstrap tree #263, logLikelihood: -648.627689
[00:02:45] Bootstrap tree #264, logLikelihood: -564.964365
[00:02:45] Bootstrap tree #265, logLikelihood: -584.350026
[00:02:46] Bootstrap tree #266, logLikelihood: -630.768925
[00:02:47] Bootstrap tree #267, logLikelihood: -564.905174
[00:02:47] Bootstrap tree #268, logLikelihood: -596.825308
[00:02:48] Bootstrap tree #269, logLikelihood: -594.672197
[00:02:49] Bootstrap tree #270, logLikelihood: -605.955860
[00:02:50] Bootstrap tree #271, logLikelihood: -547.744722
[00:02:50] Bootstrap tree #272, logLikelihood: -583.871356
[00:02:51] Bootstrap tree #273, logLikelihood: -570.852516
[00:02:52] Bootstrap tree #274, logLikelihood: -567.463095
[00:02:53] Bootstrap tree #275, logLikelihood: -586.657732
[00:02:53] Bootstrap tree #276, logLikelihood: -522.270838
[00:02:54] Bootstrap tree #277, logLikelihood: -546.764869
[00:02:55] Bootstrap tree #278, logLikelihood: -506.331089
[00:02:55] Bootstrap tree #279, logLikelihood: -551.147670
[00:02:56] Bootstrap tree #280, logLikelihood: -532.756788
[00:02:57] Bootstrap tree #281, logLikelihood: -552.377880
[00:02:57] Bootstrap tree #282, logLikelihood: -566.713075
[00:02:58] Bootstrap tree #283, logLikelihood: -546.258422
[00:02:59] Bootstrap tree #284, logLikelihood: -524.563540
[00:02:59] Bootstrap tree #285, logLikelihood: -418.427012
[00:03:00] Bootstrap tree #286, logLikelihood: -627.586806
[00:03:00] Bootstrap tree #287, logLikelihood: -590.931946
[00:03:01] Bootstrap tree #288, logLikelihood: -565.953983
[00:03:01] Bootstrap tree #289, logLikelihood: -546.554745
[00:03:02] Bootstrap tree #290, logLikelihood: -557.823167
[00:03:02] Bootstrap tree #291, logLikelihood: -614.735317
[00:03:03] Bootstrap tree #292, logLikelihood: -582.385503
[00:03:04] Bootstrap tree #293, logLikelihood: -549.147713
[00:03:04] Bootstrap tree #294, logLikelihood: -577.426391
[00:03:05] Bootstrap tree #295, logLikelihood: -595.584260
[00:03:05] Bootstrap tree #296, logLikelihood: -615.746450
[00:03:06] Bootstrap tree #297, logLikelihood: -605.130411
[00:03:07] Bootstrap tree #298, logLikelihood: -592.878218
[00:03:07] Bootstrap tree #299, logLikelihood: -573.320810
[00:03:08] Bootstrap tree #300, logLikelihood: -586.321294
[00:03:09] Bootstrap tree #301, logLikelihood: -607.269406
[00:03:09] Bootstrap tree #302, logLikelihood: -542.806289
[00:03:10] Bootstrap tree #303, logLikelihood: -550.702912
[00:03:11] Bootstrap tree #304, logLikelihood: -624.772642
[00:03:12] Bootstrap tree #305, logLikelihood: -594.445483
[00:03:12] Bootstrap tree #306, logLikelihood: -582.785173
[00:03:13] Bootstrap tree #307, logLikelihood: -507.120424
[00:03:14] Bootstrap tree #308, logLikelihood: -584.018037
[00:03:14] Bootstrap tree #309, logLikelihood: -549.742917
[00:03:15] Bootstrap tree #310, logLikelihood: -482.654394
[00:03:15] Bootstrap tree #311, logLikelihood: -587.801406
[00:03:16] Bootstrap tree #312, logLikelihood: -636.362128
[00:03:16] Bootstrap tree #313, logLikelihood: -593.560489
[00:03:17] Bootstrap tree #314, logLikelihood: -468.136175
[00:03:18] Bootstrap tree #315, logLikelihood: -605.700052
[00:03:19] Bootstrap tree #316, logLikelihood: -538.242226
[00:03:19] Bootstrap tree #317, logLikelihood: -580.711790
[00:03:20] Bootstrap tree #318, logLikelihood: -516.661201
[00:03:20] Bootstrap tree #319, logLikelihood: -520.685924
[00:03:21] Bootstrap tree #320, logLikelihood: -572.745644
[00:03:21] Bootstrap tree #321, logLikelihood: -598.041662
[00:03:22] Bootstrap tree #322, logLikelihood: -551.949246
[00:03:23] Bootstrap tree #323, logLikelihood: -534.227221
[00:03:23] Bootstrap tree #324, logLikelihood: -579.901235
[00:03:24] Bootstrap tree #325, logLikelihood: -542.045887
[00:03:24] Bootstrap tree #326, logLikelihood: -568.690666
[00:03:25] Bootstrap tree #327, logLikelihood: -600.015351
[00:03:26] Bootstrap tree #328, logLikelihood: -589.103567
[00:03:26] Bootstrap tree #329, logLikelihood: -627.521623
[00:03:27] Bootstrap tree #330, logLikelihood: -480.968099
[00:03:27] Bootstrap tree #331, logLikelihood: -524.876665
[00:03:28] Bootstrap tree #332, logLikelihood: -605.980072
[00:03:28] Bootstrap tree #333, logLikelihood: -632.479652
[00:03:29] Bootstrap tree #334, logLikelihood: -603.594981
[00:03:29] Bootstrap tree #335, logLikelihood: -553.345567
[00:03:30] Bootstrap tree #336, logLikelihood: -539.591344
[00:03:32] Bootstrap tree #337, logLikelihood: -657.148511
[00:03:32] Bootstrap tree #338, logLikelihood: -552.284389
[00:03:32] Bootstrap tree #339, logLikelihood: -541.297251
[00:03:33] Bootstrap tree #340, logLikelihood: -514.031997
[00:03:34] Bootstrap tree #341, logLikelihood: -573.580322
[00:03:35] Bootstrap tree #342, logLikelihood: -566.697397
[00:03:36] Bootstrap tree #343, logLikelihood: -614.788465
[00:03:37] Bootstrap tree #344, logLikelihood: -639.688893
[00:03:37] Bootstrap tree #345, logLikelihood: -573.938965
[00:03:38] Bootstrap tree #346, logLikelihood: -602.411263
[00:03:38] Bootstrap tree #347, logLikelihood: -586.370564
[00:03:39] Bootstrap tree #348, logLikelihood: -555.040241
[00:03:40] Bootstrap tree #349, logLikelihood: -565.535002
[00:03:40] Bootstrap tree #350, logLikelihood: -519.211475
[00:03:41] Bootstrap tree #351, logLikelihood: -583.016924
[00:03:41] Bootstrap tree #352, logLikelihood: -608.269465
[00:03:42] Bootstrap tree #353, logLikelihood: -563.242425
[00:03:42] Bootstrap tree #354, logLikelihood: -554.302082
[00:03:43] Bootstrap tree #355, logLikelihood: -535.239445
[00:03:43] Bootstrap tree #356, logLikelihood: -566.711193
[00:03:44] Bootstrap tree #357, logLikelihood: -526.488556
[00:03:45] Bootstrap tree #358, logLikelihood: -575.525571
[00:03:46] Bootstrap tree #359, logLikelihood: -577.207599
[00:03:46] Bootstrap tree #360, logLikelihood: -604.319957
[00:03:47] Bootstrap tree #361, logLikelihood: -567.633310
[00:03:48] Bootstrap tree #362, logLikelihood: -518.115967
[00:03:48] Bootstrap tree #363, logLikelihood: -546.296517
[00:03:49] Bootstrap tree #364, logLikelihood: -551.912096
[00:03:49] Bootstrap tree #365, logLikelihood: -557.649936
[00:03:50] Bootstrap tree #366, logLikelihood: -625.465305
[00:03:51] Bootstrap tree #367, logLikelihood: -525.666643
[00:03:52] Bootstrap tree #368, logLikelihood: -545.600905
[00:03:52] Bootstrap tree #369, logLikelihood: -534.165046
[00:03:53] Bootstrap tree #370, logLikelihood: -586.433900
[00:03:53] Bootstrap tree #371, logLikelihood: -573.386356
[00:03:54] Bootstrap tree #372, logLikelihood: -612.383938
[00:03:55] Bootstrap tree #373, logLikelihood: -612.676224
[00:03:56] Bootstrap tree #374, logLikelihood: -563.707384
[00:03:56] Bootstrap tree #375, logLikelihood: -579.992487
[00:03:57] Bootstrap tree #376, logLikelihood: -520.464499
[00:03:58] Bootstrap tree #377, logLikelihood: -565.593966
[00:03:58] Bootstrap tree #378, logLikelihood: -536.312050
[00:03:59] Bootstrap tree #379, logLikelihood: -579.825385
[00:03:59] Bootstrap tree #380, logLikelihood: -584.575388
[00:04:00] Bootstrap tree #381, logLikelihood: -542.432277
[00:04:00] Bootstrap tree #382, logLikelihood: -644.295416
[00:04:01] Bootstrap tree #383, logLikelihood: -467.914796
[00:04:01] Bootstrap tree #384, logLikelihood: -596.143388
[00:04:02] Bootstrap tree #385, logLikelihood: -591.003577
[00:04:04] Bootstrap tree #386, logLikelihood: -623.120213
[00:04:04] Bootstrap tree #387, logLikelihood: -515.508324
[00:04:04] Bootstrap tree #388, logLikelihood: -546.277443
[00:04:05] Bootstrap tree #389, logLikelihood: -518.389464
[00:04:06] Bootstrap tree #390, logLikelihood: -548.807805
[00:04:07] Bootstrap tree #391, logLikelihood: -524.135675
[00:04:07] Bootstrap tree #392, logLikelihood: -527.023961
[00:04:08] Bootstrap tree #393, logLikelihood: -605.106243
[00:04:09] Bootstrap tree #394, logLikelihood: -608.875281
[00:04:09] Bootstrap tree #395, logLikelihood: -520.965761
[00:04:10] Bootstrap tree #396, logLikelihood: -589.234248
[00:04:10] Bootstrap tree #397, logLikelihood: -590.807848
[00:04:11] Bootstrap tree #398, logLikelihood: -584.368676
[00:04:12] Bootstrap tree #399, logLikelihood: -583.015322
[00:04:13] Bootstrap tree #400, logLikelihood: -591.451446
[00:04:13] Bootstrap tree #401, logLikelihood: -554.730739
[00:04:14] Bootstrap tree #402, logLikelihood: -588.262157
[00:04:15] Bootstrap tree #403, logLikelihood: -572.183866
[00:04:15] Bootstrap tree #404, logLikelihood: -597.494900
[00:04:16] Bootstrap tree #405, logLikelihood: -560.161049
[00:04:16] Bootstrap tree #406, logLikelihood: -522.693662
[00:04:17] Bootstrap tree #407, logLikelihood: -635.875718
[00:04:18] Bootstrap tree #408, logLikelihood: -520.832060
[00:04:19] Bootstrap tree #409, logLikelihood: -618.269168
[00:04:19] Bootstrap tree #410, logLikelihood: -615.193404
[00:04:20] Bootstrap tree #411, logLikelihood: -601.692431
[00:04:21] Bootstrap tree #412, logLikelihood: -605.433405
[00:04:21] Bootstrap tree #413, logLikelihood: -553.007250
[00:04:22] Bootstrap tree #414, logLikelihood: -592.131077
[00:04:22] Bootstrap tree #415, logLikelihood: -552.085763
[00:04:23] Bootstrap tree #416, logLikelihood: -544.648566
[00:04:24] Bootstrap tree #417, logLikelihood: -534.035262
[00:04:25] Bootstrap tree #418, logLikelihood: -570.370551
[00:04:25] Bootstrap tree #419, logLikelihood: -575.358218
[00:04:26] Bootstrap tree #420, logLikelihood: -540.594462
[00:04:26] Bootstrap tree #421, logLikelihood: -578.635090
[00:04:27] Bootstrap tree #422, logLikelihood: -515.875906
[00:04:28] Bootstrap tree #423, logLikelihood: -567.688402
[00:04:29] Bootstrap tree #424, logLikelihood: -549.599506
[00:04:29] Bootstrap tree #425, logLikelihood: -520.775053
[00:04:30] Bootstrap tree #426, logLikelihood: -542.867695
[00:04:30] Bootstrap tree #427, logLikelihood: -629.507538
[00:04:31] Bootstrap tree #428, logLikelihood: -551.364399
[00:04:32] Bootstrap tree #429, logLikelihood: -570.731811
[00:04:32] Bootstrap tree #430, logLikelihood: -526.327211
[00:04:33] Bootstrap tree #431, logLikelihood: -494.983740
[00:04:34] Bootstrap tree #432, logLikelihood: -617.130330
[00:04:35] Bootstrap tree #433, logLikelihood: -586.688182
[00:04:36] Bootstrap tree #434, logLikelihood: -634.402959
[00:04:36] Bootstrap tree #435, logLikelihood: -535.399450
[00:04:38] Bootstrap tree #436, logLikelihood: -587.628991
[00:04:38] Bootstrap tree #437, logLikelihood: -559.980593
[00:04:39] Bootstrap tree #438, logLikelihood: -626.625131
[00:04:40] Bootstrap tree #439, logLikelihood: -560.659504
[00:04:41] Bootstrap tree #440, logLikelihood: -572.809736
[00:04:41] Bootstrap tree #441, logLikelihood: -569.054081
[00:04:42] Bootstrap tree #442, logLikelihood: -507.868914
[00:04:43] Bootstrap tree #443, logLikelihood: -546.595209
[00:04:43] Bootstrap tree #444, logLikelihood: -601.155397
[00:04:44] Bootstrap tree #445, logLikelihood: -596.961615
[00:04:45] Bootstrap tree #446, logLikelihood: -611.507192
[00:04:46] Bootstrap tree #447, logLikelihood: -621.316626
[00:04:46] Bootstrap tree #448, logLikelihood: -515.203636
[00:04:47] Bootstrap tree #449, logLikelihood: -502.412767
[00:04:48] Bootstrap tree #450, logLikelihood: -556.437873
[00:04:48] Bootstrap tree #451, logLikelihood: -510.207973
[00:04:49] Bootstrap tree #452, logLikelihood: -620.825208
[00:04:50] Bootstrap tree #453, logLikelihood: -562.685192
[00:04:50] Bootstrap tree #454, logLikelihood: -513.715025
[00:04:51] Bootstrap tree #455, logLikelihood: -504.467587
[00:04:51] Bootstrap tree #456, logLikelihood: -635.437878
[00:04:52] Bootstrap tree #457, logLikelihood: -533.323722
[00:04:52] Bootstrap tree #458, logLikelihood: -574.351132
[00:04:53] Bootstrap tree #459, logLikelihood: -597.446890
[00:04:54] Bootstrap tree #460, logLikelihood: -548.817420
[00:04:55] Bootstrap tree #461, logLikelihood: -633.036199
[00:04:55] Bootstrap tree #462, logLikelihood: -529.472727
[00:04:56] Bootstrap tree #463, logLikelihood: -578.134214
[00:04:57] Bootstrap tree #464, logLikelihood: -607.722014
[00:04:57] Bootstrap tree #465, logLikelihood: -574.543748
[00:04:58] Bootstrap tree #466, logLikelihood: -518.665704
[00:04:58] Bootstrap tree #467, logLikelihood: -595.859830
[00:04:59] Bootstrap tree #468, logLikelihood: -608.241450
[00:04:59] Bootstrap tree #469, logLikelihood: -591.782859
[00:05:00] Bootstrap tree #470, logLikelihood: -617.286369
[00:05:00] Bootstrap tree #471, logLikelihood: -537.761271
[00:05:01] Bootstrap tree #472, logLikelihood: -588.000841
[00:05:02] Bootstrap tree #473, logLikelihood: -542.653501
[00:05:02] Bootstrap tree #474, logLikelihood: -545.244701
[00:05:03] Bootstrap tree #475, logLikelihood: -560.232644
[00:05:03] Bootstrap tree #476, logLikelihood: -515.103643
[00:05:04] Bootstrap tree #477, logLikelihood: -528.239304
[00:05:05] Bootstrap tree #478, logLikelihood: -611.656199
[00:05:05] Bootstrap tree #479, logLikelihood: -582.198210
[00:05:06] Bootstrap tree #480, logLikelihood: -553.398531
[00:05:07] Bootstrap tree #481, logLikelihood: -536.493918
[00:05:07] Bootstrap tree #482, logLikelihood: -548.040400
[00:05:08] Bootstrap tree #483, logLikelihood: -614.697995
[00:05:08] Bootstrap tree #484, logLikelihood: -594.633337
[00:05:09] Bootstrap tree #485, logLikelihood: -576.300049
[00:05:10] Bootstrap tree #486, logLikelihood: -620.105077
[00:05:11] Bootstrap tree #487, logLikelihood: -608.785103
[00:05:12] Bootstrap tree #488, logLikelihood: -602.156177
[00:05:12] Bootstrap tree #489, logLikelihood: -574.691274
[00:05:13] Bootstrap tree #490, logLikelihood: -580.953669
[00:05:13] Bootstrap tree #491, logLikelihood: -611.814023
[00:05:14] Bootstrap tree #492, logLikelihood: -612.916373
[00:05:15] Bootstrap tree #493, logLikelihood: -525.079106
[00:05:15] Bootstrap tree #494, logLikelihood: -586.504563
[00:05:16] Bootstrap tree #495, logLikelihood: -588.083557
[00:05:16] Bootstrap tree #496, logLikelihood: -594.537160
[00:05:17] Bootstrap tree #497, logLikelihood: -640.433990
[00:05:18] Bootstrap tree #498, logLikelihood: -625.578048
[00:05:19] Bootstrap tree #499, logLikelihood: -590.448267
[00:05:19] Bootstrap tree #500, logLikelihood: -563.572679
[00:05:20] Bootstrap tree #501, logLikelihood: -594.702722
[00:05:21] Bootstrap tree #502, logLikelihood: -560.720065
[00:05:21] Bootstrap tree #503, logLikelihood: -563.532331
[00:05:22] Bootstrap tree #504, logLikelihood: -488.028193
[00:05:23] Bootstrap tree #505, logLikelihood: -610.292209
[00:05:23] Bootstrap tree #506, logLikelihood: -636.188988
[00:05:24] Bootstrap tree #507, logLikelihood: -594.401491
[00:05:25] Bootstrap tree #508, logLikelihood: -516.930566
[00:05:25] Bootstrap tree #509, logLikelihood: -582.230370
[00:05:26] Bootstrap tree #510, logLikelihood: -593.801799
[00:05:27] Bootstrap tree #511, logLikelihood: -607.829787
[00:05:27] Bootstrap tree #512, logLikelihood: -515.294166
[00:05:28] Bootstrap tree #513, logLikelihood: -586.636551
[00:05:29] Bootstrap tree #514, logLikelihood: -522.522530
[00:05:30] Bootstrap tree #515, logLikelihood: -559.747677
[00:05:31] Bootstrap tree #516, logLikelihood: -520.872865
[00:05:31] Bootstrap tree #517, logLikelihood: -622.023794
[00:05:32] Bootstrap tree #518, logLikelihood: -524.506346
[00:05:33] Bootstrap tree #519, logLikelihood: -602.818488
[00:05:33] Bootstrap tree #520, logLikelihood: -528.353456
[00:05:34] Bootstrap tree #521, logLikelihood: -597.937056
[00:05:34] Bootstrap tree #522, logLikelihood: -621.153056
[00:05:35] Bootstrap tree #523, logLikelihood: -603.889940
[00:05:36] Bootstrap tree #524, logLikelihood: -585.648269
[00:05:36] Bootstrap tree #525, logLikelihood: -592.316616
[00:05:37] Bootstrap tree #526, logLikelihood: -570.610969
[00:05:38] Bootstrap tree #527, logLikelihood: -517.100552
[00:05:39] Bootstrap tree #528, logLikelihood: -547.117121
[00:05:40] Bootstrap tree #529, logLikelihood: -540.953219
[00:05:41] Bootstrap tree #530, logLikelihood: -585.787782
[00:05:41] Bootstrap tree #531, logLikelihood: -607.325753
[00:05:42] Bootstrap tree #532, logLikelihood: -616.889071
[00:05:43] Bootstrap tree #533, logLikelihood: -493.465420
[00:05:43] Bootstrap tree #534, logLikelihood: -529.368222
[00:05:44] Bootstrap tree #535, logLikelihood: -522.810851
[00:05:45] Bootstrap tree #536, logLikelihood: -614.693773
[00:05:46] Bootstrap tree #537, logLikelihood: -590.277986
[00:05:46] Bootstrap tree #538, logLikelihood: -560.458329
[00:05:47] Bootstrap tree #539, logLikelihood: -563.535923
[00:05:48] Bootstrap tree #540, logLikelihood: -576.278662
[00:05:49] Bootstrap tree #541, logLikelihood: -543.836354
[00:05:50] Bootstrap tree #542, logLikelihood: -599.284904
[00:05:50] Bootstrap tree #543, logLikelihood: -569.429813
[00:05:51] Bootstrap tree #544, logLikelihood: -586.856326
[00:05:51] Bootstrap tree #545, logLikelihood: -613.213550
[00:05:52] Bootstrap tree #546, logLikelihood: -561.043306
[00:05:53] Bootstrap tree #547, logLikelihood: -581.167637
[00:05:54] Bootstrap tree #548, logLikelihood: -598.105092
[00:05:55] Bootstrap tree #549, logLikelihood: -570.514201
[00:05:55] Bootstrap tree #550, logLikelihood: -571.259188
[00:05:56] Bootstrap tree #551, logLikelihood: -631.581009
[00:05:57] Bootstrap tree #552, logLikelihood: -529.607294
[00:05:57] Bootstrap tree #553, logLikelihood: -501.953148
[00:05:58] Bootstrap tree #554, logLikelihood: -521.606541
[00:05:58] Bootstrap tree #555, logLikelihood: -559.000832
[00:05:59] Bootstrap tree #556, logLikelihood: -557.991247
[00:06:00] Bootstrap tree #557, logLikelihood: -586.225243
[00:06:01] Bootstrap tree #558, logLikelihood: -583.890375
[00:06:02] Bootstrap tree #559, logLikelihood: -582.165485
[00:06:03] Bootstrap tree #560, logLikelihood: -605.989477
[00:06:03] Bootstrap tree #561, logLikelihood: -566.791692
[00:06:04] Bootstrap tree #562, logLikelihood: -539.658641
[00:06:05] Bootstrap tree #563, logLikelihood: -582.655826
[00:06:06] Bootstrap tree #564, logLikelihood: -543.869636
[00:06:06] Bootstrap tree #565, logLikelihood: -589.666895
[00:06:07] Bootstrap tree #566, logLikelihood: -503.074823
[00:06:07] Bootstrap tree #567, logLikelihood: -608.695151
[00:06:08] Bootstrap tree #568, logLikelihood: -553.503008
[00:06:09] Bootstrap tree #569, logLikelihood: -595.291682
[00:06:10] Bootstrap tree #570, logLikelihood: -573.092132
[00:06:10] Bootstrap tree #571, logLikelihood: -543.476265
[00:06:11] Bootstrap tree #572, logLikelihood: -551.855685
[00:06:11] Bootstrap tree #573, logLikelihood: -557.644833
[00:06:12] Bootstrap tree #574, logLikelihood: -632.202432
[00:06:13] Bootstrap tree #575, logLikelihood: -610.568001
[00:06:14] Bootstrap tree #576, logLikelihood: -513.115790
[00:06:15] Bootstrap tree #577, logLikelihood: -660.399937
[00:06:15] Bootstrap tree #578, logLikelihood: -557.552626
[00:06:16] Bootstrap tree #579, logLikelihood: -635.262985
[00:06:17] Bootstrap tree #580, logLikelihood: -631.629003
[00:06:17] Bootstrap tree #581, logLikelihood: -575.369697
[00:06:18] Bootstrap tree #582, logLikelihood: -517.552890
[00:06:18] Bootstrap tree #583, logLikelihood: -565.103659
[00:06:19] Bootstrap tree #584, logLikelihood: -538.130227
[00:06:20] Bootstrap tree #585, logLikelihood: -553.835489
[00:06:20] Bootstrap tree #586, logLikelihood: -576.682138
[00:06:21] Bootstrap tree #587, logLikelihood: -589.936118
[00:06:22] Bootstrap tree #588, logLikelihood: -568.896095
[00:06:22] Bootstrap tree #589, logLikelihood: -526.682198
[00:06:23] Bootstrap tree #590, logLikelihood: -607.247655
[00:06:24] Bootstrap tree #591, logLikelihood: -586.877139
[00:06:24] Bootstrap tree #592, logLikelihood: -574.697047
[00:06:25] Bootstrap tree #593, logLikelihood: -589.636651
[00:06:26] Bootstrap tree #594, logLikelihood: -593.600602
[00:06:26] Bootstrap tree #595, logLikelihood: -607.527379
[00:06:27] Bootstrap tree #596, logLikelihood: -576.711622
[00:06:28] Bootstrap tree #597, logLikelihood: -605.202099
[00:06:29] Bootstrap tree #598, logLikelihood: -632.201504
[00:06:30] Bootstrap tree #599, logLikelihood: -543.381785
[00:06:31] Bootstrap tree #600, logLikelihood: -633.663657
[00:06:31] Bootstrap tree #601, logLikelihood: -521.262886
[00:06:33] Bootstrap tree #602, logLikelihood: -556.239064
[00:06:33] Bootstrap tree #603, logLikelihood: -554.422042
[00:06:34] Bootstrap tree #604, logLikelihood: -513.351994
[00:06:34] Bootstrap tree #605, logLikelihood: -556.388845
[00:06:35] Bootstrap tree #606, logLikelihood: -520.465683
[00:06:35] Bootstrap tree #607, logLikelihood: -578.422984
[00:06:36] Bootstrap tree #608, logLikelihood: -549.699564
[00:06:37] Bootstrap tree #609, logLikelihood: -588.316993
[00:06:37] Bootstrap tree #610, logLikelihood: -574.830773
[00:06:38] Bootstrap tree #611, logLikelihood: -521.201946
[00:06:39] Bootstrap tree #612, logLikelihood: -594.908326
[00:06:40] Bootstrap tree #613, logLikelihood: -545.160502
[00:06:40] Bootstrap tree #614, logLikelihood: -500.121733
[00:06:40] Bootstrap tree #615, logLikelihood: -551.824936
[00:06:41] Bootstrap tree #616, logLikelihood: -626.243269
[00:06:42] Bootstrap tree #617, logLikelihood: -573.185632
[00:06:43] Bootstrap tree #618, logLikelihood: -565.324149
[00:06:44] Bootstrap tree #619, logLikelihood: -574.179668
[00:06:44] Bootstrap tree #620, logLikelihood: -631.068369
[00:06:45] Bootstrap tree #621, logLikelihood: -599.123378
[00:06:46] Bootstrap tree #622, logLikelihood: -548.898126
[00:06:46] Bootstrap tree #623, logLikelihood: -556.477264
[00:06:47] Bootstrap tree #624, logLikelihood: -591.291345
[00:06:48] Bootstrap tree #625, logLikelihood: -595.036480
[00:06:49] Bootstrap tree #626, logLikelihood: -578.543660
[00:06:49] Bootstrap tree #627, logLikelihood: -568.951971
[00:06:50] Bootstrap tree #628, logLikelihood: -573.195958
[00:06:51] Bootstrap tree #629, logLikelihood: -514.772532
[00:06:51] Bootstrap tree #630, logLikelihood: -548.150407
[00:06:52] Bootstrap tree #631, logLikelihood: -625.328374
[00:06:53] Bootstrap tree #632, logLikelihood: -561.531808
[00:06:54] Bootstrap tree #633, logLikelihood: -607.990185
[00:06:54] Bootstrap tree #634, logLikelihood: -595.929646
[00:06:55] Bootstrap tree #635, logLikelihood: -643.450103
[00:06:56] Bootstrap tree #636, logLikelihood: -623.978002
[00:06:57] Bootstrap tree #637, logLikelihood: -522.790460
[00:06:57] Bootstrap tree #638, logLikelihood: -571.286957
[00:06:58] Bootstrap tree #639, logLikelihood: -664.747771
[00:06:59] Bootstrap tree #640, logLikelihood: -577.645768
[00:06:59] Bootstrap tree #641, logLikelihood: -547.830424
[00:07:00] Bootstrap tree #642, logLikelihood: -585.390129
[00:07:01] Bootstrap tree #643, logLikelihood: -621.912628
[00:07:02] Bootstrap tree #644, logLikelihood: -537.595282
[00:07:02] Bootstrap tree #645, logLikelihood: -609.960934
[00:07:03] Bootstrap tree #646, logLikelihood: -569.619587
[00:07:04] Bootstrap tree #647, logLikelihood: -612.255313
[00:07:05] Bootstrap tree #648, logLikelihood: -624.121923
[00:07:05] Bootstrap tree #649, logLikelihood: -565.367154
[00:07:06] Bootstrap tree #650, logLikelihood: -598.211261
[00:07:07] Bootstrap tree #651, logLikelihood: -622.028405
[00:07:07] Bootstrap tree #652, logLikelihood: -532.375981
[00:07:08] Bootstrap tree #653, logLikelihood: -547.831584
[00:07:09] Bootstrap tree #654, logLikelihood: -503.845454
[00:07:09] Bootstrap tree #655, logLikelihood: -542.469243
[00:07:10] Bootstrap tree #656, logLikelihood: -532.275039
[00:07:10] Bootstrap tree #657, logLikelihood: -506.924149
[00:07:11] Bootstrap tree #658, logLikelihood: -593.658121
[00:07:12] Bootstrap tree #659, logLikelihood: -584.079903
[00:07:13] Bootstrap tree #660, logLikelihood: -563.579526
[00:07:13] Bootstrap tree #661, logLikelihood: -554.780392
[00:07:14] Bootstrap tree #662, logLikelihood: -578.709271
[00:07:15] Bootstrap tree #663, logLikelihood: -558.503439
[00:07:15] Bootstrap tree #664, logLikelihood: -580.644845
[00:07:16] Bootstrap tree #665, logLikelihood: -609.717236
[00:07:17] Bootstrap tree #666, logLikelihood: -627.217963
[00:07:18] Bootstrap tree #667, logLikelihood: -523.429554
[00:07:19] Bootstrap tree #668, logLikelihood: -601.463274
[00:07:20] Bootstrap tree #669, logLikelihood: -593.591540
[00:07:20] Bootstrap tree #670, logLikelihood: -613.181704
[00:07:21] Bootstrap tree #671, logLikelihood: -582.880048
[00:07:21] Bootstrap tree #672, logLikelihood: -532.258449
[00:07:22] Bootstrap tree #673, logLikelihood: -521.519513
[00:07:22] Bootstrap tree #674, logLikelihood: -538.181443
[00:07:23] Bootstrap tree #675, logLikelihood: -598.734439
[00:07:24] Bootstrap tree #676, logLikelihood: -593.889059
[00:07:24] Bootstrap tree #677, logLikelihood: -586.434583
[00:07:25] Bootstrap tree #678, logLikelihood: -565.159965
[00:07:26] Bootstrap tree #679, logLikelihood: -567.300806
[00:07:26] Bootstrap tree #680, logLikelihood: -559.669688
[00:07:27] Bootstrap tree #681, logLikelihood: -597.903379
[00:07:28] Bootstrap tree #682, logLikelihood: -568.761353
[00:07:28] Bootstrap tree #683, logLikelihood: -495.717995
[00:07:29] Bootstrap tree #684, logLikelihood: -577.198032
[00:07:30] Bootstrap tree #685, logLikelihood: -575.560294
[00:07:30] Bootstrap tree #686, logLikelihood: -545.004142
[00:07:31] Bootstrap tree #687, logLikelihood: -554.599034
[00:07:32] Bootstrap tree #688, logLikelihood: -567.707192
[00:07:33] Bootstrap tree #689, logLikelihood: -598.409472
[00:07:34] Bootstrap tree #690, logLikelihood: -610.856438
[00:07:34] Bootstrap tree #691, logLikelihood: -497.120299
[00:07:35] Bootstrap tree #692, logLikelihood: -599.575318
[00:07:36] Bootstrap tree #693, logLikelihood: -577.218793
[00:07:37] Bootstrap tree #694, logLikelihood: -535.441578
[00:07:37] Bootstrap tree #695, logLikelihood: -569.906447
[00:07:38] Bootstrap tree #696, logLikelihood: -628.722473
[00:07:39] Bootstrap tree #697, logLikelihood: -604.430098
[00:07:40] Bootstrap tree #698, logLikelihood: -643.136593
[00:07:40] Bootstrap tree #699, logLikelihood: -588.463137
[00:07:41] Bootstrap tree #700, logLikelihood: -527.369764
[00:07:42] Bootstrap tree #701, logLikelihood: -605.473587
[00:07:43] Bootstrap tree #702, logLikelihood: -575.868421
[00:07:43] Bootstrap tree #703, logLikelihood: -553.986292
[00:07:44] Bootstrap tree #704, logLikelihood: -579.047175
[00:07:45] Bootstrap tree #705, logLikelihood: -519.981599
[00:07:46] Bootstrap tree #706, logLikelihood: -593.234590
[00:07:46] Bootstrap tree #707, logLikelihood: -561.239211
[00:07:47] Bootstrap tree #708, logLikelihood: -571.733450
[00:07:48] Bootstrap tree #709, logLikelihood: -520.510832
[00:07:49] Bootstrap tree #710, logLikelihood: -580.564743
[00:07:50] Bootstrap tree #711, logLikelihood: -590.585621
[00:07:51] Bootstrap tree #712, logLikelihood: -576.920587
[00:07:51] Bootstrap tree #713, logLikelihood: -537.282051
[00:07:52] Bootstrap tree #714, logLikelihood: -589.882932
[00:07:53] Bootstrap tree #715, logLikelihood: -596.775244
[00:07:53] Bootstrap tree #716, logLikelihood: -558.438539
[00:07:54] Bootstrap tree #717, logLikelihood: -584.227014
[00:07:55] Bootstrap tree #718, logLikelihood: -548.117631
[00:07:55] Bootstrap tree #719, logLikelihood: -611.609142
[00:07:56] Bootstrap tree #720, logLikelihood: -621.415940
[00:07:57] Bootstrap tree #721, logLikelihood: -589.277456
[00:07:58] Bootstrap tree #722, logLikelihood: -539.386659
[00:07:58] Bootstrap tree #723, logLikelihood: -500.510547
[00:07:59] Bootstrap tree #724, logLikelihood: -577.192328
[00:08:00] Bootstrap tree #725, logLikelihood: -531.160469
[00:08:00] Bootstrap tree #726, logLikelihood: -585.478720
[00:08:01] Bootstrap tree #727, logLikelihood: -638.795896
[00:08:02] Bootstrap tree #728, logLikelihood: -562.247384
[00:08:03] Bootstrap tree #729, logLikelihood: -529.099393
[00:08:03] Bootstrap tree #730, logLikelihood: -571.010100
[00:08:04] Bootstrap tree #731, logLikelihood: -546.182209
[00:08:05] Bootstrap tree #732, logLikelihood: -517.423621
[00:08:06] Bootstrap tree #733, logLikelihood: -589.923195
[00:08:06] Bootstrap tree #734, logLikelihood: -500.089805
[00:08:07] Bootstrap tree #735, logLikelihood: -518.243594
[00:08:08] Bootstrap tree #736, logLikelihood: -617.551682
[00:08:08] Bootstrap tree #737, logLikelihood: -582.256917
[00:08:09] Bootstrap tree #738, logLikelihood: -571.760354
[00:08:10] Bootstrap tree #739, logLikelihood: -504.511941
[00:08:10] Bootstrap tree #740, logLikelihood: -594.490909
[00:08:11] Bootstrap tree #741, logLikelihood: -522.465070
[00:08:12] Bootstrap tree #742, logLikelihood: -605.498116
[00:08:13] Bootstrap tree #743, logLikelihood: -530.643104
[00:08:13] Bootstrap tree #744, logLikelihood: -505.679245
[00:08:14] Bootstrap tree #745, logLikelihood: -561.933666
[00:08:15] Bootstrap tree #746, logLikelihood: -583.634026
[00:08:16] Bootstrap tree #747, logLikelihood: -621.372135
[00:08:16] Bootstrap tree #748, logLikelihood: -612.261307
[00:08:17] Bootstrap tree #749, logLikelihood: -629.708760
[00:08:18] Bootstrap tree #750, logLikelihood: -608.582951
[00:08:19] Bootstrap tree #751, logLikelihood: -557.660709
[00:08:19] Bootstrap tree #752, logLikelihood: -623.318754
[00:08:20] Bootstrap tree #753, logLikelihood: -619.143035
[00:08:21] Bootstrap tree #754, logLikelihood: -431.915029
[00:08:22] Bootstrap tree #755, logLikelihood: -555.383137
[00:08:22] Bootstrap tree #756, logLikelihood: -527.414084
[00:08:23] Bootstrap tree #757, logLikelihood: -612.969415
[00:08:24] Bootstrap tree #758, logLikelihood: -609.767140
[00:08:25] Bootstrap tree #759, logLikelihood: -547.315534
[00:08:25] Bootstrap tree #760, logLikelihood: -541.012955
[00:08:26] Bootstrap tree #761, logLikelihood: -533.281085
[00:08:27] Bootstrap tree #762, logLikelihood: -559.547861
[00:08:28] Bootstrap tree #763, logLikelihood: -539.219749
[00:08:29] Bootstrap tree #764, logLikelihood: -582.296043
[00:08:30] Bootstrap tree #765, logLikelihood: -600.492782
[00:08:30] Bootstrap tree #766, logLikelihood: -613.865401
[00:08:31] Bootstrap tree #767, logLikelihood: -554.410668
[00:08:32] Bootstrap tree #768, logLikelihood: -560.120063
[00:08:32] Bootstrap tree #769, logLikelihood: -550.761450
[00:08:33] Bootstrap tree #770, logLikelihood: -530.398187
[00:08:34] Bootstrap tree #771, logLikelihood: -609.398508
[00:08:35] Bootstrap tree #772, logLikelihood: -569.584772
[00:08:35] Bootstrap tree #773, logLikelihood: -587.788929
[00:08:37] Bootstrap tree #774, logLikelihood: -557.674727
[00:08:37] Bootstrap tree #775, logLikelihood: -554.461601
[00:08:38] Bootstrap tree #776, logLikelihood: -517.171647
[00:08:38] Bootstrap tree #777, logLikelihood: -588.092369
[00:08:39] Bootstrap tree #778, logLikelihood: -560.380129
[00:08:40] Bootstrap tree #779, logLikelihood: -597.812497
[00:08:41] Bootstrap tree #780, logLikelihood: -588.217781
[00:08:41] Bootstrap tree #781, logLikelihood: -573.931522
[00:08:42] Bootstrap tree #782, logLikelihood: -606.893368
[00:08:43] Bootstrap tree #783, logLikelihood: -595.979966
[00:08:44] Bootstrap tree #784, logLikelihood: -640.389660
[00:08:45] Bootstrap tree #785, logLikelihood: -581.043704
[00:08:46] Bootstrap tree #786, logLikelihood: -614.359412
[00:08:46] Bootstrap tree #787, logLikelihood: -574.257941
[00:08:47] Bootstrap tree #788, logLikelihood: -554.373238
[00:08:48] Bootstrap tree #789, logLikelihood: -622.334526
[00:08:49] Bootstrap tree #790, logLikelihood: -588.919223
[00:08:49] Bootstrap tree #791, logLikelihood: -574.941307
[00:08:50] Bootstrap tree #792, logLikelihood: -562.423289
[00:08:51] Bootstrap tree #793, logLikelihood: -555.903358
[00:08:51] Bootstrap tree #794, logLikelihood: -558.932400
[00:08:52] Bootstrap tree #795, logLikelihood: -540.648753
[00:08:53] Bootstrap tree #796, logLikelihood: -518.791721
[00:08:53] Bootstrap tree #797, logLikelihood: -597.845879
[00:08:54] Bootstrap tree #798, logLikelihood: -553.599935
[00:08:54] Bootstrap tree #799, logLikelihood: -579.992351
[00:08:55] Bootstrap tree #800, logLikelihood: -583.303473
[00:08:56] Bootstrap tree #801, logLikelihood: -665.044940
[00:08:56] Bootstrap tree #802, logLikelihood: -562.476335
[00:08:57] Bootstrap tree #803, logLikelihood: -565.190176
[00:08:58] Bootstrap tree #804, logLikelihood: -582.393167
[00:08:59] Bootstrap tree #805, logLikelihood: -576.817237
[00:09:00] Bootstrap tree #806, logLikelihood: -578.886992
[00:09:01] Bootstrap tree #807, logLikelihood: -601.763572
[00:09:01] Bootstrap tree #808, logLikelihood: -608.490736
[00:09:02] Bootstrap tree #809, logLikelihood: -541.200501
[00:09:03] Bootstrap tree #810, logLikelihood: -545.278952
[00:09:04] Bootstrap tree #811, logLikelihood: -539.270872
[00:09:04] Bootstrap tree #812, logLikelihood: -589.752387
[00:09:05] Bootstrap tree #813, logLikelihood: -658.990624
[00:09:06] Bootstrap tree #814, logLikelihood: -606.478154
[00:09:07] Bootstrap tree #815, logLikelihood: -529.678332
[00:09:07] Bootstrap tree #816, logLikelihood: -540.213381
[00:09:08] Bootstrap tree #817, logLikelihood: -516.378955
[00:09:09] Bootstrap tree #818, logLikelihood: -519.798695
[00:09:09] Bootstrap tree #819, logLikelihood: -549.119043
[00:09:10] Bootstrap tree #820, logLikelihood: -557.037298
[00:09:11] Bootstrap tree #821, logLikelihood: -657.659264
[00:09:12] Bootstrap tree #822, logLikelihood: -636.248993
[00:09:13] Bootstrap tree #823, logLikelihood: -552.540131
[00:09:14] Bootstrap tree #824, logLikelihood: -646.075036
[00:09:15] Bootstrap tree #825, logLikelihood: -605.331468
[00:09:16] Bootstrap tree #826, logLikelihood: -566.837097
[00:09:17] Bootstrap tree #827, logLikelihood: -645.781820
[00:09:18] Bootstrap tree #828, logLikelihood: -641.390478
[00:09:19] Bootstrap tree #829, logLikelihood: -559.180062
[00:09:19] Bootstrap tree #830, logLikelihood: -573.690399
[00:09:20] Bootstrap tree #831, logLikelihood: -586.769413
[00:09:20] Bootstrap tree #832, logLikelihood: -594.483807
[00:09:21] Bootstrap tree #833, logLikelihood: -590.174041
[00:09:22] Bootstrap tree #834, logLikelihood: -572.360886
[00:09:23] Bootstrap tree #835, logLikelihood: -554.201173
[00:09:24] Bootstrap tree #836, logLikelihood: -589.257098
[00:09:25] Bootstrap tree #837, logLikelihood: -571.804224
[00:09:26] Bootstrap tree #838, logLikelihood: -542.556192
[00:09:27] Bootstrap tree #839, logLikelihood: -514.805366
[00:09:27] Bootstrap tree #840, logLikelihood: -577.080173
[00:09:28] Bootstrap tree #841, logLikelihood: -563.742013
[00:09:28] Bootstrap tree #842, logLikelihood: -598.451900
[00:09:29] Bootstrap tree #843, logLikelihood: -532.507263
[00:09:30] Bootstrap tree #844, logLikelihood: -596.810523
[00:09:31] Bootstrap tree #845, logLikelihood: -591.564470
[00:09:32] Bootstrap tree #846, logLikelihood: -612.357096
[00:09:33] Bootstrap tree #847, logLikelihood: -499.084475
[00:09:34] Bootstrap tree #848, logLikelihood: -508.096842
[00:09:34] Bootstrap tree #849, logLikelihood: -523.074075
[00:09:35] Bootstrap tree #850, logLikelihood: -588.353791
[00:09:36] Bootstrap tree #851, logLikelihood: -546.415411
[00:09:36] Bootstrap tree #852, logLikelihood: -578.174135
[00:09:37] Bootstrap tree #853, logLikelihood: -542.668760
[00:09:38] Bootstrap tree #854, logLikelihood: -561.552296
[00:09:38] Bootstrap tree #855, logLikelihood: -561.019586
[00:09:39] Bootstrap tree #856, logLikelihood: -587.207110
[00:09:40] Bootstrap tree #857, logLikelihood: -554.204199
[00:09:40] Bootstrap tree #858, logLikelihood: -596.057700
[00:09:41] Bootstrap tree #859, logLikelihood: -520.796553
[00:09:41] Bootstrap tree #860, logLikelihood: -520.956960
[00:09:42] Bootstrap tree #861, logLikelihood: -587.643142
[00:09:43] Bootstrap tree #862, logLikelihood: -569.060948
[00:09:44] Bootstrap tree #863, logLikelihood: -647.578937
[00:09:44] Bootstrap tree #864, logLikelihood: -558.577890
[00:09:45] Bootstrap tree #865, logLikelihood: -547.099322
[00:09:46] Bootstrap tree #866, logLikelihood: -628.394725
[00:09:46] Bootstrap tree #867, logLikelihood: -620.941299
[00:09:47] Bootstrap tree #868, logLikelihood: -573.732554
[00:09:48] Bootstrap tree #869, logLikelihood: -548.564015
[00:09:48] Bootstrap tree #870, logLikelihood: -594.150152
[00:09:49] Bootstrap tree #871, logLikelihood: -596.361493
[00:09:50] Bootstrap tree #872, logLikelihood: -553.040227
[00:09:51] Bootstrap tree #873, logLikelihood: -589.902583
[00:09:52] Bootstrap tree #874, logLikelihood: -571.284109
[00:09:52] Bootstrap tree #875, logLikelihood: -602.962871
[00:09:53] Bootstrap tree #876, logLikelihood: -527.766508
[00:09:54] Bootstrap tree #877, logLikelihood: -511.611083
[00:09:54] Bootstrap tree #878, logLikelihood: -565.726107
[00:09:55] Bootstrap tree #879, logLikelihood: -447.822981
[00:09:56] Bootstrap tree #880, logLikelihood: -578.216663
[00:09:56] Bootstrap tree #881, logLikelihood: -603.140229
[00:09:57] Bootstrap tree #882, logLikelihood: -607.032456
[00:09:58] Bootstrap tree #883, logLikelihood: -526.970527
[00:09:59] Bootstrap tree #884, logLikelihood: -590.074882
[00:10:00] Bootstrap tree #885, logLikelihood: -554.280706
[00:10:00] Bootstrap tree #886, logLikelihood: -521.392368
[00:10:01] Bootstrap tree #887, logLikelihood: -565.748709
[00:10:01] Bootstrap tree #888, logLikelihood: -536.732834
[00:10:02] Bootstrap tree #889, logLikelihood: -549.387487
[00:10:03] Bootstrap tree #890, logLikelihood: -561.749065
[00:10:03] Bootstrap tree #891, logLikelihood: -629.623150
[00:10:04] Bootstrap tree #892, logLikelihood: -523.473985
[00:10:05] Bootstrap tree #893, logLikelihood: -614.263597
[00:10:06] Bootstrap tree #894, logLikelihood: -595.614828
[00:10:06] Bootstrap tree #895, logLikelihood: -575.054791
[00:10:07] Bootstrap tree #896, logLikelihood: -578.749855
[00:10:08] Bootstrap tree #897, logLikelihood: -574.004189
[00:10:10] Bootstrap tree #898, logLikelihood: -555.644489
[00:10:10] Bootstrap tree #899, logLikelihood: -544.662521
[00:10:11] Bootstrap tree #900, logLikelihood: -574.542414
[00:10:12] Bootstrap tree #901, logLikelihood: -562.366231
[00:10:12] Bootstrap tree #902, logLikelihood: -623.913818
[00:10:13] Bootstrap tree #903, logLikelihood: -574.614945
[00:10:14] Bootstrap tree #904, logLikelihood: -546.416747
[00:10:14] Bootstrap tree #905, logLikelihood: -604.295465
[00:10:15] Bootstrap tree #906, logLikelihood: -560.763804
[00:10:16] Bootstrap tree #907, logLikelihood: -571.618295
[00:10:17] Bootstrap tree #908, logLikelihood: -591.809035
[00:10:17] Bootstrap tree #909, logLikelihood: -577.823210
[00:10:18] Bootstrap tree #910, logLikelihood: -555.327294
[00:10:18] Bootstrap tree #911, logLikelihood: -547.028253
[00:10:19] Bootstrap tree #912, logLikelihood: -520.802778
[00:10:19] Bootstrap tree #913, logLikelihood: -535.202329
[00:10:21] Bootstrap tree #914, logLikelihood: -652.332204
[00:10:21] Bootstrap tree #915, logLikelihood: -533.428767
[00:10:22] Bootstrap tree #916, logLikelihood: -540.184969
[00:10:23] Bootstrap tree #917, logLikelihood: -523.368275
[00:10:23] Bootstrap tree #918, logLikelihood: -622.339324
[00:10:24] Bootstrap tree #919, logLikelihood: -573.545986
[00:10:24] Bootstrap tree #920, logLikelihood: -534.447861
[00:10:25] Bootstrap tree #921, logLikelihood: -477.933943
[00:10:26] Bootstrap tree #922, logLikelihood: -524.258524
[00:10:26] Bootstrap tree #923, logLikelihood: -545.365138
[00:10:28] Bootstrap tree #924, logLikelihood: -594.020991
[00:10:28] Bootstrap tree #925, logLikelihood: -511.587938
[00:10:29] Bootstrap tree #926, logLikelihood: -547.098770
[00:10:30] Bootstrap tree #927, logLikelihood: -597.170182
[00:10:31] Bootstrap tree #928, logLikelihood: -587.270898
[00:10:31] Bootstrap tree #929, logLikelihood: -562.383312
[00:10:33] Bootstrap tree #930, logLikelihood: -601.281003
[00:10:33] Bootstrap tree #931, logLikelihood: -581.902695
[00:10:34] Bootstrap tree #932, logLikelihood: -562.226169
[00:10:34] Bootstrap tree #933, logLikelihood: -533.141397
[00:10:35] Bootstrap tree #934, logLikelihood: -599.396794
[00:10:36] Bootstrap tree #935, logLikelihood: -601.016900
[00:10:36] Bootstrap tree #936, logLikelihood: -522.865334
[00:10:37] Bootstrap tree #937, logLikelihood: -661.151285
[00:10:37] Bootstrap tree #938, logLikelihood: -586.980090
[00:10:38] Bootstrap tree #939, logLikelihood: -570.346716
[00:10:39] Bootstrap tree #940, logLikelihood: -605.046212
[00:10:39] Bootstrap tree #941, logLikelihood: -537.502859
[00:10:40] Bootstrap tree #942, logLikelihood: -569.285789
[00:10:41] Bootstrap tree #943, logLikelihood: -546.133892
[00:10:42] Bootstrap tree #944, logLikelihood: -590.799954
[00:10:42] Bootstrap tree #945, logLikelihood: -588.629239
[00:10:43] Bootstrap tree #946, logLikelihood: -607.465540
[00:10:44] Bootstrap tree #947, logLikelihood: -560.866540
[00:10:45] Bootstrap tree #948, logLikelihood: -630.364233
[00:10:45] Bootstrap tree #949, logLikelihood: -514.504660
[00:10:46] Bootstrap tree #950, logLikelihood: -631.141855
[00:10:46] Bootstrap tree #951, logLikelihood: -552.918144
[00:10:47] Bootstrap tree #952, logLikelihood: -515.415438
[00:10:48] Bootstrap tree #953, logLikelihood: -584.332567
[00:10:49] Bootstrap tree #954, logLikelihood: -636.194001
[00:10:50] Bootstrap tree #955, logLikelihood: -639.079375
[00:10:51] Bootstrap tree #956, logLikelihood: -574.916026
[00:10:52] Bootstrap tree #957, logLikelihood: -573.398555
[00:10:53] Bootstrap tree #958, logLikelihood: -603.640847
[00:10:53] Bootstrap tree #959, logLikelihood: -504.063641
[00:10:54] Bootstrap tree #960, logLikelihood: -625.926493
[00:10:55] Bootstrap tree #961, logLikelihood: -548.716215
[00:10:56] Bootstrap tree #962, logLikelihood: -568.858735
[00:10:56] Bootstrap tree #963, logLikelihood: -531.719591
[00:10:57] Bootstrap tree #964, logLikelihood: -565.348824
[00:10:58] Bootstrap tree #965, logLikelihood: -626.602286
[00:10:59] Bootstrap tree #966, logLikelihood: -533.424510
[00:11:00] Bootstrap tree #967, logLikelihood: -568.355721
[00:11:00] Bootstrap tree #968, logLikelihood: -587.777595
[00:11:01] Bootstrap tree #969, logLikelihood: -584.169884
[00:11:02] Bootstrap tree #970, logLikelihood: -521.069323
[00:11:02] Bootstrap tree #971, logLikelihood: -538.240893
[00:11:03] Bootstrap tree #972, logLikelihood: -536.116158
[00:11:05] Bootstrap tree #973, logLikelihood: -624.772798
[00:11:05] Bootstrap tree #974, logLikelihood: -639.456747
[00:11:06] Bootstrap tree #975, logLikelihood: -537.035267
[00:11:07] Bootstrap tree #976, logLikelihood: -535.824019
[00:11:08] Bootstrap tree #977, logLikelihood: -653.511758
[00:11:09] Bootstrap tree #978, logLikelihood: -642.605209
[00:11:10] Bootstrap tree #979, logLikelihood: -594.467775
[00:11:11] Bootstrap tree #980, logLikelihood: -526.265214
[00:11:11] Bootstrap tree #981, logLikelihood: -526.403162
[00:11:12] Bootstrap tree #982, logLikelihood: -594.464514
[00:11:13] Bootstrap tree #983, logLikelihood: -633.152542
[00:11:14] Bootstrap tree #984, logLikelihood: -566.780953
[00:11:14] Bootstrap tree #985, logLikelihood: -526.469092
[00:11:15] Bootstrap tree #986, logLikelihood: -530.340121
[00:11:16] Bootstrap tree #987, logLikelihood: -600.705923
[00:11:16] Bootstrap tree #988, logLikelihood: -592.255456
[00:11:17] Bootstrap tree #989, logLikelihood: -634.752211
[00:11:18] Bootstrap tree #990, logLikelihood: -547.462279
[00:11:18] Bootstrap tree #991, logLikelihood: -538.899523
[00:11:19] Bootstrap tree #992, logLikelihood: -614.063696
[00:11:20] Bootstrap tree #993, logLikelihood: -602.540191
[00:11:21] Bootstrap tree #994, logLikelihood: -531.784437
[00:11:22] Bootstrap tree #995, logLikelihood: -610.772168
[00:11:22] Bootstrap tree #996, logLikelihood: -573.271821
[00:11:23] Bootstrap tree #997, logLikelihood: -506.233606
[00:11:24] Bootstrap tree #998, logLikelihood: -561.216939
[00:11:25] Bootstrap tree #999, logLikelihood: -596.740221
[00:11:26] Bootstrap tree #1000, logLikelihood: -511.462122
Bootstrap trees saved to: /home/jmahguib/EEOB563-Spring2019/Final_Project/BootstrapArcheProtossOG.raxml.bootstraps

Execution log saved to: /home/jmahguib/EEOB563-Spring2019/Final_Project/BootstrapArcheProtossOG.raxml.log

Analysis started: 18-Apr-2019 05:26:52 / finished: 18-Apr-2019 05:38:19

Elapsed time: 686.181 seconds

