
RAxML-NG v. 0.8.0 BETA released on 11.01.2019 by The Exelixis Lab.
Authors: Alexey Kozlov, Alexandros Stamatakis, Diego Darriba, Tomas Flouri, Benoit Morel.
Latest version: https://github.com/amkozlov/raxml-ng
Questions/problems/suggestions? Please visit: https://groups.google.com/forum/#!forum/raxml

WARNING: This is a BETA release, please use at your own risk!

RAxML-NG was called at 18-Apr-2019 05:20:05 as follows:

raxml-ng --support --tree MLsearchArcheZergOG.raxml.bestTree --bs-trees BootstrapArcheZergOG.raxml.bootstraps --prefix MappedBootstrapsArcheZergOG --threads 1

Analysis options:
  run mode: Compute bipartition support (Felsenstein Bootstrap)
  start tree(s): user
  random seed: 1555582805
  SIMD kernels: AVX
  parallelization: NONE/sequential

Reading reference tree from file: MLsearchArcheZergOG.raxml.bestTree
Reference tree size: 33

Reading bootstrap trees from file: BootstrapArcheZergOG.raxml.bootstraps
Loaded 1000 trees with 33 taxa.

Best ML tree with Felsenstein bootstrap (FBP) support values saved to: /home/jmahguib/EEOB563-Spring2019/Final_Project/MappedBootstrapsArcheZergOG.raxml.support

Execution log saved to: /home/jmahguib/EEOB563-Spring2019/Final_Project/MappedBootstrapsArcheZergOG.raxml.log

Analysis started: 18-Apr-2019 05:20:05 / finished: 18-Apr-2019 05:20:05

Elapsed time: 0.080 seconds

