
RAxML-NG v. 0.8.0 BETA released on 11.01.2019 by The Exelixis Lab.
Authors: Alexey Kozlov, Alexandros Stamatakis, Diego Darriba, Tomas Flouri, Benoit Morel.
Latest version: https://github.com/amkozlov/raxml-ng
Questions/problems/suggestions? Please visit: https://groups.google.com/forum/#!forum/raxml

WARNING: This is a BETA release, please use at your own risk!

RAxML-NG was called at 18-Apr-2019 05:41:20 as follows:

raxml-ng --support --tree MLsearchArcheProtossOG.raxml.bestTree --bs-trees BootstrapArcheProtossOG.raxml.bootstraps --prefix MappedBootstrapsArcheProtossOG --threads 1

Analysis options:
  run mode: Compute bipartition support (Felsenstein Bootstrap)
  start tree(s): user
  random seed: 1555584080
  SIMD kernels: AVX
  parallelization: NONE/sequential

Reading reference tree from file: MLsearchArcheProtossOG.raxml.bestTree
Reference tree size: 33

Reading bootstrap trees from file: BootstrapArcheProtossOG.raxml.bootstraps
Loaded 1000 trees with 33 taxa.

Best ML tree with Felsenstein bootstrap (FBP) support values saved to: /home/jmahguib/EEOB563-Spring2019/Final_Project/MappedBootstrapsArcheProtossOG.raxml.support

Execution log saved to: /home/jmahguib/EEOB563-Spring2019/Final_Project/MappedBootstrapsArcheProtossOG.raxml.log

Analysis started: 18-Apr-2019 05:41:20 / finished: 18-Apr-2019 05:41:20

Elapsed time: 0.080 seconds

