
RAxML-NG v. 0.8.0 BETA released on 11.01.2019 by The Exelixis Lab.
Authors: Alexey Kozlov, Alexandros Stamatakis, Diego Darriba, Tomas Flouri, Benoit Morel.
Latest version: https://github.com/amkozlov/raxml-ng
Questions/problems/suggestions? Please visit: https://groups.google.com/forum/#!forum/raxml

WARNING: This is a BETA release, please use at your own risk!

RAxML-NG was called at 25-Apr-2019 16:51:37 as follows:

raxml-ng --msa Tolkien_concat_align_protossOG.txt --outgroup Protoss_OG --model MULTI6_MK --prefix MLsearchConcat1000_OG_P --threads 2 --seed 2 --tree pars{500},rand{500}

Analysis options:
  run mode: ML tree search
  start tree(s): random (500) + parsimony (500)
  random seed: 2
  tip-inner: OFF
  pattern compression: ON
  per-rate scalers: OFF
  site repeats: ON
  fast spr radius: AUTO
  spr subtree cutoff: 1.000000
  branch lengths: proportional (ML estimate, algorithm: NR-FAST)
  SIMD kernels: AVX
  parallelization: PTHREADS (2 threads), thread pinning: OFF

[00:00:00] Reading alignment from file: Tolkien_concat_align_protossOG.txt
[00:00:00] Loaded alignment with 33 taxa and 70 sites

Alignment comprises 1 partitions and 62 patterns

Partition 0: noname
Model: MULTI6_MK
Alignment sites / patterns: 70 / 62
Gaps: 0.00 %
Invariant sites: 1.43 %


NOTE: Binary MSA file created: MLsearchConcat1000_OG_P.raxml.rba


WARNING: You might be using too many threads (2) for your alignment with 62 unique patterns.
NOTE:    For the optimal throughput, please consider using fewer threads 
NOTE:    and parallelize across starting trees/bootstrap replicates.
NOTE:    As a general rule-of-thumb, please assign at least 200-1000 alignment patterns per thread.

[00:00:00] Generating 500 random starting tree(s) with 33 taxa
[00:00:00] Generating 500 parsimony starting tree(s) with 33 taxa
[00:00:00] Data distribution: max. partitions/sites/weight per thread: 1 / 31 / 186

Starting ML tree search with 1000 distinct starting trees

[00:00:05] ML tree search #1, logLikelihood: -2152.467064
[00:00:09] ML tree search #2, logLikelihood: -2145.136914
[00:00:18] ML tree search #3, logLikelihood: -2145.136914
[00:00:22] ML tree search #4, logLikelihood: -2147.365419
[00:00:31] ML tree search #5, logLikelihood: -2145.136914
[00:00:35] ML tree search #6, logLikelihood: -2147.365419
[00:00:39] ML tree search #7, logLikelihood: -2145.136914
[00:00:42] ML tree search #8, logLikelihood: -2147.365419
[00:00:46] ML tree search #9, logLikelihood: -2145.136914
[00:00:49] ML tree search #10, logLikelihood: -2145.136914
[00:00:55] ML tree search #11, logLikelihood: -2147.365419
[00:01:02] ML tree search #12, logLikelihood: -2145.136914
[00:01:09] ML tree search #13, logLikelihood: -2145.136914
[00:01:17] ML tree search #14, logLikelihood: -2145.136914
[00:01:25] ML tree search #15, logLikelihood: -2158.089744
[00:01:30] ML tree search #16, logLikelihood: -2153.055126
[00:01:38] ML tree search #17, logLikelihood: -2147.365419
[00:01:43] ML tree search #18, logLikelihood: -2145.136914
[00:01:48] ML tree search #19, logLikelihood: -2159.211032
[00:01:52] ML tree search #20, logLikelihood: -2147.365419
[00:01:57] ML tree search #21, logLikelihood: -2145.136914
[00:02:01] ML tree search #22, logLikelihood: -2147.365419
[00:02:07] ML tree search #23, logLikelihood: -2145.136914
[00:02:11] ML tree search #24, logLikelihood: -2147.365419
[00:02:19] ML tree search #25, logLikelihood: -2145.136914
[00:02:22] ML tree search #26, logLikelihood: -2147.365419
[00:02:26] ML tree search #27, logLikelihood: -2147.365419
[00:02:34] ML tree search #28, logLikelihood: -2154.639865
[00:02:37] ML tree search #29, logLikelihood: -2153.911835
[00:02:45] ML tree search #30, logLikelihood: -2145.136914
[00:02:49] ML tree search #31, logLikelihood: -2145.136914
[00:02:56] ML tree search #32, logLikelihood: -2145.136914
[00:03:00] ML tree search #33, logLikelihood: -2145.136914
[00:03:04] ML tree search #34, logLikelihood: -2147.365419
[00:03:12] ML tree search #35, logLikelihood: -2145.136914
[00:03:18] ML tree search #36, logLikelihood: -2153.055126
[00:03:24] ML tree search #37, logLikelihood: -2145.136914
[00:03:28] ML tree search #38, logLikelihood: -2147.365419
[00:03:34] ML tree search #39, logLikelihood: -2158.677805
[00:03:42] ML tree search #40, logLikelihood: -2145.136914
[00:03:46] ML tree search #41, logLikelihood: -2147.365419
[00:03:49] ML tree search #42, logLikelihood: -2145.136914
[00:03:53] ML tree search #43, logLikelihood: -2147.365419
[00:04:01] ML tree search #44, logLikelihood: -2145.136914
[00:04:09] ML tree search #45, logLikelihood: -2145.136914
[00:04:15] ML tree search #46, logLikelihood: -2145.136914
[00:04:21] ML tree search #47, logLikelihood: -2145.136914
[00:04:29] ML tree search #48, logLikelihood: -2145.136914
[00:04:32] ML tree search #49, logLikelihood: -2147.365419
[00:04:36] ML tree search #50, logLikelihood: -2147.365419
[00:04:39] ML tree search #51, logLikelihood: -2155.084348
[00:04:43] ML tree search #52, logLikelihood: -2145.136914
[00:04:50] ML tree search #53, logLikelihood: -2152.467064
[00:04:54] ML tree search #54, logLikelihood: -2145.136914
[00:04:59] ML tree search #55, logLikelihood: -2153.055126
[00:05:07] ML tree search #56, logLikelihood: -2158.677805
[00:05:15] ML tree search #57, logLikelihood: -2145.136914
[00:05:20] ML tree search #58, logLikelihood: -2147.365419
[00:05:27] ML tree search #59, logLikelihood: -2145.136914
[00:05:34] ML tree search #60, logLikelihood: -2145.136914
[00:05:43] ML tree search #61, logLikelihood: -2145.136914
[00:05:46] ML tree search #62, logLikelihood: -2147.365419
[00:05:49] ML tree search #63, logLikelihood: -2145.136914
[00:05:58] ML tree search #64, logLikelihood: -2145.136914
[00:06:05] ML tree search #65, logLikelihood: -2145.136914
[00:06:11] ML tree search #66, logLikelihood: -2145.136914
[00:06:15] ML tree search #67, logLikelihood: -2145.136914
[00:06:23] ML tree search #68, logLikelihood: -2145.136914
[00:06:27] ML tree search #69, logLikelihood: -2147.365419
[00:06:30] ML tree search #70, logLikelihood: -2145.136914
[00:06:34] ML tree search #71, logLikelihood: -2147.365419
[00:06:41] ML tree search #72, logLikelihood: -2145.136914
[00:06:46] ML tree search #73, logLikelihood: -2158.089744
[00:06:51] ML tree search #74, logLikelihood: -2145.136914
[00:06:58] ML tree search #75, logLikelihood: -2145.136914
[00:07:03] ML tree search #76, logLikelihood: -2145.136914
[00:07:06] ML tree search #77, logLikelihood: -2145.136914
[00:07:10] ML tree search #78, logLikelihood: -2147.365419
[00:07:13] ML tree search #79, logLikelihood: -2147.365419
[00:07:17] ML tree search #80, logLikelihood: -2147.365419
[00:07:22] ML tree search #81, logLikelihood: -2155.084348
[00:07:25] ML tree search #82, logLikelihood: -2145.136914
[00:07:30] ML tree search #83, logLikelihood: -2145.136914
[00:07:35] ML tree search #84, logLikelihood: -2145.136914
[00:07:40] ML tree search #85, logLikelihood: -2145.136914
[00:07:43] ML tree search #86, logLikelihood: -2145.136914
[00:07:48] ML tree search #87, logLikelihood: -2152.467064
[00:07:51] ML tree search #88, logLikelihood: -2145.136914
[00:07:56] ML tree search #89, logLikelihood: -2146.846800
[00:08:00] ML tree search #90, logLikelihood: -2147.365419
[00:08:09] ML tree search #91, logLikelihood: -2145.136914
[00:08:14] ML tree search #92, logLikelihood: -2147.365419
[00:08:21] ML tree search #93, logLikelihood: -2145.136914
[00:08:25] ML tree search #94, logLikelihood: -2147.365419
[00:08:31] ML tree search #95, logLikelihood: -2145.136914
[00:08:34] ML tree search #96, logLikelihood: -2146.846800
[00:08:40] ML tree search #97, logLikelihood: -2158.677805
[00:08:46] ML tree search #98, logLikelihood: -2145.136914
[00:08:58] ML tree search #99, logLikelihood: -2145.136914
[00:09:02] ML tree search #100, logLikelihood: -2145.136914
[00:09:10] ML tree search #101, logLikelihood: -2145.136914
[00:09:15] ML tree search #102, logLikelihood: -2145.136914
[00:09:19] ML tree search #103, logLikelihood: -2145.136914
[00:09:24] ML tree search #104, logLikelihood: -2145.136914
[00:09:29] ML tree search #105, logLikelihood: -2147.365419
[00:09:34] ML tree search #106, logLikelihood: -2147.365419
[00:09:38] ML tree search #107, logLikelihood: -2145.136914
[00:09:43] ML tree search #108, logLikelihood: -2145.136914
[00:09:47] ML tree search #109, logLikelihood: -2147.365419
[00:09:50] ML tree search #110, logLikelihood: -2147.365419
[00:09:55] ML tree search #111, logLikelihood: -2147.365419
[00:09:59] ML tree search #112, logLikelihood: -2147.365419
[00:10:05] ML tree search #113, logLikelihood: -2147.365419
[00:10:10] ML tree search #114, logLikelihood: -2156.824498
[00:10:14] ML tree search #115, logLikelihood: -2147.365419
[00:10:17] ML tree search #116, logLikelihood: -2147.365419
[00:10:22] ML tree search #117, logLikelihood: -2147.365419
[00:10:25] ML tree search #118, logLikelihood: -2147.365419
[00:10:30] ML tree search #119, logLikelihood: -2158.089744
[00:10:36] ML tree search #120, logLikelihood: -2153.911835
[00:10:41] ML tree search #121, logLikelihood: -2145.136914
[00:10:45] ML tree search #122, logLikelihood: -2145.136914
[00:10:49] ML tree search #123, logLikelihood: -2153.055126
[00:10:53] ML tree search #124, logLikelihood: -2147.365419
[00:10:59] ML tree search #125, logLikelihood: -2145.136914
[00:11:07] ML tree search #126, logLikelihood: -2145.136914
[00:11:10] ML tree search #127, logLikelihood: -2145.136914
[00:11:14] ML tree search #128, logLikelihood: -2145.136914
[00:11:18] ML tree search #129, logLikelihood: -2145.136914
[00:11:24] ML tree search #130, logLikelihood: -2145.136914
[00:11:32] ML tree search #131, logLikelihood: -2145.136914
[00:11:37] ML tree search #132, logLikelihood: -2155.084348
[00:11:45] ML tree search #133, logLikelihood: -2152.467064
[00:11:50] ML tree search #134, logLikelihood: -2147.365419
[00:11:53] ML tree search #135, logLikelihood: -2147.365419
[00:11:59] ML tree search #136, logLikelihood: -2145.136914
[00:12:04] ML tree search #137, logLikelihood: -2147.365419
[00:12:11] ML tree search #138, logLikelihood: -2145.136914
[00:12:15] ML tree search #139, logLikelihood: -2147.365419
[00:12:19] ML tree search #140, logLikelihood: -2147.365419
[00:12:22] ML tree search #141, logLikelihood: -2147.365419
[00:12:26] ML tree search #142, logLikelihood: -2147.365419
[00:12:30] ML tree search #143, logLikelihood: -2158.089744
[00:12:34] ML tree search #144, logLikelihood: -2147.365419
[00:12:39] ML tree search #145, logLikelihood: -2147.365419
[00:12:45] ML tree search #146, logLikelihood: -2155.084348
[00:12:52] ML tree search #147, logLikelihood: -2145.136914
[00:13:03] ML tree search #148, logLikelihood: -2154.639865
[00:13:08] ML tree search #149, logLikelihood: -2147.365419
[00:13:16] ML tree search #150, logLikelihood: -2145.136914
[00:13:20] ML tree search #151, logLikelihood: -2147.365419
[00:13:26] ML tree search #152, logLikelihood: -2145.136914
[00:13:30] ML tree search #153, logLikelihood: -2147.365419
[00:13:38] ML tree search #154, logLikelihood: -2154.639865
[00:13:45] ML tree search #155, logLikelihood: -2147.365419
[00:13:51] ML tree search #156, logLikelihood: -2145.136914
[00:13:56] ML tree search #157, logLikelihood: -2147.365419
[00:13:59] ML tree search #158, logLikelihood: -2147.365419
[00:14:03] ML tree search #159, logLikelihood: -2147.365419
[00:14:07] ML tree search #160, logLikelihood: -2147.365419
[00:14:14] ML tree search #161, logLikelihood: -2145.136914
[00:14:18] ML tree search #162, logLikelihood: -2147.365419
[00:14:21] ML tree search #163, logLikelihood: -2147.365419
[00:14:26] ML tree search #164, logLikelihood: -2153.911835
[00:14:34] ML tree search #165, logLikelihood: -2145.136914
[00:14:38] ML tree search #166, logLikelihood: -2147.365419
[00:14:42] ML tree search #167, logLikelihood: -2147.365419
[00:14:50] ML tree search #168, logLikelihood: -2145.136914
[00:14:54] ML tree search #169, logLikelihood: -2145.136914
[00:14:58] ML tree search #170, logLikelihood: -2145.136914
[00:15:07] ML tree search #171, logLikelihood: -2145.136914
[00:15:12] ML tree search #172, logLikelihood: -2152.467064
[00:15:16] ML tree search #173, logLikelihood: -2146.846800
[00:15:20] ML tree search #174, logLikelihood: -2147.365419
[00:15:27] ML tree search #175, logLikelihood: -2145.136914
[00:15:34] ML tree search #176, logLikelihood: -2154.639865
[00:15:38] ML tree search #177, logLikelihood: -2147.365419
[00:15:44] ML tree search #178, logLikelihood: -2153.055126
[00:15:48] ML tree search #179, logLikelihood: -2147.365419
[00:15:57] ML tree search #180, logLikelihood: -2145.136914
[00:16:04] ML tree search #181, logLikelihood: -2145.136914
[00:16:07] ML tree search #182, logLikelihood: -2147.365419
[00:16:14] ML tree search #183, logLikelihood: -2152.467064
[00:16:20] ML tree search #184, logLikelihood: -2153.055126
[00:16:25] ML tree search #185, logLikelihood: -2145.136914
[00:16:28] ML tree search #186, logLikelihood: -2147.365419
[00:16:33] ML tree search #187, logLikelihood: -2152.467064
[00:16:38] ML tree search #188, logLikelihood: -2145.136914
[00:16:46] ML tree search #189, logLikelihood: -2145.136914
[00:16:53] ML tree search #190, logLikelihood: -2153.055126
[00:17:07] ML tree search #191, logLikelihood: -2152.467064
[00:17:15] ML tree search #192, logLikelihood: -2152.467064
[00:17:19] ML tree search #193, logLikelihood: -2145.136914
[00:17:24] ML tree search #194, logLikelihood: -2154.791324
[00:17:28] ML tree search #195, logLikelihood: -2145.136914
[00:17:32] ML tree search #196, logLikelihood: -2147.365419
[00:17:37] ML tree search #197, logLikelihood: -2147.365419
[00:17:43] ML tree search #198, logLikelihood: -2153.055126
[00:17:46] ML tree search #199, logLikelihood: -2147.365419
[00:17:53] ML tree search #200, logLikelihood: -2145.136914
[00:17:58] ML tree search #201, logLikelihood: -2145.136914
[00:18:02] ML tree search #202, logLikelihood: -2147.365419
[00:18:06] ML tree search #203, logLikelihood: -2147.365419
[00:18:12] ML tree search #204, logLikelihood: -2145.136914
[00:18:17] ML tree search #205, logLikelihood: -2147.365419
[00:18:25] ML tree search #206, logLikelihood: -2145.136914
[00:18:30] ML tree search #207, logLikelihood: -2145.136914
[00:18:34] ML tree search #208, logLikelihood: -2145.136914
[00:18:42] ML tree search #209, logLikelihood: -2145.136914
[00:18:45] ML tree search #210, logLikelihood: -2147.365419
[00:18:51] ML tree search #211, logLikelihood: -2147.365419
[00:18:58] ML tree search #212, logLikelihood: -2158.677805
[00:19:05] ML tree search #213, logLikelihood: -2145.136914
[00:19:09] ML tree search #214, logLikelihood: -2145.136914
[00:19:12] ML tree search #215, logLikelihood: -2147.365419
[00:19:17] ML tree search #216, logLikelihood: -2153.911835
[00:19:25] ML tree search #217, logLikelihood: -2158.089744
[00:19:31] ML tree search #218, logLikelihood: -2145.136914
[00:19:42] ML tree search #219, logLikelihood: -2145.136914
[00:19:48] ML tree search #220, logLikelihood: -2145.136914
[00:19:52] ML tree search #221, logLikelihood: -2147.365419
[00:20:01] ML tree search #222, logLikelihood: -2145.136914
[00:20:04] ML tree search #223, logLikelihood: -2145.136914
[00:20:10] ML tree search #224, logLikelihood: -2155.084348
[00:20:14] ML tree search #225, logLikelihood: -2145.136914
[00:20:17] ML tree search #226, logLikelihood: -2145.136914
[00:20:21] ML tree search #227, logLikelihood: -2147.365419
[00:20:24] ML tree search #228, logLikelihood: -2147.365419
[00:20:29] ML tree search #229, logLikelihood: -2156.824498
[00:20:32] ML tree search #230, logLikelihood: -2147.365419
[00:20:36] ML tree search #231, logLikelihood: -2147.365419
[00:20:42] ML tree search #232, logLikelihood: -2152.467064
[00:20:49] ML tree search #233, logLikelihood: -2145.136914
[00:20:53] ML tree search #234, logLikelihood: -2147.365419
[00:20:58] ML tree search #235, logLikelihood: -2147.365419
[00:21:03] ML tree search #236, logLikelihood: -2145.136914
[00:21:06] ML tree search #237, logLikelihood: -2147.365419
[00:21:12] ML tree search #238, logLikelihood: -2145.136914
[00:21:16] ML tree search #239, logLikelihood: -2155.084348
[00:21:20] ML tree search #240, logLikelihood: -2145.136914
[00:21:25] ML tree search #241, logLikelihood: -2147.365419
[00:21:30] ML tree search #242, logLikelihood: -2147.365419
[00:21:35] ML tree search #243, logLikelihood: -2145.136914
[00:21:42] ML tree search #244, logLikelihood: -2145.136914
[00:21:50] ML tree search #245, logLikelihood: -2153.911835
[00:21:56] ML tree search #246, logLikelihood: -2158.677805
[00:22:04] ML tree search #247, logLikelihood: -2145.136914
[00:22:08] ML tree search #248, logLikelihood: -2147.365419
[00:22:12] ML tree search #249, logLikelihood: -2147.365419
[00:22:18] ML tree search #250, logLikelihood: -2145.136914
[00:22:25] ML tree search #251, logLikelihood: -2145.136914
[00:22:28] ML tree search #252, logLikelihood: -2145.136914
[00:22:31] ML tree search #253, logLikelihood: -2145.136914
[00:22:38] ML tree search #254, logLikelihood: -2145.136914
[00:22:42] ML tree search #255, logLikelihood: -2152.467064
[00:22:48] ML tree search #256, logLikelihood: -2153.055126
[00:22:53] ML tree search #257, logLikelihood: -2153.911835
[00:22:56] ML tree search #258, logLikelihood: -2147.365419
[00:23:01] ML tree search #259, logLikelihood: -2145.136914
[00:23:05] ML tree search #260, logLikelihood: -2145.136914
[00:23:10] ML tree search #261, logLikelihood: -2147.365419
[00:23:14] ML tree search #262, logLikelihood: -2158.677805
[00:23:19] ML tree search #263, logLikelihood: -2158.089744
[00:23:25] ML tree search #264, logLikelihood: -2155.084348
[00:23:30] ML tree search #265, logLikelihood: -2153.055126
[00:23:35] ML tree search #266, logLikelihood: -2147.365419
[00:23:43] ML tree search #267, logLikelihood: -2145.136914
[00:23:49] ML tree search #268, logLikelihood: -2145.136914
[00:23:56] ML tree search #269, logLikelihood: -2145.136914
[00:24:04] ML tree search #270, logLikelihood: -2145.136914
[00:24:12] ML tree search #271, logLikelihood: -2145.136914
[00:24:17] ML tree search #272, logLikelihood: -2147.365419
[00:24:22] ML tree search #273, logLikelihood: -2147.365419
[00:24:26] ML tree search #274, logLikelihood: -2147.365419
[00:24:32] ML tree search #275, logLikelihood: -2145.136914
[00:24:38] ML tree search #276, logLikelihood: -2152.467064
[00:24:43] ML tree search #277, logLikelihood: -2156.824498
[00:24:50] ML tree search #278, logLikelihood: -2158.089744
[00:24:56] ML tree search #279, logLikelihood: -2145.136914
[00:25:02] ML tree search #280, logLikelihood: -2147.365419
[00:25:09] ML tree search #281, logLikelihood: -2145.136914
[00:25:16] ML tree search #282, logLikelihood: -2155.084348
[00:25:22] ML tree search #283, logLikelihood: -2145.136914
[00:25:29] ML tree search #284, logLikelihood: -2145.136914
[00:25:32] ML tree search #285, logLikelihood: -2147.365419
[00:25:38] ML tree search #286, logLikelihood: -2147.365419
[00:25:42] ML tree search #287, logLikelihood: -2147.365419
[00:25:50] ML tree search #288, logLikelihood: -2145.136914
[00:25:55] ML tree search #289, logLikelihood: -2158.089744
[00:25:59] ML tree search #290, logLikelihood: -2145.136914
[00:26:07] ML tree search #291, logLikelihood: -2145.136914
[00:26:11] ML tree search #292, logLikelihood: -2147.365419
[00:26:18] ML tree search #293, logLikelihood: -2145.136914
[00:26:28] ML tree search #294, logLikelihood: -2145.136914
[00:26:31] ML tree search #295, logLikelihood: -2145.136914
[00:26:38] ML tree search #296, logLikelihood: -2158.677805
[00:26:43] ML tree search #297, logLikelihood: -2147.365419
[00:26:49] ML tree search #298, logLikelihood: -2145.136914
[00:26:54] ML tree search #299, logLikelihood: -2145.136914
[00:27:00] ML tree search #300, logLikelihood: -2153.055126
[00:27:05] ML tree search #301, logLikelihood: -2145.136914
[00:27:11] ML tree search #302, logLikelihood: -2152.467064
[00:27:15] ML tree search #303, logLikelihood: -2147.365419
[00:27:21] ML tree search #304, logLikelihood: -2147.365419
[00:27:27] ML tree search #305, logLikelihood: -2145.136914
[00:27:32] ML tree search #306, logLikelihood: -2152.467064
[00:27:39] ML tree search #307, logLikelihood: -2152.467064
[00:27:44] ML tree search #308, logLikelihood: -2147.365419
[00:27:51] ML tree search #309, logLikelihood: -2145.136914
[00:27:54] ML tree search #310, logLikelihood: -2145.136914
[00:27:58] ML tree search #311, logLikelihood: -2145.136914
[00:28:03] ML tree search #312, logLikelihood: -2147.365419
[00:28:07] ML tree search #313, logLikelihood: -2147.365419
[00:28:11] ML tree search #314, logLikelihood: -2145.136914
[00:28:19] ML tree search #315, logLikelihood: -2145.136914
[00:28:27] ML tree search #316, logLikelihood: -2156.824498
[00:28:32] ML tree search #317, logLikelihood: -2147.365419
[00:28:39] ML tree search #318, logLikelihood: -2147.365419
[00:28:47] ML tree search #319, logLikelihood: -2158.089744
[00:28:55] ML tree search #320, logLikelihood: -2145.136914
[00:29:00] ML tree search #321, logLikelihood: -2147.365419
[00:29:05] ML tree search #322, logLikelihood: -2147.365419
[00:29:09] ML tree search #323, logLikelihood: -2147.365419
[00:29:17] ML tree search #324, logLikelihood: -2145.136914
[00:29:24] ML tree search #325, logLikelihood: -2154.639865
[00:29:28] ML tree search #326, logLikelihood: -2147.365419
[00:29:32] ML tree search #327, logLikelihood: -2147.365419
[00:29:36] ML tree search #328, logLikelihood: -2145.136914
[00:29:40] ML tree search #329, logLikelihood: -2147.365419
[00:29:44] ML tree search #330, logLikelihood: -2147.365419
[00:29:51] ML tree search #331, logLikelihood: -2145.136914
[00:29:56] ML tree search #332, logLikelihood: -2147.365419
[00:30:00] ML tree search #333, logLikelihood: -2147.365419
[00:30:04] ML tree search #334, logLikelihood: -2147.365419
[00:30:09] ML tree search #335, logLikelihood: -2152.467064
[00:30:17] ML tree search #336, logLikelihood: -2145.136914
[00:30:21] ML tree search #337, logLikelihood: -2147.365419
[00:30:25] ML tree search #338, logLikelihood: -2145.136914
[00:30:33] ML tree search #339, logLikelihood: -2145.136914
[00:30:37] ML tree search #340, logLikelihood: -2147.365419
[00:30:43] ML tree search #341, logLikelihood: -2147.365419
[00:30:46] ML tree search #342, logLikelihood: -2147.365419
[00:30:53] ML tree search #343, logLikelihood: -2145.136914
[00:31:00] ML tree search #344, logLikelihood: -2145.136914
[00:31:04] ML tree search #345, logLikelihood: -2147.365419
[00:31:08] ML tree search #346, logLikelihood: -2147.365419
[00:31:20] ML tree search #347, logLikelihood: -2145.136914
[00:31:26] ML tree search #348, logLikelihood: -2145.136914
[00:31:30] ML tree search #349, logLikelihood: -2147.365419
[00:31:37] ML tree search #350, logLikelihood: -2147.365419
[00:31:43] ML tree search #351, logLikelihood: -2155.084348
[00:31:46] ML tree search #352, logLikelihood: -2147.365419
[00:31:50] ML tree search #353, logLikelihood: -2147.365419
[00:31:53] ML tree search #354, logLikelihood: -2147.365419
[00:32:00] ML tree search #355, logLikelihood: -2145.136914
[00:32:04] ML tree search #356, logLikelihood: -2147.365419
[00:32:10] ML tree search #357, logLikelihood: -2145.136914
[00:32:15] ML tree search #358, logLikelihood: -2158.089744
[00:32:21] ML tree search #359, logLikelihood: -2147.365419
[00:32:27] ML tree search #360, logLikelihood: -2145.136914
[00:32:31] ML tree search #361, logLikelihood: -2145.136914
[00:32:36] ML tree search #362, logLikelihood: -2147.365419
[00:32:42] ML tree search #363, logLikelihood: -2145.136914
[00:32:48] ML tree search #364, logLikelihood: -2147.365419
[00:32:52] ML tree search #365, logLikelihood: -2147.365419
[00:32:56] ML tree search #366, logLikelihood: -2145.136914
[00:33:07] ML tree search #367, logLikelihood: -2147.365419
[00:33:11] ML tree search #368, logLikelihood: -2155.084348
[00:33:17] ML tree search #369, logLikelihood: -2145.136914
[00:33:25] ML tree search #370, logLikelihood: -2145.136914
[00:33:31] ML tree search #371, logLikelihood: -2152.467064
[00:33:35] ML tree search #372, logLikelihood: -2147.365419
[00:33:41] ML tree search #373, logLikelihood: -2152.467064
[00:33:45] ML tree search #374, logLikelihood: -2147.365419
[00:33:51] ML tree search #375, logLikelihood: -2145.136914
[00:33:56] ML tree search #376, logLikelihood: -2158.677805
[00:34:00] ML tree search #377, logLikelihood: -2147.365419
[00:34:07] ML tree search #378, logLikelihood: -2152.467064
[00:34:11] ML tree search #379, logLikelihood: -2153.911835
[00:34:17] ML tree search #380, logLikelihood: -2147.365419
[00:34:21] ML tree search #381, logLikelihood: -2147.365419
[00:34:28] ML tree search #382, logLikelihood: -2145.136914
[00:34:37] ML tree search #383, logLikelihood: -2145.136914
[00:34:41] ML tree search #384, logLikelihood: -2147.365419
[00:34:45] ML tree search #385, logLikelihood: -2145.136914
[00:34:53] ML tree search #386, logLikelihood: -2145.136914
[00:35:00] ML tree search #387, logLikelihood: -2145.136914
[00:35:06] ML tree search #388, logLikelihood: -2145.136914
[00:35:11] ML tree search #389, logLikelihood: -2147.365419
[00:35:19] ML tree search #390, logLikelihood: -2145.136914
[00:35:23] ML tree search #391, logLikelihood: -2152.467064
[00:35:28] ML tree search #392, logLikelihood: -2147.365419
[00:35:31] ML tree search #393, logLikelihood: -2147.365419
[00:35:35] ML tree search #394, logLikelihood: -2146.846800
[00:35:42] ML tree search #395, logLikelihood: -2147.365419
[00:35:47] ML tree search #396, logLikelihood: -2147.365419
[00:35:53] ML tree search #397, logLikelihood: -2153.911835
[00:35:58] ML tree search #398, logLikelihood: -2147.365419
[00:36:02] ML tree search #399, logLikelihood: -2145.136914
[00:36:07] ML tree search #400, logLikelihood: -2152.467064
[00:36:12] ML tree search #401, logLikelihood: -2145.136914
[00:36:16] ML tree search #402, logLikelihood: -2147.365419
[00:36:26] ML tree search #403, logLikelihood: -2145.136914
[00:36:32] ML tree search #404, logLikelihood: -2153.055126
[00:36:36] ML tree search #405, logLikelihood: -2147.365419
[00:36:41] ML tree search #406, logLikelihood: -2153.055126
[00:36:45] ML tree search #407, logLikelihood: -2147.365419
[00:36:49] ML tree search #408, logLikelihood: -2145.136914
[00:36:53] ML tree search #409, logLikelihood: -2147.365419
[00:37:00] ML tree search #410, logLikelihood: -2145.136914
[00:37:06] ML tree search #411, logLikelihood: -2155.084348
[00:37:11] ML tree search #412, logLikelihood: -2147.365419
[00:37:20] ML tree search #413, logLikelihood: -2158.089744
[00:37:25] ML tree search #414, logLikelihood: -2152.467064
[00:37:30] ML tree search #415, logLikelihood: -2145.136914
[00:37:35] ML tree search #416, logLikelihood: -2147.365419
[00:37:41] ML tree search #417, logLikelihood: -2145.136914
[00:37:48] ML tree search #418, logLikelihood: -2156.824498
[00:37:52] ML tree search #419, logLikelihood: -2147.365419
[00:37:57] ML tree search #420, logLikelihood: -2147.365419
[00:38:03] ML tree search #421, logLikelihood: -2145.136914
[00:38:06] ML tree search #422, logLikelihood: -2147.365419
[00:38:11] ML tree search #423, logLikelihood: -2152.467064
[00:38:15] ML tree search #424, logLikelihood: -2147.365419
[00:38:23] ML tree search #425, logLikelihood: -2145.136914
[00:38:28] ML tree search #426, logLikelihood: -2154.791324
[00:38:33] ML tree search #427, logLikelihood: -2153.055126
[00:38:41] ML tree search #428, logLikelihood: -2145.136914
[00:38:46] ML tree search #429, logLikelihood: -2145.136914
[00:38:50] ML tree search #430, logLikelihood: -2156.824498
[00:38:54] ML tree search #431, logLikelihood: -2147.365419
[00:39:01] ML tree search #432, logLikelihood: -2145.136914
[00:39:05] ML tree search #433, logLikelihood: -2147.365419
[00:39:11] ML tree search #434, logLikelihood: -2152.467064
[00:39:15] ML tree search #435, logLikelihood: -2147.365419
[00:39:22] ML tree search #436, logLikelihood: -2145.136914
[00:39:27] ML tree search #437, logLikelihood: -2152.467064
[00:39:31] ML tree search #438, logLikelihood: -2145.136914
[00:39:40] ML tree search #439, logLikelihood: -2145.136914
[00:39:47] ML tree search #440, logLikelihood: -2145.136914
[00:39:53] ML tree search #441, logLikelihood: -2145.136914
[00:39:57] ML tree search #442, logLikelihood: -2147.365419
[00:40:05] ML tree search #443, logLikelihood: -2145.136914
[00:40:09] ML tree search #444, logLikelihood: -2152.467064
[00:40:13] ML tree search #445, logLikelihood: -2153.055126
[00:40:20] ML tree search #446, logLikelihood: -2145.136914
[00:40:29] ML tree search #447, logLikelihood: -2152.467064
[00:40:33] ML tree search #448, logLikelihood: -2147.365419
[00:40:42] ML tree search #449, logLikelihood: -2145.136914
[00:40:45] ML tree search #450, logLikelihood: -2147.365419
[00:40:52] ML tree search #451, logLikelihood: -2152.467064
[00:40:55] ML tree search #452, logLikelihood: -2147.365419
[00:40:59] ML tree search #453, logLikelihood: -2145.136914
[00:41:05] ML tree search #454, logLikelihood: -2145.136914
[00:41:09] ML tree search #455, logLikelihood: -2147.365419
[00:41:14] ML tree search #456, logLikelihood: -2147.365419
[00:41:18] ML tree search #457, logLikelihood: -2147.365419
[00:41:22] ML tree search #458, logLikelihood: -2147.365419
[00:41:26] ML tree search #459, logLikelihood: -2145.136914
[00:41:32] ML tree search #460, logLikelihood: -2156.811314
[00:41:38] ML tree search #461, logLikelihood: -2145.136914
[00:41:42] ML tree search #462, logLikelihood: -2146.846800
[00:41:48] ML tree search #463, logLikelihood: -2145.136914
[00:41:56] ML tree search #464, logLikelihood: -2145.136914
[00:42:04] ML tree search #465, logLikelihood: -2145.136914
[00:42:09] ML tree search #466, logLikelihood: -2147.365419
[00:42:13] ML tree search #467, logLikelihood: -2147.365419
[00:42:18] ML tree search #468, logLikelihood: -2147.365419
[00:42:21] ML tree search #469, logLikelihood: -2153.055126
[00:42:30] ML tree search #470, logLikelihood: -2145.136914
[00:42:35] ML tree search #471, logLikelihood: -2145.136914
[00:42:38] ML tree search #472, logLikelihood: -2145.136914
[00:42:41] ML tree search #473, logLikelihood: -2147.365419
[00:42:46] ML tree search #474, logLikelihood: -2147.365419
[00:42:49] ML tree search #475, logLikelihood: -2145.136914
[00:42:53] ML tree search #476, logLikelihood: -2147.365419
[00:42:59] ML tree search #477, logLikelihood: -2156.824498
[00:43:03] ML tree search #478, logLikelihood: -2147.365419
[00:43:10] ML tree search #479, logLikelihood: -2147.365419
[00:43:17] ML tree search #480, logLikelihood: -2145.136914
[00:43:21] ML tree search #481, logLikelihood: -2145.136914
[00:43:26] ML tree search #482, logLikelihood: -2147.365419
[00:43:32] ML tree search #483, logLikelihood: -2145.136914
[00:43:36] ML tree search #484, logLikelihood: -2147.365419
[00:43:41] ML tree search #485, logLikelihood: -2145.136914
[00:43:47] ML tree search #486, logLikelihood: -2156.824498
[00:43:52] ML tree search #487, logLikelihood: -2145.136914
[00:43:57] ML tree search #488, logLikelihood: -2152.467064
[00:44:02] ML tree search #489, logLikelihood: -2147.365419
[00:44:07] ML tree search #490, logLikelihood: -2145.136914
[00:44:17] ML tree search #491, logLikelihood: -2145.136914
[00:44:21] ML tree search #492, logLikelihood: -2158.089744
[00:44:24] ML tree search #493, logLikelihood: -2145.136914
[00:44:31] ML tree search #494, logLikelihood: -2153.055126
[00:44:37] ML tree search #495, logLikelihood: -2145.136914
[00:44:42] ML tree search #496, logLikelihood: -2147.365419
[00:44:45] ML tree search #497, logLikelihood: -2145.136914
[00:44:53] ML tree search #498, logLikelihood: -2145.136914
[00:44:57] ML tree search #499, logLikelihood: -2147.365419
[00:45:01] ML tree search #500, logLikelihood: -2153.055126
[00:45:05] ML tree search #501, logLikelihood: -2145.136914
[00:45:11] ML tree search #502, logLikelihood: -2145.136914
[00:45:16] ML tree search #503, logLikelihood: -2145.136914
[00:45:20] ML tree search #504, logLikelihood: -2145.136914
[00:45:23] ML tree search #505, logLikelihood: -2145.136914
[00:45:31] ML tree search #506, logLikelihood: -2159.575232
[00:45:37] ML tree search #507, logLikelihood: -2145.136914
[00:45:42] ML tree search #508, logLikelihood: -2147.365419
[00:45:47] ML tree search #509, logLikelihood: -2145.136914
[00:45:52] ML tree search #510, logLikelihood: -2155.084348
[00:45:57] ML tree search #511, logLikelihood: -2145.136914
[00:46:04] ML tree search #512, logLikelihood: -2153.055126
[00:46:12] ML tree search #513, logLikelihood: -2145.136914
[00:46:17] ML tree search #514, logLikelihood: -2152.467064
[00:46:19] ML tree search #515, logLikelihood: -2153.055126
[00:46:25] ML tree search #516, logLikelihood: -2145.136914
[00:46:33] ML tree search #517, logLikelihood: -2145.136914
[00:46:37] ML tree search #518, logLikelihood: -2145.136914
[00:46:44] ML tree search #519, logLikelihood: -2152.467064
[00:46:47] ML tree search #520, logLikelihood: -2145.136914
[00:46:56] ML tree search #521, logLikelihood: -2147.365419
[00:47:04] ML tree search #522, logLikelihood: -2152.467064
[00:47:12] ML tree search #523, logLikelihood: -2145.136914
[00:47:15] ML tree search #524, logLikelihood: -2158.677805
[00:47:18] ML tree search #525, logLikelihood: -2145.136914
[00:47:27] ML tree search #526, logLikelihood: -2152.467064
[00:47:33] ML tree search #527, logLikelihood: -2152.467064
[00:47:36] ML tree search #528, logLikelihood: -2147.365419
[00:47:41] ML tree search #529, logLikelihood: -2145.136914
[00:47:44] ML tree search #530, logLikelihood: -2145.136914
[00:47:49] ML tree search #531, logLikelihood: -2147.365419
[00:47:55] ML tree search #532, logLikelihood: -2145.136914
[00:47:57] ML tree search #533, logLikelihood: -2147.365419
[00:48:03] ML tree search #534, logLikelihood: -2145.136914
[00:48:06] ML tree search #535, logLikelihood: -2153.055126
[00:48:13] ML tree search #536, logLikelihood: -2145.136914
[00:48:16] ML tree search #537, logLikelihood: -2145.136914
[00:48:19] ML tree search #538, logLikelihood: -2147.365419
[00:48:24] ML tree search #539, logLikelihood: -2153.055126
[00:48:29] ML tree search #540, logLikelihood: -2152.467064
[00:48:33] ML tree search #541, logLikelihood: -2145.136914
[00:48:37] ML tree search #542, logLikelihood: -2145.136914
[00:48:43] ML tree search #543, logLikelihood: -2145.136914
[00:48:50] ML tree search #544, logLikelihood: -2154.791324
[00:48:53] ML tree search #545, logLikelihood: -2145.136914
[00:48:56] ML tree search #546, logLikelihood: -2145.136914
[00:49:01] ML tree search #547, logLikelihood: -2152.467064
[00:49:04] ML tree search #548, logLikelihood: -2145.136914
[00:49:11] ML tree search #549, logLikelihood: -2145.136914
[00:49:17] ML tree search #550, logLikelihood: -2147.365419
[00:49:21] ML tree search #551, logLikelihood: -2147.365419
[00:49:25] ML tree search #552, logLikelihood: -2147.365419
[00:49:31] ML tree search #553, logLikelihood: -2145.136914
[00:49:35] ML tree search #554, logLikelihood: -2147.365419
[00:49:38] ML tree search #555, logLikelihood: -2145.136914
[00:49:42] ML tree search #556, logLikelihood: -2147.365419
[00:49:46] ML tree search #557, logLikelihood: -2147.365419
[00:49:53] ML tree search #558, logLikelihood: -2145.136914
[00:49:56] ML tree search #559, logLikelihood: -2145.136914
[00:49:59] ML tree search #560, logLikelihood: -2147.365419
[00:50:02] ML tree search #561, logLikelihood: -2145.136914
[00:50:11] ML tree search #562, logLikelihood: -2145.136914
[00:50:14] ML tree search #563, logLikelihood: -2145.136914
[00:50:18] ML tree search #564, logLikelihood: -2147.365419
[00:50:24] ML tree search #565, logLikelihood: -2145.136914
[00:50:28] ML tree search #566, logLikelihood: -2147.365419
[00:50:37] ML tree search #567, logLikelihood: -2145.136914
[00:50:41] ML tree search #568, logLikelihood: -2147.365419
[00:50:46] ML tree search #569, logLikelihood: -2147.365419
[00:50:51] ML tree search #570, logLikelihood: -2155.084348
[00:50:55] ML tree search #571, logLikelihood: -2147.365419
[00:50:59] ML tree search #572, logLikelihood: -2147.365419
[00:51:04] ML tree search #573, logLikelihood: -2156.824498
[00:51:08] ML tree search #574, logLikelihood: -2145.136914
[00:51:13] ML tree search #575, logLikelihood: -2154.639865
[00:51:18] ML tree search #576, logLikelihood: -2145.136914
[00:51:24] ML tree search #577, logLikelihood: -2145.136914
[00:51:31] ML tree search #578, logLikelihood: -2145.136914
[00:51:35] ML tree search #579, logLikelihood: -2147.365419
[00:51:39] ML tree search #580, logLikelihood: -2147.365419
[00:51:43] ML tree search #581, logLikelihood: -2145.136914
[00:51:47] ML tree search #582, logLikelihood: -2147.365419
[00:51:50] ML tree search #583, logLikelihood: -2145.136914
[00:51:56] ML tree search #584, logLikelihood: -2153.055126
[00:52:07] ML tree search #585, logLikelihood: -2145.136914
[00:52:10] ML tree search #586, logLikelihood: -2147.365419
[00:52:21] ML tree search #587, logLikelihood: -2145.136914
[00:52:25] ML tree search #588, logLikelihood: -2147.365419
[00:52:28] ML tree search #589, logLikelihood: -2164.382709
[00:52:35] ML tree search #590, logLikelihood: -2145.136914
[00:52:40] ML tree search #591, logLikelihood: -2145.136914
[00:52:44] ML tree search #592, logLikelihood: -2145.136914
[00:52:49] ML tree search #593, logLikelihood: -2153.055126
[00:52:58] ML tree search #594, logLikelihood: -2145.136914
[00:53:04] ML tree search #595, logLikelihood: -2152.467064
[00:53:08] ML tree search #596, logLikelihood: -2147.365419
[00:53:17] ML tree search #597, logLikelihood: -2147.365419
[00:53:22] ML tree search #598, logLikelihood: -2147.365419
[00:53:26] ML tree search #599, logLikelihood: -2145.136914
[00:53:28] ML tree search #600, logLikelihood: -2145.136914
[00:53:32] ML tree search #601, logLikelihood: -2147.365419
[00:53:36] ML tree search #602, logLikelihood: -2145.136914
[00:53:43] ML tree search #603, logLikelihood: -2152.467064
[00:53:47] ML tree search #604, logLikelihood: -2145.136914
[00:53:51] ML tree search #605, logLikelihood: -2145.136914
[00:53:54] ML tree search #606, logLikelihood: -2145.136914
[00:53:57] ML tree search #607, logLikelihood: -2145.136914
[00:54:00] ML tree search #608, logLikelihood: -2147.365419
[00:54:03] ML tree search #609, logLikelihood: -2147.365419
[00:54:11] ML tree search #610, logLikelihood: -2147.365419
[00:54:15] ML tree search #611, logLikelihood: -2145.136914
[00:54:18] ML tree search #612, logLikelihood: -2145.136914
[00:54:26] ML tree search #613, logLikelihood: -2147.365419
[00:54:30] ML tree search #614, logLikelihood: -2145.136914
[00:54:33] ML tree search #615, logLikelihood: -2145.136914
[00:54:37] ML tree search #616, logLikelihood: -2152.467064
[00:54:43] ML tree search #617, logLikelihood: -2145.136914
[00:54:50] ML tree search #618, logLikelihood: -2145.136914
[00:54:54] ML tree search #619, logLikelihood: -2145.136914
[00:54:57] ML tree search #620, logLikelihood: -2147.365419
[00:55:00] ML tree search #621, logLikelihood: -2145.136914
[00:55:06] ML tree search #622, logLikelihood: -2147.365419
[00:55:11] ML tree search #623, logLikelihood: -2147.365419
[00:55:18] ML tree search #624, logLikelihood: -2145.136914
[00:55:22] ML tree search #625, logLikelihood: -2152.467064
[00:55:26] ML tree search #626, logLikelihood: -2147.365419
[00:55:32] ML tree search #627, logLikelihood: -2153.055126
[00:55:36] ML tree search #628, logLikelihood: -2158.089744
[00:55:44] ML tree search #629, logLikelihood: -2145.136914
[00:55:47] ML tree search #630, logLikelihood: -2145.136914
[00:55:55] ML tree search #631, logLikelihood: -2145.136914
[00:55:59] ML tree search #632, logLikelihood: -2147.365419
[00:56:04] ML tree search #633, logLikelihood: -2152.467064
[00:56:09] ML tree search #634, logLikelihood: -2147.365419
[00:56:16] ML tree search #635, logLikelihood: -2145.136914
[00:56:23] ML tree search #636, logLikelihood: -2145.136914
[00:56:27] ML tree search #637, logLikelihood: -2147.365419
[00:56:30] ML tree search #638, logLikelihood: -2145.136914
[00:56:34] ML tree search #639, logLikelihood: -2145.136914
[00:56:39] ML tree search #640, logLikelihood: -2147.365419
[00:56:43] ML tree search #641, logLikelihood: -2147.365419
[00:56:47] ML tree search #642, logLikelihood: -2147.365419
[00:56:50] ML tree search #643, logLikelihood: -2145.136914
[00:56:53] ML tree search #644, logLikelihood: -2145.136914
[00:56:56] ML tree search #645, logLikelihood: -2145.136914
[00:57:01] ML tree search #646, logLikelihood: -2145.136914
[00:57:06] ML tree search #647, logLikelihood: -2145.136914
[00:57:12] ML tree search #648, logLikelihood: -2145.136914
[00:57:15] ML tree search #649, logLikelihood: -2147.365419
[00:57:21] ML tree search #650, logLikelihood: -2147.365419
[00:57:29] ML tree search #651, logLikelihood: -2156.824498
[00:57:34] ML tree search #652, logLikelihood: -2153.055126
[00:57:38] ML tree search #653, logLikelihood: -2147.365419
[00:57:42] ML tree search #654, logLikelihood: -2147.365419
[00:57:46] ML tree search #655, logLikelihood: -2145.136914
[00:57:51] ML tree search #656, logLikelihood: -2153.055126
[00:57:59] ML tree search #657, logLikelihood: -2145.136914
[00:58:03] ML tree search #658, logLikelihood: -2147.365419
[00:58:07] ML tree search #659, logLikelihood: -2145.136914
[00:58:10] ML tree search #660, logLikelihood: -2147.365419
[00:58:17] ML tree search #661, logLikelihood: -2145.136914
[00:58:24] ML tree search #662, logLikelihood: -2145.136914
[00:58:27] ML tree search #663, logLikelihood: -2145.136914
[00:58:30] ML tree search #664, logLikelihood: -2147.365419
[00:58:36] ML tree search #665, logLikelihood: -2147.365419
[00:58:41] ML tree search #666, logLikelihood: -2145.136914
[00:58:47] ML tree search #667, logLikelihood: -2145.136914
[00:58:52] ML tree search #668, logLikelihood: -2145.136914
[00:58:56] ML tree search #669, logLikelihood: -2145.136914
[00:59:00] ML tree search #670, logLikelihood: -2145.136914
[00:59:05] ML tree search #671, logLikelihood: -2147.365419
[00:59:11] ML tree search #672, logLikelihood: -2145.136914
[00:59:14] ML tree search #673, logLikelihood: -2147.365419
[00:59:19] ML tree search #674, logLikelihood: -2145.136914
[00:59:26] ML tree search #675, logLikelihood: -2145.136914
[00:59:29] ML tree search #676, logLikelihood: -2145.136914
[00:59:34] ML tree search #677, logLikelihood: -2145.136914
[00:59:39] ML tree search #678, logLikelihood: -2145.136914
[00:59:46] ML tree search #679, logLikelihood: -2145.136914
[00:59:49] ML tree search #680, logLikelihood: -2145.136914
[00:59:56] ML tree search #681, logLikelihood: -2145.136914
[01:00:00] ML tree search #682, logLikelihood: -2145.136914
[01:00:04] ML tree search #683, logLikelihood: -2145.136914
[01:00:12] ML tree search #684, logLikelihood: -2145.136914
[01:00:18] ML tree search #685, logLikelihood: -2145.136914
[01:00:22] ML tree search #686, logLikelihood: -2155.084348
[01:00:26] ML tree search #687, logLikelihood: -2147.365419
[01:00:33] ML tree search #688, logLikelihood: -2145.136914
[01:00:37] ML tree search #689, logLikelihood: -2154.791324
[01:00:39] ML tree search #690, logLikelihood: -2145.136914
[01:00:43] ML tree search #691, logLikelihood: -2145.136914
[01:00:51] ML tree search #692, logLikelihood: -2145.136914
[01:00:58] ML tree search #693, logLikelihood: -2145.136914
[01:01:03] ML tree search #694, logLikelihood: -2145.136914
[01:01:10] ML tree search #695, logLikelihood: -2152.467064
[01:01:14] ML tree search #696, logLikelihood: -2147.365419
[01:01:17] ML tree search #697, logLikelihood: -2147.365419
[01:01:26] ML tree search #698, logLikelihood: -2145.136914
[01:01:28] ML tree search #699, logLikelihood: -2145.136914
[01:01:32] ML tree search #700, logLikelihood: -2147.365419
[01:01:37] ML tree search #701, logLikelihood: -2147.365419
[01:01:40] ML tree search #702, logLikelihood: -2145.136914
[01:01:43] ML tree search #703, logLikelihood: -2145.136914
[01:01:48] ML tree search #704, logLikelihood: -2145.136914
[01:01:51] ML tree search #705, logLikelihood: -2145.136914
[01:02:05] ML tree search #706, logLikelihood: -2145.136914
[01:02:12] ML tree search #707, logLikelihood: -2145.136914
[01:02:17] ML tree search #708, logLikelihood: -2145.136914
[01:02:24] ML tree search #709, logLikelihood: -2155.084348
[01:02:29] ML tree search #710, logLikelihood: -2145.136914
[01:02:33] ML tree search #711, logLikelihood: -2145.136914
[01:02:36] ML tree search #712, logLikelihood: -2147.365419
[01:02:39] ML tree search #713, logLikelihood: -2145.136914
[01:02:47] ML tree search #714, logLikelihood: -2145.136914
[01:02:51] ML tree search #715, logLikelihood: -2152.467064
[01:02:57] ML tree search #716, logLikelihood: -2145.136914
[01:03:02] ML tree search #717, logLikelihood: -2145.136914
[01:03:05] ML tree search #718, logLikelihood: -2145.136914
[01:03:10] ML tree search #719, logLikelihood: -2147.365419
[01:03:13] ML tree search #720, logLikelihood: -2147.365419
[01:03:19] ML tree search #721, logLikelihood: -2153.911835
[01:03:23] ML tree search #722, logLikelihood: -2152.467064
[01:03:30] ML tree search #723, logLikelihood: -2145.136914
[01:03:33] ML tree search #724, logLikelihood: -2147.365419
[01:03:39] ML tree search #725, logLikelihood: -2153.911835
[01:03:41] ML tree search #726, logLikelihood: -2145.136914
[01:03:47] ML tree search #727, logLikelihood: -2145.136914
[01:03:50] ML tree search #728, logLikelihood: -2147.365419
[01:03:53] ML tree search #729, logLikelihood: -2147.365419
[01:03:59] ML tree search #730, logLikelihood: -2145.136914
[01:04:07] ML tree search #731, logLikelihood: -2152.467064
[01:04:11] ML tree search #732, logLikelihood: -2145.136914
[01:04:18] ML tree search #733, logLikelihood: -2145.136914
[01:04:22] ML tree search #734, logLikelihood: -2145.136914
[01:04:26] ML tree search #735, logLikelihood: -2152.467064
[01:04:30] ML tree search #736, logLikelihood: -2145.136914
[01:04:33] ML tree search #737, logLikelihood: -2147.365419
[01:04:40] ML tree search #738, logLikelihood: -2153.911835
[01:04:48] ML tree search #739, logLikelihood: -2145.136914
[01:04:51] ML tree search #740, logLikelihood: -2145.136914
[01:04:57] ML tree search #741, logLikelihood: -2152.467064
[01:05:01] ML tree search #742, logLikelihood: -2147.365419
[01:05:09] ML tree search #743, logLikelihood: -2145.136914
[01:05:17] ML tree search #744, logLikelihood: -2155.084348
[01:05:21] ML tree search #745, logLikelihood: -2145.136914
[01:05:26] ML tree search #746, logLikelihood: -2156.824498
[01:05:31] ML tree search #747, logLikelihood: -2152.467064
[01:05:35] ML tree search #748, logLikelihood: -2152.467064
[01:05:38] ML tree search #749, logLikelihood: -2145.136914
[01:05:42] ML tree search #750, logLikelihood: -2147.365419
[01:05:46] ML tree search #751, logLikelihood: -2158.677805
[01:05:53] ML tree search #752, logLikelihood: -2145.136914
[01:05:58] ML tree search #753, logLikelihood: -2153.055126
[01:06:07] ML tree search #754, logLikelihood: -2147.365419
[01:06:11] ML tree search #755, logLikelihood: -2154.791324
[01:06:14] ML tree search #756, logLikelihood: -2145.136914
[01:06:19] ML tree search #757, logLikelihood: -2145.136914
[01:06:24] ML tree search #758, logLikelihood: -2147.365419
[01:06:27] ML tree search #759, logLikelihood: -2145.136914
[01:06:31] ML tree search #760, logLikelihood: -2147.365419
[01:06:35] ML tree search #761, logLikelihood: -2147.365419
[01:06:40] ML tree search #762, logLikelihood: -2145.136914
[01:06:45] ML tree search #763, logLikelihood: -2152.467064
[01:06:52] ML tree search #764, logLikelihood: -2152.467064
[01:06:57] ML tree search #765, logLikelihood: -2145.136914
[01:07:05] ML tree search #766, logLikelihood: -2152.467064
[01:07:14] ML tree search #767, logLikelihood: -2145.136914
[01:07:18] ML tree search #768, logLikelihood: -2145.136914
[01:07:23] ML tree search #769, logLikelihood: -2145.136914
[01:07:26] ML tree search #770, logLikelihood: -2145.136914
[01:07:29] ML tree search #771, logLikelihood: -2147.365419
[01:07:35] ML tree search #772, logLikelihood: -2155.084348
[01:07:44] ML tree search #773, logLikelihood: -2145.136914
[01:07:47] ML tree search #774, logLikelihood: -2145.136914
[01:07:55] ML tree search #775, logLikelihood: -2145.136914
[01:07:59] ML tree search #776, logLikelihood: -2147.365419
[01:08:02] ML tree search #777, logLikelihood: -2145.136914
[01:08:09] ML tree search #778, logLikelihood: -2145.136914
[01:08:13] ML tree search #779, logLikelihood: -2147.365419
[01:08:18] ML tree search #780, logLikelihood: -2145.136914
[01:08:22] ML tree search #781, logLikelihood: -2147.365419
[01:08:29] ML tree search #782, logLikelihood: -2145.136914
[01:08:35] ML tree search #783, logLikelihood: -2145.136914
[01:08:38] ML tree search #784, logLikelihood: -2145.136914
[01:08:41] ML tree search #785, logLikelihood: -2145.136914
[01:08:45] ML tree search #786, logLikelihood: -2147.365419
[01:08:52] ML tree search #787, logLikelihood: -2158.590020
[01:08:55] ML tree search #788, logLikelihood: -2147.365419
[01:09:02] ML tree search #789, logLikelihood: -2145.136914
[01:09:06] ML tree search #790, logLikelihood: -2145.136914
[01:09:12] ML tree search #791, logLikelihood: -2145.136914
[01:09:15] ML tree search #792, logLikelihood: -2147.365419
[01:09:19] ML tree search #793, logLikelihood: -2147.365419
[01:09:24] ML tree search #794, logLikelihood: -2145.136914
[01:09:27] ML tree search #795, logLikelihood: -2145.136914
[01:09:34] ML tree search #796, logLikelihood: -2158.677805
[01:09:38] ML tree search #797, logLikelihood: -2145.136914
[01:09:41] ML tree search #798, logLikelihood: -2145.136914
[01:09:44] ML tree search #799, logLikelihood: -2145.136914
[01:09:48] ML tree search #800, logLikelihood: -2147.365419
[01:09:55] ML tree search #801, logLikelihood: -2145.136914
[01:09:57] ML tree search #802, logLikelihood: -2147.365419
[01:10:02] ML tree search #803, logLikelihood: -2145.136914
[01:10:05] ML tree search #804, logLikelihood: -2147.365419
[01:10:12] ML tree search #805, logLikelihood: -2145.136914
[01:10:15] ML tree search #806, logLikelihood: -2145.136914
[01:10:20] ML tree search #807, logLikelihood: -2156.824498
[01:10:24] ML tree search #808, logLikelihood: -2145.136914
[01:10:30] ML tree search #809, logLikelihood: -2152.467064
[01:10:34] ML tree search #810, logLikelihood: -2145.136914
[01:10:40] ML tree search #811, logLikelihood: -2145.136914
[01:10:45] ML tree search #812, logLikelihood: -2145.136914
[01:10:49] ML tree search #813, logLikelihood: -2145.136914
[01:10:53] ML tree search #814, logLikelihood: -2145.136914
[01:10:57] ML tree search #815, logLikelihood: -2147.365419
[01:11:01] ML tree search #816, logLikelihood: -2147.365419
[01:11:07] ML tree search #817, logLikelihood: -2145.136914
[01:11:11] ML tree search #818, logLikelihood: -2145.136914
[01:11:17] ML tree search #819, logLikelihood: -2145.136914
[01:11:22] ML tree search #820, logLikelihood: -2145.136914
[01:11:27] ML tree search #821, logLikelihood: -2155.084348
[01:11:31] ML tree search #822, logLikelihood: -2147.365419
[01:11:34] ML tree search #823, logLikelihood: -2145.136914
[01:11:39] ML tree search #824, logLikelihood: -2145.136914
[01:11:43] ML tree search #825, logLikelihood: -2145.136914
[01:11:47] ML tree search #826, logLikelihood: -2147.365419
[01:11:50] ML tree search #827, logLikelihood: -2155.084348
[01:11:55] ML tree search #828, logLikelihood: -2154.791324
[01:11:59] ML tree search #829, logLikelihood: -2147.365419
[01:12:03] ML tree search #830, logLikelihood: -2145.136914
[01:12:12] ML tree search #831, logLikelihood: -2147.365419
[01:12:16] ML tree search #832, logLikelihood: -2155.084348
[01:12:25] ML tree search #833, logLikelihood: -2145.136914
[01:12:29] ML tree search #834, logLikelihood: -2145.136914
[01:12:33] ML tree search #835, logLikelihood: -2147.365419
[01:12:37] ML tree search #836, logLikelihood: -2145.136914
[01:12:40] ML tree search #837, logLikelihood: -2147.365419
[01:12:45] ML tree search #838, logLikelihood: -2145.136914
[01:12:50] ML tree search #839, logLikelihood: -2145.136914
[01:12:54] ML tree search #840, logLikelihood: -2145.136914
[01:12:58] ML tree search #841, logLikelihood: -2145.136914
[01:13:02] ML tree search #842, logLikelihood: -2145.136914
[01:13:05] ML tree search #843, logLikelihood: -2147.365419
[01:13:14] ML tree search #844, logLikelihood: -2145.136914
[01:13:17] ML tree search #845, logLikelihood: -2147.365419
[01:13:21] ML tree search #846, logLikelihood: -2145.136914
[01:13:27] ML tree search #847, logLikelihood: -2152.467064
[01:13:31] ML tree search #848, logLikelihood: -2145.136914
[01:13:35] ML tree search #849, logLikelihood: -2156.811314
[01:13:38] ML tree search #850, logLikelihood: -2145.136914
[01:13:41] ML tree search #851, logLikelihood: -2147.365419
[01:13:45] ML tree search #852, logLikelihood: -2147.365419
[01:13:49] ML tree search #853, logLikelihood: -2145.136914
[01:13:58] ML tree search #854, logLikelihood: -2147.365419
[01:14:05] ML tree search #855, logLikelihood: -2145.136914
[01:14:09] ML tree search #856, logLikelihood: -2147.365419
[01:14:15] ML tree search #857, logLikelihood: -2153.055126
[01:14:18] ML tree search #858, logLikelihood: -2145.136914
[01:14:25] ML tree search #859, logLikelihood: -2145.136914
[01:14:30] ML tree search #860, logLikelihood: -2145.136914
[01:14:33] ML tree search #861, logLikelihood: -2145.136914
[01:14:39] ML tree search #862, logLikelihood: -2154.639865
[01:14:43] ML tree search #863, logLikelihood: -2147.365419
[01:14:47] ML tree search #864, logLikelihood: -2147.365419
[01:14:51] ML tree search #865, logLikelihood: -2145.136914
[01:14:56] ML tree search #866, logLikelihood: -2152.467064
[01:14:59] ML tree search #867, logLikelihood: -2145.136914
[01:15:04] ML tree search #868, logLikelihood: -2152.467064
[01:15:11] ML tree search #869, logLikelihood: -2158.677805
[01:15:14] ML tree search #870, logLikelihood: -2147.365419
[01:15:18] ML tree search #871, logLikelihood: -2145.136914
[01:15:22] ML tree search #872, logLikelihood: -2145.136914
[01:15:26] ML tree search #873, logLikelihood: -2145.136914
[01:15:32] ML tree search #874, logLikelihood: -2155.084348
[01:15:35] ML tree search #875, logLikelihood: -2145.136914
[01:15:40] ML tree search #876, logLikelihood: -2145.136914
[01:15:44] ML tree search #877, logLikelihood: -2147.365419
[01:15:47] ML tree search #878, logLikelihood: -2147.365419
[01:15:53] ML tree search #879, logLikelihood: -2155.084348
[01:15:57] ML tree search #880, logLikelihood: -2145.136914
[01:16:01] ML tree search #881, logLikelihood: -2147.365419
[01:16:05] ML tree search #882, logLikelihood: -2153.055126
[01:16:12] ML tree search #883, logLikelihood: -2145.136914
[01:16:15] ML tree search #884, logLikelihood: -2145.136914
[01:16:20] ML tree search #885, logLikelihood: -2153.911835
[01:16:23] ML tree search #886, logLikelihood: -2145.136914
[01:16:27] ML tree search #887, logLikelihood: -2145.136914
[01:16:34] ML tree search #888, logLikelihood: -2145.136914
[01:16:38] ML tree search #889, logLikelihood: -2147.365419
[01:16:43] ML tree search #890, logLikelihood: -2152.467064
[01:16:48] ML tree search #891, logLikelihood: -2145.136914
[01:16:52] ML tree search #892, logLikelihood: -2147.365419
[01:16:59] ML tree search #893, logLikelihood: -2145.136914
[01:17:02] ML tree search #894, logLikelihood: -2147.365419
[01:17:07] ML tree search #895, logLikelihood: -2145.136914
[01:17:19] ML tree search #896, logLikelihood: -2153.911835
[01:17:25] ML tree search #897, logLikelihood: -2145.136914
[01:17:29] ML tree search #898, logLikelihood: -2147.365419
[01:17:34] ML tree search #899, logLikelihood: -2147.365419
[01:17:37] ML tree search #900, logLikelihood: -2147.365419
[01:17:41] ML tree search #901, logLikelihood: -2145.136914
[01:17:44] ML tree search #902, logLikelihood: -2152.467064
[01:17:52] ML tree search #903, logLikelihood: -2145.136914
[01:17:55] ML tree search #904, logLikelihood: -2147.365419
[01:17:59] ML tree search #905, logLikelihood: -2145.136914
[01:18:03] ML tree search #906, logLikelihood: -2147.365419
[01:18:09] ML tree search #907, logLikelihood: -2153.911835
[01:18:12] ML tree search #908, logLikelihood: -2145.136914
[01:18:17] ML tree search #909, logLikelihood: -2147.365419
[01:18:23] ML tree search #910, logLikelihood: -2145.136914
[01:18:27] ML tree search #911, logLikelihood: -2147.365419
[01:18:33] ML tree search #912, logLikelihood: -2152.467064
[01:18:37] ML tree search #913, logLikelihood: -2147.365419
[01:18:41] ML tree search #914, logLikelihood: -2145.136914
[01:18:48] ML tree search #915, logLikelihood: -2153.911835
[01:18:52] ML tree search #916, logLikelihood: -2147.365419
[01:18:55] ML tree search #917, logLikelihood: -2147.365419
[01:19:02] ML tree search #918, logLikelihood: -2145.136914
[01:19:06] ML tree search #919, logLikelihood: -2145.136914
[01:19:10] ML tree search #920, logLikelihood: -2147.365419
[01:19:14] ML tree search #921, logLikelihood: -2145.136914
[01:19:17] ML tree search #922, logLikelihood: -2145.136914
[01:19:23] ML tree search #923, logLikelihood: -2152.467064
[01:19:27] ML tree search #924, logLikelihood: -2145.136914
[01:19:34] ML tree search #925, logLikelihood: -2145.136914
[01:19:37] ML tree search #926, logLikelihood: -2145.136914
[01:19:44] ML tree search #927, logLikelihood: -2147.365419
[01:19:50] ML tree search #928, logLikelihood: -2153.911835
[01:19:54] ML tree search #929, logLikelihood: -2145.136914
[01:20:03] ML tree search #930, logLikelihood: -2145.136914
[01:20:07] ML tree search #931, logLikelihood: -2145.136914
[01:20:15] ML tree search #932, logLikelihood: -2145.136914
[01:20:19] ML tree search #933, logLikelihood: -2145.136914
[01:20:22] ML tree search #934, logLikelihood: -2145.136914
[01:20:25] ML tree search #935, logLikelihood: -2147.365419
[01:20:31] ML tree search #936, logLikelihood: -2145.136914
[01:20:35] ML tree search #937, logLikelihood: -2147.365419
[01:20:38] ML tree search #938, logLikelihood: -2147.365419
[01:20:41] ML tree search #939, logLikelihood: -2145.136914
[01:20:48] ML tree search #940, logLikelihood: -2145.136914
[01:20:52] ML tree search #941, logLikelihood: -2145.136914
[01:20:56] ML tree search #942, logLikelihood: -2145.136914
[01:21:03] ML tree search #943, logLikelihood: -2152.467064
[01:21:07] ML tree search #944, logLikelihood: -2156.811314
[01:21:10] ML tree search #945, logLikelihood: -2145.136914
[01:21:13] ML tree search #946, logLikelihood: -2145.136914
[01:21:17] ML tree search #947, logLikelihood: -2147.365419
[01:21:22] ML tree search #948, logLikelihood: -2145.136914
[01:21:27] ML tree search #949, logLikelihood: -2145.136914
[01:21:30] ML tree search #950, logLikelihood: -2145.136914
[01:21:37] ML tree search #951, logLikelihood: -2145.136914
[01:21:40] ML tree search #952, logLikelihood: -2145.136914
[01:21:43] ML tree search #953, logLikelihood: -2145.136914
[01:21:47] ML tree search #954, logLikelihood: -2145.136914
[01:21:50] ML tree search #955, logLikelihood: -2147.365419
[01:21:56] ML tree search #956, logLikelihood: -2152.467064
[01:22:00] ML tree search #957, logLikelihood: -2147.365419
[01:22:07] ML tree search #958, logLikelihood: -2145.136914
[01:22:15] ML tree search #959, logLikelihood: -2158.089744
[01:22:20] ML tree search #960, logLikelihood: -2147.365419
[01:22:25] ML tree search #961, logLikelihood: -2153.911835
[01:22:29] ML tree search #962, logLikelihood: -2145.136914
[01:22:36] ML tree search #963, logLikelihood: -2145.136914
[01:22:40] ML tree search #964, logLikelihood: -2147.365419
[01:22:44] ML tree search #965, logLikelihood: -2147.365419
[01:22:47] ML tree search #966, logLikelihood: -2155.084348
[01:22:50] ML tree search #967, logLikelihood: -2145.136914
[01:22:57] ML tree search #968, logLikelihood: -2158.089744
[01:22:59] ML tree search #969, logLikelihood: -2145.136914
[01:23:06] ML tree search #970, logLikelihood: -2152.467064
[01:23:18] ML tree search #971, logLikelihood: -2153.911835
[01:23:22] ML tree search #972, logLikelihood: -2147.365419
[01:23:25] ML tree search #973, logLikelihood: -2147.365419
[01:23:29] ML tree search #974, logLikelihood: -2153.055126
[01:23:34] ML tree search #975, logLikelihood: -2145.136914
[01:23:42] ML tree search #976, logLikelihood: -2145.136914
[01:23:51] ML tree search #977, logLikelihood: -2153.911835
[01:23:55] ML tree search #978, logLikelihood: -2145.136914
[01:23:59] ML tree search #979, logLikelihood: -2147.365419
[01:24:03] ML tree search #980, logLikelihood: -2145.136914
[01:24:08] ML tree search #981, logLikelihood: -2145.136914
[01:24:13] ML tree search #982, logLikelihood: -2145.136914
[01:24:17] ML tree search #983, logLikelihood: -2145.136914
[01:24:25] ML tree search #984, logLikelihood: -2145.136914
[01:24:28] ML tree search #985, logLikelihood: -2145.136914
[01:24:36] ML tree search #986, logLikelihood: -2145.136914
[01:24:41] ML tree search #987, logLikelihood: -2147.365419
[01:24:45] ML tree search #988, logLikelihood: -2158.089744
[01:24:51] ML tree search #989, logLikelihood: -2147.365419
[01:24:57] ML tree search #990, logLikelihood: -2145.136914
[01:25:03] ML tree search #991, logLikelihood: -2155.084348
[01:25:11] ML tree search #992, logLikelihood: -2145.136914
[01:25:14] ML tree search #993, logLikelihood: -2147.365419
[01:25:22] ML tree search #994, logLikelihood: -2145.136914
[01:25:27] ML tree search #995, logLikelihood: -2145.136914
[01:25:32] ML tree search #996, logLikelihood: -2145.136914
[01:25:36] ML tree search #997, logLikelihood: -2147.365419
[01:25:44] ML tree search #998, logLikelihood: -2145.136914
[01:25:51] ML tree search #999, logLikelihood: -2152.467064
[01:25:54] ML tree search #1000, logLikelihood: -2145.136914

Optimized model parameters:

   Partition 0: noname
   Rate heterogeneity: NONE
   Base frequencies (model): 0.166667 0.166667 0.166667 0.166667 0.166667 0.166667 
   Substitution rates (model): 1.000000 1.000000 1.000000 1.000000 1.000000 1.000000 1.000000 1.000000 1.000000 1.000000 1.000000 1.000000 1.000000 1.000000 1.000000 

Final LogLikelihood: -2145.136914

AIC score: 4416.273828 / AICc score: 5760.273828 / BIC score: 4557.929028
Free parameters (model + branch lengths): 63

All ML trees saved to: /home/jmahguib/EEOB563-Spring2019/Final_Project/MLsearchConcat1000_OG_P.raxml.mlTrees
Best ML tree saved to: /home/jmahguib/EEOB563-Spring2019/Final_Project/MLsearchConcat1000_OG_P.raxml.bestTree
Optimized model saved to: /home/jmahguib/EEOB563-Spring2019/Final_Project/MLsearchConcat1000_OG_P.raxml.bestModel

Execution log saved to: /home/jmahguib/EEOB563-Spring2019/Final_Project/MLsearchConcat1000_OG_P.raxml.log

Analysis started: 25-Apr-2019 16:51:37 / finished: 25-Apr-2019 18:17:32

Elapsed time: 5154.966 seconds

