
RAxML-NG v. 0.8.0 BETA released on 11.01.2019 by The Exelixis Lab.
Authors: Alexey Kozlov, Alexandros Stamatakis, Diego Darriba, Tomas Flouri, Benoit Morel.
Latest version: https://github.com/amkozlov/raxml-ng
Questions/problems/suggestions? Please visit: https://groups.google.com/forum/#!forum/raxml

WARNING: This is a BETA release, please use at your own risk!

RAxML-NG was called at 17-Apr-2019 09:37:41 as follows:

raxml-ng --check --msa Tolkien_concat_align.txt --model MULTI8_MK --prefix OptiCheckConcat

Analysis options:
  run mode: Alignment validation
  start tree(s): 
  random seed: 1555511861
  SIMD kernels: AVX
  parallelization: PTHREADS (8 threads), thread pinning: OFF

[00:00:00] Reading alignment from file: Tolkien_concat_align.txt
[00:00:00] Loaded alignment with 36 taxa and 70 sites

Alignment comprises 1 partitions and 70 patterns

Partition 0: noname
Model: MULTI8_MK
Alignment sites / patterns: 70 / 70
Gaps: 0.00 %
Invariant sites: 0.00 %


Alignment can be successfully read by RAxML-NG.


Execution log saved to: /home/jmahguib/EEOB563-Spring2019/Final_Project/OptiCheckConcat.raxml.log

Analysis started: 17-Apr-2019 09:37:41 / finished: 17-Apr-2019 09:37:41

Elapsed time: 0.004 seconds

