
RAxML-NG v. 0.8.0 BETA released on 11.01.2019 by The Exelixis Lab.
Authors: Alexey Kozlov, Alexandros Stamatakis, Diego Darriba, Tomas Flouri, Benoit Morel.
Latest version: https://github.com/amkozlov/raxml-ng
Questions/problems/suggestions? Please visit: https://groups.google.com/forum/#!forum/raxml

WARNING: This is a BETA release, please use at your own risk!

RAxML-NG was called at 18-Apr-2019 04:40:52 as follows:

raxml-ng --bootstrap --msa Tolkien_physio_align_protossOG.txt --outgroup Protoss_OG --model MULTI8_MK --bs-trees 1000 --prefix BootstrapPhysioProtossOG --threads 1 --seed 2

Analysis options:
  run mode: Bootstrapping
  start tree(s): 
  bootstrap replicates: 1000
  random seed: 2
  tip-inner: OFF
  pattern compression: ON
  per-rate scalers: OFF
  site repeats: ON
  branch lengths: proportional (ML estimate, algorithm: NR-FAST)
  SIMD kernels: AVX
  parallelization: NONE/sequential

[00:00:00] Reading alignment from file: Tolkien_physio_align_protossOG.txt
[00:00:00] Loaded alignment with 33 taxa and 32 sites

WARNING: Sequences Humans_LotR and Humans_WH are exactly identical!
WARNING: Sequences Humans_FR and Humans_W are exactly identical!
WARNING: Sequences Elves_FR and Elves_W are exactly identical!
WARNING: Sequences Humans_ES and Humans_WC are exactly identical!
WARNING: Sequences Orcs_WH and Orks_40K are exactly identical!
WARNING: Duplicate sequences found: 5

NOTE: Reduced alignment (with duplicates and gap-only sites/taxa removed) 
NOTE: was saved to: /home/jmahguib/EEOB563-Spring2019/Final_Project/BootstrapPhysioProtossOG.raxml.reduced.phy

Alignment comprises 1 partitions and 24 patterns

Partition 0: noname
Model: MULTI8_MK
Alignment sites / patterns: 32 / 24
Gaps: 0.00 %
Invariant sites: 3.12 %


NOTE: Binary MSA file created: BootstrapPhysioProtossOG.raxml.rba

[00:00:00] Data distribution: max. partitions/sites/weight per thread: 1 / 24 / 192
[00:00:00] Starting bootstrapping analysis with 1000 replicates.

[00:00:00] Bootstrap tree #1, logLikelihood: -545.025571
[00:00:00] Bootstrap tree #2, logLikelihood: -567.449338
[00:00:01] Bootstrap tree #3, logLikelihood: -580.251229
[00:00:02] Bootstrap tree #4, logLikelihood: -595.801996
[00:00:02] Bootstrap tree #5, logLikelihood: -573.029621
[00:00:03] Bootstrap tree #6, logLikelihood: -642.621529
[00:00:03] Bootstrap tree #7, logLikelihood: -685.345594
[00:00:04] Bootstrap tree #8, logLikelihood: -534.928052
[00:00:05] Bootstrap tree #9, logLikelihood: -506.447226
[00:00:05] Bootstrap tree #10, logLikelihood: -521.503593
[00:00:05] Bootstrap tree #11, logLikelihood: -623.389189
[00:00:06] Bootstrap tree #12, logLikelihood: -619.190500
[00:00:06] Bootstrap tree #13, logLikelihood: -528.552040
[00:00:07] Bootstrap tree #14, logLikelihood: -556.955329
[00:00:07] Bootstrap tree #15, logLikelihood: -551.478038
[00:00:08] Bootstrap tree #16, logLikelihood: -416.258108
[00:00:08] Bootstrap tree #17, logLikelihood: -587.002550
[00:00:09] Bootstrap tree #18, logLikelihood: -553.886201
[00:00:09] Bootstrap tree #19, logLikelihood: -461.804644
[00:00:10] Bootstrap tree #20, logLikelihood: -665.363601
[00:00:11] Bootstrap tree #21, logLikelihood: -662.056015
[00:00:11] Bootstrap tree #22, logLikelihood: -473.172163
[00:00:12] Bootstrap tree #23, logLikelihood: -541.338920
[00:00:12] Bootstrap tree #24, logLikelihood: -419.279353
[00:00:13] Bootstrap tree #25, logLikelihood: -594.017816
[00:00:13] Bootstrap tree #26, logLikelihood: -492.764306
[00:00:14] Bootstrap tree #27, logLikelihood: -600.386087
[00:00:15] Bootstrap tree #28, logLikelihood: -647.161404
[00:00:15] Bootstrap tree #29, logLikelihood: -644.615667
[00:00:16] Bootstrap tree #30, logLikelihood: -702.587162
[00:00:16] Bootstrap tree #31, logLikelihood: -524.311392
[00:00:17] Bootstrap tree #32, logLikelihood: -579.148212
[00:00:17] Bootstrap tree #33, logLikelihood: -631.536022
[00:00:18] Bootstrap tree #34, logLikelihood: -576.513251
[00:00:18] Bootstrap tree #35, logLikelihood: -548.004447
[00:00:18] Bootstrap tree #36, logLikelihood: -552.563377
[00:00:19] Bootstrap tree #37, logLikelihood: -664.704392
[00:00:19] Bootstrap tree #38, logLikelihood: -536.516883
[00:00:20] Bootstrap tree #39, logLikelihood: -577.633305
[00:00:20] Bootstrap tree #40, logLikelihood: -671.802331
[00:00:21] Bootstrap tree #41, logLikelihood: -721.203200
[00:00:22] Bootstrap tree #42, logLikelihood: -785.053030
[00:00:23] Bootstrap tree #43, logLikelihood: -678.312358
[00:00:23] Bootstrap tree #44, logLikelihood: -584.212796
[00:00:23] Bootstrap tree #45, logLikelihood: -462.690665
[00:00:24] Bootstrap tree #46, logLikelihood: -528.266409
[00:00:24] Bootstrap tree #47, logLikelihood: -631.946883
[00:00:25] Bootstrap tree #48, logLikelihood: -602.435339
[00:00:25] Bootstrap tree #49, logLikelihood: -695.621215
[00:00:26] Bootstrap tree #50, logLikelihood: -588.193285
[00:00:26] Bootstrap tree #51, logLikelihood: -565.133804
[00:00:27] Bootstrap tree #52, logLikelihood: -714.077503
[00:00:27] Bootstrap tree #53, logLikelihood: -672.867443
[00:00:28] Bootstrap tree #54, logLikelihood: -499.739413
[00:00:29] Bootstrap tree #55, logLikelihood: -691.507985
[00:00:29] Bootstrap tree #56, logLikelihood: -498.157335
[00:00:30] Bootstrap tree #57, logLikelihood: -575.064574
[00:00:30] Bootstrap tree #58, logLikelihood: -700.547196
[00:00:31] Bootstrap tree #59, logLikelihood: -639.118691
[00:00:32] Bootstrap tree #60, logLikelihood: -616.999167
[00:00:32] Bootstrap tree #61, logLikelihood: -580.005446
[00:00:33] Bootstrap tree #62, logLikelihood: -609.555620
[00:00:33] Bootstrap tree #63, logLikelihood: -624.974733
[00:00:34] Bootstrap tree #64, logLikelihood: -644.205669
[00:00:35] Bootstrap tree #65, logLikelihood: -661.942438
[00:00:35] Bootstrap tree #66, logLikelihood: -612.733418
[00:00:35] Bootstrap tree #67, logLikelihood: -653.772903
[00:00:36] Bootstrap tree #68, logLikelihood: -633.207723
[00:00:36] Bootstrap tree #69, logLikelihood: -772.091375
[00:00:37] Bootstrap tree #70, logLikelihood: -482.956430
[00:00:37] Bootstrap tree #71, logLikelihood: -708.096811
[00:00:38] Bootstrap tree #72, logLikelihood: -488.906110
[00:00:38] Bootstrap tree #73, logLikelihood: -615.609329
[00:00:39] Bootstrap tree #74, logLikelihood: -592.577572
[00:00:39] Bootstrap tree #75, logLikelihood: -532.899084
[00:00:40] Bootstrap tree #76, logLikelihood: -641.784122
[00:00:40] Bootstrap tree #77, logLikelihood: -677.934147
[00:00:41] Bootstrap tree #78, logLikelihood: -677.171578
[00:00:42] Bootstrap tree #79, logLikelihood: -650.199531
[00:00:42] Bootstrap tree #80, logLikelihood: -544.740178
[00:00:43] Bootstrap tree #81, logLikelihood: -601.753277
[00:00:43] Bootstrap tree #82, logLikelihood: -561.945970
[00:00:44] Bootstrap tree #83, logLikelihood: -489.760499
[00:00:45] Bootstrap tree #84, logLikelihood: -602.668566
[00:00:45] Bootstrap tree #85, logLikelihood: -686.807365
[00:00:46] Bootstrap tree #86, logLikelihood: -511.903867
[00:00:46] Bootstrap tree #87, logLikelihood: -580.333037
[00:00:47] Bootstrap tree #88, logLikelihood: -683.522366
[00:00:47] Bootstrap tree #89, logLikelihood: -667.152689
[00:00:48] Bootstrap tree #90, logLikelihood: -554.113916
[00:00:48] Bootstrap tree #91, logLikelihood: -522.127513
[00:00:49] Bootstrap tree #92, logLikelihood: -683.421425
[00:00:49] Bootstrap tree #93, logLikelihood: -595.538485
[00:00:50] Bootstrap tree #94, logLikelihood: -523.893871
[00:00:50] Bootstrap tree #95, logLikelihood: -578.323949
[00:00:51] Bootstrap tree #96, logLikelihood: -453.559390
[00:00:51] Bootstrap tree #97, logLikelihood: -555.280189
[00:00:52] Bootstrap tree #98, logLikelihood: -615.844177
[00:00:52] Bootstrap tree #99, logLikelihood: -563.568656
[00:00:53] Bootstrap tree #100, logLikelihood: -652.323130
[00:00:53] Bootstrap tree #101, logLikelihood: -559.224707
[00:00:54] Bootstrap tree #102, logLikelihood: -679.445633
[00:00:54] Bootstrap tree #103, logLikelihood: -591.696895
[00:00:55] Bootstrap tree #104, logLikelihood: -537.811003
[00:00:55] Bootstrap tree #105, logLikelihood: -635.590928
[00:00:56] Bootstrap tree #106, logLikelihood: -605.884081
[00:00:56] Bootstrap tree #107, logLikelihood: -517.860795
[00:00:57] Bootstrap tree #108, logLikelihood: -555.042964
[00:00:57] Bootstrap tree #109, logLikelihood: -504.579363
[00:00:58] Bootstrap tree #110, logLikelihood: -760.834231
[00:00:58] Bootstrap tree #111, logLikelihood: -519.274768
[00:00:58] Bootstrap tree #112, logLikelihood: -528.675195
[00:00:59] Bootstrap tree #113, logLikelihood: -546.018267
[00:00:59] Bootstrap tree #114, logLikelihood: -544.494765
[00:01:00] Bootstrap tree #115, logLikelihood: -505.045674
[00:01:00] Bootstrap tree #116, logLikelihood: -512.648554
[00:01:01] Bootstrap tree #117, logLikelihood: -422.004413
[00:01:01] Bootstrap tree #118, logLikelihood: -490.431176
[00:01:02] Bootstrap tree #119, logLikelihood: -561.049623
[00:01:02] Bootstrap tree #120, logLikelihood: -618.937309
[00:01:03] Bootstrap tree #121, logLikelihood: -681.910700
[00:01:03] Bootstrap tree #122, logLikelihood: -570.372614
[00:01:04] Bootstrap tree #123, logLikelihood: -597.779050
[00:01:04] Bootstrap tree #124, logLikelihood: -610.125215
[00:01:05] Bootstrap tree #125, logLikelihood: -566.851525
[00:01:05] Bootstrap tree #126, logLikelihood: -488.322686
[00:01:06] Bootstrap tree #127, logLikelihood: -401.922003
[00:01:06] Bootstrap tree #128, logLikelihood: -571.233149
[00:01:07] Bootstrap tree #129, logLikelihood: -537.131665
[00:01:07] Bootstrap tree #130, logLikelihood: -637.462561
[00:01:08] Bootstrap tree #131, logLikelihood: -580.518165
[00:01:08] Bootstrap tree #132, logLikelihood: -638.838272
[00:01:09] Bootstrap tree #133, logLikelihood: -507.063851
[00:01:09] Bootstrap tree #134, logLikelihood: -529.063511
[00:01:10] Bootstrap tree #135, logLikelihood: -548.909479
[00:01:10] Bootstrap tree #136, logLikelihood: -643.585784
[00:01:11] Bootstrap tree #137, logLikelihood: -667.443024
[00:01:11] Bootstrap tree #138, logLikelihood: -632.381354
[00:01:11] Bootstrap tree #139, logLikelihood: -466.387426
[00:01:12] Bootstrap tree #140, logLikelihood: -658.935806
[00:01:12] Bootstrap tree #141, logLikelihood: -550.088577
[00:01:13] Bootstrap tree #142, logLikelihood: -551.482098
[00:01:14] Bootstrap tree #143, logLikelihood: -572.979107
[00:01:14] Bootstrap tree #144, logLikelihood: -671.048789
[00:01:15] Bootstrap tree #145, logLikelihood: -530.952961
[00:01:15] Bootstrap tree #146, logLikelihood: -646.657557
[00:01:16] Bootstrap tree #147, logLikelihood: -517.965740
[00:01:16] Bootstrap tree #148, logLikelihood: -522.257908
[00:01:17] Bootstrap tree #149, logLikelihood: -632.118742
[00:01:17] Bootstrap tree #150, logLikelihood: -549.953339
[00:01:17] Bootstrap tree #151, logLikelihood: -610.619080
[00:01:18] Bootstrap tree #152, logLikelihood: -597.225527
[00:01:18] Bootstrap tree #153, logLikelihood: -607.817498
[00:01:19] Bootstrap tree #154, logLikelihood: -562.455598
[00:01:20] Bootstrap tree #155, logLikelihood: -701.323845
[00:01:20] Bootstrap tree #156, logLikelihood: -653.181955
[00:01:21] Bootstrap tree #157, logLikelihood: -473.932760
[00:01:22] Bootstrap tree #158, logLikelihood: -591.655464
[00:01:22] Bootstrap tree #159, logLikelihood: -598.531464
[00:01:23] Bootstrap tree #160, logLikelihood: -628.619960
[00:01:23] Bootstrap tree #161, logLikelihood: -549.749576
[00:01:24] Bootstrap tree #162, logLikelihood: -513.114816
[00:01:24] Bootstrap tree #163, logLikelihood: -498.922231
[00:01:25] Bootstrap tree #164, logLikelihood: -607.787940
[00:01:25] Bootstrap tree #165, logLikelihood: -574.935339
[00:01:26] Bootstrap tree #166, logLikelihood: -587.246206
[00:01:27] Bootstrap tree #167, logLikelihood: -587.508627
[00:01:27] Bootstrap tree #168, logLikelihood: -617.688579
[00:01:28] Bootstrap tree #169, logLikelihood: -616.753888
[00:01:28] Bootstrap tree #170, logLikelihood: -584.485155
[00:01:29] Bootstrap tree #171, logLikelihood: -537.757748
[00:01:30] Bootstrap tree #172, logLikelihood: -680.799323
[00:01:30] Bootstrap tree #173, logLikelihood: -594.474085
[00:01:31] Bootstrap tree #174, logLikelihood: -616.728083
[00:01:31] Bootstrap tree #175, logLikelihood: -588.142967
[00:01:32] Bootstrap tree #176, logLikelihood: -679.395439
[00:01:32] Bootstrap tree #177, logLikelihood: -546.924373
[00:01:33] Bootstrap tree #178, logLikelihood: -717.607541
[00:01:33] Bootstrap tree #179, logLikelihood: -495.530690
[00:01:34] Bootstrap tree #180, logLikelihood: -642.304391
[00:01:34] Bootstrap tree #181, logLikelihood: -700.396162
[00:01:35] Bootstrap tree #182, logLikelihood: -568.640688
[00:01:35] Bootstrap tree #183, logLikelihood: -588.360479
[00:01:36] Bootstrap tree #184, logLikelihood: -410.363148
[00:01:36] Bootstrap tree #185, logLikelihood: -568.109446
[00:01:37] Bootstrap tree #186, logLikelihood: -514.231132
[00:01:37] Bootstrap tree #187, logLikelihood: -553.355369
[00:01:38] Bootstrap tree #188, logLikelihood: -585.810303
[00:01:38] Bootstrap tree #189, logLikelihood: -597.503442
[00:01:39] Bootstrap tree #190, logLikelihood: -621.799635
[00:01:39] Bootstrap tree #191, logLikelihood: -733.787077
[00:01:40] Bootstrap tree #192, logLikelihood: -661.828362
[00:01:40] Bootstrap tree #193, logLikelihood: -573.410164
[00:01:41] Bootstrap tree #194, logLikelihood: -677.557299
[00:01:42] Bootstrap tree #195, logLikelihood: -644.682247
[00:01:42] Bootstrap tree #196, logLikelihood: -473.399346
[00:01:43] Bootstrap tree #197, logLikelihood: -650.383992
[00:01:43] Bootstrap tree #198, logLikelihood: -619.696527
[00:01:44] Bootstrap tree #199, logLikelihood: -615.020124
[00:01:45] Bootstrap tree #200, logLikelihood: -661.861187
[00:01:45] Bootstrap tree #201, logLikelihood: -663.928140
[00:01:46] Bootstrap tree #202, logLikelihood: -618.669963
[00:01:46] Bootstrap tree #203, logLikelihood: -488.912998
[00:01:47] Bootstrap tree #204, logLikelihood: -670.583539
[00:01:47] Bootstrap tree #205, logLikelihood: -694.582854
[00:01:48] Bootstrap tree #206, logLikelihood: -648.652980
[00:01:49] Bootstrap tree #207, logLikelihood: -634.760674
[00:01:49] Bootstrap tree #208, logLikelihood: -597.184151
[00:01:50] Bootstrap tree #209, logLikelihood: -653.506424
[00:01:50] Bootstrap tree #210, logLikelihood: -628.957237
[00:01:51] Bootstrap tree #211, logLikelihood: -665.384632
[00:01:51] Bootstrap tree #212, logLikelihood: -613.145896
[00:01:52] Bootstrap tree #213, logLikelihood: -533.290268
[00:01:52] Bootstrap tree #214, logLikelihood: -483.841397
[00:01:53] Bootstrap tree #215, logLikelihood: -576.014971
[00:01:53] Bootstrap tree #216, logLikelihood: -632.170362
[00:01:54] Bootstrap tree #217, logLikelihood: -530.403545
[00:01:54] Bootstrap tree #218, logLikelihood: -665.832000
[00:01:55] Bootstrap tree #219, logLikelihood: -599.828760
[00:01:55] Bootstrap tree #220, logLikelihood: -598.567998
[00:01:56] Bootstrap tree #221, logLikelihood: -596.479812
[00:01:56] Bootstrap tree #222, logLikelihood: -617.636368
[00:01:57] Bootstrap tree #223, logLikelihood: -492.587387
[00:01:57] Bootstrap tree #224, logLikelihood: -564.200240
[00:01:58] Bootstrap tree #225, logLikelihood: -487.251985
[00:01:58] Bootstrap tree #226, logLikelihood: -613.141877
[00:01:59] Bootstrap tree #227, logLikelihood: -587.298223
[00:01:59] Bootstrap tree #228, logLikelihood: -637.636637
[00:02:00] Bootstrap tree #229, logLikelihood: -558.430495
[00:02:00] Bootstrap tree #230, logLikelihood: -628.126758
[00:02:01] Bootstrap tree #231, logLikelihood: -690.784606
[00:02:02] Bootstrap tree #232, logLikelihood: -525.347787
[00:02:02] Bootstrap tree #233, logLikelihood: -570.234647
[00:02:03] Bootstrap tree #234, logLikelihood: -516.599412
[00:02:03] Bootstrap tree #235, logLikelihood: -745.871947
[00:02:04] Bootstrap tree #236, logLikelihood: -659.144485
[00:02:04] Bootstrap tree #237, logLikelihood: -587.081330
[00:02:04] Bootstrap tree #238, logLikelihood: -435.741074
[00:02:05] Bootstrap tree #239, logLikelihood: -545.034578
[00:02:05] Bootstrap tree #240, logLikelihood: -734.088564
[00:02:06] Bootstrap tree #241, logLikelihood: -612.512560
[00:02:07] Bootstrap tree #242, logLikelihood: -676.726057
[00:02:07] Bootstrap tree #243, logLikelihood: -734.023872
[00:02:07] Bootstrap tree #244, logLikelihood: -583.359776
[00:02:08] Bootstrap tree #245, logLikelihood: -510.211849
[00:02:08] Bootstrap tree #246, logLikelihood: -608.809914
[00:02:09] Bootstrap tree #247, logLikelihood: -369.165984
[00:02:09] Bootstrap tree #248, logLikelihood: -596.094351
[00:02:10] Bootstrap tree #249, logLikelihood: -527.388667
[00:02:11] Bootstrap tree #250, logLikelihood: -589.513279
[00:02:11] Bootstrap tree #251, logLikelihood: -497.502051
[00:02:11] Bootstrap tree #252, logLikelihood: -386.050504
[00:02:12] Bootstrap tree #253, logLikelihood: -638.791379
[00:02:12] Bootstrap tree #254, logLikelihood: -577.499632
[00:02:13] Bootstrap tree #255, logLikelihood: -490.702142
[00:02:14] Bootstrap tree #256, logLikelihood: -478.231539
[00:02:14] Bootstrap tree #257, logLikelihood: -525.717386
[00:02:15] Bootstrap tree #258, logLikelihood: -706.516303
[00:02:15] Bootstrap tree #259, logLikelihood: -558.277482
[00:02:16] Bootstrap tree #260, logLikelihood: -478.116754
[00:02:16] Bootstrap tree #261, logLikelihood: -564.480482
[00:02:16] Bootstrap tree #262, logLikelihood: -603.610522
[00:02:17] Bootstrap tree #263, logLikelihood: -600.621510
[00:02:18] Bootstrap tree #264, logLikelihood: -498.347809
[00:02:18] Bootstrap tree #265, logLikelihood: -634.782576
[00:02:19] Bootstrap tree #266, logLikelihood: -705.616569
[00:02:19] Bootstrap tree #267, logLikelihood: -526.260628
[00:02:20] Bootstrap tree #268, logLikelihood: -694.753586
[00:02:21] Bootstrap tree #269, logLikelihood: -573.634350
[00:02:21] Bootstrap tree #270, logLikelihood: -470.970750
[00:02:22] Bootstrap tree #271, logLikelihood: -662.763303
[00:02:22] Bootstrap tree #272, logLikelihood: -565.310708
[00:02:23] Bootstrap tree #273, logLikelihood: -552.313658
[00:02:23] Bootstrap tree #274, logLikelihood: -443.325623
[00:02:24] Bootstrap tree #275, logLikelihood: -627.415013
[00:02:25] Bootstrap tree #276, logLikelihood: -652.977190
[00:02:25] Bootstrap tree #277, logLikelihood: -718.922783
[00:02:26] Bootstrap tree #278, logLikelihood: -572.259382
[00:02:26] Bootstrap tree #279, logLikelihood: -624.026509
[00:02:27] Bootstrap tree #280, logLikelihood: -462.384389
[00:02:27] Bootstrap tree #281, logLikelihood: -462.436332
[00:02:28] Bootstrap tree #282, logLikelihood: -530.479864
[00:02:28] Bootstrap tree #283, logLikelihood: -557.766607
[00:02:29] Bootstrap tree #284, logLikelihood: -612.395650
[00:02:29] Bootstrap tree #285, logLikelihood: -547.695373
[00:02:30] Bootstrap tree #286, logLikelihood: -611.112478
[00:02:30] Bootstrap tree #287, logLikelihood: -420.046493
[00:02:31] Bootstrap tree #288, logLikelihood: -692.852423
[00:02:32] Bootstrap tree #289, logLikelihood: -735.260371
[00:02:32] Bootstrap tree #290, logLikelihood: -570.515515
[00:02:33] Bootstrap tree #291, logLikelihood: -534.093627
[00:02:33] Bootstrap tree #292, logLikelihood: -520.925412
[00:02:33] Bootstrap tree #293, logLikelihood: -593.645277
[00:02:34] Bootstrap tree #294, logLikelihood: -582.686894
[00:02:34] Bootstrap tree #295, logLikelihood: -723.544686
[00:02:35] Bootstrap tree #296, logLikelihood: -547.172684
[00:02:36] Bootstrap tree #297, logLikelihood: -614.793667
[00:02:36] Bootstrap tree #298, logLikelihood: -493.289790
[00:02:37] Bootstrap tree #299, logLikelihood: -651.350943
[00:02:37] Bootstrap tree #300, logLikelihood: -477.857601
[00:02:38] Bootstrap tree #301, logLikelihood: -593.104078
[00:02:38] Bootstrap tree #302, logLikelihood: -611.193941
[00:02:39] Bootstrap tree #303, logLikelihood: -511.688947
[00:02:40] Bootstrap tree #304, logLikelihood: -645.901970
[00:02:40] Bootstrap tree #305, logLikelihood: -677.984954
[00:02:41] Bootstrap tree #306, logLikelihood: -708.444367
[00:02:42] Bootstrap tree #307, logLikelihood: -513.402352
[00:02:42] Bootstrap tree #308, logLikelihood: -664.237437
[00:02:43] Bootstrap tree #309, logLikelihood: -542.813224
[00:02:43] Bootstrap tree #310, logLikelihood: -589.547580
[00:02:44] Bootstrap tree #311, logLikelihood: -639.142741
[00:02:45] Bootstrap tree #312, logLikelihood: -641.739929
[00:02:46] Bootstrap tree #313, logLikelihood: -674.334755
[00:02:46] Bootstrap tree #314, logLikelihood: -721.669033
[00:02:47] Bootstrap tree #315, logLikelihood: -610.278542
[00:02:47] Bootstrap tree #316, logLikelihood: -586.358453
[00:02:48] Bootstrap tree #317, logLikelihood: -616.334198
[00:02:48] Bootstrap tree #318, logLikelihood: -499.530317
[00:02:49] Bootstrap tree #319, logLikelihood: -417.003724
[00:02:49] Bootstrap tree #320, logLikelihood: -547.419086
[00:02:50] Bootstrap tree #321, logLikelihood: -614.245200
[00:02:50] Bootstrap tree #322, logLikelihood: -640.942199
[00:02:51] Bootstrap tree #323, logLikelihood: -585.387560
[00:02:52] Bootstrap tree #324, logLikelihood: -548.768641
[00:02:52] Bootstrap tree #325, logLikelihood: -602.641528
[00:02:53] Bootstrap tree #326, logLikelihood: -634.175348
[00:02:53] Bootstrap tree #327, logLikelihood: -564.123024
[00:02:54] Bootstrap tree #328, logLikelihood: -622.441664
[00:02:54] Bootstrap tree #329, logLikelihood: -626.062152
[00:02:54] Bootstrap tree #330, logLikelihood: -508.097360
[00:02:55] Bootstrap tree #331, logLikelihood: -722.279517
[00:02:55] Bootstrap tree #332, logLikelihood: -499.113661
[00:02:56] Bootstrap tree #333, logLikelihood: -618.366948
[00:02:57] Bootstrap tree #334, logLikelihood: -776.638102
[00:02:57] Bootstrap tree #335, logLikelihood: -660.252160
[00:02:58] Bootstrap tree #336, logLikelihood: -614.149472
[00:02:58] Bootstrap tree #337, logLikelihood: -615.281761
[00:02:59] Bootstrap tree #338, logLikelihood: -491.529766
[00:02:59] Bootstrap tree #339, logLikelihood: -679.630641
[00:03:00] Bootstrap tree #340, logLikelihood: -453.723077
[00:03:00] Bootstrap tree #341, logLikelihood: -630.495618
[00:03:01] Bootstrap tree #342, logLikelihood: -466.220876
[00:03:01] Bootstrap tree #343, logLikelihood: -538.821948
[00:03:02] Bootstrap tree #344, logLikelihood: -723.070649
[00:03:03] Bootstrap tree #345, logLikelihood: -608.318355
[00:03:03] Bootstrap tree #346, logLikelihood: -534.190073
[00:03:04] Bootstrap tree #347, logLikelihood: -541.016663
[00:03:04] Bootstrap tree #348, logLikelihood: -528.721389
[00:03:05] Bootstrap tree #349, logLikelihood: -459.946611
[00:03:06] Bootstrap tree #350, logLikelihood: -586.794035
[00:03:06] Bootstrap tree #351, logLikelihood: -615.460763
[00:03:07] Bootstrap tree #352, logLikelihood: -570.717972
[00:03:07] Bootstrap tree #353, logLikelihood: -493.930458
[00:03:08] Bootstrap tree #354, logLikelihood: -690.595813
[00:03:09] Bootstrap tree #355, logLikelihood: -534.378708
[00:03:09] Bootstrap tree #356, logLikelihood: -578.694697
[00:03:10] Bootstrap tree #357, logLikelihood: -557.420533
[00:03:10] Bootstrap tree #358, logLikelihood: -622.263241
[00:03:11] Bootstrap tree #359, logLikelihood: -490.976917
[00:03:11] Bootstrap tree #360, logLikelihood: -576.583771
[00:03:12] Bootstrap tree #361, logLikelihood: -575.905988
[00:03:13] Bootstrap tree #362, logLikelihood: -541.955201
[00:03:13] Bootstrap tree #363, logLikelihood: -582.841751
[00:03:14] Bootstrap tree #364, logLikelihood: -521.378435
[00:03:14] Bootstrap tree #365, logLikelihood: -672.181376
[00:03:15] Bootstrap tree #366, logLikelihood: -548.078003
[00:03:15] Bootstrap tree #367, logLikelihood: -614.126783
[00:03:16] Bootstrap tree #368, logLikelihood: -630.928898
[00:03:16] Bootstrap tree #369, logLikelihood: -553.885563
[00:03:17] Bootstrap tree #370, logLikelihood: -595.707190
[00:03:17] Bootstrap tree #371, logLikelihood: -576.730857
[00:03:18] Bootstrap tree #372, logLikelihood: -561.713440
[00:03:18] Bootstrap tree #373, logLikelihood: -573.621852
[00:03:19] Bootstrap tree #374, logLikelihood: -440.618226
[00:03:20] Bootstrap tree #375, logLikelihood: -532.559879
[00:03:20] Bootstrap tree #376, logLikelihood: -576.399047
[00:03:21] Bootstrap tree #377, logLikelihood: -626.386455
[00:03:22] Bootstrap tree #378, logLikelihood: -598.757242
[00:03:22] Bootstrap tree #379, logLikelihood: -675.575355
[00:03:23] Bootstrap tree #380, logLikelihood: -610.819510
[00:03:23] Bootstrap tree #381, logLikelihood: -507.735162
[00:03:24] Bootstrap tree #382, logLikelihood: -574.922136
[00:03:24] Bootstrap tree #383, logLikelihood: -695.353954
[00:03:25] Bootstrap tree #384, logLikelihood: -636.806143
[00:03:25] Bootstrap tree #385, logLikelihood: -659.862989
[00:03:26] Bootstrap tree #386, logLikelihood: -549.343621
[00:03:26] Bootstrap tree #387, logLikelihood: -683.266946
[00:03:27] Bootstrap tree #388, logLikelihood: -561.439068
[00:03:27] Bootstrap tree #389, logLikelihood: -612.855900
[00:03:28] Bootstrap tree #390, logLikelihood: -713.937076
[00:03:28] Bootstrap tree #391, logLikelihood: -557.486052
[00:03:29] Bootstrap tree #392, logLikelihood: -663.228026
[00:03:29] Bootstrap tree #393, logLikelihood: -488.500664
[00:03:30] Bootstrap tree #394, logLikelihood: -557.797203
[00:03:31] Bootstrap tree #395, logLikelihood: -701.743956
[00:03:32] Bootstrap tree #396, logLikelihood: -622.660766
[00:03:32] Bootstrap tree #397, logLikelihood: -493.540178
[00:03:33] Bootstrap tree #398, logLikelihood: -713.369581
[00:03:33] Bootstrap tree #399, logLikelihood: -595.113029
[00:03:34] Bootstrap tree #400, logLikelihood: -567.968630
[00:03:34] Bootstrap tree #401, logLikelihood: -474.825168
[00:03:35] Bootstrap tree #402, logLikelihood: -659.570653
[00:03:35] Bootstrap tree #403, logLikelihood: -691.312234
[00:03:36] Bootstrap tree #404, logLikelihood: -657.942007
[00:03:37] Bootstrap tree #405, logLikelihood: -544.212983
[00:03:37] Bootstrap tree #406, logLikelihood: -516.984125
[00:03:38] Bootstrap tree #407, logLikelihood: -569.888038
[00:03:38] Bootstrap tree #408, logLikelihood: -546.523953
[00:03:39] Bootstrap tree #409, logLikelihood: -636.255897
[00:03:40] Bootstrap tree #410, logLikelihood: -614.497208
[00:03:40] Bootstrap tree #411, logLikelihood: -611.030304
[00:03:41] Bootstrap tree #412, logLikelihood: -615.391220
[00:03:42] Bootstrap tree #413, logLikelihood: -573.034518
[00:03:42] Bootstrap tree #414, logLikelihood: -659.337267
[00:03:43] Bootstrap tree #415, logLikelihood: -549.757591
[00:03:43] Bootstrap tree #416, logLikelihood: -564.674635
[00:03:44] Bootstrap tree #417, logLikelihood: -652.143267
[00:03:44] Bootstrap tree #418, logLikelihood: -576.325080
[00:03:45] Bootstrap tree #419, logLikelihood: -498.265171
[00:03:45] Bootstrap tree #420, logLikelihood: -604.718615
[00:03:46] Bootstrap tree #421, logLikelihood: -666.284738
[00:03:46] Bootstrap tree #422, logLikelihood: -554.283384
[00:03:47] Bootstrap tree #423, logLikelihood: -588.488544
[00:03:48] Bootstrap tree #424, logLikelihood: -566.719002
[00:03:48] Bootstrap tree #425, logLikelihood: -708.680384
[00:03:49] Bootstrap tree #426, logLikelihood: -660.583403
[00:03:49] Bootstrap tree #427, logLikelihood: -603.177353
[00:03:50] Bootstrap tree #428, logLikelihood: -596.814609
[00:03:50] Bootstrap tree #429, logLikelihood: -633.215994
[00:03:51] Bootstrap tree #430, logLikelihood: -563.436979
[00:03:51] Bootstrap tree #431, logLikelihood: -537.113954
[00:03:52] Bootstrap tree #432, logLikelihood: -530.483876
[00:03:52] Bootstrap tree #433, logLikelihood: -652.453012
[00:03:53] Bootstrap tree #434, logLikelihood: -597.550314
[00:03:53] Bootstrap tree #435, logLikelihood: -592.965688
[00:03:54] Bootstrap tree #436, logLikelihood: -536.077310
[00:03:54] Bootstrap tree #437, logLikelihood: -612.680615
[00:03:55] Bootstrap tree #438, logLikelihood: -602.928901
[00:03:55] Bootstrap tree #439, logLikelihood: -672.923486
[00:03:56] Bootstrap tree #440, logLikelihood: -564.112851
[00:03:56] Bootstrap tree #441, logLikelihood: -546.033593
[00:03:57] Bootstrap tree #442, logLikelihood: -593.375538
[00:03:57] Bootstrap tree #443, logLikelihood: -580.759995
[00:03:58] Bootstrap tree #444, logLikelihood: -659.129418
[00:03:59] Bootstrap tree #445, logLikelihood: -544.314181
[00:03:59] Bootstrap tree #446, logLikelihood: -571.043717
[00:04:00] Bootstrap tree #447, logLikelihood: -662.377087
[00:04:01] Bootstrap tree #448, logLikelihood: -587.762303
[00:04:01] Bootstrap tree #449, logLikelihood: -554.779783
[00:04:02] Bootstrap tree #450, logLikelihood: -546.111861
[00:04:02] Bootstrap tree #451, logLikelihood: -579.954432
[00:04:03] Bootstrap tree #452, logLikelihood: -538.349537
[00:04:04] Bootstrap tree #453, logLikelihood: -669.976164
[00:04:04] Bootstrap tree #454, logLikelihood: -668.642943
[00:04:05] Bootstrap tree #455, logLikelihood: -563.863802
[00:04:05] Bootstrap tree #456, logLikelihood: -534.888526
[00:04:06] Bootstrap tree #457, logLikelihood: -561.751049
[00:04:06] Bootstrap tree #458, logLikelihood: -643.029542
[00:04:07] Bootstrap tree #459, logLikelihood: -637.026597
[00:04:07] Bootstrap tree #460, logLikelihood: -566.526666
[00:04:08] Bootstrap tree #461, logLikelihood: -489.161002
[00:04:08] Bootstrap tree #462, logLikelihood: -562.144512
[00:04:09] Bootstrap tree #463, logLikelihood: -647.334829
[00:04:09] Bootstrap tree #464, logLikelihood: -705.647464
[00:04:10] Bootstrap tree #465, logLikelihood: -468.996106
[00:04:10] Bootstrap tree #466, logLikelihood: -517.738936
[00:04:11] Bootstrap tree #467, logLikelihood: -589.887259
[00:04:12] Bootstrap tree #468, logLikelihood: -595.370965
[00:04:12] Bootstrap tree #469, logLikelihood: -668.081956
[00:04:13] Bootstrap tree #470, logLikelihood: -501.394525
[00:04:13] Bootstrap tree #471, logLikelihood: -545.985318
[00:04:14] Bootstrap tree #472, logLikelihood: -523.477260
[00:04:15] Bootstrap tree #473, logLikelihood: -542.792394
[00:04:16] Bootstrap tree #474, logLikelihood: -666.753030
[00:04:16] Bootstrap tree #475, logLikelihood: -618.914779
[00:04:17] Bootstrap tree #476, logLikelihood: -514.976243
[00:04:17] Bootstrap tree #477, logLikelihood: -600.479139
[00:04:18] Bootstrap tree #478, logLikelihood: -545.455187
[00:04:18] Bootstrap tree #479, logLikelihood: -518.340984
[00:04:19] Bootstrap tree #480, logLikelihood: -511.092606
[00:04:19] Bootstrap tree #481, logLikelihood: -696.099999
[00:04:20] Bootstrap tree #482, logLikelihood: -620.488540
[00:04:20] Bootstrap tree #483, logLikelihood: -516.548362
[00:04:21] Bootstrap tree #484, logLikelihood: -762.865741
[00:04:22] Bootstrap tree #485, logLikelihood: -622.418441
[00:04:22] Bootstrap tree #486, logLikelihood: -618.155644
[00:04:23] Bootstrap tree #487, logLikelihood: -593.268532
[00:04:23] Bootstrap tree #488, logLikelihood: -628.000936
[00:04:24] Bootstrap tree #489, logLikelihood: -677.544996
[00:04:24] Bootstrap tree #490, logLikelihood: -668.842262
[00:04:25] Bootstrap tree #491, logLikelihood: -556.232133
[00:04:25] Bootstrap tree #492, logLikelihood: -585.857085
[00:04:26] Bootstrap tree #493, logLikelihood: -598.355768
[00:04:26] Bootstrap tree #494, logLikelihood: -584.322884
[00:04:27] Bootstrap tree #495, logLikelihood: -476.425267
[00:04:27] Bootstrap tree #496, logLikelihood: -513.715409
[00:04:28] Bootstrap tree #497, logLikelihood: -475.723146
[00:04:28] Bootstrap tree #498, logLikelihood: -593.112424
[00:04:29] Bootstrap tree #499, logLikelihood: -717.788872
[00:04:29] Bootstrap tree #500, logLikelihood: -544.733421
[00:04:30] Bootstrap tree #501, logLikelihood: -441.795747
[00:04:30] Bootstrap tree #502, logLikelihood: -551.421617
[00:04:31] Bootstrap tree #503, logLikelihood: -493.517748
[00:04:32] Bootstrap tree #504, logLikelihood: -522.940122
[00:04:32] Bootstrap tree #505, logLikelihood: -683.340447
[00:04:33] Bootstrap tree #506, logLikelihood: -655.993584
[00:04:34] Bootstrap tree #507, logLikelihood: -493.400849
[00:04:35] Bootstrap tree #508, logLikelihood: -511.510307
[00:04:35] Bootstrap tree #509, logLikelihood: -700.093368
[00:04:36] Bootstrap tree #510, logLikelihood: -575.037433
[00:04:37] Bootstrap tree #511, logLikelihood: -540.784963
[00:04:38] Bootstrap tree #512, logLikelihood: -589.311723
[00:04:38] Bootstrap tree #513, logLikelihood: -575.802279
[00:04:39] Bootstrap tree #514, logLikelihood: -532.720841
[00:04:40] Bootstrap tree #515, logLikelihood: -577.276796
[00:04:40] Bootstrap tree #516, logLikelihood: -674.230543
[00:04:41] Bootstrap tree #517, logLikelihood: -656.374209
[00:04:41] Bootstrap tree #518, logLikelihood: -658.745063
[00:04:42] Bootstrap tree #519, logLikelihood: -568.861837
[00:04:42] Bootstrap tree #520, logLikelihood: -572.534655
[00:04:43] Bootstrap tree #521, logLikelihood: -652.647016
[00:04:43] Bootstrap tree #522, logLikelihood: -634.363869
[00:04:44] Bootstrap tree #523, logLikelihood: -625.323867
[00:04:45] Bootstrap tree #524, logLikelihood: -524.619454
[00:04:45] Bootstrap tree #525, logLikelihood: -683.854558
[00:04:46] Bootstrap tree #526, logLikelihood: -648.943541
[00:04:46] Bootstrap tree #527, logLikelihood: -581.376223
[00:04:47] Bootstrap tree #528, logLikelihood: -579.117713
[00:04:48] Bootstrap tree #529, logLikelihood: -498.962035
[00:04:48] Bootstrap tree #530, logLikelihood: -608.775666
[00:04:49] Bootstrap tree #531, logLikelihood: -552.564277
[00:04:49] Bootstrap tree #532, logLikelihood: -502.826411
[00:04:50] Bootstrap tree #533, logLikelihood: -567.748056
[00:04:50] Bootstrap tree #534, logLikelihood: -572.285898
[00:04:51] Bootstrap tree #535, logLikelihood: -553.085592
[00:04:51] Bootstrap tree #536, logLikelihood: -619.486451
[00:04:52] Bootstrap tree #537, logLikelihood: -426.666110
[00:04:52] Bootstrap tree #538, logLikelihood: -602.147311
[00:04:53] Bootstrap tree #539, logLikelihood: -582.628634
[00:04:53] Bootstrap tree #540, logLikelihood: -450.076955
[00:04:54] Bootstrap tree #541, logLikelihood: -704.090850
[00:04:54] Bootstrap tree #542, logLikelihood: -597.923617
[00:04:55] Bootstrap tree #543, logLikelihood: -660.514363
[00:04:56] Bootstrap tree #544, logLikelihood: -586.058401
[00:04:56] Bootstrap tree #545, logLikelihood: -647.227973
[00:04:57] Bootstrap tree #546, logLikelihood: -641.485208
[00:04:57] Bootstrap tree #547, logLikelihood: -480.926874
[00:04:58] Bootstrap tree #548, logLikelihood: -716.715494
[00:04:59] Bootstrap tree #549, logLikelihood: -575.876983
[00:04:59] Bootstrap tree #550, logLikelihood: -597.502884
[00:05:00] Bootstrap tree #551, logLikelihood: -623.930927
[00:05:00] Bootstrap tree #552, logLikelihood: -604.419581
[00:05:01] Bootstrap tree #553, logLikelihood: -534.052112
[00:05:02] Bootstrap tree #554, logLikelihood: -511.455666
[00:05:02] Bootstrap tree #555, logLikelihood: -638.237793
[00:05:03] Bootstrap tree #556, logLikelihood: -523.025704
[00:05:03] Bootstrap tree #557, logLikelihood: -548.277351
[00:05:04] Bootstrap tree #558, logLikelihood: -567.234344
[00:05:04] Bootstrap tree #559, logLikelihood: -461.145638
[00:05:05] Bootstrap tree #560, logLikelihood: -651.735339
[00:05:06] Bootstrap tree #561, logLikelihood: -675.052445
[00:05:06] Bootstrap tree #562, logLikelihood: -618.903344
[00:05:07] Bootstrap tree #563, logLikelihood: -687.628216
[00:05:08] Bootstrap tree #564, logLikelihood: -626.656494
[00:05:09] Bootstrap tree #565, logLikelihood: -648.036841
[00:05:09] Bootstrap tree #566, logLikelihood: -564.114533
[00:05:11] Bootstrap tree #567, logLikelihood: -623.773770
[00:05:11] Bootstrap tree #568, logLikelihood: -669.000227
[00:05:12] Bootstrap tree #569, logLikelihood: -648.428663
[00:05:12] Bootstrap tree #570, logLikelihood: -472.817236
[00:05:13] Bootstrap tree #571, logLikelihood: -698.878312
[00:05:14] Bootstrap tree #572, logLikelihood: -661.452241
[00:05:15] Bootstrap tree #573, logLikelihood: -649.992306
[00:05:16] Bootstrap tree #574, logLikelihood: -632.247560
[00:05:16] Bootstrap tree #575, logLikelihood: -477.337317
[00:05:17] Bootstrap tree #576, logLikelihood: -488.459769
[00:05:17] Bootstrap tree #577, logLikelihood: -578.490475
[00:05:18] Bootstrap tree #578, logLikelihood: -633.000804
[00:05:19] Bootstrap tree #579, logLikelihood: -537.821049
[00:05:19] Bootstrap tree #580, logLikelihood: -645.001035
[00:05:20] Bootstrap tree #581, logLikelihood: -559.185279
[00:05:21] Bootstrap tree #582, logLikelihood: -674.259351
[00:05:21] Bootstrap tree #583, logLikelihood: -527.500719
[00:05:22] Bootstrap tree #584, logLikelihood: -491.584212
[00:05:22] Bootstrap tree #585, logLikelihood: -427.993836
[00:05:23] Bootstrap tree #586, logLikelihood: -482.693752
[00:05:23] Bootstrap tree #587, logLikelihood: -529.788211
[00:05:24] Bootstrap tree #588, logLikelihood: -546.471733
[00:05:25] Bootstrap tree #589, logLikelihood: -625.088635
[00:05:25] Bootstrap tree #590, logLikelihood: -625.120812
[00:05:26] Bootstrap tree #591, logLikelihood: -547.224533
[00:05:26] Bootstrap tree #592, logLikelihood: -637.947091
[00:05:27] Bootstrap tree #593, logLikelihood: -505.817772
[00:05:27] Bootstrap tree #594, logLikelihood: -589.264749
[00:05:28] Bootstrap tree #595, logLikelihood: -536.185875
[00:05:28] Bootstrap tree #596, logLikelihood: -546.257318
[00:05:29] Bootstrap tree #597, logLikelihood: -637.722009
[00:05:29] Bootstrap tree #598, logLikelihood: -600.262395
[00:05:30] Bootstrap tree #599, logLikelihood: -600.392743
[00:05:31] Bootstrap tree #600, logLikelihood: -532.908719
[00:05:31] Bootstrap tree #601, logLikelihood: -603.049305
[00:05:32] Bootstrap tree #602, logLikelihood: -582.116219
[00:05:32] Bootstrap tree #603, logLikelihood: -530.267775
[00:05:33] Bootstrap tree #604, logLikelihood: -628.295140
[00:05:34] Bootstrap tree #605, logLikelihood: -608.900698
[00:05:34] Bootstrap tree #606, logLikelihood: -606.626808
[00:05:35] Bootstrap tree #607, logLikelihood: -631.642721
[00:05:35] Bootstrap tree #608, logLikelihood: -562.026762
[00:05:36] Bootstrap tree #609, logLikelihood: -682.688104
[00:05:37] Bootstrap tree #610, logLikelihood: -586.664896
[00:05:37] Bootstrap tree #611, logLikelihood: -520.401071
[00:05:38] Bootstrap tree #612, logLikelihood: -609.144687
[00:05:38] Bootstrap tree #613, logLikelihood: -556.327312
[00:05:39] Bootstrap tree #614, logLikelihood: -516.549539
[00:05:40] Bootstrap tree #615, logLikelihood: -623.424236
[00:05:40] Bootstrap tree #616, logLikelihood: -643.888426
[00:05:41] Bootstrap tree #617, logLikelihood: -567.088195
[00:05:41] Bootstrap tree #618, logLikelihood: -753.587063
[00:05:42] Bootstrap tree #619, logLikelihood: -457.155269
[00:05:43] Bootstrap tree #620, logLikelihood: -609.994381
[00:05:44] Bootstrap tree #621, logLikelihood: -635.963353
[00:05:44] Bootstrap tree #622, logLikelihood: -721.816970
[00:05:45] Bootstrap tree #623, logLikelihood: -630.454587
[00:05:45] Bootstrap tree #624, logLikelihood: -565.273752
[00:05:46] Bootstrap tree #625, logLikelihood: -647.652529
[00:05:46] Bootstrap tree #626, logLikelihood: -634.706617
[00:05:47] Bootstrap tree #627, logLikelihood: -600.977999
[00:05:48] Bootstrap tree #628, logLikelihood: -551.816731
[00:05:48] Bootstrap tree #629, logLikelihood: -521.621605
[00:05:49] Bootstrap tree #630, logLikelihood: -527.752742
[00:05:49] Bootstrap tree #631, logLikelihood: -524.657989
[00:05:50] Bootstrap tree #632, logLikelihood: -622.265290
[00:05:51] Bootstrap tree #633, logLikelihood: -567.407910
[00:05:51] Bootstrap tree #634, logLikelihood: -406.320479
[00:05:52] Bootstrap tree #635, logLikelihood: -469.732419
[00:05:52] Bootstrap tree #636, logLikelihood: -530.814303
[00:05:53] Bootstrap tree #637, logLikelihood: -513.834105
[00:05:54] Bootstrap tree #638, logLikelihood: -669.485583
[00:05:54] Bootstrap tree #639, logLikelihood: -577.797969
[00:05:55] Bootstrap tree #640, logLikelihood: -574.094333
[00:05:56] Bootstrap tree #641, logLikelihood: -609.264464
[00:05:57] Bootstrap tree #642, logLikelihood: -518.523646
[00:05:57] Bootstrap tree #643, logLikelihood: -675.718698
[00:05:58] Bootstrap tree #644, logLikelihood: -608.791930
[00:05:58] Bootstrap tree #645, logLikelihood: -598.593364
[00:05:59] Bootstrap tree #646, logLikelihood: -584.041188
[00:06:00] Bootstrap tree #647, logLikelihood: -640.373014
[00:06:00] Bootstrap tree #648, logLikelihood: -632.106708
[00:06:01] Bootstrap tree #649, logLikelihood: -623.052375
[00:06:02] Bootstrap tree #650, logLikelihood: -523.047897
[00:06:02] Bootstrap tree #651, logLikelihood: -546.831400
[00:06:03] Bootstrap tree #652, logLikelihood: -647.199780
[00:06:03] Bootstrap tree #653, logLikelihood: -593.570306
[00:06:04] Bootstrap tree #654, logLikelihood: -655.358161
[00:06:04] Bootstrap tree #655, logLikelihood: -593.434408
[00:06:05] Bootstrap tree #656, logLikelihood: -760.736515
[00:06:06] Bootstrap tree #657, logLikelihood: -466.561099
[00:06:06] Bootstrap tree #658, logLikelihood: -666.865841
[00:06:07] Bootstrap tree #659, logLikelihood: -574.907926
[00:06:08] Bootstrap tree #660, logLikelihood: -514.819704
[00:06:09] Bootstrap tree #661, logLikelihood: -556.041134
[00:06:09] Bootstrap tree #662, logLikelihood: -578.484285
[00:06:10] Bootstrap tree #663, logLikelihood: -631.577451
[00:06:11] Bootstrap tree #664, logLikelihood: -599.554001
[00:06:11] Bootstrap tree #665, logLikelihood: -625.606735
[00:06:12] Bootstrap tree #666, logLikelihood: -579.213737
[00:06:13] Bootstrap tree #667, logLikelihood: -503.847446
[00:06:13] Bootstrap tree #668, logLikelihood: -557.009953
[00:06:14] Bootstrap tree #669, logLikelihood: -612.024528
[00:06:15] Bootstrap tree #670, logLikelihood: -645.199307
[00:06:16] Bootstrap tree #671, logLikelihood: -638.904260
[00:06:17] Bootstrap tree #672, logLikelihood: -643.712366
[00:06:17] Bootstrap tree #673, logLikelihood: -548.599500
[00:06:18] Bootstrap tree #674, logLikelihood: -469.780220
[00:06:18] Bootstrap tree #675, logLikelihood: -572.248841
[00:06:19] Bootstrap tree #676, logLikelihood: -647.784760
[00:06:20] Bootstrap tree #677, logLikelihood: -545.861618
[00:06:20] Bootstrap tree #678, logLikelihood: -488.627802
[00:06:21] Bootstrap tree #679, logLikelihood: -518.571483
[00:06:22] Bootstrap tree #680, logLikelihood: -661.591893
[00:06:22] Bootstrap tree #681, logLikelihood: -606.192567
[00:06:23] Bootstrap tree #682, logLikelihood: -518.622137
[00:06:24] Bootstrap tree #683, logLikelihood: -608.769908
[00:06:25] Bootstrap tree #684, logLikelihood: -651.070043
[00:06:25] Bootstrap tree #685, logLikelihood: -494.345433
[00:06:26] Bootstrap tree #686, logLikelihood: -543.327864
[00:06:27] Bootstrap tree #687, logLikelihood: -733.025013
[00:06:27] Bootstrap tree #688, logLikelihood: -589.641778
[00:06:28] Bootstrap tree #689, logLikelihood: -594.611670
[00:06:28] Bootstrap tree #690, logLikelihood: -618.009032
[00:06:29] Bootstrap tree #691, logLikelihood: -436.499414
[00:06:30] Bootstrap tree #692, logLikelihood: -571.986421
[00:06:30] Bootstrap tree #693, logLikelihood: -647.762270
[00:06:31] Bootstrap tree #694, logLikelihood: -653.171480
[00:06:31] Bootstrap tree #695, logLikelihood: -690.513039
[00:06:32] Bootstrap tree #696, logLikelihood: -599.102951
[00:06:32] Bootstrap tree #697, logLikelihood: -662.227916
[00:06:33] Bootstrap tree #698, logLikelihood: -525.655144
[00:06:34] Bootstrap tree #699, logLikelihood: -475.325494
[00:06:35] Bootstrap tree #700, logLikelihood: -638.520168
[00:06:37] Bootstrap tree #701, logLikelihood: -492.617260
[00:06:37] Bootstrap tree #702, logLikelihood: -483.235141
[00:06:38] Bootstrap tree #703, logLikelihood: -580.422356
[00:06:39] Bootstrap tree #704, logLikelihood: -675.025870
[00:06:40] Bootstrap tree #705, logLikelihood: -630.771969
[00:06:40] Bootstrap tree #706, logLikelihood: -638.148098
[00:06:41] Bootstrap tree #707, logLikelihood: -741.939130
[00:06:42] Bootstrap tree #708, logLikelihood: -714.935919
[00:06:42] Bootstrap tree #709, logLikelihood: -496.145244
[00:06:43] Bootstrap tree #710, logLikelihood: -524.424438
[00:06:43] Bootstrap tree #711, logLikelihood: -541.049606
[00:06:44] Bootstrap tree #712, logLikelihood: -415.174554
[00:06:45] Bootstrap tree #713, logLikelihood: -530.775281
[00:06:45] Bootstrap tree #714, logLikelihood: -481.611793
[00:06:46] Bootstrap tree #715, logLikelihood: -664.544132
[00:06:46] Bootstrap tree #716, logLikelihood: -554.455642
[00:06:47] Bootstrap tree #717, logLikelihood: -531.660470
[00:06:48] Bootstrap tree #718, logLikelihood: -553.040815
[00:06:48] Bootstrap tree #719, logLikelihood: -552.795755
[00:06:49] Bootstrap tree #720, logLikelihood: -598.993809
[00:06:49] Bootstrap tree #721, logLikelihood: -567.225647
[00:06:50] Bootstrap tree #722, logLikelihood: -554.629621
[00:06:51] Bootstrap tree #723, logLikelihood: -486.015261
[00:06:52] Bootstrap tree #724, logLikelihood: -589.980015
[00:06:52] Bootstrap tree #725, logLikelihood: -600.782806
[00:06:53] Bootstrap tree #726, logLikelihood: -585.715660
[00:06:53] Bootstrap tree #727, logLikelihood: -554.370245
[00:06:54] Bootstrap tree #728, logLikelihood: -458.301977
[00:06:55] Bootstrap tree #729, logLikelihood: -560.698222
[00:06:55] Bootstrap tree #730, logLikelihood: -558.538187
[00:06:56] Bootstrap tree #731, logLikelihood: -576.628634
[00:06:56] Bootstrap tree #732, logLikelihood: -400.097839
[00:06:57] Bootstrap tree #733, logLikelihood: -598.768949
[00:06:57] Bootstrap tree #734, logLikelihood: -640.256670
[00:06:58] Bootstrap tree #735, logLikelihood: -461.924588
[00:06:58] Bootstrap tree #736, logLikelihood: -466.440683
[00:06:59] Bootstrap tree #737, logLikelihood: -566.722201
[00:07:00] Bootstrap tree #738, logLikelihood: -537.579894
[00:07:00] Bootstrap tree #739, logLikelihood: -629.050876
[00:07:01] Bootstrap tree #740, logLikelihood: -558.541650
[00:07:02] Bootstrap tree #741, logLikelihood: -466.594657
[00:07:02] Bootstrap tree #742, logLikelihood: -618.447180
[00:07:03] Bootstrap tree #743, logLikelihood: -523.308673
[00:07:04] Bootstrap tree #744, logLikelihood: -545.713214
[00:07:04] Bootstrap tree #745, logLikelihood: -769.625904
[00:07:05] Bootstrap tree #746, logLikelihood: -638.599807
[00:07:06] Bootstrap tree #747, logLikelihood: -593.305614
[00:07:07] Bootstrap tree #748, logLikelihood: -523.414300
[00:07:07] Bootstrap tree #749, logLikelihood: -472.169328
[00:07:08] Bootstrap tree #750, logLikelihood: -599.517179
[00:07:08] Bootstrap tree #751, logLikelihood: -503.628496
[00:07:09] Bootstrap tree #752, logLikelihood: -716.643604
[00:07:10] Bootstrap tree #753, logLikelihood: -530.110416
[00:07:11] Bootstrap tree #754, logLikelihood: -478.521619
[00:07:11] Bootstrap tree #755, logLikelihood: -601.220264
[00:07:12] Bootstrap tree #756, logLikelihood: -503.176484
[00:07:12] Bootstrap tree #757, logLikelihood: -655.996653
[00:07:13] Bootstrap tree #758, logLikelihood: -532.266438
[00:07:14] Bootstrap tree #759, logLikelihood: -668.231089
[00:07:15] Bootstrap tree #760, logLikelihood: -639.936233
[00:07:15] Bootstrap tree #761, logLikelihood: -466.077218
[00:07:16] Bootstrap tree #762, logLikelihood: -529.101339
[00:07:16] Bootstrap tree #763, logLikelihood: -658.064066
[00:07:17] Bootstrap tree #764, logLikelihood: -673.006389
[00:07:18] Bootstrap tree #765, logLikelihood: -456.367706
[00:07:18] Bootstrap tree #766, logLikelihood: -495.092096
[00:07:19] Bootstrap tree #767, logLikelihood: -356.586449
[00:07:20] Bootstrap tree #768, logLikelihood: -537.749613
[00:07:21] Bootstrap tree #769, logLikelihood: -546.075635
[00:07:21] Bootstrap tree #770, logLikelihood: -700.964614
[00:07:22] Bootstrap tree #771, logLikelihood: -593.389871
[00:07:22] Bootstrap tree #772, logLikelihood: -530.718602
[00:07:23] Bootstrap tree #773, logLikelihood: -544.157122
[00:07:24] Bootstrap tree #774, logLikelihood: -629.947349
[00:07:24] Bootstrap tree #775, logLikelihood: -579.616855
[00:07:25] Bootstrap tree #776, logLikelihood: -515.083238
[00:07:26] Bootstrap tree #777, logLikelihood: -646.558859
[00:07:27] Bootstrap tree #778, logLikelihood: -685.858766
[00:07:27] Bootstrap tree #779, logLikelihood: -592.869545
[00:07:28] Bootstrap tree #780, logLikelihood: -583.486930
[00:07:29] Bootstrap tree #781, logLikelihood: -558.445404
[00:07:29] Bootstrap tree #782, logLikelihood: -682.238044
[00:07:30] Bootstrap tree #783, logLikelihood: -596.925811
[00:07:30] Bootstrap tree #784, logLikelihood: -578.991343
[00:07:31] Bootstrap tree #785, logLikelihood: -551.259800
[00:07:32] Bootstrap tree #786, logLikelihood: -616.818140
[00:07:32] Bootstrap tree #787, logLikelihood: -656.650003
[00:07:33] Bootstrap tree #788, logLikelihood: -519.685544
[00:07:33] Bootstrap tree #789, logLikelihood: -543.833989
[00:07:34] Bootstrap tree #790, logLikelihood: -581.207808
[00:07:34] Bootstrap tree #791, logLikelihood: -575.335266
[00:07:35] Bootstrap tree #792, logLikelihood: -660.089773
[00:07:36] Bootstrap tree #793, logLikelihood: -568.739188
[00:07:37] Bootstrap tree #794, logLikelihood: -616.561046
[00:07:37] Bootstrap tree #795, logLikelihood: -562.398554
[00:07:38] Bootstrap tree #796, logLikelihood: -510.585201
[00:07:38] Bootstrap tree #797, logLikelihood: -708.611129
[00:07:39] Bootstrap tree #798, logLikelihood: -590.822086
[00:07:40] Bootstrap tree #799, logLikelihood: -589.503084
[00:07:40] Bootstrap tree #800, logLikelihood: -600.824613
[00:07:41] Bootstrap tree #801, logLikelihood: -661.176308
[00:07:42] Bootstrap tree #802, logLikelihood: -601.716902
[00:07:43] Bootstrap tree #803, logLikelihood: -689.325221
[00:07:44] Bootstrap tree #804, logLikelihood: -609.246776
[00:07:44] Bootstrap tree #805, logLikelihood: -676.459926
[00:07:45] Bootstrap tree #806, logLikelihood: -587.228490
[00:07:45] Bootstrap tree #807, logLikelihood: -654.178524
[00:07:46] Bootstrap tree #808, logLikelihood: -669.464923
[00:07:47] Bootstrap tree #809, logLikelihood: -647.295617
[00:07:47] Bootstrap tree #810, logLikelihood: -612.038814
[00:07:48] Bootstrap tree #811, logLikelihood: -587.414428
[00:07:49] Bootstrap tree #812, logLikelihood: -575.330506
[00:07:49] Bootstrap tree #813, logLikelihood: -537.740323
[00:07:50] Bootstrap tree #814, logLikelihood: -633.039924
[00:07:51] Bootstrap tree #815, logLikelihood: -485.857521
[00:07:51] Bootstrap tree #816, logLikelihood: -592.514206
[00:07:52] Bootstrap tree #817, logLikelihood: -569.105791
[00:07:53] Bootstrap tree #818, logLikelihood: -648.721932
[00:07:54] Bootstrap tree #819, logLikelihood: -421.810607
[00:07:54] Bootstrap tree #820, logLikelihood: -449.380851
[00:07:55] Bootstrap tree #821, logLikelihood: -560.893527
[00:07:55] Bootstrap tree #822, logLikelihood: -554.895807
[00:07:56] Bootstrap tree #823, logLikelihood: -598.018272
[00:07:57] Bootstrap tree #824, logLikelihood: -447.288183
[00:07:58] Bootstrap tree #825, logLikelihood: -603.862172
[00:07:58] Bootstrap tree #826, logLikelihood: -613.809540
[00:07:59] Bootstrap tree #827, logLikelihood: -486.126233
[00:07:59] Bootstrap tree #828, logLikelihood: -607.367205
[00:08:00] Bootstrap tree #829, logLikelihood: -523.674984
[00:08:01] Bootstrap tree #830, logLikelihood: -639.390010
[00:08:01] Bootstrap tree #831, logLikelihood: -559.840529
[00:08:02] Bootstrap tree #832, logLikelihood: -574.600481
[00:08:02] Bootstrap tree #833, logLikelihood: -552.780773
[00:08:03] Bootstrap tree #834, logLikelihood: -591.276329
[00:08:04] Bootstrap tree #835, logLikelihood: -657.933113
[00:08:04] Bootstrap tree #836, logLikelihood: -542.756130
[00:08:05] Bootstrap tree #837, logLikelihood: -511.794505
[00:08:05] Bootstrap tree #838, logLikelihood: -541.594027
[00:08:06] Bootstrap tree #839, logLikelihood: -571.998471
[00:08:07] Bootstrap tree #840, logLikelihood: -552.311509
[00:08:08] Bootstrap tree #841, logLikelihood: -630.931953
[00:08:08] Bootstrap tree #842, logLikelihood: -472.506676
[00:08:09] Bootstrap tree #843, logLikelihood: -474.321739
[00:08:09] Bootstrap tree #844, logLikelihood: -683.918953
[00:08:10] Bootstrap tree #845, logLikelihood: -657.317386
[00:08:11] Bootstrap tree #846, logLikelihood: -638.235611
[00:08:11] Bootstrap tree #847, logLikelihood: -511.776974
[00:08:12] Bootstrap tree #848, logLikelihood: -534.515183
[00:08:12] Bootstrap tree #849, logLikelihood: -362.690414
[00:08:13] Bootstrap tree #850, logLikelihood: -527.725035
[00:08:13] Bootstrap tree #851, logLikelihood: -572.791206
[00:08:14] Bootstrap tree #852, logLikelihood: -500.551335
[00:08:15] Bootstrap tree #853, logLikelihood: -372.545837
[00:08:15] Bootstrap tree #854, logLikelihood: -521.057497
[00:08:16] Bootstrap tree #855, logLikelihood: -572.046316
[00:08:17] Bootstrap tree #856, logLikelihood: -673.210412
[00:08:17] Bootstrap tree #857, logLikelihood: -627.416412
[00:08:18] Bootstrap tree #858, logLikelihood: -608.514170
[00:08:18] Bootstrap tree #859, logLikelihood: -548.940340
[00:08:19] Bootstrap tree #860, logLikelihood: -553.521745
[00:08:19] Bootstrap tree #861, logLikelihood: -556.421704
[00:08:20] Bootstrap tree #862, logLikelihood: -593.998657
[00:08:20] Bootstrap tree #863, logLikelihood: -661.100637
[00:08:21] Bootstrap tree #864, logLikelihood: -573.892350
[00:08:22] Bootstrap tree #865, logLikelihood: -563.107825
[00:08:22] Bootstrap tree #866, logLikelihood: -555.235764
[00:08:23] Bootstrap tree #867, logLikelihood: -570.596224
[00:08:24] Bootstrap tree #868, logLikelihood: -617.511112
[00:08:25] Bootstrap tree #869, logLikelihood: -542.584626
[00:08:25] Bootstrap tree #870, logLikelihood: -544.869443
[00:08:26] Bootstrap tree #871, logLikelihood: -525.011086
[00:08:27] Bootstrap tree #872, logLikelihood: -452.938401
[00:08:27] Bootstrap tree #873, logLikelihood: -576.651119
[00:08:28] Bootstrap tree #874, logLikelihood: -557.585680
[00:08:29] Bootstrap tree #875, logLikelihood: -543.025373
[00:08:30] Bootstrap tree #876, logLikelihood: -540.554755
[00:08:30] Bootstrap tree #877, logLikelihood: -556.643682
[00:08:31] Bootstrap tree #878, logLikelihood: -692.348912
[00:08:32] Bootstrap tree #879, logLikelihood: -649.621312
[00:08:32] Bootstrap tree #880, logLikelihood: -603.889248
[00:08:33] Bootstrap tree #881, logLikelihood: -565.642240
[00:08:33] Bootstrap tree #882, logLikelihood: -497.455025
[00:08:34] Bootstrap tree #883, logLikelihood: -456.005328
[00:08:35] Bootstrap tree #884, logLikelihood: -513.106059
[00:08:35] Bootstrap tree #885, logLikelihood: -675.625959
[00:08:36] Bootstrap tree #886, logLikelihood: -446.686332
[00:08:36] Bootstrap tree #887, logLikelihood: -598.671380
[00:08:37] Bootstrap tree #888, logLikelihood: -495.289743
[00:08:37] Bootstrap tree #889, logLikelihood: -468.054075
[00:08:38] Bootstrap tree #890, logLikelihood: -626.119217
[00:08:39] Bootstrap tree #891, logLikelihood: -691.079776
[00:08:39] Bootstrap tree #892, logLikelihood: -520.182784
[00:08:40] Bootstrap tree #893, logLikelihood: -576.127872
[00:08:40] Bootstrap tree #894, logLikelihood: -670.173689
[00:08:41] Bootstrap tree #895, logLikelihood: -582.016342
[00:08:42] Bootstrap tree #896, logLikelihood: -595.132155
[00:08:42] Bootstrap tree #897, logLikelihood: -549.168301
[00:08:43] Bootstrap tree #898, logLikelihood: -617.292517
[00:08:44] Bootstrap tree #899, logLikelihood: -657.430957
[00:08:44] Bootstrap tree #900, logLikelihood: -432.915519
[00:08:45] Bootstrap tree #901, logLikelihood: -728.809292
[00:08:45] Bootstrap tree #902, logLikelihood: -515.905233
[00:08:46] Bootstrap tree #903, logLikelihood: -603.372289
[00:08:47] Bootstrap tree #904, logLikelihood: -521.537482
[00:08:47] Bootstrap tree #905, logLikelihood: -646.511627
[00:08:48] Bootstrap tree #906, logLikelihood: -613.937583
[00:08:48] Bootstrap tree #907, logLikelihood: -466.852172
[00:08:49] Bootstrap tree #908, logLikelihood: -490.595945
[00:08:50] Bootstrap tree #909, logLikelihood: -536.859568
[00:08:50] Bootstrap tree #910, logLikelihood: -501.788613
[00:08:51] Bootstrap tree #911, logLikelihood: -628.728985
[00:08:52] Bootstrap tree #912, logLikelihood: -560.576694
[00:08:52] Bootstrap tree #913, logLikelihood: -618.697956
[00:08:53] Bootstrap tree #914, logLikelihood: -658.272074
[00:08:54] Bootstrap tree #915, logLikelihood: -636.614710
[00:08:54] Bootstrap tree #916, logLikelihood: -547.852063
[00:08:55] Bootstrap tree #917, logLikelihood: -596.037365
[00:08:56] Bootstrap tree #918, logLikelihood: -661.277878
[00:08:56] Bootstrap tree #919, logLikelihood: -617.961401
[00:08:57] Bootstrap tree #920, logLikelihood: -693.983869
[00:08:58] Bootstrap tree #921, logLikelihood: -547.621301
[00:08:59] Bootstrap tree #922, logLikelihood: -594.338230
[00:08:59] Bootstrap tree #923, logLikelihood: -541.202170
[00:09:00] Bootstrap tree #924, logLikelihood: -629.309039
[00:09:00] Bootstrap tree #925, logLikelihood: -439.872578
[00:09:01] Bootstrap tree #926, logLikelihood: -612.660623
[00:09:02] Bootstrap tree #927, logLikelihood: -533.739807
[00:09:02] Bootstrap tree #928, logLikelihood: -602.962106
[00:09:03] Bootstrap tree #929, logLikelihood: -654.236334
[00:09:04] Bootstrap tree #930, logLikelihood: -665.121452
[00:09:05] Bootstrap tree #931, logLikelihood: -602.178933
[00:09:05] Bootstrap tree #932, logLikelihood: -495.763018
[00:09:06] Bootstrap tree #933, logLikelihood: -594.132681
[00:09:07] Bootstrap tree #934, logLikelihood: -613.708188
[00:09:07] Bootstrap tree #935, logLikelihood: -584.002817
[00:09:08] Bootstrap tree #936, logLikelihood: -549.939779
[00:09:09] Bootstrap tree #937, logLikelihood: -676.740085
[00:09:10] Bootstrap tree #938, logLikelihood: -694.023197
[00:09:10] Bootstrap tree #939, logLikelihood: -598.812850
[00:09:11] Bootstrap tree #940, logLikelihood: -562.029897
[00:09:12] Bootstrap tree #941, logLikelihood: -637.609884
[00:09:13] Bootstrap tree #942, logLikelihood: -548.649930
[00:09:13] Bootstrap tree #943, logLikelihood: -603.798661
[00:09:14] Bootstrap tree #944, logLikelihood: -479.277672
[00:09:15] Bootstrap tree #945, logLikelihood: -552.135361
[00:09:15] Bootstrap tree #946, logLikelihood: -641.238418
[00:09:16] Bootstrap tree #947, logLikelihood: -587.723923
[00:09:17] Bootstrap tree #948, logLikelihood: -718.769613
[00:09:17] Bootstrap tree #949, logLikelihood: -487.948671
[00:09:18] Bootstrap tree #950, logLikelihood: -535.082342
[00:09:19] Bootstrap tree #951, logLikelihood: -733.349846
[00:09:19] Bootstrap tree #952, logLikelihood: -603.900565
[00:09:20] Bootstrap tree #953, logLikelihood: -516.049340
[00:09:21] Bootstrap tree #954, logLikelihood: -668.237079
[00:09:21] Bootstrap tree #955, logLikelihood: -767.663754
[00:09:22] Bootstrap tree #956, logLikelihood: -570.614505
[00:09:22] Bootstrap tree #957, logLikelihood: -562.889481
[00:09:23] Bootstrap tree #958, logLikelihood: -523.671848
[00:09:24] Bootstrap tree #959, logLikelihood: -636.527798
[00:09:24] Bootstrap tree #960, logLikelihood: -594.544987
[00:09:25] Bootstrap tree #961, logLikelihood: -683.508380
[00:09:25] Bootstrap tree #962, logLikelihood: -513.847379
[00:09:26] Bootstrap tree #963, logLikelihood: -715.947688
[00:09:27] Bootstrap tree #964, logLikelihood: -424.269609
[00:09:27] Bootstrap tree #965, logLikelihood: -596.473555
[00:09:28] Bootstrap tree #966, logLikelihood: -539.328924
[00:09:29] Bootstrap tree #967, logLikelihood: -735.746949
[00:09:30] Bootstrap tree #968, logLikelihood: -558.036826
[00:09:30] Bootstrap tree #969, logLikelihood: -633.362442
[00:09:31] Bootstrap tree #970, logLikelihood: -630.411250
[00:09:32] Bootstrap tree #971, logLikelihood: -612.866211
[00:09:33] Bootstrap tree #972, logLikelihood: -578.358432
[00:09:33] Bootstrap tree #973, logLikelihood: -570.987331
[00:09:34] Bootstrap tree #974, logLikelihood: -556.574117
[00:09:35] Bootstrap tree #975, logLikelihood: -670.969873
[00:09:36] Bootstrap tree #976, logLikelihood: -512.976711
[00:09:36] Bootstrap tree #977, logLikelihood: -636.877483
[00:09:37] Bootstrap tree #978, logLikelihood: -623.997327
[00:09:38] Bootstrap tree #979, logLikelihood: -701.168371
[00:09:39] Bootstrap tree #980, logLikelihood: -614.197802
[00:09:39] Bootstrap tree #981, logLikelihood: -478.442096
[00:09:40] Bootstrap tree #982, logLikelihood: -546.017990
[00:09:41] Bootstrap tree #983, logLikelihood: -602.566650
[00:09:41] Bootstrap tree #984, logLikelihood: -575.759401
[00:09:42] Bootstrap tree #985, logLikelihood: -578.690129
[00:09:43] Bootstrap tree #986, logLikelihood: -606.737677
[00:09:44] Bootstrap tree #987, logLikelihood: -518.174049
[00:09:44] Bootstrap tree #988, logLikelihood: -514.737315
[00:09:45] Bootstrap tree #989, logLikelihood: -699.344740
[00:09:46] Bootstrap tree #990, logLikelihood: -550.769448
[00:09:46] Bootstrap tree #991, logLikelihood: -682.916396
[00:09:47] Bootstrap tree #992, logLikelihood: -734.854181
[00:09:48] Bootstrap tree #993, logLikelihood: -555.392260
[00:09:48] Bootstrap tree #994, logLikelihood: -620.941776
[00:09:49] Bootstrap tree #995, logLikelihood: -643.538978
[00:09:50] Bootstrap tree #996, logLikelihood: -667.392007
[00:09:51] Bootstrap tree #997, logLikelihood: -535.302695
[00:09:51] Bootstrap tree #998, logLikelihood: -670.401065
[00:09:52] Bootstrap tree #999, logLikelihood: -689.759567
[00:09:53] Bootstrap tree #1000, logLikelihood: -485.064954
Bootstrap trees saved to: /home/jmahguib/EEOB563-Spring2019/Final_Project/BootstrapPhysioProtossOG.raxml.bootstraps

Execution log saved to: /home/jmahguib/EEOB563-Spring2019/Final_Project/BootstrapPhysioProtossOG.raxml.log

Analysis started: 18-Apr-2019 04:40:52 / finished: 18-Apr-2019 04:50:46

Elapsed time: 593.158 seconds

