
RAxML-NG v. 0.8.0 BETA released on 11.01.2019 by The Exelixis Lab.
Authors: Alexey Kozlov, Alexandros Stamatakis, Diego Darriba, Tomas Flouri, Benoit Morel.
Latest version: https://github.com/amkozlov/raxml-ng
Questions/problems/suggestions? Please visit: https://groups.google.com/forum/#!forum/raxml

WARNING: This is a BETA release, please use at your own risk!

RAxML-NG was called at 18-Apr-2019 03:44:37 as follows:

raxml-ng --bootstrap --msa Tolkien_concat_align.txt --outgroup Zerg_OG,Tyranids_OG,Xenomorphs_OG --model MULTI8_MK --bs-trees 1000 --prefix BootstrapConcat --threads 1 --seed 2

Analysis options:
  run mode: Bootstrapping
  start tree(s): 
  bootstrap replicates: 1000
  random seed: 2
  tip-inner: OFF
  pattern compression: ON
  per-rate scalers: OFF
  site repeats: ON
  branch lengths: proportional (ML estimate, algorithm: NR-FAST)
  SIMD kernels: AVX
  parallelization: NONE/sequential

[00:00:00] Reading alignment from file: Tolkien_concat_align.txt
[00:00:00] Loaded alignment with 36 taxa and 70 sites

Alignment comprises 1 partitions and 68 patterns

Partition 0: noname
Model: MULTI8_MK
Alignment sites / patterns: 70 / 68
Gaps: 0.00 %
Invariant sites: 0.00 %


NOTE: Binary MSA file created: BootstrapConcat.raxml.rba

[00:00:00] Data distribution: max. partitions/sites/weight per thread: 1 / 68 / 544
[00:00:00] Starting bootstrapping analysis with 1000 replicates.

[00:00:01] Bootstrap tree #1, logLikelihood: -2236.520554
[00:00:02] Bootstrap tree #2, logLikelihood: -2522.483662
[00:00:03] Bootstrap tree #3, logLikelihood: -2523.169513
[00:00:04] Bootstrap tree #4, logLikelihood: -2590.202803
[00:00:05] Bootstrap tree #5, logLikelihood: -2283.370676
[00:00:07] Bootstrap tree #6, logLikelihood: -2259.143000
[00:00:08] Bootstrap tree #7, logLikelihood: -2640.911365
[00:00:10] Bootstrap tree #8, logLikelihood: -2403.537150
[00:00:11] Bootstrap tree #9, logLikelihood: -2377.000855
[00:00:12] Bootstrap tree #10, logLikelihood: -2454.384657
[00:00:13] Bootstrap tree #11, logLikelihood: -2291.004786
[00:00:15] Bootstrap tree #12, logLikelihood: -2443.743859
[00:00:16] Bootstrap tree #13, logLikelihood: -2277.360689
[00:00:17] Bootstrap tree #14, logLikelihood: -2434.559986
[00:00:18] Bootstrap tree #15, logLikelihood: -2457.917906
[00:00:20] Bootstrap tree #16, logLikelihood: -2303.989617
[00:00:21] Bootstrap tree #17, logLikelihood: -2604.732101
[00:00:22] Bootstrap tree #18, logLikelihood: -2550.376493
[00:00:23] Bootstrap tree #19, logLikelihood: -2340.210897
[00:00:24] Bootstrap tree #20, logLikelihood: -2557.585402
[00:00:26] Bootstrap tree #21, logLikelihood: -2477.771621
[00:00:28] Bootstrap tree #22, logLikelihood: -2490.340276
[00:00:29] Bootstrap tree #23, logLikelihood: -2295.266843
[00:00:30] Bootstrap tree #24, logLikelihood: -2426.815015
[00:00:32] Bootstrap tree #25, logLikelihood: -2360.827529
[00:00:33] Bootstrap tree #26, logLikelihood: -2443.200030
[00:00:34] Bootstrap tree #27, logLikelihood: -2398.255271
[00:00:35] Bootstrap tree #28, logLikelihood: -2433.364255
[00:00:36] Bootstrap tree #29, logLikelihood: -2341.119218
[00:00:37] Bootstrap tree #30, logLikelihood: -2527.441261
[00:00:38] Bootstrap tree #31, logLikelihood: -2550.921865
[00:00:40] Bootstrap tree #32, logLikelihood: -2494.853361
[00:00:41] Bootstrap tree #33, logLikelihood: -2578.767565
[00:00:43] Bootstrap tree #34, logLikelihood: -2361.477169
[00:00:44] Bootstrap tree #35, logLikelihood: -2513.879033
[00:00:45] Bootstrap tree #36, logLikelihood: -2542.959245
[00:00:46] Bootstrap tree #37, logLikelihood: -2502.617495
[00:00:48] Bootstrap tree #38, logLikelihood: -2353.485365
[00:00:49] Bootstrap tree #39, logLikelihood: -2516.351283
[00:00:50] Bootstrap tree #40, logLikelihood: -2550.718579
[00:00:51] Bootstrap tree #41, logLikelihood: -2388.363544
[00:00:53] Bootstrap tree #42, logLikelihood: -2458.671577
[00:00:54] Bootstrap tree #43, logLikelihood: -2622.750470
[00:00:55] Bootstrap tree #44, logLikelihood: -2537.185001
[00:00:56] Bootstrap tree #45, logLikelihood: -2464.367530
[00:00:58] Bootstrap tree #46, logLikelihood: -2586.844681
[00:00:59] Bootstrap tree #47, logLikelihood: -2442.202938
[00:01:00] Bootstrap tree #48, logLikelihood: -2402.633894
[00:01:01] Bootstrap tree #49, logLikelihood: -2641.588636
[00:01:03] Bootstrap tree #50, logLikelihood: -2395.553166
[00:01:04] Bootstrap tree #51, logLikelihood: -2305.551437
[00:01:05] Bootstrap tree #52, logLikelihood: -2637.333804
[00:01:06] Bootstrap tree #53, logLikelihood: -2397.773200
[00:01:08] Bootstrap tree #54, logLikelihood: -2184.585392
[00:01:09] Bootstrap tree #55, logLikelihood: -2406.660705
[00:01:09] Bootstrap tree #56, logLikelihood: -2481.079063
[00:01:11] Bootstrap tree #57, logLikelihood: -2332.029723
[00:01:12] Bootstrap tree #58, logLikelihood: -2618.226616
[00:01:13] Bootstrap tree #59, logLikelihood: -2394.605652
[00:01:14] Bootstrap tree #60, logLikelihood: -2400.910430
[00:01:15] Bootstrap tree #61, logLikelihood: -2367.442303
[00:01:16] Bootstrap tree #62, logLikelihood: -2481.162087
[00:01:17] Bootstrap tree #63, logLikelihood: -2480.758953
[00:01:18] Bootstrap tree #64, logLikelihood: -2583.085815
[00:01:19] Bootstrap tree #65, logLikelihood: -2506.748457
[00:01:20] Bootstrap tree #66, logLikelihood: -2477.142038
[00:01:21] Bootstrap tree #67, logLikelihood: -2573.589386
[00:01:24] Bootstrap tree #68, logLikelihood: -2394.372844
[00:01:25] Bootstrap tree #69, logLikelihood: -2411.720543
[00:01:26] Bootstrap tree #70, logLikelihood: -2284.778504
[00:01:27] Bootstrap tree #71, logLikelihood: -2626.679029
[00:01:29] Bootstrap tree #72, logLikelihood: -2494.281179
[00:01:30] Bootstrap tree #73, logLikelihood: -2381.287868
[00:01:32] Bootstrap tree #74, logLikelihood: -2475.544893
[00:01:32] Bootstrap tree #75, logLikelihood: -2333.287938
[00:01:34] Bootstrap tree #76, logLikelihood: -2475.309906
[00:01:35] Bootstrap tree #77, logLikelihood: -2490.090302
[00:01:36] Bootstrap tree #78, logLikelihood: -2431.887003
[00:01:37] Bootstrap tree #79, logLikelihood: -2485.878065
[00:01:38] Bootstrap tree #80, logLikelihood: -2637.974632
[00:01:39] Bootstrap tree #81, logLikelihood: -2186.944795
[00:01:41] Bootstrap tree #82, logLikelihood: -2265.756945
[00:01:42] Bootstrap tree #83, logLikelihood: -2474.642134
[00:01:43] Bootstrap tree #84, logLikelihood: -2344.623013
[00:01:44] Bootstrap tree #85, logLikelihood: -2359.410565
[00:01:45] Bootstrap tree #86, logLikelihood: -2728.559611
[00:01:46] Bootstrap tree #87, logLikelihood: -2493.455744
[00:01:48] Bootstrap tree #88, logLikelihood: -2329.503446
[00:01:49] Bootstrap tree #89, logLikelihood: -2453.030478
[00:01:50] Bootstrap tree #90, logLikelihood: -2369.542730
[00:01:52] Bootstrap tree #91, logLikelihood: -2297.932126
[00:01:53] Bootstrap tree #92, logLikelihood: -2541.632016
[00:01:54] Bootstrap tree #93, logLikelihood: -2610.966027
[00:01:55] Bootstrap tree #94, logLikelihood: -2270.126268
[00:01:56] Bootstrap tree #95, logLikelihood: -2666.446925
[00:01:57] Bootstrap tree #96, logLikelihood: -2312.108702
[00:01:58] Bootstrap tree #97, logLikelihood: -2399.304048
[00:01:59] Bootstrap tree #98, logLikelihood: -2533.486458
[00:02:01] Bootstrap tree #99, logLikelihood: -2432.877512
[00:02:02] Bootstrap tree #100, logLikelihood: -2447.738931
[00:02:03] Bootstrap tree #101, logLikelihood: -2473.569455
[00:02:05] Bootstrap tree #102, logLikelihood: -2460.479996
[00:02:06] Bootstrap tree #103, logLikelihood: -2434.161253
[00:02:08] Bootstrap tree #104, logLikelihood: -2410.183621
[00:02:10] Bootstrap tree #105, logLikelihood: -2584.858777
[00:02:11] Bootstrap tree #106, logLikelihood: -2317.950007
[00:02:12] Bootstrap tree #107, logLikelihood: -2297.786845
[00:02:13] Bootstrap tree #108, logLikelihood: -2618.064900
[00:02:15] Bootstrap tree #109, logLikelihood: -2418.181177
[00:02:16] Bootstrap tree #110, logLikelihood: -2607.827128
[00:02:18] Bootstrap tree #111, logLikelihood: -2251.744178
[00:02:19] Bootstrap tree #112, logLikelihood: -2497.405256
[00:02:20] Bootstrap tree #113, logLikelihood: -2471.056152
[00:02:22] Bootstrap tree #114, logLikelihood: -2433.420093
[00:02:23] Bootstrap tree #115, logLikelihood: -2276.807158
[00:02:25] Bootstrap tree #116, logLikelihood: -2613.123646
[00:02:26] Bootstrap tree #117, logLikelihood: -2570.426271
[00:02:27] Bootstrap tree #118, logLikelihood: -2556.953351
[00:02:28] Bootstrap tree #119, logLikelihood: -2331.266969
[00:02:29] Bootstrap tree #120, logLikelihood: -2366.287599
[00:02:31] Bootstrap tree #121, logLikelihood: -2669.434043
[00:02:32] Bootstrap tree #122, logLikelihood: -2542.195441
[00:02:33] Bootstrap tree #123, logLikelihood: -2430.344592
[00:02:35] Bootstrap tree #124, logLikelihood: -2521.638050
[00:02:36] Bootstrap tree #125, logLikelihood: -2537.190546
[00:02:37] Bootstrap tree #126, logLikelihood: -2211.719596
[00:02:38] Bootstrap tree #127, logLikelihood: -2197.200545
[00:02:39] Bootstrap tree #128, logLikelihood: -2340.252198
[00:02:40] Bootstrap tree #129, logLikelihood: -2354.965991
[00:02:41] Bootstrap tree #130, logLikelihood: -2546.155744
[00:02:42] Bootstrap tree #131, logLikelihood: -2376.836698
[00:02:44] Bootstrap tree #132, logLikelihood: -2432.048467
[00:02:45] Bootstrap tree #133, logLikelihood: -2312.463348
[00:02:47] Bootstrap tree #134, logLikelihood: -2532.901102
[00:02:48] Bootstrap tree #135, logLikelihood: -2510.761804
[00:02:49] Bootstrap tree #136, logLikelihood: -2518.326747
[00:02:50] Bootstrap tree #137, logLikelihood: -2505.211988
[00:02:51] Bootstrap tree #138, logLikelihood: -2711.376810
[00:02:52] Bootstrap tree #139, logLikelihood: -2143.489052
[00:02:53] Bootstrap tree #140, logLikelihood: -2210.891230
[00:02:55] Bootstrap tree #141, logLikelihood: -2478.730182
[00:02:56] Bootstrap tree #142, logLikelihood: -2597.512478
[00:02:57] Bootstrap tree #143, logLikelihood: -2415.852558
[00:02:58] Bootstrap tree #144, logLikelihood: -2574.370657
[00:03:00] Bootstrap tree #145, logLikelihood: -2565.108849
[00:03:01] Bootstrap tree #146, logLikelihood: -2206.156263
[00:03:02] Bootstrap tree #147, logLikelihood: -2347.099338
[00:03:04] Bootstrap tree #148, logLikelihood: -2239.696830
[00:03:06] Bootstrap tree #149, logLikelihood: -2463.221672
[00:03:07] Bootstrap tree #150, logLikelihood: -2567.769717
[00:03:08] Bootstrap tree #151, logLikelihood: -2573.173154
[00:03:09] Bootstrap tree #152, logLikelihood: -2599.927297
[00:03:10] Bootstrap tree #153, logLikelihood: -2437.741761
[00:03:13] Bootstrap tree #154, logLikelihood: -2535.988809
[00:03:14] Bootstrap tree #155, logLikelihood: -2624.179833
[00:03:15] Bootstrap tree #156, logLikelihood: -2491.007725
[00:03:16] Bootstrap tree #157, logLikelihood: -2469.663828
[00:03:17] Bootstrap tree #158, logLikelihood: -2408.660409
[00:03:18] Bootstrap tree #159, logLikelihood: -2388.215178
[00:03:19] Bootstrap tree #160, logLikelihood: -2357.045611
[00:03:20] Bootstrap tree #161, logLikelihood: -2171.096448
[00:03:21] Bootstrap tree #162, logLikelihood: -2576.960032
[00:03:22] Bootstrap tree #163, logLikelihood: -2470.220542
[00:03:24] Bootstrap tree #164, logLikelihood: -2522.109875
[00:03:25] Bootstrap tree #165, logLikelihood: -2499.978737
[00:03:26] Bootstrap tree #166, logLikelihood: -2417.582104
[00:03:27] Bootstrap tree #167, logLikelihood: -2262.745828
[00:03:29] Bootstrap tree #168, logLikelihood: -2351.778255
[00:03:30] Bootstrap tree #169, logLikelihood: -2391.900162
[00:03:31] Bootstrap tree #170, logLikelihood: -2499.697819
[00:03:32] Bootstrap tree #171, logLikelihood: -2494.586494
[00:03:34] Bootstrap tree #172, logLikelihood: -2685.466133
[00:03:35] Bootstrap tree #173, logLikelihood: -2588.295493
[00:03:36] Bootstrap tree #174, logLikelihood: -2409.306185
[00:03:37] Bootstrap tree #175, logLikelihood: -2413.260316
[00:03:39] Bootstrap tree #176, logLikelihood: -2561.424282
[00:03:40] Bootstrap tree #177, logLikelihood: -2660.378121
[00:03:41] Bootstrap tree #178, logLikelihood: -2403.608499
[00:03:42] Bootstrap tree #179, logLikelihood: -2576.573948
[00:03:44] Bootstrap tree #180, logLikelihood: -2534.584020
[00:03:45] Bootstrap tree #181, logLikelihood: -2384.927591
[00:03:46] Bootstrap tree #182, logLikelihood: -2365.370687
[00:03:48] Bootstrap tree #183, logLikelihood: -2422.349103
[00:03:49] Bootstrap tree #184, logLikelihood: -2246.150503
[00:03:51] Bootstrap tree #185, logLikelihood: -2640.249386
[00:03:53] Bootstrap tree #186, logLikelihood: -2596.921622
[00:03:55] Bootstrap tree #187, logLikelihood: -2643.349946
[00:03:56] Bootstrap tree #188, logLikelihood: -2324.646110
[00:03:57] Bootstrap tree #189, logLikelihood: -2522.442521
[00:03:58] Bootstrap tree #190, logLikelihood: -2461.055514
[00:03:59] Bootstrap tree #191, logLikelihood: -2355.009861
[00:04:01] Bootstrap tree #192, logLikelihood: -2395.459206
[00:04:02] Bootstrap tree #193, logLikelihood: -2290.115724
[00:04:03] Bootstrap tree #194, logLikelihood: -2596.549491
[00:04:04] Bootstrap tree #195, logLikelihood: -2416.295143
[00:04:05] Bootstrap tree #196, logLikelihood: -2407.623151
[00:04:06] Bootstrap tree #197, logLikelihood: -2444.815541
[00:04:08] Bootstrap tree #198, logLikelihood: -2655.545004
[00:04:09] Bootstrap tree #199, logLikelihood: -2301.695137
[00:04:11] Bootstrap tree #200, logLikelihood: -2462.734681
[00:04:12] Bootstrap tree #201, logLikelihood: -2635.605541
[00:04:14] Bootstrap tree #202, logLikelihood: -2629.843918
[00:04:16] Bootstrap tree #203, logLikelihood: -2377.818571
[00:04:16] Bootstrap tree #204, logLikelihood: -2469.135631
[00:04:17] Bootstrap tree #205, logLikelihood: -2502.394484
[00:04:18] Bootstrap tree #206, logLikelihood: -2260.173895
[00:04:19] Bootstrap tree #207, logLikelihood: -2370.769728
[00:04:21] Bootstrap tree #208, logLikelihood: -2550.098076
[00:04:22] Bootstrap tree #209, logLikelihood: -2357.480151
[00:04:24] Bootstrap tree #210, logLikelihood: -2560.413221
[00:04:25] Bootstrap tree #211, logLikelihood: -2512.000191
[00:04:26] Bootstrap tree #212, logLikelihood: -2422.980147
[00:04:27] Bootstrap tree #213, logLikelihood: -2528.322038
[00:04:28] Bootstrap tree #214, logLikelihood: -2294.719366
[00:04:29] Bootstrap tree #215, logLikelihood: -2531.252656
[00:04:30] Bootstrap tree #216, logLikelihood: -2402.319787
[00:04:32] Bootstrap tree #217, logLikelihood: -1977.533410
[00:04:34] Bootstrap tree #218, logLikelihood: -2681.234026
[00:04:35] Bootstrap tree #219, logLikelihood: -2577.365855
[00:04:37] Bootstrap tree #220, logLikelihood: -2404.217408
[00:04:38] Bootstrap tree #221, logLikelihood: -2496.024246
[00:04:39] Bootstrap tree #222, logLikelihood: -2444.995101
[00:04:40] Bootstrap tree #223, logLikelihood: -2477.807481
[00:04:41] Bootstrap tree #224, logLikelihood: -2485.928717
[00:04:43] Bootstrap tree #225, logLikelihood: -2585.831602
[00:04:44] Bootstrap tree #226, logLikelihood: -2428.616758
[00:04:45] Bootstrap tree #227, logLikelihood: -2580.310257
[00:04:47] Bootstrap tree #228, logLikelihood: -2523.238007
[00:04:48] Bootstrap tree #229, logLikelihood: -2603.364962
[00:04:50] Bootstrap tree #230, logLikelihood: -2595.567888
[00:04:52] Bootstrap tree #231, logLikelihood: -2445.987483
[00:04:54] Bootstrap tree #232, logLikelihood: -2339.382308
[00:04:55] Bootstrap tree #233, logLikelihood: -2458.260598
[00:04:57] Bootstrap tree #234, logLikelihood: -2536.187712
[00:04:58] Bootstrap tree #235, logLikelihood: -2593.789186
[00:05:01] Bootstrap tree #236, logLikelihood: -2441.211042
[00:05:02] Bootstrap tree #237, logLikelihood: -2456.382673
[00:05:03] Bootstrap tree #238, logLikelihood: -2447.025701
[00:05:04] Bootstrap tree #239, logLikelihood: -2468.937908
[00:05:06] Bootstrap tree #240, logLikelihood: -2585.125715
[00:05:07] Bootstrap tree #241, logLikelihood: -2712.695537
[00:05:08] Bootstrap tree #242, logLikelihood: -2613.131957
[00:05:09] Bootstrap tree #243, logLikelihood: -2484.692330
[00:05:10] Bootstrap tree #244, logLikelihood: -2227.070781
[00:05:12] Bootstrap tree #245, logLikelihood: -2250.960016
[00:05:13] Bootstrap tree #246, logLikelihood: -2440.648907
[00:05:14] Bootstrap tree #247, logLikelihood: -2273.607464
[00:05:14] Bootstrap tree #248, logLikelihood: -2332.608108
[00:05:16] Bootstrap tree #249, logLikelihood: -2436.855409
[00:05:17] Bootstrap tree #250, logLikelihood: -2540.545732
[00:05:19] Bootstrap tree #251, logLikelihood: -2605.373208
[00:05:21] Bootstrap tree #252, logLikelihood: -2347.280118
[00:05:22] Bootstrap tree #253, logLikelihood: -2398.695463
[00:05:23] Bootstrap tree #254, logLikelihood: -2564.425035
[00:05:24] Bootstrap tree #255, logLikelihood: -2519.936046
[00:05:25] Bootstrap tree #256, logLikelihood: -2295.669875
[00:05:26] Bootstrap tree #257, logLikelihood: -2548.654843
[00:05:28] Bootstrap tree #258, logLikelihood: -2605.634153
[00:05:29] Bootstrap tree #259, logLikelihood: -2556.407959
[00:05:31] Bootstrap tree #260, logLikelihood: -2369.309076
[00:05:32] Bootstrap tree #261, logLikelihood: -2414.679113
[00:05:34] Bootstrap tree #262, logLikelihood: -2554.245917
[00:05:35] Bootstrap tree #263, logLikelihood: -2594.564585
[00:05:36] Bootstrap tree #264, logLikelihood: -2160.560525
[00:05:37] Bootstrap tree #265, logLikelihood: -2425.860994
[00:05:39] Bootstrap tree #266, logLikelihood: -2461.392295
[00:05:40] Bootstrap tree #267, logLikelihood: -2436.055972
[00:05:41] Bootstrap tree #268, logLikelihood: -2645.617959
[00:05:42] Bootstrap tree #269, logLikelihood: -2591.039122
[00:05:44] Bootstrap tree #270, logLikelihood: -2457.859513
[00:05:45] Bootstrap tree #271, logLikelihood: -2422.687170
[00:05:46] Bootstrap tree #272, logLikelihood: -2495.146816
[00:05:47] Bootstrap tree #273, logLikelihood: -2190.612018
[00:05:48] Bootstrap tree #274, logLikelihood: -2164.930660
[00:05:49] Bootstrap tree #275, logLikelihood: -2386.352233
[00:05:51] Bootstrap tree #276, logLikelihood: -2194.630284
[00:05:52] Bootstrap tree #277, logLikelihood: -2526.416002
[00:05:53] Bootstrap tree #278, logLikelihood: -2469.405376
[00:05:55] Bootstrap tree #279, logLikelihood: -2744.461720
[00:05:55] Bootstrap tree #280, logLikelihood: -2490.546623
[00:05:57] Bootstrap tree #281, logLikelihood: -2441.983579
[00:05:58] Bootstrap tree #282, logLikelihood: -2587.987112
[00:05:59] Bootstrap tree #283, logLikelihood: -2462.241651
[00:06:00] Bootstrap tree #284, logLikelihood: -2619.055555
[00:06:02] Bootstrap tree #285, logLikelihood: -2314.662391
[00:06:03] Bootstrap tree #286, logLikelihood: -2642.838212
[00:06:05] Bootstrap tree #287, logLikelihood: -2368.781744
[00:06:06] Bootstrap tree #288, logLikelihood: -2351.340278
[00:06:07] Bootstrap tree #289, logLikelihood: -2412.083894
[00:06:08] Bootstrap tree #290, logLikelihood: -2398.980284
[00:06:10] Bootstrap tree #291, logLikelihood: -2391.644779
[00:06:12] Bootstrap tree #292, logLikelihood: -2495.646198
[00:06:13] Bootstrap tree #293, logLikelihood: -2514.684085
[00:06:14] Bootstrap tree #294, logLikelihood: -2391.111834
[00:06:16] Bootstrap tree #295, logLikelihood: -2401.195202
[00:06:17] Bootstrap tree #296, logLikelihood: -2537.522774
[00:06:18] Bootstrap tree #297, logLikelihood: -2424.803309
[00:06:21] Bootstrap tree #298, logLikelihood: -2405.333843
[00:06:22] Bootstrap tree #299, logLikelihood: -2351.257221
[00:06:23] Bootstrap tree #300, logLikelihood: -2581.169544
[00:06:24] Bootstrap tree #301, logLikelihood: -2595.441578
[00:06:24] Bootstrap tree #302, logLikelihood: -2298.960674
[00:06:25] Bootstrap tree #303, logLikelihood: -2426.609541
[00:06:27] Bootstrap tree #304, logLikelihood: -2405.853656
[00:06:28] Bootstrap tree #305, logLikelihood: -2478.814744
[00:06:29] Bootstrap tree #306, logLikelihood: -2395.610057
[00:06:31] Bootstrap tree #307, logLikelihood: -2413.318520
[00:06:32] Bootstrap tree #308, logLikelihood: -2453.875745
[00:06:33] Bootstrap tree #309, logLikelihood: -2617.909403
[00:06:34] Bootstrap tree #310, logLikelihood: -2559.938693
[00:06:35] Bootstrap tree #311, logLikelihood: -2595.371452
[00:06:36] Bootstrap tree #312, logLikelihood: -2532.223160
[00:06:38] Bootstrap tree #313, logLikelihood: -2346.279385
[00:06:39] Bootstrap tree #314, logLikelihood: -2551.140868
[00:06:41] Bootstrap tree #315, logLikelihood: -2525.445733
[00:06:42] Bootstrap tree #316, logLikelihood: -2590.796130
[00:06:43] Bootstrap tree #317, logLikelihood: -2429.564513
[00:06:46] Bootstrap tree #318, logLikelihood: -2374.565779
[00:06:47] Bootstrap tree #319, logLikelihood: -2318.575210
[00:06:48] Bootstrap tree #320, logLikelihood: -2537.363832
[00:06:50] Bootstrap tree #321, logLikelihood: -2487.142349
[00:06:51] Bootstrap tree #322, logLikelihood: -2624.179276
[00:06:53] Bootstrap tree #323, logLikelihood: -2337.039878
[00:06:54] Bootstrap tree #324, logLikelihood: -2656.888617
[00:06:55] Bootstrap tree #325, logLikelihood: -2414.691542
[00:06:56] Bootstrap tree #326, logLikelihood: -2662.976519
[00:06:58] Bootstrap tree #327, logLikelihood: -2475.350148
[00:07:00] Bootstrap tree #328, logLikelihood: -2460.315187
[00:07:01] Bootstrap tree #329, logLikelihood: -2216.985048
[00:07:02] Bootstrap tree #330, logLikelihood: -2397.288948
[00:07:03] Bootstrap tree #331, logLikelihood: -2417.151961
[00:07:04] Bootstrap tree #332, logLikelihood: -2489.895513
[00:07:05] Bootstrap tree #333, logLikelihood: -2407.846722
[00:07:06] Bootstrap tree #334, logLikelihood: -2541.874178
[00:07:08] Bootstrap tree #335, logLikelihood: -2365.756708
[00:07:09] Bootstrap tree #336, logLikelihood: -2473.981329
[00:07:10] Bootstrap tree #337, logLikelihood: -2464.596710
[00:07:11] Bootstrap tree #338, logLikelihood: -2536.384828
[00:07:12] Bootstrap tree #339, logLikelihood: -2694.120190
[00:07:13] Bootstrap tree #340, logLikelihood: -2407.424680
[00:07:15] Bootstrap tree #341, logLikelihood: -2519.279967
[00:07:16] Bootstrap tree #342, logLikelihood: -2403.680443
[00:07:17] Bootstrap tree #343, logLikelihood: -2478.898650
[00:07:18] Bootstrap tree #344, logLikelihood: -2549.523487
[00:07:20] Bootstrap tree #345, logLikelihood: -2456.562962
[00:07:22] Bootstrap tree #346, logLikelihood: -2405.058146
[00:07:23] Bootstrap tree #347, logLikelihood: -2554.141683
[00:07:25] Bootstrap tree #348, logLikelihood: -2505.811907
[00:07:26] Bootstrap tree #349, logLikelihood: -2271.413224
[00:07:27] Bootstrap tree #350, logLikelihood: -2437.344643
[00:07:28] Bootstrap tree #351, logLikelihood: -2408.531256
[00:07:29] Bootstrap tree #352, logLikelihood: -2538.964965
[00:07:30] Bootstrap tree #353, logLikelihood: -2531.898956
[00:07:31] Bootstrap tree #354, logLikelihood: -2657.820269
[00:07:32] Bootstrap tree #355, logLikelihood: -2408.075681
[00:07:33] Bootstrap tree #356, logLikelihood: -2416.129990
[00:07:34] Bootstrap tree #357, logLikelihood: -2378.889534
[00:07:35] Bootstrap tree #358, logLikelihood: -2442.269100
[00:07:36] Bootstrap tree #359, logLikelihood: -2384.358335
[00:07:37] Bootstrap tree #360, logLikelihood: -2480.558358
[00:07:39] Bootstrap tree #361, logLikelihood: -2372.539992
[00:07:40] Bootstrap tree #362, logLikelihood: -2492.060488
[00:07:41] Bootstrap tree #363, logLikelihood: -2470.377819
[00:07:43] Bootstrap tree #364, logLikelihood: -2449.515794
[00:07:45] Bootstrap tree #365, logLikelihood: -2378.563562
[00:07:47] Bootstrap tree #366, logLikelihood: -2635.078157
[00:07:48] Bootstrap tree #367, logLikelihood: -2535.940074
[00:07:49] Bootstrap tree #368, logLikelihood: -2423.665199
[00:07:51] Bootstrap tree #369, logLikelihood: -2617.278162
[00:07:53] Bootstrap tree #370, logLikelihood: -2675.015522
[00:07:54] Bootstrap tree #371, logLikelihood: -2379.566256
[00:07:55] Bootstrap tree #372, logLikelihood: -2544.283425
[00:07:57] Bootstrap tree #373, logLikelihood: -2536.650412
[00:07:58] Bootstrap tree #374, logLikelihood: -2426.797539
[00:07:59] Bootstrap tree #375, logLikelihood: -2428.395436
[00:08:01] Bootstrap tree #376, logLikelihood: -2536.261054
[00:08:02] Bootstrap tree #377, logLikelihood: -2551.626029
[00:08:03] Bootstrap tree #378, logLikelihood: -2708.255960
[00:08:05] Bootstrap tree #379, logLikelihood: -2373.702653
[00:08:06] Bootstrap tree #380, logLikelihood: -2573.000118
[00:08:07] Bootstrap tree #381, logLikelihood: -2596.023872
[00:08:08] Bootstrap tree #382, logLikelihood: -2375.037347
[00:08:09] Bootstrap tree #383, logLikelihood: -2545.667668
[00:08:11] Bootstrap tree #384, logLikelihood: -2603.579508
[00:08:12] Bootstrap tree #385, logLikelihood: -2588.508905
[00:08:13] Bootstrap tree #386, logLikelihood: -2483.527668
[00:08:14] Bootstrap tree #387, logLikelihood: -2607.744078
[00:08:16] Bootstrap tree #388, logLikelihood: -2595.313948
[00:08:17] Bootstrap tree #389, logLikelihood: -2398.098013
[00:08:19] Bootstrap tree #390, logLikelihood: -2734.265981
[00:08:22] Bootstrap tree #391, logLikelihood: -2486.290767
[00:08:23] Bootstrap tree #392, logLikelihood: -2497.869305
[00:08:25] Bootstrap tree #393, logLikelihood: -2762.746316
[00:08:26] Bootstrap tree #394, logLikelihood: -2437.150001
[00:08:27] Bootstrap tree #395, logLikelihood: -2399.101267
[00:08:28] Bootstrap tree #396, logLikelihood: -2708.290127
[00:08:30] Bootstrap tree #397, logLikelihood: -2510.031053
[00:08:31] Bootstrap tree #398, logLikelihood: -2373.643896
[00:08:32] Bootstrap tree #399, logLikelihood: -2628.079747
[00:08:33] Bootstrap tree #400, logLikelihood: -2229.479235
[00:08:35] Bootstrap tree #401, logLikelihood: -2498.007291
[00:08:36] Bootstrap tree #402, logLikelihood: -2414.197794
[00:08:38] Bootstrap tree #403, logLikelihood: -2505.495155
[00:08:39] Bootstrap tree #404, logLikelihood: -2554.086610
[00:08:41] Bootstrap tree #405, logLikelihood: -2564.695299
[00:08:43] Bootstrap tree #406, logLikelihood: -2557.505294
[00:08:44] Bootstrap tree #407, logLikelihood: -2405.177748
[00:08:45] Bootstrap tree #408, logLikelihood: -2476.629869
[00:08:46] Bootstrap tree #409, logLikelihood: -2441.157112
[00:08:49] Bootstrap tree #410, logLikelihood: -2407.172747
[00:08:50] Bootstrap tree #411, logLikelihood: -2498.307951
[00:08:52] Bootstrap tree #412, logLikelihood: -2317.580717
[00:08:53] Bootstrap tree #413, logLikelihood: -2407.309166
[00:08:54] Bootstrap tree #414, logLikelihood: -2513.667762
[00:08:56] Bootstrap tree #415, logLikelihood: -2388.083964
[00:08:57] Bootstrap tree #416, logLikelihood: -2348.061412
[00:08:59] Bootstrap tree #417, logLikelihood: -2605.490754
[00:08:59] Bootstrap tree #418, logLikelihood: -2598.693198
[00:09:00] Bootstrap tree #419, logLikelihood: -2232.341403
[00:09:02] Bootstrap tree #420, logLikelihood: -2529.733674
[00:09:03] Bootstrap tree #421, logLikelihood: -2582.288718
[00:09:05] Bootstrap tree #422, logLikelihood: -2452.162759
[00:09:06] Bootstrap tree #423, logLikelihood: -2485.222910
[00:09:07] Bootstrap tree #424, logLikelihood: -2703.585713
[00:09:08] Bootstrap tree #425, logLikelihood: -2557.473950
[00:09:10] Bootstrap tree #426, logLikelihood: -2589.879973
[00:09:11] Bootstrap tree #427, logLikelihood: -2614.065737
[00:09:12] Bootstrap tree #428, logLikelihood: -2697.614864
[00:09:13] Bootstrap tree #429, logLikelihood: -2496.981063
[00:09:14] Bootstrap tree #430, logLikelihood: -2612.952237
[00:09:16] Bootstrap tree #431, logLikelihood: -2467.517740
[00:09:17] Bootstrap tree #432, logLikelihood: -2497.778976
[00:09:18] Bootstrap tree #433, logLikelihood: -2723.824235
[00:09:20] Bootstrap tree #434, logLikelihood: -2613.421557
[00:09:21] Bootstrap tree #435, logLikelihood: -2533.580571
[00:09:23] Bootstrap tree #436, logLikelihood: -2474.594244
[00:09:24] Bootstrap tree #437, logLikelihood: -2465.418459
[00:09:25] Bootstrap tree #438, logLikelihood: -2666.560173
[00:09:27] Bootstrap tree #439, logLikelihood: -2545.565558
[00:09:28] Bootstrap tree #440, logLikelihood: -2402.504966
[00:09:30] Bootstrap tree #441, logLikelihood: -2213.939388
[00:09:32] Bootstrap tree #442, logLikelihood: -2392.017701
[00:09:35] Bootstrap tree #443, logLikelihood: -2555.339022
[00:09:36] Bootstrap tree #444, logLikelihood: -2458.628760
[00:09:38] Bootstrap tree #445, logLikelihood: -2525.042415
[00:09:39] Bootstrap tree #446, logLikelihood: -2282.307099
[00:09:40] Bootstrap tree #447, logLikelihood: -2333.208399
[00:09:42] Bootstrap tree #448, logLikelihood: -2448.723730
[00:09:43] Bootstrap tree #449, logLikelihood: -2385.652597
[00:09:44] Bootstrap tree #450, logLikelihood: -2433.686106
[00:09:45] Bootstrap tree #451, logLikelihood: -2402.204879
[00:09:45] Bootstrap tree #452, logLikelihood: -2332.422414
[00:09:47] Bootstrap tree #453, logLikelihood: -2650.694431
[00:09:49] Bootstrap tree #454, logLikelihood: -2522.741311
[00:09:49] Bootstrap tree #455, logLikelihood: -2273.765124
[00:09:51] Bootstrap tree #456, logLikelihood: -2493.621100
[00:09:53] Bootstrap tree #457, logLikelihood: -2549.321606
[00:09:54] Bootstrap tree #458, logLikelihood: -2525.492528
[00:09:56] Bootstrap tree #459, logLikelihood: -2516.287961
[00:09:57] Bootstrap tree #460, logLikelihood: -2360.141844
[00:09:58] Bootstrap tree #461, logLikelihood: -2305.744307
[00:09:59] Bootstrap tree #462, logLikelihood: -2432.657646
[00:10:01] Bootstrap tree #463, logLikelihood: -2723.751679
[00:10:02] Bootstrap tree #464, logLikelihood: -2590.596951
[00:10:03] Bootstrap tree #465, logLikelihood: -2275.248721
[00:10:04] Bootstrap tree #466, logLikelihood: -2427.758938
[00:10:05] Bootstrap tree #467, logLikelihood: -2405.660874
[00:10:06] Bootstrap tree #468, logLikelihood: -2571.005817
[00:10:08] Bootstrap tree #469, logLikelihood: -2234.453929
[00:10:09] Bootstrap tree #470, logLikelihood: -2532.557737
[00:10:10] Bootstrap tree #471, logLikelihood: -2408.211560
[00:10:12] Bootstrap tree #472, logLikelihood: -2533.143669
[00:10:13] Bootstrap tree #473, logLikelihood: -2438.599585
[00:10:14] Bootstrap tree #474, logLikelihood: -2677.097808
[00:10:15] Bootstrap tree #475, logLikelihood: -2599.196334
[00:10:17] Bootstrap tree #476, logLikelihood: -2414.145790
[00:10:18] Bootstrap tree #477, logLikelihood: -2450.989661
[00:10:19] Bootstrap tree #478, logLikelihood: -2237.542264
[00:10:21] Bootstrap tree #479, logLikelihood: -2524.676285
[00:10:22] Bootstrap tree #480, logLikelihood: -2364.604344
[00:10:24] Bootstrap tree #481, logLikelihood: -2600.977014
[00:10:25] Bootstrap tree #482, logLikelihood: -2531.627455
[00:10:26] Bootstrap tree #483, logLikelihood: -2461.309855
[00:10:28] Bootstrap tree #484, logLikelihood: -2574.141980
[00:10:30] Bootstrap tree #485, logLikelihood: -2441.620207
[00:10:32] Bootstrap tree #486, logLikelihood: -2550.692168
[00:10:34] Bootstrap tree #487, logLikelihood: -2507.643336
[00:10:35] Bootstrap tree #488, logLikelihood: -2481.486265
[00:10:36] Bootstrap tree #489, logLikelihood: -2639.098590
[00:10:39] Bootstrap tree #490, logLikelihood: -2627.864412
[00:10:40] Bootstrap tree #491, logLikelihood: -2605.066366
[00:10:42] Bootstrap tree #492, logLikelihood: -2356.525934
[00:10:43] Bootstrap tree #493, logLikelihood: -2564.206616
[00:10:44] Bootstrap tree #494, logLikelihood: -2442.585174
[00:10:47] Bootstrap tree #495, logLikelihood: -2365.304971
[00:10:48] Bootstrap tree #496, logLikelihood: -2537.378990
[00:10:49] Bootstrap tree #497, logLikelihood: -2188.388591
[00:10:51] Bootstrap tree #498, logLikelihood: -2489.035040
[00:10:52] Bootstrap tree #499, logLikelihood: -2464.713386
[00:10:53] Bootstrap tree #500, logLikelihood: -2578.561755
[00:10:54] Bootstrap tree #501, logLikelihood: -2439.390566
[00:10:55] Bootstrap tree #502, logLikelihood: -2542.411700
[00:10:57] Bootstrap tree #503, logLikelihood: -2481.897314
[00:10:58] Bootstrap tree #504, logLikelihood: -2333.785587
[00:10:59] Bootstrap tree #505, logLikelihood: -2573.644192
[00:11:00] Bootstrap tree #506, logLikelihood: -2641.841347
[00:11:01] Bootstrap tree #507, logLikelihood: -2154.409258
[00:11:02] Bootstrap tree #508, logLikelihood: -2445.839727
[00:11:04] Bootstrap tree #509, logLikelihood: -2806.539122
[00:11:05] Bootstrap tree #510, logLikelihood: -2462.072188
[00:11:06] Bootstrap tree #511, logLikelihood: -2488.247624
[00:11:07] Bootstrap tree #512, logLikelihood: -2522.768838
[00:11:09] Bootstrap tree #513, logLikelihood: -2520.847965
[00:11:10] Bootstrap tree #514, logLikelihood: -2395.211568
[00:11:11] Bootstrap tree #515, logLikelihood: -2352.863915
[00:11:12] Bootstrap tree #516, logLikelihood: -2469.693056
[00:11:13] Bootstrap tree #517, logLikelihood: -2407.178582
[00:11:14] Bootstrap tree #518, logLikelihood: -2445.592823
[00:11:15] Bootstrap tree #519, logLikelihood: -2380.939693
[00:11:16] Bootstrap tree #520, logLikelihood: -2494.087785
[00:11:19] Bootstrap tree #521, logLikelihood: -2581.262466
[00:11:20] Bootstrap tree #522, logLikelihood: -2588.268712
[00:11:21] Bootstrap tree #523, logLikelihood: -2545.031424
[00:11:22] Bootstrap tree #524, logLikelihood: -2402.070522
[00:11:24] Bootstrap tree #525, logLikelihood: -2443.824232
[00:11:25] Bootstrap tree #526, logLikelihood: -2332.635618
[00:11:27] Bootstrap tree #527, logLikelihood: -2691.736514
[00:11:28] Bootstrap tree #528, logLikelihood: -2455.677932
[00:11:30] Bootstrap tree #529, logLikelihood: -2501.523538
[00:11:31] Bootstrap tree #530, logLikelihood: -2557.600153
[00:11:33] Bootstrap tree #531, logLikelihood: -2380.858395
[00:11:34] Bootstrap tree #532, logLikelihood: -2320.839017
[00:11:36] Bootstrap tree #533, logLikelihood: -2438.503312
[00:11:37] Bootstrap tree #534, logLikelihood: -2370.870909
[00:11:39] Bootstrap tree #535, logLikelihood: -2500.935681
[00:11:40] Bootstrap tree #536, logLikelihood: -2481.005341
[00:11:42] Bootstrap tree #537, logLikelihood: -2372.915772
[00:11:43] Bootstrap tree #538, logLikelihood: -2451.508436
[00:11:44] Bootstrap tree #539, logLikelihood: -2407.345482
[00:11:46] Bootstrap tree #540, logLikelihood: -2469.710023
[00:11:47] Bootstrap tree #541, logLikelihood: -2522.084186
[00:11:48] Bootstrap tree #542, logLikelihood: -2558.896634
[00:11:49] Bootstrap tree #543, logLikelihood: -2395.830741
[00:11:51] Bootstrap tree #544, logLikelihood: -2494.032767
[00:11:52] Bootstrap tree #545, logLikelihood: -2639.321622
[00:11:53] Bootstrap tree #546, logLikelihood: -2375.304781
[00:11:55] Bootstrap tree #547, logLikelihood: -2427.136541
[00:11:56] Bootstrap tree #548, logLikelihood: -2623.565422
[00:11:57] Bootstrap tree #549, logLikelihood: -2534.589596
[00:11:58] Bootstrap tree #550, logLikelihood: -2604.844479
[00:11:59] Bootstrap tree #551, logLikelihood: -2472.292886
[00:12:01] Bootstrap tree #552, logLikelihood: -2469.339204
[00:12:02] Bootstrap tree #553, logLikelihood: -2453.985979
[00:12:04] Bootstrap tree #554, logLikelihood: -2489.574660
[00:12:05] Bootstrap tree #555, logLikelihood: -2687.767015
[00:12:06] Bootstrap tree #556, logLikelihood: -2569.584755
[00:12:07] Bootstrap tree #557, logLikelihood: -2434.147696
[00:12:09] Bootstrap tree #558, logLikelihood: -2533.261618
[00:12:11] Bootstrap tree #559, logLikelihood: -2497.269748
[00:12:12] Bootstrap tree #560, logLikelihood: -2458.436488
[00:12:13] Bootstrap tree #561, logLikelihood: -2584.818064
[00:12:15] Bootstrap tree #562, logLikelihood: -2603.474999
[00:12:16] Bootstrap tree #563, logLikelihood: -2487.010870
[00:12:18] Bootstrap tree #564, logLikelihood: -2478.622393
[00:12:19] Bootstrap tree #565, logLikelihood: -2517.200951
[00:12:20] Bootstrap tree #566, logLikelihood: -2411.185965
[00:12:22] Bootstrap tree #567, logLikelihood: -2497.746543
[00:12:23] Bootstrap tree #568, logLikelihood: -2398.377152
[00:12:24] Bootstrap tree #569, logLikelihood: -2328.113783
[00:12:25] Bootstrap tree #570, logLikelihood: -2382.831724
[00:12:26] Bootstrap tree #571, logLikelihood: -2500.829134
[00:12:28] Bootstrap tree #572, logLikelihood: -2339.636124
[00:12:29] Bootstrap tree #573, logLikelihood: -2594.554844
[00:12:31] Bootstrap tree #574, logLikelihood: -2422.672048
[00:12:32] Bootstrap tree #575, logLikelihood: -2416.943340
[00:12:33] Bootstrap tree #576, logLikelihood: -2371.743607
[00:12:34] Bootstrap tree #577, logLikelihood: -2396.916793
[00:12:35] Bootstrap tree #578, logLikelihood: -2227.889040
[00:12:37] Bootstrap tree #579, logLikelihood: -2164.806253
[00:12:38] Bootstrap tree #580, logLikelihood: -2539.916291
[00:12:40] Bootstrap tree #581, logLikelihood: -2549.379306
[00:12:41] Bootstrap tree #582, logLikelihood: -2592.634949
[00:12:43] Bootstrap tree #583, logLikelihood: -2416.437493
[00:12:44] Bootstrap tree #584, logLikelihood: -2505.891256
[00:12:45] Bootstrap tree #585, logLikelihood: -2683.051145
[00:12:47] Bootstrap tree #586, logLikelihood: -2539.886691
[00:12:48] Bootstrap tree #587, logLikelihood: -2446.052238
[00:12:49] Bootstrap tree #588, logLikelihood: -2537.114977
[00:12:50] Bootstrap tree #589, logLikelihood: -2566.474327
[00:12:52] Bootstrap tree #590, logLikelihood: -2549.912796
[00:12:54] Bootstrap tree #591, logLikelihood: -2524.140904
[00:12:55] Bootstrap tree #592, logLikelihood: -2696.313933
[00:12:56] Bootstrap tree #593, logLikelihood: -2392.208945
[00:12:57] Bootstrap tree #594, logLikelihood: -2531.796105
[00:12:58] Bootstrap tree #595, logLikelihood: -2571.401422
[00:12:59] Bootstrap tree #596, logLikelihood: -2537.306088
[00:13:01] Bootstrap tree #597, logLikelihood: -2662.841961
[00:13:02] Bootstrap tree #598, logLikelihood: -2593.804597
[00:13:03] Bootstrap tree #599, logLikelihood: -2514.950824
[00:13:06] Bootstrap tree #600, logLikelihood: -2536.589056
[00:13:07] Bootstrap tree #601, logLikelihood: -2392.147123
[00:13:09] Bootstrap tree #602, logLikelihood: -2504.656358
[00:13:11] Bootstrap tree #603, logLikelihood: -2466.341652
[00:13:12] Bootstrap tree #604, logLikelihood: -2596.533294
[00:13:13] Bootstrap tree #605, logLikelihood: -2452.972759
[00:13:14] Bootstrap tree #606, logLikelihood: -2370.366108
[00:13:15] Bootstrap tree #607, logLikelihood: -2460.274111
[00:13:17] Bootstrap tree #608, logLikelihood: -2404.606250
[00:13:18] Bootstrap tree #609, logLikelihood: -2506.777754
[00:13:19] Bootstrap tree #610, logLikelihood: -2569.964787
[00:13:20] Bootstrap tree #611, logLikelihood: -2606.631145
[00:13:22] Bootstrap tree #612, logLikelihood: -2472.930221
[00:13:23] Bootstrap tree #613, logLikelihood: -2495.981202
[00:13:24] Bootstrap tree #614, logLikelihood: -2446.850324
[00:13:25] Bootstrap tree #615, logLikelihood: -2527.103366
[00:13:26] Bootstrap tree #616, logLikelihood: -2660.552269
[00:13:28] Bootstrap tree #617, logLikelihood: -2402.115346
[00:13:29] Bootstrap tree #618, logLikelihood: -2391.167366
[00:13:31] Bootstrap tree #619, logLikelihood: -2489.244420
[00:13:32] Bootstrap tree #620, logLikelihood: -2339.239783
[00:13:33] Bootstrap tree #621, logLikelihood: -2453.255843
[00:13:34] Bootstrap tree #622, logLikelihood: -2458.938105
[00:13:36] Bootstrap tree #623, logLikelihood: -2550.398081
[00:13:38] Bootstrap tree #624, logLikelihood: -2615.370983
[00:13:39] Bootstrap tree #625, logLikelihood: -2411.956301
[00:13:40] Bootstrap tree #626, logLikelihood: -2404.826401
[00:13:42] Bootstrap tree #627, logLikelihood: -2418.785103
[00:13:44] Bootstrap tree #628, logLikelihood: -2618.060219
[00:13:45] Bootstrap tree #629, logLikelihood: -2448.844765
[00:13:46] Bootstrap tree #630, logLikelihood: -2435.911499
[00:13:47] Bootstrap tree #631, logLikelihood: -2402.759823
[00:13:48] Bootstrap tree #632, logLikelihood: -2588.316385
[00:13:49] Bootstrap tree #633, logLikelihood: -2534.375022
[00:13:52] Bootstrap tree #634, logLikelihood: -2410.219289
[00:13:54] Bootstrap tree #635, logLikelihood: -2294.542768
[00:13:55] Bootstrap tree #636, logLikelihood: -2214.228012
[00:13:56] Bootstrap tree #637, logLikelihood: -2479.095295
[00:13:57] Bootstrap tree #638, logLikelihood: -2546.667153
[00:13:59] Bootstrap tree #639, logLikelihood: -2451.932744
[00:14:00] Bootstrap tree #640, logLikelihood: -2341.377891
[00:14:02] Bootstrap tree #641, logLikelihood: -2408.888280
[00:14:03] Bootstrap tree #642, logLikelihood: -2329.334347
[00:14:04] Bootstrap tree #643, logLikelihood: -2276.326342
[00:14:06] Bootstrap tree #644, logLikelihood: -2476.565046
[00:14:07] Bootstrap tree #645, logLikelihood: -2372.630012
[00:14:08] Bootstrap tree #646, logLikelihood: -2473.955212
[00:14:09] Bootstrap tree #647, logLikelihood: -2483.317460
[00:14:11] Bootstrap tree #648, logLikelihood: -2400.831416
[00:14:13] Bootstrap tree #649, logLikelihood: -2567.095299
[00:14:14] Bootstrap tree #650, logLikelihood: -2348.929237
[00:14:15] Bootstrap tree #651, logLikelihood: -2380.053698
[00:14:16] Bootstrap tree #652, logLikelihood: -2544.526605
[00:14:17] Bootstrap tree #653, logLikelihood: -2368.708957
[00:14:18] Bootstrap tree #654, logLikelihood: -2612.102608
[00:14:20] Bootstrap tree #655, logLikelihood: -2450.146438
[00:14:21] Bootstrap tree #656, logLikelihood: -2614.913598
[00:14:23] Bootstrap tree #657, logLikelihood: -2319.196210
[00:14:24] Bootstrap tree #658, logLikelihood: -2588.462366
[00:14:25] Bootstrap tree #659, logLikelihood: -2363.249130
[00:14:27] Bootstrap tree #660, logLikelihood: -2323.358097
[00:14:28] Bootstrap tree #661, logLikelihood: -2342.933410
[00:14:29] Bootstrap tree #662, logLikelihood: -2490.087313
[00:14:31] Bootstrap tree #663, logLikelihood: -2377.253687
[00:14:32] Bootstrap tree #664, logLikelihood: -2593.943276
[00:14:33] Bootstrap tree #665, logLikelihood: -2409.926984
[00:14:35] Bootstrap tree #666, logLikelihood: -2500.538411
[00:14:36] Bootstrap tree #667, logLikelihood: -2523.066364
[00:14:38] Bootstrap tree #668, logLikelihood: -2456.271335
[00:14:39] Bootstrap tree #669, logLikelihood: -2389.960033
[00:14:40] Bootstrap tree #670, logLikelihood: -2448.598788
[00:14:42] Bootstrap tree #671, logLikelihood: -2548.672485
[00:14:43] Bootstrap tree #672, logLikelihood: -2606.157947
[00:14:45] Bootstrap tree #673, logLikelihood: -2231.743255
[00:14:46] Bootstrap tree #674, logLikelihood: -2455.376731
[00:14:47] Bootstrap tree #675, logLikelihood: -2568.873860
[00:14:49] Bootstrap tree #676, logLikelihood: -2464.282697
[00:14:50] Bootstrap tree #677, logLikelihood: -2505.485358
[00:14:51] Bootstrap tree #678, logLikelihood: -2614.668553
[00:14:53] Bootstrap tree #679, logLikelihood: -2434.830573
[00:14:55] Bootstrap tree #680, logLikelihood: -2555.627540
[00:14:56] Bootstrap tree #681, logLikelihood: -2597.006575
[00:14:58] Bootstrap tree #682, logLikelihood: -2403.766968
[00:15:00] Bootstrap tree #683, logLikelihood: -2646.980730
[00:15:01] Bootstrap tree #684, logLikelihood: -2436.675886
[00:15:03] Bootstrap tree #685, logLikelihood: -2388.461948
[00:15:04] Bootstrap tree #686, logLikelihood: -2492.914767
[00:15:05] Bootstrap tree #687, logLikelihood: -2583.649438
[00:15:07] Bootstrap tree #688, logLikelihood: -2486.205102
[00:15:09] Bootstrap tree #689, logLikelihood: -2632.354522
[00:15:10] Bootstrap tree #690, logLikelihood: -2373.088417
[00:15:11] Bootstrap tree #691, logLikelihood: -2500.610208
[00:15:13] Bootstrap tree #692, logLikelihood: -2406.444868
[00:15:14] Bootstrap tree #693, logLikelihood: -2327.443778
[00:15:15] Bootstrap tree #694, logLikelihood: -2785.784072
[00:15:16] Bootstrap tree #695, logLikelihood: -2629.372077
[00:15:18] Bootstrap tree #696, logLikelihood: -2355.072413
[00:15:19] Bootstrap tree #697, logLikelihood: -2564.153687
[00:15:21] Bootstrap tree #698, logLikelihood: -2356.775177
[00:15:22] Bootstrap tree #699, logLikelihood: -2473.303224
[00:15:23] Bootstrap tree #700, logLikelihood: -2308.191590
[00:15:24] Bootstrap tree #701, logLikelihood: -2312.412100
[00:15:27] Bootstrap tree #702, logLikelihood: -2538.680047
[00:15:28] Bootstrap tree #703, logLikelihood: -2642.671419
[00:15:30] Bootstrap tree #704, logLikelihood: -2666.007952
[00:15:31] Bootstrap tree #705, logLikelihood: -2349.889877
[00:15:32] Bootstrap tree #706, logLikelihood: -2527.281022
[00:15:35] Bootstrap tree #707, logLikelihood: -2506.324484
[00:15:36] Bootstrap tree #708, logLikelihood: -2512.256498
[00:15:37] Bootstrap tree #709, logLikelihood: -2383.960797
[00:15:38] Bootstrap tree #710, logLikelihood: -2496.490053
[00:15:40] Bootstrap tree #711, logLikelihood: -2591.587399
[00:15:41] Bootstrap tree #712, logLikelihood: -2259.982274
[00:15:43] Bootstrap tree #713, logLikelihood: -2399.767792
[00:15:44] Bootstrap tree #714, logLikelihood: -2599.864697
[00:15:46] Bootstrap tree #715, logLikelihood: -2575.263200
[00:15:48] Bootstrap tree #716, logLikelihood: -2467.744660
[00:15:50] Bootstrap tree #717, logLikelihood: -2404.486076
[00:15:51] Bootstrap tree #718, logLikelihood: -2308.863855
[00:15:52] Bootstrap tree #719, logLikelihood: -2421.552225
[00:15:53] Bootstrap tree #720, logLikelihood: -2542.554560
[00:15:54] Bootstrap tree #721, logLikelihood: -2420.020804
[00:15:57] Bootstrap tree #722, logLikelihood: -2692.765336
[00:15:58] Bootstrap tree #723, logLikelihood: -2342.966581
[00:15:59] Bootstrap tree #724, logLikelihood: -2375.246830
[00:16:00] Bootstrap tree #725, logLikelihood: -2566.825340
[00:16:02] Bootstrap tree #726, logLikelihood: -2537.266823
[00:16:04] Bootstrap tree #727, logLikelihood: -2397.235171
[00:16:05] Bootstrap tree #728, logLikelihood: -2338.229526
[00:16:07] Bootstrap tree #729, logLikelihood: -2461.265669
[00:16:09] Bootstrap tree #730, logLikelihood: -2489.704429
[00:16:10] Bootstrap tree #731, logLikelihood: -2302.447005
[00:16:11] Bootstrap tree #732, logLikelihood: -2676.064554
[00:16:13] Bootstrap tree #733, logLikelihood: -2319.024289
[00:16:15] Bootstrap tree #734, logLikelihood: -2494.667058
[00:16:16] Bootstrap tree #735, logLikelihood: -2467.554292
[00:16:17] Bootstrap tree #736, logLikelihood: -2318.615948
[00:16:19] Bootstrap tree #737, logLikelihood: -2403.666739
[00:16:20] Bootstrap tree #738, logLikelihood: -2466.303730
[00:16:21] Bootstrap tree #739, logLikelihood: -2364.563018
[00:16:23] Bootstrap tree #740, logLikelihood: -2575.767670
[00:16:24] Bootstrap tree #741, logLikelihood: -2366.171436
[00:16:25] Bootstrap tree #742, logLikelihood: -2531.056036
[00:16:26] Bootstrap tree #743, logLikelihood: -2529.727635
[00:16:27] Bootstrap tree #744, logLikelihood: -2682.859286
[00:16:28] Bootstrap tree #745, logLikelihood: -2434.840285
[00:16:31] Bootstrap tree #746, logLikelihood: -2585.842343
[00:16:32] Bootstrap tree #747, logLikelihood: -2404.809933
[00:16:34] Bootstrap tree #748, logLikelihood: -2200.178734
[00:16:35] Bootstrap tree #749, logLikelihood: -2194.199514
[00:16:37] Bootstrap tree #750, logLikelihood: -2586.783720
[00:16:38] Bootstrap tree #751, logLikelihood: -2426.055622
[00:16:41] Bootstrap tree #752, logLikelihood: -2585.631969
[00:16:42] Bootstrap tree #753, logLikelihood: -2321.967760
[00:16:43] Bootstrap tree #754, logLikelihood: -2488.274363
[00:16:45] Bootstrap tree #755, logLikelihood: -2558.867057
[00:16:46] Bootstrap tree #756, logLikelihood: -2488.033299
[00:16:47] Bootstrap tree #757, logLikelihood: -2490.397722
[00:16:48] Bootstrap tree #758, logLikelihood: -2445.252958
[00:16:50] Bootstrap tree #759, logLikelihood: -2570.838384
[00:16:51] Bootstrap tree #760, logLikelihood: -2590.994058
[00:16:53] Bootstrap tree #761, logLikelihood: -2578.342969
[00:16:54] Bootstrap tree #762, logLikelihood: -2398.100227
[00:16:55] Bootstrap tree #763, logLikelihood: -2714.320440
[00:16:56] Bootstrap tree #764, logLikelihood: -2545.630609
[00:16:57] Bootstrap tree #765, logLikelihood: -2521.012486
[00:16:58] Bootstrap tree #766, logLikelihood: -2298.084810
[00:16:59] Bootstrap tree #767, logLikelihood: -2366.344986
[00:17:01] Bootstrap tree #768, logLikelihood: -2514.275762
[00:17:03] Bootstrap tree #769, logLikelihood: -2608.860596
[00:17:04] Bootstrap tree #770, logLikelihood: -2489.382062
[00:17:05] Bootstrap tree #771, logLikelihood: -2556.081286
[00:17:07] Bootstrap tree #772, logLikelihood: -2676.094941
[00:17:09] Bootstrap tree #773, logLikelihood: -2437.714492
[00:17:11] Bootstrap tree #774, logLikelihood: -2523.211580
[00:17:13] Bootstrap tree #775, logLikelihood: -2553.352997
[00:17:15] Bootstrap tree #776, logLikelihood: -2515.675859
[00:17:17] Bootstrap tree #777, logLikelihood: -2475.261631
[00:17:18] Bootstrap tree #778, logLikelihood: -2555.858749
[00:17:19] Bootstrap tree #779, logLikelihood: -2563.344333
[00:17:20] Bootstrap tree #780, logLikelihood: -2410.447092
[00:17:22] Bootstrap tree #781, logLikelihood: -2436.131517
[00:17:24] Bootstrap tree #782, logLikelihood: -2302.599434
[00:17:25] Bootstrap tree #783, logLikelihood: -2425.707349
[00:17:26] Bootstrap tree #784, logLikelihood: -2434.806671
[00:17:27] Bootstrap tree #785, logLikelihood: -2210.249508
[00:17:28] Bootstrap tree #786, logLikelihood: -2547.569267
[00:17:30] Bootstrap tree #787, logLikelihood: -2482.492754
[00:17:31] Bootstrap tree #788, logLikelihood: -2353.595469
[00:17:33] Bootstrap tree #789, logLikelihood: -2424.648451
[00:17:34] Bootstrap tree #790, logLikelihood: -2397.649325
[00:17:36] Bootstrap tree #791, logLikelihood: -2508.389359
[00:17:39] Bootstrap tree #792, logLikelihood: -2456.178432
[00:17:40] Bootstrap tree #793, logLikelihood: -2439.787538
[00:17:41] Bootstrap tree #794, logLikelihood: -2523.261296
[00:17:43] Bootstrap tree #795, logLikelihood: -2472.690179
[00:17:45] Bootstrap tree #796, logLikelihood: -2567.001114
[00:17:46] Bootstrap tree #797, logLikelihood: -2746.397328
[00:17:47] Bootstrap tree #798, logLikelihood: -2263.790088
[00:17:48] Bootstrap tree #799, logLikelihood: -2389.827912
[00:17:50] Bootstrap tree #800, logLikelihood: -2630.910391
[00:17:51] Bootstrap tree #801, logLikelihood: -2489.127223
[00:17:52] Bootstrap tree #802, logLikelihood: -2383.233171
[00:17:53] Bootstrap tree #803, logLikelihood: -2520.602368
[00:17:55] Bootstrap tree #804, logLikelihood: -2465.604835
[00:17:57] Bootstrap tree #805, logLikelihood: -2634.795560
[00:17:58] Bootstrap tree #806, logLikelihood: -2396.904145
[00:17:59] Bootstrap tree #807, logLikelihood: -2392.241977
[00:18:00] Bootstrap tree #808, logLikelihood: -2609.321038
[00:18:01] Bootstrap tree #809, logLikelihood: -2715.871430
[00:18:03] Bootstrap tree #810, logLikelihood: -2575.996145
[00:18:04] Bootstrap tree #811, logLikelihood: -2557.416915
[00:18:05] Bootstrap tree #812, logLikelihood: -2707.315770
[00:18:07] Bootstrap tree #813, logLikelihood: -2328.982776
[00:18:08] Bootstrap tree #814, logLikelihood: -2442.898170
[00:18:09] Bootstrap tree #815, logLikelihood: -2573.038950
[00:18:11] Bootstrap tree #816, logLikelihood: -2323.006796
[00:18:13] Bootstrap tree #817, logLikelihood: -2556.497733
[00:18:14] Bootstrap tree #818, logLikelihood: -2426.989171
[00:18:15] Bootstrap tree #819, logLikelihood: -2298.515034
[00:18:16] Bootstrap tree #820, logLikelihood: -2222.481247
[00:18:17] Bootstrap tree #821, logLikelihood: -2312.071241
[00:18:19] Bootstrap tree #822, logLikelihood: -2379.462748
[00:18:20] Bootstrap tree #823, logLikelihood: -2472.783823
[00:18:21] Bootstrap tree #824, logLikelihood: -2439.859995
[00:18:23] Bootstrap tree #825, logLikelihood: -2240.984761
[00:18:25] Bootstrap tree #826, logLikelihood: -2465.175949
[00:18:26] Bootstrap tree #827, logLikelihood: -2466.200133
[00:18:27] Bootstrap tree #828, logLikelihood: -2405.876247
[00:18:28] Bootstrap tree #829, logLikelihood: -2343.289175
[00:18:29] Bootstrap tree #830, logLikelihood: -2664.677234
[00:18:31] Bootstrap tree #831, logLikelihood: -2598.989936
[00:18:32] Bootstrap tree #832, logLikelihood: -2302.626196
[00:18:33] Bootstrap tree #833, logLikelihood: -2375.975644
[00:18:35] Bootstrap tree #834, logLikelihood: -2477.847300
[00:18:37] Bootstrap tree #835, logLikelihood: -2483.745110
[00:18:39] Bootstrap tree #836, logLikelihood: -2406.431440
[00:18:40] Bootstrap tree #837, logLikelihood: -2392.046215
[00:18:41] Bootstrap tree #838, logLikelihood: -2404.283384
[00:18:42] Bootstrap tree #839, logLikelihood: -2581.900358
[00:18:44] Bootstrap tree #840, logLikelihood: -2629.324698
[00:18:45] Bootstrap tree #841, logLikelihood: -2534.939509
[00:18:46] Bootstrap tree #842, logLikelihood: -2381.555356
[00:18:47] Bootstrap tree #843, logLikelihood: -2585.246079
[00:18:49] Bootstrap tree #844, logLikelihood: -2472.371399
[00:18:50] Bootstrap tree #845, logLikelihood: -2284.398054
[00:18:52] Bootstrap tree #846, logLikelihood: -2550.399230
[00:18:54] Bootstrap tree #847, logLikelihood: -2450.511020
[00:18:55] Bootstrap tree #848, logLikelihood: -2507.825573
[00:18:56] Bootstrap tree #849, logLikelihood: -2262.302485
[00:18:57] Bootstrap tree #850, logLikelihood: -2275.999768
[00:18:59] Bootstrap tree #851, logLikelihood: -2590.495479
[00:19:00] Bootstrap tree #852, logLikelihood: -2275.909074
[00:19:01] Bootstrap tree #853, logLikelihood: -2419.178258
[00:19:03] Bootstrap tree #854, logLikelihood: -2282.090813
[00:19:04] Bootstrap tree #855, logLikelihood: -2282.599577
[00:19:06] Bootstrap tree #856, logLikelihood: -2660.957231
[00:19:07] Bootstrap tree #857, logLikelihood: -2215.623160
[00:19:08] Bootstrap tree #858, logLikelihood: -2561.998488
[00:19:10] Bootstrap tree #859, logLikelihood: -2555.980955
[00:19:11] Bootstrap tree #860, logLikelihood: -2457.762794
[00:19:12] Bootstrap tree #861, logLikelihood: -2643.210884
[00:19:13] Bootstrap tree #862, logLikelihood: -2290.937988
[00:19:14] Bootstrap tree #863, logLikelihood: -2474.694749
[00:19:15] Bootstrap tree #864, logLikelihood: -2564.521773
[00:19:19] Bootstrap tree #865, logLikelihood: -2492.746304
[00:19:20] Bootstrap tree #866, logLikelihood: -2392.658125
[00:19:21] Bootstrap tree #867, logLikelihood: -2383.732021
[00:19:23] Bootstrap tree #868, logLikelihood: -2472.933869
[00:19:24] Bootstrap tree #869, logLikelihood: -2456.017709
[00:19:25] Bootstrap tree #870, logLikelihood: -2458.302487
[00:19:27] Bootstrap tree #871, logLikelihood: -2580.199071
[00:19:28] Bootstrap tree #872, logLikelihood: -2609.386805
[00:19:30] Bootstrap tree #873, logLikelihood: -2438.510128
[00:19:31] Bootstrap tree #874, logLikelihood: -2509.010759
[00:19:32] Bootstrap tree #875, logLikelihood: -2512.318753
[00:19:34] Bootstrap tree #876, logLikelihood: -2670.124261
[00:19:35] Bootstrap tree #877, logLikelihood: -2139.422807
[00:19:36] Bootstrap tree #878, logLikelihood: -2670.395899
[00:19:37] Bootstrap tree #879, logLikelihood: -2602.324762
[00:19:38] Bootstrap tree #880, logLikelihood: -2443.212900
[00:19:40] Bootstrap tree #881, logLikelihood: -2424.806027
[00:19:41] Bootstrap tree #882, logLikelihood: -2211.359525
[00:19:42] Bootstrap tree #883, logLikelihood: -2482.440734
[00:19:43] Bootstrap tree #884, logLikelihood: -2540.876837
[00:19:44] Bootstrap tree #885, logLikelihood: -2450.018045
[00:19:46] Bootstrap tree #886, logLikelihood: -2594.455882
[00:19:47] Bootstrap tree #887, logLikelihood: -2410.259607
[00:19:48] Bootstrap tree #888, logLikelihood: -2473.145337
[00:19:49] Bootstrap tree #889, logLikelihood: -2288.169739
[00:19:50] Bootstrap tree #890, logLikelihood: -2445.816499
[00:19:52] Bootstrap tree #891, logLikelihood: -2700.513089
[00:19:53] Bootstrap tree #892, logLikelihood: -2343.551046
[00:19:54] Bootstrap tree #893, logLikelihood: -2476.921913
[00:19:57] Bootstrap tree #894, logLikelihood: -2508.629938
[00:19:58] Bootstrap tree #895, logLikelihood: -2386.761159
[00:19:59] Bootstrap tree #896, logLikelihood: -2393.184165
[00:20:01] Bootstrap tree #897, logLikelihood: -2446.617262
[00:20:02] Bootstrap tree #898, logLikelihood: -2496.640403
[00:20:03] Bootstrap tree #899, logLikelihood: -2327.327275
[00:20:05] Bootstrap tree #900, logLikelihood: -2559.296934
[00:20:07] Bootstrap tree #901, logLikelihood: -2457.190157
[00:20:09] Bootstrap tree #902, logLikelihood: -2249.687169
[00:20:10] Bootstrap tree #903, logLikelihood: -2548.241185
[00:20:11] Bootstrap tree #904, logLikelihood: -2497.414071
[00:20:12] Bootstrap tree #905, logLikelihood: -2527.612072
[00:20:14] Bootstrap tree #906, logLikelihood: -2589.511959
[00:20:15] Bootstrap tree #907, logLikelihood: -2356.934107
[00:20:17] Bootstrap tree #908, logLikelihood: -2307.297163
[00:20:18] Bootstrap tree #909, logLikelihood: -2526.785184
[00:20:19] Bootstrap tree #910, logLikelihood: -2421.336597
[00:20:21] Bootstrap tree #911, logLikelihood: -2548.545482
[00:20:23] Bootstrap tree #912, logLikelihood: -2405.682775
[00:20:25] Bootstrap tree #913, logLikelihood: -2341.827205
[00:20:26] Bootstrap tree #914, logLikelihood: -2610.973103
[00:20:29] Bootstrap tree #915, logLikelihood: -2507.815226
[00:20:31] Bootstrap tree #916, logLikelihood: -2443.223519
[00:20:33] Bootstrap tree #917, logLikelihood: -2580.462627
[00:20:35] Bootstrap tree #918, logLikelihood: -2552.222424
[00:20:36] Bootstrap tree #919, logLikelihood: -2697.510353
[00:20:38] Bootstrap tree #920, logLikelihood: -2650.304484
[00:20:39] Bootstrap tree #921, logLikelihood: -2214.895718
[00:20:41] Bootstrap tree #922, logLikelihood: -2632.358878
[00:20:43] Bootstrap tree #923, logLikelihood: -2490.845347
[00:20:44] Bootstrap tree #924, logLikelihood: -2257.864565
[00:20:45] Bootstrap tree #925, logLikelihood: -2167.221745
[00:20:47] Bootstrap tree #926, logLikelihood: -2414.665005
[00:20:48] Bootstrap tree #927, logLikelihood: -2324.070342
[00:20:50] Bootstrap tree #928, logLikelihood: -2500.710038
[00:20:51] Bootstrap tree #929, logLikelihood: -2420.652156
[00:20:52] Bootstrap tree #930, logLikelihood: -2470.050372
[00:20:54] Bootstrap tree #931, logLikelihood: -2575.819581
[00:20:55] Bootstrap tree #932, logLikelihood: -2430.699140
[00:20:57] Bootstrap tree #933, logLikelihood: -2354.247740
[00:20:58] Bootstrap tree #934, logLikelihood: -2265.520251
[00:20:59] Bootstrap tree #935, logLikelihood: -2533.158793
[00:21:00] Bootstrap tree #936, logLikelihood: -2424.523133
[00:21:01] Bootstrap tree #937, logLikelihood: -2443.505893
[00:21:02] Bootstrap tree #938, logLikelihood: -2516.700362
[00:21:04] Bootstrap tree #939, logLikelihood: -2535.595600
[00:21:05] Bootstrap tree #940, logLikelihood: -2501.275219
[00:21:07] Bootstrap tree #941, logLikelihood: -2781.848874
[00:21:08] Bootstrap tree #942, logLikelihood: -2393.360114
[00:21:10] Bootstrap tree #943, logLikelihood: -2592.527096
[00:21:11] Bootstrap tree #944, logLikelihood: -2394.710313
[00:21:13] Bootstrap tree #945, logLikelihood: -2347.892512
[00:21:14] Bootstrap tree #946, logLikelihood: -2682.072094
[00:21:16] Bootstrap tree #947, logLikelihood: -2429.568311
[00:21:17] Bootstrap tree #948, logLikelihood: -2460.335185
[00:21:18] Bootstrap tree #949, logLikelihood: -2503.238826
[00:21:19] Bootstrap tree #950, logLikelihood: -2368.994570
[00:21:21] Bootstrap tree #951, logLikelihood: -2579.515578
[00:21:23] Bootstrap tree #952, logLikelihood: -2416.986905
[00:21:25] Bootstrap tree #953, logLikelihood: -2444.376688
[00:21:26] Bootstrap tree #954, logLikelihood: -2473.081518
[00:21:28] Bootstrap tree #955, logLikelihood: -2665.972467
[00:21:29] Bootstrap tree #956, logLikelihood: -2663.432777
[00:21:31] Bootstrap tree #957, logLikelihood: -2346.696865
[00:21:32] Bootstrap tree #958, logLikelihood: -2685.833685
[00:21:33] Bootstrap tree #959, logLikelihood: -2370.140833
[00:21:35] Bootstrap tree #960, logLikelihood: -2389.685794
[00:21:36] Bootstrap tree #961, logLikelihood: -2590.227303
[00:21:37] Bootstrap tree #962, logLikelihood: -2574.845876
[00:21:39] Bootstrap tree #963, logLikelihood: -2638.743595
[00:21:41] Bootstrap tree #964, logLikelihood: -2337.083847
[00:21:42] Bootstrap tree #965, logLikelihood: -2485.933904
[00:21:44] Bootstrap tree #966, logLikelihood: -2604.673294
[00:21:46] Bootstrap tree #967, logLikelihood: -2657.687392
[00:21:47] Bootstrap tree #968, logLikelihood: -2707.084850
[00:21:49] Bootstrap tree #969, logLikelihood: -2380.752516
[00:21:50] Bootstrap tree #970, logLikelihood: -2516.612961
[00:21:51] Bootstrap tree #971, logLikelihood: -2484.353114
[00:21:53] Bootstrap tree #972, logLikelihood: -2565.541916
[00:21:55] Bootstrap tree #973, logLikelihood: -2432.640708
[00:21:57] Bootstrap tree #974, logLikelihood: -2580.488533
[00:21:59] Bootstrap tree #975, logLikelihood: -2315.155167
[00:22:00] Bootstrap tree #976, logLikelihood: -2415.363473
[00:22:01] Bootstrap tree #977, logLikelihood: -2497.139844
[00:22:04] Bootstrap tree #978, logLikelihood: -2579.742485
[00:22:05] Bootstrap tree #979, logLikelihood: -2420.706413
[00:22:06] Bootstrap tree #980, logLikelihood: -2422.193235
[00:22:07] Bootstrap tree #981, logLikelihood: -2353.637450
[00:22:08] Bootstrap tree #982, logLikelihood: -2268.717231
[00:22:10] Bootstrap tree #983, logLikelihood: -2537.610448
[00:22:11] Bootstrap tree #984, logLikelihood: -2448.508199
[00:22:13] Bootstrap tree #985, logLikelihood: -2490.682483
[00:22:14] Bootstrap tree #986, logLikelihood: -2393.314032
[00:22:16] Bootstrap tree #987, logLikelihood: -2518.788174
[00:22:17] Bootstrap tree #988, logLikelihood: -2523.169267
[00:22:18] Bootstrap tree #989, logLikelihood: -2268.594408
[00:22:20] Bootstrap tree #990, logLikelihood: -2560.779697
[00:22:22] Bootstrap tree #991, logLikelihood: -2573.457828
[00:22:23] Bootstrap tree #992, logLikelihood: -2501.218913
[00:22:25] Bootstrap tree #993, logLikelihood: -2510.311768
[00:22:27] Bootstrap tree #994, logLikelihood: -2508.179552
[00:22:29] Bootstrap tree #995, logLikelihood: -2591.610905
[00:22:30] Bootstrap tree #996, logLikelihood: -2537.112366
[00:22:31] Bootstrap tree #997, logLikelihood: -2425.907449
[00:22:33] Bootstrap tree #998, logLikelihood: -2479.585946
[00:22:34] Bootstrap tree #999, logLikelihood: -2581.657818
[00:22:35] Bootstrap tree #1000, logLikelihood: -2373.765774
WARNING: Unable to reroot tree (LIBPLL-3970): Outgroup is not monophyletic!

WARNING: Unable to reroot tree (LIBPLL-3970): Outgroup is not monophyletic!

WARNING: Unable to reroot tree (LIBPLL-3970): Outgroup is not monophyletic!

WARNING: Unable to reroot tree (LIBPLL-3970): Outgroup is not monophyletic!

Bootstrap trees saved to: /home/jmahguib/EEOB563-Spring2019/Final_Project/BootstrapConcat.raxml.bootstraps

Execution log saved to: /home/jmahguib/EEOB563-Spring2019/Final_Project/BootstrapConcat.raxml.log

Analysis started: 18-Apr-2019 03:44:37 / finished: 18-Apr-2019 04:07:12

Elapsed time: 1355.317 seconds

