
RAxML-NG v. 0.8.0 BETA released on 11.01.2019 by The Exelixis Lab.
Authors: Alexey Kozlov, Alexandros Stamatakis, Diego Darriba, Tomas Flouri, Benoit Morel.
Latest version: https://github.com/amkozlov/raxml-ng
Questions/problems/suggestions? Please visit: https://groups.google.com/forum/#!forum/raxml

WARNING: This is a BETA release, please use at your own risk!

RAxML-NG was called at 18-Apr-2019 05:03:38 as follows:

raxml-ng --bootstrap --msa Tolkien_arche_align_zergOG.txt --outgroup Zerg_OG --model MULTI7_MK --bs-trees 1000 --prefix BootstrapArcheZergOG --threads 1 --seed 2

Analysis options:
  run mode: Bootstrapping
  start tree(s): 
  bootstrap replicates: 1000
  random seed: 2
  tip-inner: OFF
  pattern compression: ON
  per-rate scalers: OFF
  site repeats: ON
  branch lengths: proportional (ML estimate, algorithm: NR-FAST)
  SIMD kernels: AVX
  parallelization: NONE/sequential

[00:00:00] Reading alignment from file: Tolkien_arche_align_zergOG.txt
[00:00:00] Loaded alignment with 33 taxa and 18 sites

Alignment comprises 1 partitions and 18 patterns

Partition 0: noname
Model: MULTI7_MK
Alignment sites / patterns: 18 / 18
Gaps: 0.00 %
Invariant sites: 0.00 %


NOTE: Binary MSA file created: BootstrapArcheZergOG.raxml.rba

[00:00:00] Data distribution: max. partitions/sites/weight per thread: 1 / 18 / 126
[00:00:00] Starting bootstrapping analysis with 1000 replicates.

[00:00:00] Bootstrap tree #1, logLikelihood: -570.304296
[00:00:01] Bootstrap tree #2, logLikelihood: -584.751973
[00:00:01] Bootstrap tree #3, logLikelihood: -530.542144
[00:00:02] Bootstrap tree #4, logLikelihood: -512.916996
[00:00:02] Bootstrap tree #5, logLikelihood: -574.785081
[00:00:03] Bootstrap tree #6, logLikelihood: -512.660493
[00:00:03] Bootstrap tree #7, logLikelihood: -610.569676
[00:00:04] Bootstrap tree #8, logLikelihood: -482.449728
[00:00:04] Bootstrap tree #9, logLikelihood: -552.825517
[00:00:05] Bootstrap tree #10, logLikelihood: -562.766710
[00:00:05] Bootstrap tree #11, logLikelihood: -563.821890
[00:00:06] Bootstrap tree #12, logLikelihood: -548.619003
[00:00:06] Bootstrap tree #13, logLikelihood: -553.083085
[00:00:07] Bootstrap tree #14, logLikelihood: -606.625404
[00:00:07] Bootstrap tree #15, logLikelihood: -542.733041
[00:00:08] Bootstrap tree #16, logLikelihood: -590.380184
[00:00:08] Bootstrap tree #17, logLikelihood: -539.518630
[00:00:09] Bootstrap tree #18, logLikelihood: -548.175493
[00:00:09] Bootstrap tree #19, logLikelihood: -589.483026
[00:00:10] Bootstrap tree #20, logLikelihood: -586.175400
[00:00:11] Bootstrap tree #21, logLikelihood: -593.249138
[00:00:12] Bootstrap tree #22, logLikelihood: -568.895651
[00:00:12] Bootstrap tree #23, logLikelihood: -633.427477
[00:00:13] Bootstrap tree #24, logLikelihood: -554.323012
[00:00:14] Bootstrap tree #25, logLikelihood: -613.427222
[00:00:14] Bootstrap tree #26, logLikelihood: -608.296580
[00:00:15] Bootstrap tree #27, logLikelihood: -632.097970
[00:00:16] Bootstrap tree #28, logLikelihood: -595.321558
[00:00:17] Bootstrap tree #29, logLikelihood: -581.238026
[00:00:17] Bootstrap tree #30, logLikelihood: -610.535069
[00:00:18] Bootstrap tree #31, logLikelihood: -577.031680
[00:00:18] Bootstrap tree #32, logLikelihood: -562.591590
[00:00:19] Bootstrap tree #33, logLikelihood: -597.526397
[00:00:19] Bootstrap tree #34, logLikelihood: -578.023686
[00:00:20] Bootstrap tree #35, logLikelihood: -600.615842
[00:00:20] Bootstrap tree #36, logLikelihood: -557.999670
[00:00:21] Bootstrap tree #37, logLikelihood: -604.223448
[00:00:21] Bootstrap tree #38, logLikelihood: -571.686296
[00:00:22] Bootstrap tree #39, logLikelihood: -592.396510
[00:00:23] Bootstrap tree #40, logLikelihood: -607.921605
[00:00:23] Bootstrap tree #41, logLikelihood: -629.858102
[00:00:24] Bootstrap tree #42, logLikelihood: -597.063344
[00:00:25] Bootstrap tree #43, logLikelihood: -590.733445
[00:00:25] Bootstrap tree #44, logLikelihood: -569.083712
[00:00:26] Bootstrap tree #45, logLikelihood: -591.698132
[00:00:26] Bootstrap tree #46, logLikelihood: -570.402938
[00:00:27] Bootstrap tree #47, logLikelihood: -610.607907
[00:00:27] Bootstrap tree #48, logLikelihood: -618.190921
[00:00:28] Bootstrap tree #49, logLikelihood: -652.054715
[00:00:28] Bootstrap tree #50, logLikelihood: -646.089538
[00:00:29] Bootstrap tree #51, logLikelihood: -581.545689
[00:00:29] Bootstrap tree #52, logLikelihood: -623.578781
[00:00:30] Bootstrap tree #53, logLikelihood: -614.571863
[00:00:30] Bootstrap tree #54, logLikelihood: -594.123329
[00:00:31] Bootstrap tree #55, logLikelihood: -621.179118
[00:00:32] Bootstrap tree #56, logLikelihood: -644.787506
[00:00:32] Bootstrap tree #57, logLikelihood: -553.121122
[00:00:33] Bootstrap tree #58, logLikelihood: -603.486946
[00:00:33] Bootstrap tree #59, logLikelihood: -601.962614
[00:00:34] Bootstrap tree #60, logLikelihood: -626.140956
[00:00:35] Bootstrap tree #61, logLikelihood: -579.276813
[00:00:35] Bootstrap tree #62, logLikelihood: -541.725966
[00:00:36] Bootstrap tree #63, logLikelihood: -628.524864
[00:00:37] Bootstrap tree #64, logLikelihood: -617.479813
[00:00:38] Bootstrap tree #65, logLikelihood: -606.462522
[00:00:38] Bootstrap tree #66, logLikelihood: -567.323380
[00:00:39] Bootstrap tree #67, logLikelihood: -609.762354
[00:00:39] Bootstrap tree #68, logLikelihood: -561.145832
[00:00:40] Bootstrap tree #69, logLikelihood: -581.195140
[00:00:40] Bootstrap tree #70, logLikelihood: -604.537805
[00:00:41] Bootstrap tree #71, logLikelihood: -571.717134
[00:00:41] Bootstrap tree #72, logLikelihood: -557.984369
[00:00:42] Bootstrap tree #73, logLikelihood: -672.546653
[00:00:43] Bootstrap tree #74, logLikelihood: -618.350633
[00:00:44] Bootstrap tree #75, logLikelihood: -590.188772
[00:00:44] Bootstrap tree #76, logLikelihood: -597.295177
[00:00:45] Bootstrap tree #77, logLikelihood: -575.496351
[00:00:46] Bootstrap tree #78, logLikelihood: -577.603157
[00:00:46] Bootstrap tree #79, logLikelihood: -602.124525
[00:00:47] Bootstrap tree #80, logLikelihood: -526.166026
[00:00:47] Bootstrap tree #81, logLikelihood: -605.154267
[00:00:48] Bootstrap tree #82, logLikelihood: -561.625361
[00:00:49] Bootstrap tree #83, logLikelihood: -602.756259
[00:00:49] Bootstrap tree #84, logLikelihood: -550.469655
[00:00:50] Bootstrap tree #85, logLikelihood: -596.160534
[00:00:50] Bootstrap tree #86, logLikelihood: -595.709335
[00:00:51] Bootstrap tree #87, logLikelihood: -535.970390
[00:00:51] Bootstrap tree #88, logLikelihood: -598.252556
[00:00:52] Bootstrap tree #89, logLikelihood: -647.593252
[00:00:53] Bootstrap tree #90, logLikelihood: -539.373744
[00:00:54] Bootstrap tree #91, logLikelihood: -597.358055
[00:00:54] Bootstrap tree #92, logLikelihood: -489.668681
[00:00:55] Bootstrap tree #93, logLikelihood: -630.390166
[00:00:56] Bootstrap tree #94, logLikelihood: -560.401337
[00:00:57] Bootstrap tree #95, logLikelihood: -617.572738
[00:00:57] Bootstrap tree #96, logLikelihood: -559.917200
[00:00:58] Bootstrap tree #97, logLikelihood: -592.361369
[00:00:58] Bootstrap tree #98, logLikelihood: -611.038213
[00:00:59] Bootstrap tree #99, logLikelihood: -627.681682
[00:00:59] Bootstrap tree #100, logLikelihood: -586.188734
[00:01:00] Bootstrap tree #101, logLikelihood: -613.475832
[00:01:01] Bootstrap tree #102, logLikelihood: -542.565991
[00:01:01] Bootstrap tree #103, logLikelihood: -591.395672
[00:01:02] Bootstrap tree #104, logLikelihood: -544.924337
[00:01:02] Bootstrap tree #105, logLikelihood: -550.177962
[00:01:03] Bootstrap tree #106, logLikelihood: -600.808925
[00:01:04] Bootstrap tree #107, logLikelihood: -624.406883
[00:01:04] Bootstrap tree #108, logLikelihood: -580.730426
[00:01:05] Bootstrap tree #109, logLikelihood: -580.638488
[00:01:06] Bootstrap tree #110, logLikelihood: -565.033813
[00:01:06] Bootstrap tree #111, logLikelihood: -609.952598
[00:01:07] Bootstrap tree #112, logLikelihood: -543.229728
[00:01:07] Bootstrap tree #113, logLikelihood: -562.881065
[00:01:08] Bootstrap tree #114, logLikelihood: -505.671015
[00:01:08] Bootstrap tree #115, logLikelihood: -601.702421
[00:01:09] Bootstrap tree #116, logLikelihood: -487.674837
[00:01:09] Bootstrap tree #117, logLikelihood: -543.595953
[00:01:10] Bootstrap tree #118, logLikelihood: -591.700305
[00:01:10] Bootstrap tree #119, logLikelihood: -573.687806
[00:01:11] Bootstrap tree #120, logLikelihood: -630.506809
[00:01:12] Bootstrap tree #121, logLikelihood: -569.463591
[00:01:12] Bootstrap tree #122, logLikelihood: -597.828055
[00:01:13] Bootstrap tree #123, logLikelihood: -575.075413
[00:01:13] Bootstrap tree #124, logLikelihood: -534.589306
[00:01:14] Bootstrap tree #125, logLikelihood: -641.625198
[00:01:14] Bootstrap tree #126, logLikelihood: -536.289543
[00:01:15] Bootstrap tree #127, logLikelihood: -513.755468
[00:01:16] Bootstrap tree #128, logLikelihood: -543.686575
[00:01:16] Bootstrap tree #129, logLikelihood: -561.386250
[00:01:17] Bootstrap tree #130, logLikelihood: -526.055775
[00:01:17] Bootstrap tree #131, logLikelihood: -619.548078
[00:01:18] Bootstrap tree #132, logLikelihood: -586.717752
[00:01:19] Bootstrap tree #133, logLikelihood: -571.070289
[00:01:19] Bootstrap tree #134, logLikelihood: -635.072998
[00:01:20] Bootstrap tree #135, logLikelihood: -604.826200
[00:01:20] Bootstrap tree #136, logLikelihood: -586.462545
[00:01:21] Bootstrap tree #137, logLikelihood: -560.792766
[00:01:21] Bootstrap tree #138, logLikelihood: -594.021690
[00:01:22] Bootstrap tree #139, logLikelihood: -549.198431
[00:01:22] Bootstrap tree #140, logLikelihood: -597.668143
[00:01:23] Bootstrap tree #141, logLikelihood: -558.291356
[00:01:24] Bootstrap tree #142, logLikelihood: -550.297907
[00:01:24] Bootstrap tree #143, logLikelihood: -563.242121
[00:01:25] Bootstrap tree #144, logLikelihood: -611.590671
[00:01:26] Bootstrap tree #145, logLikelihood: -596.300614
[00:01:27] Bootstrap tree #146, logLikelihood: -603.924318
[00:01:27] Bootstrap tree #147, logLikelihood: -586.526216
[00:01:28] Bootstrap tree #148, logLikelihood: -592.641753
[00:01:29] Bootstrap tree #149, logLikelihood: -579.492689
[00:01:29] Bootstrap tree #150, logLikelihood: -624.787352
[00:01:30] Bootstrap tree #151, logLikelihood: -591.414619
[00:01:30] Bootstrap tree #152, logLikelihood: -611.253370
[00:01:31] Bootstrap tree #153, logLikelihood: -584.348816
[00:01:31] Bootstrap tree #154, logLikelihood: -561.063575
[00:01:32] Bootstrap tree #155, logLikelihood: -520.036884
[00:01:32] Bootstrap tree #156, logLikelihood: -587.477709
[00:01:33] Bootstrap tree #157, logLikelihood: -506.049898
[00:01:34] Bootstrap tree #158, logLikelihood: -612.410370
[00:01:34] Bootstrap tree #159, logLikelihood: -596.146229
[00:01:35] Bootstrap tree #160, logLikelihood: -580.174651
[00:01:35] Bootstrap tree #161, logLikelihood: -559.798647
[00:01:36] Bootstrap tree #162, logLikelihood: -601.788782
[00:01:37] Bootstrap tree #163, logLikelihood: -580.644336
[00:01:37] Bootstrap tree #164, logLikelihood: -581.855466
[00:01:38] Bootstrap tree #165, logLikelihood: -553.082554
[00:01:38] Bootstrap tree #166, logLikelihood: -606.872619
[00:01:39] Bootstrap tree #167, logLikelihood: -574.290102
[00:01:39] Bootstrap tree #168, logLikelihood: -563.087664
[00:01:40] Bootstrap tree #169, logLikelihood: -637.909742
[00:01:40] Bootstrap tree #170, logLikelihood: -617.880258
[00:01:41] Bootstrap tree #171, logLikelihood: -564.736134
[00:01:42] Bootstrap tree #172, logLikelihood: -554.642116
[00:01:42] Bootstrap tree #173, logLikelihood: -598.267087
[00:01:43] Bootstrap tree #174, logLikelihood: -577.321118
[00:01:44] Bootstrap tree #175, logLikelihood: -591.680155
[00:01:44] Bootstrap tree #176, logLikelihood: -597.583215
[00:01:44] Bootstrap tree #177, logLikelihood: -588.982260
[00:01:45] Bootstrap tree #178, logLikelihood: -622.920652
[00:01:46] Bootstrap tree #179, logLikelihood: -581.008645
[00:01:46] Bootstrap tree #180, logLikelihood: -560.869449
[00:01:47] Bootstrap tree #181, logLikelihood: -602.539444
[00:01:48] Bootstrap tree #182, logLikelihood: -597.726258
[00:01:48] Bootstrap tree #183, logLikelihood: -577.026170
[00:01:49] Bootstrap tree #184, logLikelihood: -576.321205
[00:01:49] Bootstrap tree #185, logLikelihood: -618.454473
[00:01:50] Bootstrap tree #186, logLikelihood: -545.189080
[00:01:51] Bootstrap tree #187, logLikelihood: -575.944430
[00:01:51] Bootstrap tree #188, logLikelihood: -618.411450
[00:01:52] Bootstrap tree #189, logLikelihood: -576.424102
[00:01:52] Bootstrap tree #190, logLikelihood: -541.309997
[00:01:53] Bootstrap tree #191, logLikelihood: -615.804582
[00:01:54] Bootstrap tree #192, logLikelihood: -614.355586
[00:01:54] Bootstrap tree #193, logLikelihood: -613.053759
[00:01:55] Bootstrap tree #194, logLikelihood: -611.661557
[00:01:56] Bootstrap tree #195, logLikelihood: -610.342161
[00:01:56] Bootstrap tree #196, logLikelihood: -537.879608
[00:01:57] Bootstrap tree #197, logLikelihood: -612.897346
[00:01:57] Bootstrap tree #198, logLikelihood: -559.106383
[00:01:58] Bootstrap tree #199, logLikelihood: -598.511603
[00:01:59] Bootstrap tree #200, logLikelihood: -595.589547
[00:01:59] Bootstrap tree #201, logLikelihood: -568.240168
[00:02:00] Bootstrap tree #202, logLikelihood: -591.041574
[00:02:00] Bootstrap tree #203, logLikelihood: -611.038906
[00:02:01] Bootstrap tree #204, logLikelihood: -550.775905
[00:02:02] Bootstrap tree #205, logLikelihood: -570.257608
[00:02:03] Bootstrap tree #206, logLikelihood: -540.416172
[00:02:03] Bootstrap tree #207, logLikelihood: -551.624315
[00:02:04] Bootstrap tree #208, logLikelihood: -547.706958
[00:02:04] Bootstrap tree #209, logLikelihood: -603.068938
[00:02:05] Bootstrap tree #210, logLikelihood: -544.968675
[00:02:05] Bootstrap tree #211, logLikelihood: -597.938126
[00:02:06] Bootstrap tree #212, logLikelihood: -580.622588
[00:02:06] Bootstrap tree #213, logLikelihood: -579.123767
[00:02:07] Bootstrap tree #214, logLikelihood: -587.362775
[00:02:07] Bootstrap tree #215, logLikelihood: -538.460040
[00:02:08] Bootstrap tree #216, logLikelihood: -577.628340
[00:02:08] Bootstrap tree #217, logLikelihood: -565.539474
[00:02:09] Bootstrap tree #218, logLikelihood: -553.165936
[00:02:10] Bootstrap tree #219, logLikelihood: -540.813756
[00:02:10] Bootstrap tree #220, logLikelihood: -555.191638
[00:02:11] Bootstrap tree #221, logLikelihood: -575.295345
[00:02:11] Bootstrap tree #222, logLikelihood: -529.419821
[00:02:12] Bootstrap tree #223, logLikelihood: -591.931566
[00:02:12] Bootstrap tree #224, logLikelihood: -578.974466
[00:02:13] Bootstrap tree #225, logLikelihood: -570.733103
[00:02:14] Bootstrap tree #226, logLikelihood: -591.781322
[00:02:14] Bootstrap tree #227, logLikelihood: -585.265771
[00:02:15] Bootstrap tree #228, logLikelihood: -612.299246
[00:02:15] Bootstrap tree #229, logLikelihood: -576.170629
[00:02:16] Bootstrap tree #230, logLikelihood: -579.721490
[00:02:16] Bootstrap tree #231, logLikelihood: -601.710744
[00:02:17] Bootstrap tree #232, logLikelihood: -552.565116
[00:02:17] Bootstrap tree #233, logLikelihood: -582.453440
[00:02:18] Bootstrap tree #234, logLikelihood: -531.948945
[00:02:19] Bootstrap tree #235, logLikelihood: -575.859797
[00:02:20] Bootstrap tree #236, logLikelihood: -597.742566
[00:02:20] Bootstrap tree #237, logLikelihood: -561.795855
[00:02:21] Bootstrap tree #238, logLikelihood: -543.429273
[00:02:21] Bootstrap tree #239, logLikelihood: -548.757069
[00:02:22] Bootstrap tree #240, logLikelihood: -599.161206
[00:02:22] Bootstrap tree #241, logLikelihood: -572.494966
[00:02:23] Bootstrap tree #242, logLikelihood: -545.547602
[00:02:23] Bootstrap tree #243, logLikelihood: -624.540328
[00:02:25] Bootstrap tree #244, logLikelihood: -577.323494
[00:02:25] Bootstrap tree #245, logLikelihood: -589.554565
[00:02:26] Bootstrap tree #246, logLikelihood: -582.256052
[00:02:27] Bootstrap tree #247, logLikelihood: -531.124933
[00:02:27] Bootstrap tree #248, logLikelihood: -615.255951
[00:02:28] Bootstrap tree #249, logLikelihood: -617.235142
[00:02:29] Bootstrap tree #250, logLikelihood: -594.990967
[00:02:30] Bootstrap tree #251, logLikelihood: -615.658614
[00:02:31] Bootstrap tree #252, logLikelihood: -566.273390
[00:02:31] Bootstrap tree #253, logLikelihood: -612.664523
[00:02:32] Bootstrap tree #254, logLikelihood: -575.385385
[00:02:32] Bootstrap tree #255, logLikelihood: -468.862157
[00:02:33] Bootstrap tree #256, logLikelihood: -573.386792
[00:02:34] Bootstrap tree #257, logLikelihood: -599.694103
[00:02:34] Bootstrap tree #258, logLikelihood: -613.609214
[00:02:35] Bootstrap tree #259, logLikelihood: -582.705898
[00:02:36] Bootstrap tree #260, logLikelihood: -599.751415
[00:02:36] Bootstrap tree #261, logLikelihood: -580.728172
[00:02:37] Bootstrap tree #262, logLikelihood: -532.751427
[00:02:38] Bootstrap tree #263, logLikelihood: -657.663808
[00:02:38] Bootstrap tree #264, logLikelihood: -579.909847
[00:02:39] Bootstrap tree #265, logLikelihood: -588.747848
[00:02:39] Bootstrap tree #266, logLikelihood: -636.359075
[00:02:40] Bootstrap tree #267, logLikelihood: -577.015408
[00:02:41] Bootstrap tree #268, logLikelihood: -604.942585
[00:02:41] Bootstrap tree #269, logLikelihood: -600.255238
[00:02:42] Bootstrap tree #270, logLikelihood: -615.320526
[00:02:42] Bootstrap tree #271, logLikelihood: -555.346219
[00:02:43] Bootstrap tree #272, logLikelihood: -588.621584
[00:02:44] Bootstrap tree #273, logLikelihood: -573.548539
[00:02:45] Bootstrap tree #274, logLikelihood: -578.588389
[00:02:45] Bootstrap tree #275, logLikelihood: -585.518189
[00:02:46] Bootstrap tree #276, logLikelihood: -536.355879
[00:02:46] Bootstrap tree #277, logLikelihood: -558.924306
[00:02:47] Bootstrap tree #278, logLikelihood: -525.835213
[00:02:48] Bootstrap tree #279, logLikelihood: -559.156611
[00:02:48] Bootstrap tree #280, logLikelihood: -535.138223
[00:02:49] Bootstrap tree #281, logLikelihood: -572.010013
[00:02:50] Bootstrap tree #282, logLikelihood: -568.454013
[00:02:50] Bootstrap tree #283, logLikelihood: -551.343804
[00:02:51] Bootstrap tree #284, logLikelihood: -532.646181
[00:02:51] Bootstrap tree #285, logLikelihood: -435.012794
[00:02:52] Bootstrap tree #286, logLikelihood: -632.030348
[00:02:53] Bootstrap tree #287, logLikelihood: -602.522547
[00:02:53] Bootstrap tree #288, logLikelihood: -581.555071
[00:02:54] Bootstrap tree #289, logLikelihood: -554.629835
[00:02:55] Bootstrap tree #290, logLikelihood: -567.543042
[00:02:55] Bootstrap tree #291, logLikelihood: -623.352504
[00:02:56] Bootstrap tree #292, logLikelihood: -586.595999
[00:02:57] Bootstrap tree #293, logLikelihood: -560.484921
[00:02:57] Bootstrap tree #294, logLikelihood: -579.988901
[00:02:58] Bootstrap tree #295, logLikelihood: -602.928528
[00:02:58] Bootstrap tree #296, logLikelihood: -610.031533
[00:02:59] Bootstrap tree #297, logLikelihood: -620.554082
[00:02:59] Bootstrap tree #298, logLikelihood: -593.514762
[00:03:00] Bootstrap tree #299, logLikelihood: -581.401068
[00:03:01] Bootstrap tree #300, logLikelihood: -593.623653
[00:03:02] Bootstrap tree #301, logLikelihood: -614.773116
[00:03:02] Bootstrap tree #302, logLikelihood: -553.998696
[00:03:03] Bootstrap tree #303, logLikelihood: -551.314677
[00:03:04] Bootstrap tree #304, logLikelihood: -640.235964
[00:03:05] Bootstrap tree #305, logLikelihood: -598.493997
[00:03:05] Bootstrap tree #306, logLikelihood: -588.500547
[00:03:07] Bootstrap tree #307, logLikelihood: -525.140823
[00:03:07] Bootstrap tree #308, logLikelihood: -591.074285
[00:03:08] Bootstrap tree #309, logLikelihood: -554.499414
[00:03:08] Bootstrap tree #310, logLikelihood: -495.047443
[00:03:09] Bootstrap tree #311, logLikelihood: -592.308082
[00:03:09] Bootstrap tree #312, logLikelihood: -645.712171
[00:03:10] Bootstrap tree #313, logLikelihood: -599.897843
[00:03:11] Bootstrap tree #314, logLikelihood: -477.132602
[00:03:12] Bootstrap tree #315, logLikelihood: -620.679169
[00:03:12] Bootstrap tree #316, logLikelihood: -552.048724
[00:03:13] Bootstrap tree #317, logLikelihood: -587.049783
[00:03:14] Bootstrap tree #318, logLikelihood: -524.267793
[00:03:14] Bootstrap tree #319, logLikelihood: -523.148147
[00:03:14] Bootstrap tree #320, logLikelihood: -579.140111
[00:03:15] Bootstrap tree #321, logLikelihood: -610.239858
[00:03:16] Bootstrap tree #322, logLikelihood: -564.527372
[00:03:16] Bootstrap tree #323, logLikelihood: -558.980201
[00:03:17] Bootstrap tree #324, logLikelihood: -588.913416
[00:03:17] Bootstrap tree #325, logLikelihood: -558.763170
[00:03:18] Bootstrap tree #326, logLikelihood: -570.907931
[00:03:19] Bootstrap tree #327, logLikelihood: -614.996918
[00:03:20] Bootstrap tree #328, logLikelihood: -600.461345
[00:03:20] Bootstrap tree #329, logLikelihood: -635.778688
[00:03:21] Bootstrap tree #330, logLikelihood: -491.992777
[00:03:22] Bootstrap tree #331, logLikelihood: -539.336622
[00:03:22] Bootstrap tree #332, logLikelihood: -603.388419
[00:03:23] Bootstrap tree #333, logLikelihood: -645.906967
[00:03:23] Bootstrap tree #334, logLikelihood: -613.696808
[00:03:24] Bootstrap tree #335, logLikelihood: -558.310975
[00:03:24] Bootstrap tree #336, logLikelihood: -547.473343
[00:03:25] Bootstrap tree #337, logLikelihood: -663.756406
[00:03:26] Bootstrap tree #338, logLikelihood: -558.817177
[00:03:26] Bootstrap tree #339, logLikelihood: -560.335691
[00:03:27] Bootstrap tree #340, logLikelihood: -511.038644
[00:03:28] Bootstrap tree #341, logLikelihood: -589.669824
[00:03:29] Bootstrap tree #342, logLikelihood: -577.905689
[00:03:29] Bootstrap tree #343, logLikelihood: -617.838359
[00:03:30] Bootstrap tree #344, logLikelihood: -646.952989
[00:03:30] Bootstrap tree #345, logLikelihood: -577.548209
[00:03:31] Bootstrap tree #346, logLikelihood: -603.754443
[00:03:32] Bootstrap tree #347, logLikelihood: -591.241856
[00:03:32] Bootstrap tree #348, logLikelihood: -561.777454
[00:03:33] Bootstrap tree #349, logLikelihood: -574.266656
[00:03:34] Bootstrap tree #350, logLikelihood: -533.750135
[00:03:34] Bootstrap tree #351, logLikelihood: -590.934427
[00:03:34] Bootstrap tree #352, logLikelihood: -613.457935
[00:03:35] Bootstrap tree #353, logLikelihood: -572.350326
[00:03:36] Bootstrap tree #354, logLikelihood: -562.199450
[00:03:36] Bootstrap tree #355, logLikelihood: -532.605774
[00:03:37] Bootstrap tree #356, logLikelihood: -572.643392
[00:03:37] Bootstrap tree #357, logLikelihood: -539.812391
[00:03:38] Bootstrap tree #358, logLikelihood: -584.911416
[00:03:39] Bootstrap tree #359, logLikelihood: -584.174285
[00:03:39] Bootstrap tree #360, logLikelihood: -597.092410
[00:03:40] Bootstrap tree #361, logLikelihood: -575.398671
[00:03:41] Bootstrap tree #362, logLikelihood: -526.407199
[00:03:41] Bootstrap tree #363, logLikelihood: -557.330641
[00:03:42] Bootstrap tree #364, logLikelihood: -564.942742
[00:03:43] Bootstrap tree #365, logLikelihood: -569.505139
[00:03:44] Bootstrap tree #366, logLikelihood: -630.589503
[00:03:44] Bootstrap tree #367, logLikelihood: -545.552708
[00:03:45] Bootstrap tree #368, logLikelihood: -554.844583
[00:03:45] Bootstrap tree #369, logLikelihood: -544.842041
[00:03:46] Bootstrap tree #370, logLikelihood: -589.911148
[00:03:47] Bootstrap tree #371, logLikelihood: -588.199767
[00:03:48] Bootstrap tree #372, logLikelihood: -620.958079
[00:03:49] Bootstrap tree #373, logLikelihood: -622.518148
[00:03:49] Bootstrap tree #374, logLikelihood: -580.760512
[00:03:50] Bootstrap tree #375, logLikelihood: -582.851177
[00:03:50] Bootstrap tree #376, logLikelihood: -532.541470
[00:03:51] Bootstrap tree #377, logLikelihood: -570.631342
[00:03:51] Bootstrap tree #378, logLikelihood: -548.266829
[00:03:52] Bootstrap tree #379, logLikelihood: -587.569953
[00:03:53] Bootstrap tree #380, logLikelihood: -589.205312
[00:03:53] Bootstrap tree #381, logLikelihood: -543.963294
[00:03:54] Bootstrap tree #382, logLikelihood: -648.126983
[00:03:55] Bootstrap tree #383, logLikelihood: -482.950870
[00:03:55] Bootstrap tree #384, logLikelihood: -605.733499
[00:03:56] Bootstrap tree #385, logLikelihood: -599.556754
[00:03:57] Bootstrap tree #386, logLikelihood: -635.897495
[00:03:57] Bootstrap tree #387, logLikelihood: -533.299956
[00:03:57] Bootstrap tree #388, logLikelihood: -555.998603
[00:03:58] Bootstrap tree #389, logLikelihood: -524.296281
[00:03:59] Bootstrap tree #390, logLikelihood: -555.377007
[00:03:59] Bootstrap tree #391, logLikelihood: -534.613868
[00:04:00] Bootstrap tree #392, logLikelihood: -539.953308
[00:04:00] Bootstrap tree #393, logLikelihood: -614.811524
[00:04:01] Bootstrap tree #394, logLikelihood: -620.579485
[00:04:02] Bootstrap tree #395, logLikelihood: -526.296126
[00:04:03] Bootstrap tree #396, logLikelihood: -593.844252
[00:04:03] Bootstrap tree #397, logLikelihood: -607.999622
[00:04:04] Bootstrap tree #398, logLikelihood: -590.590116
[00:04:05] Bootstrap tree #399, logLikelihood: -591.111199
[00:04:05] Bootstrap tree #400, logLikelihood: -595.379268
[00:04:05] Bootstrap tree #401, logLikelihood: -565.503241
[00:04:06] Bootstrap tree #402, logLikelihood: -590.840880
[00:04:07] Bootstrap tree #403, logLikelihood: -567.060022
[00:04:07] Bootstrap tree #404, logLikelihood: -601.620573
[00:04:08] Bootstrap tree #405, logLikelihood: -567.818699
[00:04:08] Bootstrap tree #406, logLikelihood: -533.804007
[00:04:09] Bootstrap tree #407, logLikelihood: -641.910900
[00:04:10] Bootstrap tree #408, logLikelihood: -542.866958
[00:04:11] Bootstrap tree #409, logLikelihood: -619.437786
[00:04:12] Bootstrap tree #410, logLikelihood: -621.549774
[00:04:12] Bootstrap tree #411, logLikelihood: -610.929029
[00:04:13] Bootstrap tree #412, logLikelihood: -607.442906
[00:04:14] Bootstrap tree #413, logLikelihood: -564.973221
[00:04:14] Bootstrap tree #414, logLikelihood: -607.310286
[00:04:15] Bootstrap tree #415, logLikelihood: -569.915933
[00:04:15] Bootstrap tree #416, logLikelihood: -548.304926
[00:04:16] Bootstrap tree #417, logLikelihood: -532.104979
[00:04:17] Bootstrap tree #418, logLikelihood: -582.015968
[00:04:17] Bootstrap tree #419, logLikelihood: -579.234755
[00:04:18] Bootstrap tree #420, logLikelihood: -547.653019
[00:04:18] Bootstrap tree #421, logLikelihood: -582.429139
[00:04:19] Bootstrap tree #422, logLikelihood: -532.486753
[00:04:19] Bootstrap tree #423, logLikelihood: -579.963858
[00:04:20] Bootstrap tree #424, logLikelihood: -559.213854
[00:04:21] Bootstrap tree #425, logLikelihood: -534.154731
[00:04:21] Bootstrap tree #426, logLikelihood: -562.796604
[00:04:22] Bootstrap tree #427, logLikelihood: -642.521379
[00:04:22] Bootstrap tree #428, logLikelihood: -558.199635
[00:04:23] Bootstrap tree #429, logLikelihood: -588.557498
[00:04:23] Bootstrap tree #430, logLikelihood: -537.502839
[00:04:24] Bootstrap tree #431, logLikelihood: -506.412105
[00:04:24] Bootstrap tree #432, logLikelihood: -625.965942
[00:04:25] Bootstrap tree #433, logLikelihood: -590.746366
[00:04:26] Bootstrap tree #434, logLikelihood: -642.275449
[00:04:26] Bootstrap tree #435, logLikelihood: -542.065367
[00:04:27] Bootstrap tree #436, logLikelihood: -610.091813
[00:04:27] Bootstrap tree #437, logLikelihood: -575.111672
[00:04:28] Bootstrap tree #438, logLikelihood: -627.914343
[00:04:29] Bootstrap tree #439, logLikelihood: -572.859275
[00:04:29] Bootstrap tree #440, logLikelihood: -579.698135
[00:04:30] Bootstrap tree #441, logLikelihood: -581.422667
[00:04:30] Bootstrap tree #442, logLikelihood: -532.638140
[00:04:32] Bootstrap tree #443, logLikelihood: -562.652861
[00:04:32] Bootstrap tree #444, logLikelihood: -611.949639
[00:04:33] Bootstrap tree #445, logLikelihood: -595.294291
[00:04:34] Bootstrap tree #446, logLikelihood: -617.686096
[00:04:35] Bootstrap tree #447, logLikelihood: -624.310074
[00:04:35] Bootstrap tree #448, logLikelihood: -524.212170
[00:04:36] Bootstrap tree #449, logLikelihood: -518.683212
[00:04:37] Bootstrap tree #450, logLikelihood: -576.972748
[00:04:37] Bootstrap tree #451, logLikelihood: -522.753404
[00:04:38] Bootstrap tree #452, logLikelihood: -629.417887
[00:04:39] Bootstrap tree #453, logLikelihood: -571.075740
[00:04:39] Bootstrap tree #454, logLikelihood: -515.804293
[00:04:40] Bootstrap tree #455, logLikelihood: -519.503650
[00:04:41] Bootstrap tree #456, logLikelihood: -641.748960
[00:04:41] Bootstrap tree #457, logLikelihood: -538.885997
[00:04:42] Bootstrap tree #458, logLikelihood: -586.339105
[00:04:43] Bootstrap tree #459, logLikelihood: -612.804069
[00:04:43] Bootstrap tree #460, logLikelihood: -558.347437
[00:04:44] Bootstrap tree #461, logLikelihood: -631.434662
[00:04:45] Bootstrap tree #462, logLikelihood: -539.780627
[00:04:46] Bootstrap tree #463, logLikelihood: -598.730721
[00:04:46] Bootstrap tree #464, logLikelihood: -616.299924
[00:04:47] Bootstrap tree #465, logLikelihood: -578.778799
[00:04:47] Bootstrap tree #466, logLikelihood: -528.689374
[00:04:48] Bootstrap tree #467, logLikelihood: -602.453281
[00:04:49] Bootstrap tree #468, logLikelihood: -611.415414
[00:04:50] Bootstrap tree #469, logLikelihood: -599.493543
[00:04:50] Bootstrap tree #470, logLikelihood: -626.509099
[00:04:51] Bootstrap tree #471, logLikelihood: -543.360191
[00:04:51] Bootstrap tree #472, logLikelihood: -595.414504
[00:04:52] Bootstrap tree #473, logLikelihood: -549.725419
[00:04:53] Bootstrap tree #474, logLikelihood: -553.156154
[00:04:53] Bootstrap tree #475, logLikelihood: -567.925742
[00:04:54] Bootstrap tree #476, logLikelihood: -518.021175
[00:04:54] Bootstrap tree #477, logLikelihood: -537.171643
[00:04:55] Bootstrap tree #478, logLikelihood: -621.129262
[00:04:56] Bootstrap tree #479, logLikelihood: -592.948762
[00:04:56] Bootstrap tree #480, logLikelihood: -563.980507
[00:04:57] Bootstrap tree #481, logLikelihood: -545.018184
[00:04:58] Bootstrap tree #482, logLikelihood: -554.915629
[00:04:58] Bootstrap tree #483, logLikelihood: -626.192927
[00:04:59] Bootstrap tree #484, logLikelihood: -607.961488
[00:04:59] Bootstrap tree #485, logLikelihood: -584.486458
[00:05:00] Bootstrap tree #486, logLikelihood: -627.089485
[00:05:01] Bootstrap tree #487, logLikelihood: -620.760415
[00:05:02] Bootstrap tree #488, logLikelihood: -619.241125
[00:05:03] Bootstrap tree #489, logLikelihood: -587.607095
[00:05:03] Bootstrap tree #490, logLikelihood: -593.111425
[00:05:04] Bootstrap tree #491, logLikelihood: -618.724650
[00:05:05] Bootstrap tree #492, logLikelihood: -618.732317
[00:05:06] Bootstrap tree #493, logLikelihood: -539.322994
[00:05:06] Bootstrap tree #494, logLikelihood: -599.439352
[00:05:07] Bootstrap tree #495, logLikelihood: -592.526641
[00:05:08] Bootstrap tree #496, logLikelihood: -606.249108
[00:05:09] Bootstrap tree #497, logLikelihood: -640.956025
[00:05:09] Bootstrap tree #498, logLikelihood: -638.811151
[00:05:10] Bootstrap tree #499, logLikelihood: -596.209362
[00:05:10] Bootstrap tree #500, logLikelihood: -572.182261
[00:05:11] Bootstrap tree #501, logLikelihood: -596.652515
[00:05:11] Bootstrap tree #502, logLikelihood: -572.957737
[00:05:12] Bootstrap tree #503, logLikelihood: -575.226053
[00:05:13] Bootstrap tree #504, logLikelihood: -495.084245
[00:05:14] Bootstrap tree #505, logLikelihood: -621.308596
[00:05:14] Bootstrap tree #506, logLikelihood: -639.350520
[00:05:15] Bootstrap tree #507, logLikelihood: -592.722470
[00:05:16] Bootstrap tree #508, logLikelihood: -526.269775
[00:05:16] Bootstrap tree #509, logLikelihood: -580.103698
[00:05:17] Bootstrap tree #510, logLikelihood: -600.119610
[00:05:19] Bootstrap tree #511, logLikelihood: -610.353104
[00:05:19] Bootstrap tree #512, logLikelihood: -526.453385
[00:05:20] Bootstrap tree #513, logLikelihood: -586.165201
[00:05:21] Bootstrap tree #514, logLikelihood: -530.597621
[00:05:21] Bootstrap tree #515, logLikelihood: -567.843752
[00:05:22] Bootstrap tree #516, logLikelihood: -545.116258
[00:05:22] Bootstrap tree #517, logLikelihood: -628.465669
[00:05:23] Bootstrap tree #518, logLikelihood: -533.437609
[00:05:24] Bootstrap tree #519, logLikelihood: -613.018532
[00:05:24] Bootstrap tree #520, logLikelihood: -536.950367
[00:05:25] Bootstrap tree #521, logLikelihood: -604.567470
[00:05:26] Bootstrap tree #522, logLikelihood: -628.426448
[00:05:26] Bootstrap tree #523, logLikelihood: -609.780331
[00:05:27] Bootstrap tree #524, logLikelihood: -596.429505
[00:05:28] Bootstrap tree #525, logLikelihood: -594.386633
[00:05:29] Bootstrap tree #526, logLikelihood: -579.124806
[00:05:29] Bootstrap tree #527, logLikelihood: -527.690666
[00:05:30] Bootstrap tree #528, logLikelihood: -562.493689
[00:05:31] Bootstrap tree #529, logLikelihood: -557.239569
[00:05:31] Bootstrap tree #530, logLikelihood: -605.684190
[00:05:32] Bootstrap tree #531, logLikelihood: -601.489330
[00:05:33] Bootstrap tree #532, logLikelihood: -621.537131
[00:05:33] Bootstrap tree #533, logLikelihood: -510.686269
[00:05:34] Bootstrap tree #534, logLikelihood: -533.077011
[00:05:34] Bootstrap tree #535, logLikelihood: -527.566286
[00:05:35] Bootstrap tree #536, logLikelihood: -626.253631
[00:05:36] Bootstrap tree #537, logLikelihood: -596.452817
[00:05:36] Bootstrap tree #538, logLikelihood: -570.766394
[00:05:37] Bootstrap tree #539, logLikelihood: -572.425597
[00:05:38] Bootstrap tree #540, logLikelihood: -588.939160
[00:05:38] Bootstrap tree #541, logLikelihood: -551.325563
[00:05:40] Bootstrap tree #542, logLikelihood: -595.506628
[00:05:40] Bootstrap tree #543, logLikelihood: -579.907997
[00:05:41] Bootstrap tree #544, logLikelihood: -594.014930
[00:05:42] Bootstrap tree #545, logLikelihood: -620.573563
[00:05:43] Bootstrap tree #546, logLikelihood: -571.230929
[00:05:43] Bootstrap tree #547, logLikelihood: -583.294103
[00:05:44] Bootstrap tree #548, logLikelihood: -607.462964
[00:05:45] Bootstrap tree #549, logLikelihood: -582.861709
[00:05:47] Bootstrap tree #550, logLikelihood: -576.945984
[00:05:47] Bootstrap tree #551, logLikelihood: -632.357700
[00:05:48] Bootstrap tree #552, logLikelihood: -537.911695
[00:05:49] Bootstrap tree #553, logLikelihood: -511.980161
[00:05:49] Bootstrap tree #554, logLikelihood: -530.295695
[00:05:50] Bootstrap tree #555, logLikelihood: -566.974430
[00:05:50] Bootstrap tree #556, logLikelihood: -569.913030
[00:05:51] Bootstrap tree #557, logLikelihood: -594.726394
[00:05:52] Bootstrap tree #558, logLikelihood: -596.164742
[00:05:54] Bootstrap tree #559, logLikelihood: -585.068718
[00:05:54] Bootstrap tree #560, logLikelihood: -610.678988
[00:05:55] Bootstrap tree #561, logLikelihood: -570.608854
[00:05:55] Bootstrap tree #562, logLikelihood: -551.378855
[00:05:56] Bootstrap tree #563, logLikelihood: -586.594934
[00:05:57] Bootstrap tree #564, logLikelihood: -554.538573
[00:05:58] Bootstrap tree #565, logLikelihood: -603.305034
[00:05:59] Bootstrap tree #566, logLikelihood: -511.986035
[00:06:00] Bootstrap tree #567, logLikelihood: -615.119458
[00:06:00] Bootstrap tree #568, logLikelihood: -560.940337
[00:06:01] Bootstrap tree #569, logLikelihood: -612.154703
[00:06:02] Bootstrap tree #570, logLikelihood: -574.799784
[00:06:02] Bootstrap tree #571, logLikelihood: -552.770536
[00:06:03] Bootstrap tree #572, logLikelihood: -559.263573
[00:06:04] Bootstrap tree #573, logLikelihood: -570.737281
[00:06:05] Bootstrap tree #574, logLikelihood: -633.968876
[00:06:06] Bootstrap tree #575, logLikelihood: -615.428300
[00:06:06] Bootstrap tree #576, logLikelihood: -523.329148
[00:06:07] Bootstrap tree #577, logLikelihood: -665.769552
[00:06:07] Bootstrap tree #578, logLikelihood: -557.647883
[00:06:08] Bootstrap tree #579, logLikelihood: -642.265026
[00:06:09] Bootstrap tree #580, logLikelihood: -634.442728
[00:06:09] Bootstrap tree #581, logLikelihood: -584.430940
[00:06:10] Bootstrap tree #582, logLikelihood: -537.450221
[00:06:11] Bootstrap tree #583, logLikelihood: -572.926425
[00:06:11] Bootstrap tree #584, logLikelihood: -553.795738
[00:06:12] Bootstrap tree #585, logLikelihood: -559.494936
[00:06:13] Bootstrap tree #586, logLikelihood: -583.980462
[00:06:13] Bootstrap tree #587, logLikelihood: -595.079089
[00:06:14] Bootstrap tree #588, logLikelihood: -582.081778
[00:06:14] Bootstrap tree #589, logLikelihood: -544.123182
[00:06:15] Bootstrap tree #590, logLikelihood: -613.744927
[00:06:16] Bootstrap tree #591, logLikelihood: -598.073944
[00:06:16] Bootstrap tree #592, logLikelihood: -581.039194
[00:06:17] Bootstrap tree #593, logLikelihood: -599.007155
[00:06:18] Bootstrap tree #594, logLikelihood: -602.502074
[00:06:18] Bootstrap tree #595, logLikelihood: -620.624964
[00:06:19] Bootstrap tree #596, logLikelihood: -585.168433
[00:06:20] Bootstrap tree #597, logLikelihood: -614.136990
[00:06:21] Bootstrap tree #598, logLikelihood: -640.365241
[00:06:22] Bootstrap tree #599, logLikelihood: -555.269984
[00:06:22] Bootstrap tree #600, logLikelihood: -632.189647
[00:06:23] Bootstrap tree #601, logLikelihood: -537.966833
[00:06:24] Bootstrap tree #602, logLikelihood: -564.090925
[00:06:25] Bootstrap tree #603, logLikelihood: -562.816642
[00:06:26] Bootstrap tree #604, logLikelihood: -532.438770
[00:06:26] Bootstrap tree #605, logLikelihood: -566.955278
[00:06:27] Bootstrap tree #606, logLikelihood: -539.944346
[00:06:28] Bootstrap tree #607, logLikelihood: -594.797763
[00:06:29] Bootstrap tree #608, logLikelihood: -560.167819
[00:06:30] Bootstrap tree #609, logLikelihood: -602.781961
[00:06:30] Bootstrap tree #610, logLikelihood: -589.095913
[00:06:31] Bootstrap tree #611, logLikelihood: -541.403914
[00:06:32] Bootstrap tree #612, logLikelihood: -598.778830
[00:06:32] Bootstrap tree #613, logLikelihood: -564.323828
[00:06:33] Bootstrap tree #614, logLikelihood: -506.542578
[00:06:33] Bootstrap tree #615, logLikelihood: -549.491538
[00:06:34] Bootstrap tree #616, logLikelihood: -631.490492
[00:06:35] Bootstrap tree #617, logLikelihood: -571.335243
[00:06:35] Bootstrap tree #618, logLikelihood: -574.009376
[00:06:36] Bootstrap tree #619, logLikelihood: -585.593649
[00:06:37] Bootstrap tree #620, logLikelihood: -626.039243
[00:06:38] Bootstrap tree #621, logLikelihood: -617.493315
[00:06:38] Bootstrap tree #622, logLikelihood: -559.836515
[00:06:39] Bootstrap tree #623, logLikelihood: -566.684129
[00:06:40] Bootstrap tree #624, logLikelihood: -591.930161
[00:06:41] Bootstrap tree #625, logLikelihood: -610.762816
[00:06:42] Bootstrap tree #626, logLikelihood: -591.383479
[00:06:42] Bootstrap tree #627, logLikelihood: -580.998490
[00:06:43] Bootstrap tree #628, logLikelihood: -576.163319
[00:06:43] Bootstrap tree #629, logLikelihood: -521.739265
[00:06:44] Bootstrap tree #630, logLikelihood: -556.417058
[00:06:45] Bootstrap tree #631, logLikelihood: -637.353384
[00:06:46] Bootstrap tree #632, logLikelihood: -566.023369
[00:06:46] Bootstrap tree #633, logLikelihood: -615.710278
[00:06:47] Bootstrap tree #634, logLikelihood: -596.741001
[00:06:48] Bootstrap tree #635, logLikelihood: -642.401432
[00:06:48] Bootstrap tree #636, logLikelihood: -632.720037
[00:06:49] Bootstrap tree #637, logLikelihood: -533.361303
[00:06:49] Bootstrap tree #638, logLikelihood: -574.405819
[00:06:50] Bootstrap tree #639, logLikelihood: -666.562478
[00:06:51] Bootstrap tree #640, logLikelihood: -584.796347
[00:06:51] Bootstrap tree #641, logLikelihood: -552.177326
[00:06:52] Bootstrap tree #642, logLikelihood: -595.723769
[00:06:53] Bootstrap tree #643, logLikelihood: -627.210572
[00:06:54] Bootstrap tree #644, logLikelihood: -548.995288
[00:06:54] Bootstrap tree #645, logLikelihood: -621.844319
[00:06:55] Bootstrap tree #646, logLikelihood: -585.743996
[00:06:55] Bootstrap tree #647, logLikelihood: -624.310219
[00:06:56] Bootstrap tree #648, logLikelihood: -628.848237
[00:06:57] Bootstrap tree #649, logLikelihood: -573.278694
[00:06:58] Bootstrap tree #650, logLikelihood: -603.694795
[00:06:59] Bootstrap tree #651, logLikelihood: -631.368823
[00:06:59] Bootstrap tree #652, logLikelihood: -542.017873
[00:07:00] Bootstrap tree #653, logLikelihood: -555.065989
[00:07:01] Bootstrap tree #654, logLikelihood: -529.613325
[00:07:02] Bootstrap tree #655, logLikelihood: -554.112491
[00:07:03] Bootstrap tree #656, logLikelihood: -543.292436
[00:07:04] Bootstrap tree #657, logLikelihood: -525.733657
[00:07:05] Bootstrap tree #658, logLikelihood: -604.586657
[00:07:06] Bootstrap tree #659, logLikelihood: -589.899804
[00:07:06] Bootstrap tree #660, logLikelihood: -577.434381
[00:07:07] Bootstrap tree #661, logLikelihood: -567.564190
[00:07:08] Bootstrap tree #662, logLikelihood: -584.899365
[00:07:09] Bootstrap tree #663, logLikelihood: -566.695437
[00:07:09] Bootstrap tree #664, logLikelihood: -586.337434
[00:07:11] Bootstrap tree #665, logLikelihood: -608.455580
[00:07:11] Bootstrap tree #666, logLikelihood: -634.859552
[00:07:12] Bootstrap tree #667, logLikelihood: -536.649343
[00:07:13] Bootstrap tree #668, logLikelihood: -608.853267
[00:07:14] Bootstrap tree #669, logLikelihood: -597.277174
[00:07:15] Bootstrap tree #670, logLikelihood: -619.859220
[00:07:15] Bootstrap tree #671, logLikelihood: -588.280647
[00:07:16] Bootstrap tree #672, logLikelihood: -547.708561
[00:07:16] Bootstrap tree #673, logLikelihood: -537.700913
[00:07:17] Bootstrap tree #674, logLikelihood: -541.238254
[00:07:18] Bootstrap tree #675, logLikelihood: -614.621335
[00:07:19] Bootstrap tree #676, logLikelihood: -607.415939
[00:07:19] Bootstrap tree #677, logLikelihood: -602.274906
[00:07:20] Bootstrap tree #678, logLikelihood: -569.103808
[00:07:21] Bootstrap tree #679, logLikelihood: -579.964899
[00:07:21] Bootstrap tree #680, logLikelihood: -564.821553
[00:07:22] Bootstrap tree #681, logLikelihood: -608.673037
[00:07:22] Bootstrap tree #682, logLikelihood: -574.863584
[00:07:23] Bootstrap tree #683, logLikelihood: -519.762277
[00:07:23] Bootstrap tree #684, logLikelihood: -584.069893
[00:07:24] Bootstrap tree #685, logLikelihood: -587.014381
[00:07:25] Bootstrap tree #686, logLikelihood: -554.412285
[00:07:26] Bootstrap tree #687, logLikelihood: -560.782622
[00:07:26] Bootstrap tree #688, logLikelihood: -570.501795
[00:07:27] Bootstrap tree #689, logLikelihood: -614.342687
[00:07:28] Bootstrap tree #690, logLikelihood: -617.946225
[00:07:29] Bootstrap tree #691, logLikelihood: -510.526229
[00:07:29] Bootstrap tree #692, logLikelihood: -617.523069
[00:07:30] Bootstrap tree #693, logLikelihood: -584.031065
[00:07:31] Bootstrap tree #694, logLikelihood: -545.195339
[00:07:31] Bootstrap tree #695, logLikelihood: -579.438005
[00:07:32] Bootstrap tree #696, logLikelihood: -630.566124
[00:07:34] Bootstrap tree #697, logLikelihood: -621.104681
[00:07:35] Bootstrap tree #698, logLikelihood: -652.056928
[00:07:35] Bootstrap tree #699, logLikelihood: -600.633577
[00:07:36] Bootstrap tree #700, logLikelihood: -539.687634
[00:07:37] Bootstrap tree #701, logLikelihood: -612.803866
[00:07:39] Bootstrap tree #702, logLikelihood: -575.495180
[00:07:39] Bootstrap tree #703, logLikelihood: -564.884707
[00:07:40] Bootstrap tree #704, logLikelihood: -595.042963
[00:07:41] Bootstrap tree #705, logLikelihood: -532.115023
[00:07:42] Bootstrap tree #706, logLikelihood: -608.163246
[00:07:42] Bootstrap tree #707, logLikelihood: -564.439004
[00:07:43] Bootstrap tree #708, logLikelihood: -595.598398
[00:07:44] Bootstrap tree #709, logLikelihood: -531.344566
[00:07:44] Bootstrap tree #710, logLikelihood: -591.749355
[00:07:45] Bootstrap tree #711, logLikelihood: -599.411553
[00:07:47] Bootstrap tree #712, logLikelihood: -576.622803
[00:07:48] Bootstrap tree #713, logLikelihood: -548.049897
[00:07:48] Bootstrap tree #714, logLikelihood: -607.005441
[00:07:49] Bootstrap tree #715, logLikelihood: -603.199357
[00:07:50] Bootstrap tree #716, logLikelihood: -565.411973
[00:07:50] Bootstrap tree #717, logLikelihood: -580.837401
[00:07:51] Bootstrap tree #718, logLikelihood: -567.898323
[00:07:52] Bootstrap tree #719, logLikelihood: -616.326461
[00:07:53] Bootstrap tree #720, logLikelihood: -632.169541
[00:07:54] Bootstrap tree #721, logLikelihood: -589.487283
[00:07:55] Bootstrap tree #722, logLikelihood: -551.445906
[00:07:55] Bootstrap tree #723, logLikelihood: -515.058418
[00:07:56] Bootstrap tree #724, logLikelihood: -592.623849
[00:07:57] Bootstrap tree #725, logLikelihood: -541.648191
[00:07:57] Bootstrap tree #726, logLikelihood: -591.309562
[00:07:58] Bootstrap tree #727, logLikelihood: -645.359090
[00:07:59] Bootstrap tree #728, logLikelihood: -568.661107
[00:08:00] Bootstrap tree #729, logLikelihood: -537.030379
[00:08:00] Bootstrap tree #730, logLikelihood: -584.021639
[00:08:01] Bootstrap tree #731, logLikelihood: -558.963644
[00:08:02] Bootstrap tree #732, logLikelihood: -537.033105
[00:08:02] Bootstrap tree #733, logLikelihood: -597.837029
[00:08:03] Bootstrap tree #734, logLikelihood: -523.889244
[00:08:04] Bootstrap tree #735, logLikelihood: -527.976390
[00:08:05] Bootstrap tree #736, logLikelihood: -633.893396
[00:08:05] Bootstrap tree #737, logLikelihood: -585.438698
[00:08:06] Bootstrap tree #738, logLikelihood: -586.198927
[00:08:07] Bootstrap tree #739, logLikelihood: -518.201629
[00:08:07] Bootstrap tree #740, logLikelihood: -599.629753
[00:08:08] Bootstrap tree #741, logLikelihood: -541.912536
[00:08:09] Bootstrap tree #742, logLikelihood: -618.328531
[00:08:09] Bootstrap tree #743, logLikelihood: -545.594536
[00:08:10] Bootstrap tree #744, logLikelihood: -525.865042
[00:08:11] Bootstrap tree #745, logLikelihood: -569.817735
[00:08:12] Bootstrap tree #746, logLikelihood: -581.514336
[00:08:12] Bootstrap tree #747, logLikelihood: -621.958958
[00:08:13] Bootstrap tree #748, logLikelihood: -611.589604
[00:08:14] Bootstrap tree #749, logLikelihood: -634.024817
[00:08:15] Bootstrap tree #750, logLikelihood: -621.223040
[00:08:15] Bootstrap tree #751, logLikelihood: -573.329783
[00:08:16] Bootstrap tree #752, logLikelihood: -634.772318
[00:08:17] Bootstrap tree #753, logLikelihood: -623.073374
[00:08:18] Bootstrap tree #754, logLikelihood: -450.776310
[00:08:19] Bootstrap tree #755, logLikelihood: -554.192945
[00:08:19] Bootstrap tree #756, logLikelihood: -541.146352
[00:08:20] Bootstrap tree #757, logLikelihood: -622.120266
[00:08:21] Bootstrap tree #758, logLikelihood: -623.824266
[00:08:21] Bootstrap tree #759, logLikelihood: -548.238900
[00:08:22] Bootstrap tree #760, logLikelihood: -555.901636
[00:08:23] Bootstrap tree #761, logLikelihood: -548.962772
[00:08:23] Bootstrap tree #762, logLikelihood: -570.374302
[00:08:24] Bootstrap tree #763, logLikelihood: -541.682386
[00:08:25] Bootstrap tree #764, logLikelihood: -589.282111
[00:08:26] Bootstrap tree #765, logLikelihood: -610.451527
[00:08:27] Bootstrap tree #766, logLikelihood: -618.484486
[00:08:27] Bootstrap tree #767, logLikelihood: -568.716699
[00:08:28] Bootstrap tree #768, logLikelihood: -568.986604
[00:08:29] Bootstrap tree #769, logLikelihood: -564.979472
[00:08:29] Bootstrap tree #770, logLikelihood: -543.185602
[00:08:30] Bootstrap tree #771, logLikelihood: -613.429219
[00:08:31] Bootstrap tree #772, logLikelihood: -581.046228
[00:08:31] Bootstrap tree #773, logLikelihood: -596.031580
[00:08:32] Bootstrap tree #774, logLikelihood: -569.109553
[00:08:33] Bootstrap tree #775, logLikelihood: -569.270731
[00:08:34] Bootstrap tree #776, logLikelihood: -531.411487
[00:08:35] Bootstrap tree #777, logLikelihood: -595.136764
[00:08:35] Bootstrap tree #778, logLikelihood: -569.336944
[00:08:36] Bootstrap tree #779, logLikelihood: -602.171961
[00:08:37] Bootstrap tree #780, logLikelihood: -601.217891
[00:08:37] Bootstrap tree #781, logLikelihood: -586.812921
[00:08:38] Bootstrap tree #782, logLikelihood: -625.733551
[00:08:39] Bootstrap tree #783, logLikelihood: -606.113837
[00:08:39] Bootstrap tree #784, logLikelihood: -644.180820
[00:08:40] Bootstrap tree #785, logLikelihood: -590.131806
[00:08:41] Bootstrap tree #786, logLikelihood: -622.983637
[00:08:41] Bootstrap tree #787, logLikelihood: -591.057129
[00:08:42] Bootstrap tree #788, logLikelihood: -567.291029
[00:08:43] Bootstrap tree #789, logLikelihood: -624.863844
[00:08:44] Bootstrap tree #790, logLikelihood: -591.738128
[00:08:44] Bootstrap tree #791, logLikelihood: -585.630112
[00:08:46] Bootstrap tree #792, logLikelihood: -568.128511
[00:08:46] Bootstrap tree #793, logLikelihood: -563.488400
[00:08:47] Bootstrap tree #794, logLikelihood: -572.326945
[00:08:48] Bootstrap tree #795, logLikelihood: -546.319773
[00:08:48] Bootstrap tree #796, logLikelihood: -532.876772
[00:08:49] Bootstrap tree #797, logLikelihood: -606.542108
[00:08:50] Bootstrap tree #798, logLikelihood: -566.309053
[00:08:51] Bootstrap tree #799, logLikelihood: -591.191712
[00:08:52] Bootstrap tree #800, logLikelihood: -591.411953
[00:08:52] Bootstrap tree #801, logLikelihood: -669.034204
[00:08:53] Bootstrap tree #802, logLikelihood: -574.342014
[00:08:54] Bootstrap tree #803, logLikelihood: -575.233131
[00:08:55] Bootstrap tree #804, logLikelihood: -593.386620
[00:08:56] Bootstrap tree #805, logLikelihood: -589.191493
[00:08:57] Bootstrap tree #806, logLikelihood: -586.608589
[00:08:58] Bootstrap tree #807, logLikelihood: -612.012699
[00:08:59] Bootstrap tree #808, logLikelihood: -619.949019
[00:08:59] Bootstrap tree #809, logLikelihood: -562.689441
[00:09:00] Bootstrap tree #810, logLikelihood: -561.274801
[00:09:00] Bootstrap tree #811, logLikelihood: -543.738876
[00:09:01] Bootstrap tree #812, logLikelihood: -584.597836
[00:09:03] Bootstrap tree #813, logLikelihood: -657.784139
[00:09:03] Bootstrap tree #814, logLikelihood: -612.540202
[00:09:04] Bootstrap tree #815, logLikelihood: -538.835481
[00:09:05] Bootstrap tree #816, logLikelihood: -552.857836
[00:09:06] Bootstrap tree #817, logLikelihood: -536.626882
[00:09:06] Bootstrap tree #818, logLikelihood: -538.698887
[00:09:07] Bootstrap tree #819, logLikelihood: -560.454774
[00:09:07] Bootstrap tree #820, logLikelihood: -567.049728
[00:09:08] Bootstrap tree #821, logLikelihood: -670.598388
[00:09:09] Bootstrap tree #822, logLikelihood: -639.800915
[00:09:09] Bootstrap tree #823, logLikelihood: -554.921257
[00:09:10] Bootstrap tree #824, logLikelihood: -646.295690
[00:09:11] Bootstrap tree #825, logLikelihood: -614.803641
[00:09:12] Bootstrap tree #826, logLikelihood: -576.398384
[00:09:13] Bootstrap tree #827, logLikelihood: -646.991554
[00:09:14] Bootstrap tree #828, logLikelihood: -646.580438
[00:09:15] Bootstrap tree #829, logLikelihood: -568.119124
[00:09:16] Bootstrap tree #830, logLikelihood: -582.950468
[00:09:16] Bootstrap tree #831, logLikelihood: -597.833067
[00:09:17] Bootstrap tree #832, logLikelihood: -603.532638
[00:09:18] Bootstrap tree #833, logLikelihood: -599.706340
[00:09:18] Bootstrap tree #834, logLikelihood: -573.994459
[00:09:19] Bootstrap tree #835, logLikelihood: -560.022115
[00:09:20] Bootstrap tree #836, logLikelihood: -595.085153
[00:09:21] Bootstrap tree #837, logLikelihood: -584.640591
[00:09:22] Bootstrap tree #838, logLikelihood: -563.873674
[00:09:22] Bootstrap tree #839, logLikelihood: -530.103025
[00:09:23] Bootstrap tree #840, logLikelihood: -578.356240
[00:09:23] Bootstrap tree #841, logLikelihood: -571.804753
[00:09:24] Bootstrap tree #842, logLikelihood: -609.207408
[00:09:25] Bootstrap tree #843, logLikelihood: -540.068517
[00:09:26] Bootstrap tree #844, logLikelihood: -601.492338
[00:09:26] Bootstrap tree #845, logLikelihood: -617.648090
[00:09:27] Bootstrap tree #846, logLikelihood: -622.054489
[00:09:28] Bootstrap tree #847, logLikelihood: -504.858264
[00:09:28] Bootstrap tree #848, logLikelihood: -525.685341
[00:09:29] Bootstrap tree #849, logLikelihood: -528.796577
[00:09:29] Bootstrap tree #850, logLikelihood: -595.011027
[00:09:30] Bootstrap tree #851, logLikelihood: -549.168102
[00:09:31] Bootstrap tree #852, logLikelihood: -584.237691
[00:09:31] Bootstrap tree #853, logLikelihood: -557.246063
[00:09:32] Bootstrap tree #854, logLikelihood: -564.403225
[00:09:32] Bootstrap tree #855, logLikelihood: -566.519175
[00:09:33] Bootstrap tree #856, logLikelihood: -588.508649
[00:09:34] Bootstrap tree #857, logLikelihood: -560.408005
[00:09:34] Bootstrap tree #858, logLikelihood: -602.759319
[00:09:35] Bootstrap tree #859, logLikelihood: -533.567218
[00:09:36] Bootstrap tree #860, logLikelihood: -531.725759
[00:09:36] Bootstrap tree #861, logLikelihood: -604.624272
[00:09:37] Bootstrap tree #862, logLikelihood: -580.804247
[00:09:38] Bootstrap tree #863, logLikelihood: -650.164433
[00:09:38] Bootstrap tree #864, logLikelihood: -563.386814
[00:09:39] Bootstrap tree #865, logLikelihood: -572.461448
[00:09:40] Bootstrap tree #866, logLikelihood: -635.130881
[00:09:40] Bootstrap tree #867, logLikelihood: -630.148377
[00:09:41] Bootstrap tree #868, logLikelihood: -582.852573
[00:09:42] Bootstrap tree #869, logLikelihood: -553.464732
[00:09:42] Bootstrap tree #870, logLikelihood: -606.821512
[00:09:43] Bootstrap tree #871, logLikelihood: -611.954187
[00:09:44] Bootstrap tree #872, logLikelihood: -562.047521
[00:09:45] Bootstrap tree #873, logLikelihood: -594.875403
[00:09:45] Bootstrap tree #874, logLikelihood: -574.992602
[00:09:46] Bootstrap tree #875, logLikelihood: -611.149542
[00:09:47] Bootstrap tree #876, logLikelihood: -535.269170
[00:09:48] Bootstrap tree #877, logLikelihood: -534.706946
[00:09:49] Bootstrap tree #878, logLikelihood: -574.464803
[00:09:50] Bootstrap tree #879, logLikelihood: -466.596488
[00:09:51] Bootstrap tree #880, logLikelihood: -598.573970
[00:09:52] Bootstrap tree #881, logLikelihood: -606.939476
[00:09:53] Bootstrap tree #882, logLikelihood: -617.840143
[00:09:53] Bootstrap tree #883, logLikelihood: -536.936712
[00:09:54] Bootstrap tree #884, logLikelihood: -595.990277
[00:09:56] Bootstrap tree #885, logLikelihood: -554.136816
[00:09:57] Bootstrap tree #886, logLikelihood: -536.448316
[00:09:57] Bootstrap tree #887, logLikelihood: -573.993238
[00:09:58] Bootstrap tree #888, logLikelihood: -545.488664
[00:09:59] Bootstrap tree #889, logLikelihood: -561.542234
[00:10:00] Bootstrap tree #890, logLikelihood: -579.914063
[00:10:01] Bootstrap tree #891, logLikelihood: -631.939294
[00:10:02] Bootstrap tree #892, logLikelihood: -539.587180
[00:10:03] Bootstrap tree #893, logLikelihood: -620.290299
[00:10:03] Bootstrap tree #894, logLikelihood: -605.130093
[00:10:04] Bootstrap tree #895, logLikelihood: -575.304676
[00:10:05] Bootstrap tree #896, logLikelihood: -590.080809
[00:10:06] Bootstrap tree #897, logLikelihood: -590.243493
[00:10:07] Bootstrap tree #898, logLikelihood: -566.381453
[00:10:07] Bootstrap tree #899, logLikelihood: -560.039744
[00:10:08] Bootstrap tree #900, logLikelihood: -575.754536
[00:10:08] Bootstrap tree #901, logLikelihood: -575.984334
[00:10:09] Bootstrap tree #902, logLikelihood: -633.772685
[00:10:10] Bootstrap tree #903, logLikelihood: -583.816412
[00:10:10] Bootstrap tree #904, logLikelihood: -555.441610
[00:10:11] Bootstrap tree #905, logLikelihood: -617.395917
[00:10:12] Bootstrap tree #906, logLikelihood: -578.029282
[00:10:13] Bootstrap tree #907, logLikelihood: -590.482123
[00:10:13] Bootstrap tree #908, logLikelihood: -595.521315
[00:10:14] Bootstrap tree #909, logLikelihood: -581.965245
[00:10:15] Bootstrap tree #910, logLikelihood: -565.181114
[00:10:15] Bootstrap tree #911, logLikelihood: -573.048982
[00:10:16] Bootstrap tree #912, logLikelihood: -531.710673
[00:10:17] Bootstrap tree #913, logLikelihood: -550.204712
[00:10:18] Bootstrap tree #914, logLikelihood: -652.838027
[00:10:18] Bootstrap tree #915, logLikelihood: -543.120105
[00:10:19] Bootstrap tree #916, logLikelihood: -551.710494
[00:10:20] Bootstrap tree #917, logLikelihood: -540.031688
[00:10:21] Bootstrap tree #918, logLikelihood: -631.133686
[00:10:21] Bootstrap tree #919, logLikelihood: -581.915569
[00:10:22] Bootstrap tree #920, logLikelihood: -545.089977
[00:10:23] Bootstrap tree #921, logLikelihood: -495.157664
[00:10:23] Bootstrap tree #922, logLikelihood: -530.763565
[00:10:24] Bootstrap tree #923, logLikelihood: -561.209159
[00:10:25] Bootstrap tree #924, logLikelihood: -604.632509
[00:10:25] Bootstrap tree #925, logLikelihood: -526.464212
[00:10:26] Bootstrap tree #926, logLikelihood: -555.445901
[00:10:27] Bootstrap tree #927, logLikelihood: -602.540283
[00:10:27] Bootstrap tree #928, logLikelihood: -595.015550
[00:10:28] Bootstrap tree #929, logLikelihood: -573.417495
[00:10:29] Bootstrap tree #930, logLikelihood: -600.939948
[00:10:30] Bootstrap tree #931, logLikelihood: -591.297437
[00:10:31] Bootstrap tree #932, logLikelihood: -576.829422
[00:10:31] Bootstrap tree #933, logLikelihood: -544.702824
[00:10:32] Bootstrap tree #934, logLikelihood: -607.630921
[00:10:33] Bootstrap tree #935, logLikelihood: -609.717815
[00:10:34] Bootstrap tree #936, logLikelihood: -553.730275
[00:10:34] Bootstrap tree #937, logLikelihood: -666.978350
[00:10:35] Bootstrap tree #938, logLikelihood: -593.400579
[00:10:36] Bootstrap tree #939, logLikelihood: -581.948283
[00:10:37] Bootstrap tree #940, logLikelihood: -609.192436
[00:10:37] Bootstrap tree #941, logLikelihood: -541.402423
[00:10:38] Bootstrap tree #942, logLikelihood: -577.414147
[00:10:39] Bootstrap tree #943, logLikelihood: -556.870104
[00:10:40] Bootstrap tree #944, logLikelihood: -599.457034
[00:10:41] Bootstrap tree #945, logLikelihood: -596.562883
[00:10:42] Bootstrap tree #946, logLikelihood: -604.324385
[00:10:42] Bootstrap tree #947, logLikelihood: -578.662378
[00:10:43] Bootstrap tree #948, logLikelihood: -638.236655
[00:10:43] Bootstrap tree #949, logLikelihood: -535.557580
[00:10:44] Bootstrap tree #950, logLikelihood: -631.539560
[00:10:45] Bootstrap tree #951, logLikelihood: -561.318822
[00:10:46] Bootstrap tree #952, logLikelihood: -528.012125
[00:10:47] Bootstrap tree #953, logLikelihood: -591.005311
[00:10:48] Bootstrap tree #954, logLikelihood: -645.415317
[00:10:48] Bootstrap tree #955, logLikelihood: -643.313234
[00:10:49] Bootstrap tree #956, logLikelihood: -576.159094
[00:10:50] Bootstrap tree #957, logLikelihood: -584.159313
[00:10:50] Bootstrap tree #958, logLikelihood: -606.861248
[00:10:51] Bootstrap tree #959, logLikelihood: -504.536679
[00:10:52] Bootstrap tree #960, logLikelihood: -633.937950
[00:10:52] Bootstrap tree #961, logLikelihood: -563.560765
[00:10:53] Bootstrap tree #962, logLikelihood: -579.666132
[00:10:54] Bootstrap tree #963, logLikelihood: -554.057977
[00:10:55] Bootstrap tree #964, logLikelihood: -579.128810
[00:10:56] Bootstrap tree #965, logLikelihood: -628.847546
[00:10:56] Bootstrap tree #966, logLikelihood: -542.230161
[00:10:57] Bootstrap tree #967, logLikelihood: -579.595510
[00:10:57] Bootstrap tree #968, logLikelihood: -597.649320
[00:10:58] Bootstrap tree #969, logLikelihood: -593.254533
[00:10:59] Bootstrap tree #970, logLikelihood: -535.521436
[00:11:00] Bootstrap tree #971, logLikelihood: -539.536520
[00:11:00] Bootstrap tree #972, logLikelihood: -539.894290
[00:11:01] Bootstrap tree #973, logLikelihood: -631.361462
[00:11:02] Bootstrap tree #974, logLikelihood: -650.704989
[00:11:03] Bootstrap tree #975, logLikelihood: -543.487675
[00:11:04] Bootstrap tree #976, logLikelihood: -551.860149
[00:11:04] Bootstrap tree #977, logLikelihood: -668.562811
[00:11:06] Bootstrap tree #978, logLikelihood: -648.919590
[00:11:06] Bootstrap tree #979, logLikelihood: -600.358211
[00:11:07] Bootstrap tree #980, logLikelihood: -538.504112
[00:11:08] Bootstrap tree #981, logLikelihood: -537.722109
[00:11:09] Bootstrap tree #982, logLikelihood: -603.166671
[00:11:10] Bootstrap tree #983, logLikelihood: -638.242192
[00:11:11] Bootstrap tree #984, logLikelihood: -573.170836
[00:11:11] Bootstrap tree #985, logLikelihood: -540.913819
[00:11:12] Bootstrap tree #986, logLikelihood: -538.462692
[00:11:13] Bootstrap tree #987, logLikelihood: -604.607223
[00:11:14] Bootstrap tree #988, logLikelihood: -602.792280
[00:11:15] Bootstrap tree #989, logLikelihood: -639.944106
[00:11:16] Bootstrap tree #990, logLikelihood: -557.101180
[00:11:17] Bootstrap tree #991, logLikelihood: -557.440786
[00:11:18] Bootstrap tree #992, logLikelihood: -628.828397
[00:11:19] Bootstrap tree #993, logLikelihood: -608.915732
[00:11:19] Bootstrap tree #994, logLikelihood: -550.088421
[00:11:20] Bootstrap tree #995, logLikelihood: -615.617333
[00:11:21] Bootstrap tree #996, logLikelihood: -589.018627
[00:11:22] Bootstrap tree #997, logLikelihood: -521.237066
[00:11:22] Bootstrap tree #998, logLikelihood: -563.882047
[00:11:24] Bootstrap tree #999, logLikelihood: -612.181152
[00:11:25] Bootstrap tree #1000, logLikelihood: -524.265502
Bootstrap trees saved to: /home/jmahguib/EEOB563-Spring2019/Final_Project/BootstrapArcheZergOG.raxml.bootstraps

Execution log saved to: /home/jmahguib/EEOB563-Spring2019/Final_Project/BootstrapArcheZergOG.raxml.log

Analysis started: 18-Apr-2019 05:03:38 / finished: 18-Apr-2019 05:15:03

Elapsed time: 685.255 seconds

