
RAxML-NG v. 0.8.0 BETA released on 11.01.2019 by The Exelixis Lab.
Authors: Alexey Kozlov, Alexandros Stamatakis, Diego Darriba, Tomas Flouri, Benoit Morel.
Latest version: https://github.com/amkozlov/raxml-ng
Questions/problems/suggestions? Please visit: https://groups.google.com/forum/#!forum/raxml

WARNING: This is a BETA release, please use at your own risk!

RAxML-NG was called at 18-Apr-2019 04:35:58 as follows:

raxml-ng --bootstrap --msa Tolkien_physio_align_zergOG.txt --outgroup Zerg_OG --model MULTI8_MK --bs-trees 1000 --prefix BootstrapPhysioZergOG --threads 1 --seed 2

Analysis options:
  run mode: Bootstrapping
  start tree(s): 
  bootstrap replicates: 1000
  random seed: 2
  tip-inner: OFF
  pattern compression: ON
  per-rate scalers: OFF
  site repeats: ON
  branch lengths: proportional (ML estimate, algorithm: NR-FAST)
  SIMD kernels: AVX
  parallelization: NONE/sequential

[00:00:00] Reading alignment from file: Tolkien_physio_align_zergOG.txt
[00:00:00] Loaded alignment with 33 taxa and 32 sites

WARNING: Sequences Humans_LotR and Humans_WH are exactly identical!
WARNING: Sequences Humans_FR and Humans_W are exactly identical!
WARNING: Sequences Elves_FR and Elves_W are exactly identical!
WARNING: Sequences Humans_ES and Humans_WC are exactly identical!
WARNING: Sequences Orcs_WH and Orks_40K are exactly identical!
WARNING: Duplicate sequences found: 5

NOTE: Reduced alignment (with duplicates and gap-only sites/taxa removed) 
NOTE: was saved to: /home/jmahguib/EEOB563-Spring2019/Final_Project/BootstrapPhysioZergOG.raxml.reduced.phy

Alignment comprises 1 partitions and 25 patterns

Partition 0: noname
Model: MULTI8_MK
Alignment sites / patterns: 32 / 25
Gaps: 0.00 %
Invariant sites: 3.12 %


NOTE: Binary MSA file created: BootstrapPhysioZergOG.raxml.rba

[00:00:00] Data distribution: max. partitions/sites/weight per thread: 1 / 25 / 200
[00:00:00] Starting bootstrapping analysis with 1000 replicates.

[00:00:00] Bootstrap tree #1, logLikelihood: -543.657950
[00:00:01] Bootstrap tree #2, logLikelihood: -592.275856
[00:00:01] Bootstrap tree #3, logLikelihood: -574.306574
[00:00:02] Bootstrap tree #4, logLikelihood: -608.882290
[00:00:02] Bootstrap tree #5, logLikelihood: -584.714267
[00:00:03] Bootstrap tree #6, logLikelihood: -643.057157
[00:00:03] Bootstrap tree #7, logLikelihood: -698.679890
[00:00:04] Bootstrap tree #8, logLikelihood: -539.450803
[00:00:05] Bootstrap tree #9, logLikelihood: -506.916261
[00:00:06] Bootstrap tree #10, logLikelihood: -514.043282
[00:00:06] Bootstrap tree #11, logLikelihood: -628.918929
[00:00:07] Bootstrap tree #12, logLikelihood: -636.053401
[00:00:07] Bootstrap tree #13, logLikelihood: -539.895433
[00:00:08] Bootstrap tree #14, logLikelihood: -576.339311
[00:00:08] Bootstrap tree #15, logLikelihood: -562.529810
[00:00:09] Bootstrap tree #16, logLikelihood: -418.347849
[00:00:10] Bootstrap tree #17, logLikelihood: -588.868375
[00:00:10] Bootstrap tree #18, logLikelihood: -562.011359
[00:00:10] Bootstrap tree #19, logLikelihood: -479.896145
[00:00:11] Bootstrap tree #20, logLikelihood: -675.816405
[00:00:11] Bootstrap tree #21, logLikelihood: -667.937214
[00:00:12] Bootstrap tree #22, logLikelihood: -483.321180
[00:00:12] Bootstrap tree #23, logLikelihood: -563.312661
[00:00:13] Bootstrap tree #24, logLikelihood: -448.402150
[00:00:13] Bootstrap tree #25, logLikelihood: -625.602343
[00:00:14] Bootstrap tree #26, logLikelihood: -507.822649
[00:00:14] Bootstrap tree #27, logLikelihood: -602.083909
[00:00:15] Bootstrap tree #28, logLikelihood: -661.756687
[00:00:15] Bootstrap tree #29, logLikelihood: -655.526453
[00:00:16] Bootstrap tree #30, logLikelihood: -716.027774
[00:00:16] Bootstrap tree #31, logLikelihood: -538.170508
[00:00:17] Bootstrap tree #32, logLikelihood: -597.490044
[00:00:17] Bootstrap tree #33, logLikelihood: -632.292445
[00:00:18] Bootstrap tree #34, logLikelihood: -584.597299
[00:00:18] Bootstrap tree #35, logLikelihood: -563.172040
[00:00:19] Bootstrap tree #36, logLikelihood: -569.839812
[00:00:19] Bootstrap tree #37, logLikelihood: -678.825162
[00:00:20] Bootstrap tree #38, logLikelihood: -548.776698
[00:00:20] Bootstrap tree #39, logLikelihood: -583.947245
[00:00:21] Bootstrap tree #40, logLikelihood: -684.729774
[00:00:22] Bootstrap tree #41, logLikelihood: -724.138836
[00:00:23] Bootstrap tree #42, logLikelihood: -795.968448
[00:00:24] Bootstrap tree #43, logLikelihood: -680.195731
[00:00:24] Bootstrap tree #44, logLikelihood: -590.455925
[00:00:25] Bootstrap tree #45, logLikelihood: -467.121310
[00:00:25] Bootstrap tree #46, logLikelihood: -535.715401
[00:00:26] Bootstrap tree #47, logLikelihood: -634.992182
[00:00:26] Bootstrap tree #48, logLikelihood: -609.051642
[00:00:27] Bootstrap tree #49, logLikelihood: -708.124110
[00:00:27] Bootstrap tree #50, logLikelihood: -604.421099
[00:00:28] Bootstrap tree #51, logLikelihood: -579.205714
[00:00:28] Bootstrap tree #52, logLikelihood: -730.913888
[00:00:29] Bootstrap tree #53, logLikelihood: -689.685897
[00:00:30] Bootstrap tree #54, logLikelihood: -509.740160
[00:00:30] Bootstrap tree #55, logLikelihood: -705.359987
[00:00:31] Bootstrap tree #56, logLikelihood: -511.669318
[00:00:31] Bootstrap tree #57, logLikelihood: -600.341176
[00:00:32] Bootstrap tree #58, logLikelihood: -701.630498
[00:00:33] Bootstrap tree #59, logLikelihood: -653.713976
[00:00:34] Bootstrap tree #60, logLikelihood: -628.492389
[00:00:34] Bootstrap tree #61, logLikelihood: -596.941183
[00:00:35] Bootstrap tree #62, logLikelihood: -615.283978
[00:00:35] Bootstrap tree #63, logLikelihood: -632.287508
[00:00:36] Bootstrap tree #64, logLikelihood: -657.001982
[00:00:36] Bootstrap tree #65, logLikelihood: -672.676855
[00:00:37] Bootstrap tree #66, logLikelihood: -619.006753
[00:00:37] Bootstrap tree #67, logLikelihood: -677.610369
[00:00:38] Bootstrap tree #68, logLikelihood: -645.490784
[00:00:39] Bootstrap tree #69, logLikelihood: -789.165617
[00:00:40] Bootstrap tree #70, logLikelihood: -500.284820
[00:00:40] Bootstrap tree #71, logLikelihood: -714.528262
[00:00:41] Bootstrap tree #72, logLikelihood: -501.259637
[00:00:41] Bootstrap tree #73, logLikelihood: -626.645081
[00:00:42] Bootstrap tree #74, logLikelihood: -602.529934
[00:00:42] Bootstrap tree #75, logLikelihood: -540.008888
[00:00:43] Bootstrap tree #76, logLikelihood: -646.287475
[00:00:44] Bootstrap tree #77, logLikelihood: -685.720578
[00:00:44] Bootstrap tree #78, logLikelihood: -698.728643
[00:00:45] Bootstrap tree #79, logLikelihood: -665.972602
[00:00:45] Bootstrap tree #80, logLikelihood: -541.608763
[00:00:46] Bootstrap tree #81, logLikelihood: -630.420889
[00:00:46] Bootstrap tree #82, logLikelihood: -576.291897
[00:00:47] Bootstrap tree #83, logLikelihood: -490.592796
[00:00:48] Bootstrap tree #84, logLikelihood: -612.927941
[00:00:48] Bootstrap tree #85, logLikelihood: -696.752656
[00:00:49] Bootstrap tree #86, logLikelihood: -524.655072
[00:00:50] Bootstrap tree #87, logLikelihood: -597.545518
[00:00:50] Bootstrap tree #88, logLikelihood: -680.494689
[00:00:51] Bootstrap tree #89, logLikelihood: -672.206249
[00:00:51] Bootstrap tree #90, logLikelihood: -568.079751
[00:00:52] Bootstrap tree #91, logLikelihood: -539.645931
[00:00:53] Bootstrap tree #92, logLikelihood: -703.926345
[00:00:53] Bootstrap tree #93, logLikelihood: -615.886614
[00:00:54] Bootstrap tree #94, logLikelihood: -541.500510
[00:00:54] Bootstrap tree #95, logLikelihood: -595.771803
[00:00:55] Bootstrap tree #96, logLikelihood: -470.863901
[00:00:55] Bootstrap tree #97, logLikelihood: -569.508643
[00:00:56] Bootstrap tree #98, logLikelihood: -630.524258
[00:00:56] Bootstrap tree #99, logLikelihood: -565.302084
[00:00:57] Bootstrap tree #100, logLikelihood: -669.171505
[00:00:58] Bootstrap tree #101, logLikelihood: -576.131048
[00:00:58] Bootstrap tree #102, logLikelihood: -687.523527
[00:00:59] Bootstrap tree #103, logLikelihood: -604.652746
[00:00:59] Bootstrap tree #104, logLikelihood: -542.945449
[00:01:00] Bootstrap tree #105, logLikelihood: -643.980228
[00:01:00] Bootstrap tree #106, logLikelihood: -622.892955
[00:01:01] Bootstrap tree #107, logLikelihood: -541.273253
[00:01:01] Bootstrap tree #108, logLikelihood: -576.558148
[00:01:02] Bootstrap tree #109, logLikelihood: -516.431161
[00:01:03] Bootstrap tree #110, logLikelihood: -775.320087
[00:01:03] Bootstrap tree #111, logLikelihood: -541.725657
[00:01:04] Bootstrap tree #112, logLikelihood: -546.138988
[00:01:05] Bootstrap tree #113, logLikelihood: -550.583163
[00:01:05] Bootstrap tree #114, logLikelihood: -543.046554
[00:01:06] Bootstrap tree #115, logLikelihood: -518.065326
[00:01:06] Bootstrap tree #116, logLikelihood: -520.355161
[00:01:07] Bootstrap tree #117, logLikelihood: -430.785813
[00:01:07] Bootstrap tree #118, logLikelihood: -504.447306
[00:01:08] Bootstrap tree #119, logLikelihood: -574.879638
[00:01:09] Bootstrap tree #120, logLikelihood: -624.209201
[00:01:09] Bootstrap tree #121, logLikelihood: -704.453861
[00:01:10] Bootstrap tree #122, logLikelihood: -578.235292
[00:01:10] Bootstrap tree #123, logLikelihood: -614.008312
[00:01:11] Bootstrap tree #124, logLikelihood: -611.603376
[00:01:11] Bootstrap tree #125, logLikelihood: -585.605685
[00:01:12] Bootstrap tree #126, logLikelihood: -489.496910
[00:01:12] Bootstrap tree #127, logLikelihood: -422.610042
[00:01:13] Bootstrap tree #128, logLikelihood: -583.231296
[00:01:14] Bootstrap tree #129, logLikelihood: -555.611461
[00:01:14] Bootstrap tree #130, logLikelihood: -644.287608
[00:01:15] Bootstrap tree #131, logLikelihood: -597.453057
[00:01:15] Bootstrap tree #132, logLikelihood: -655.786448
[00:01:16] Bootstrap tree #133, logLikelihood: -517.315523
[00:01:17] Bootstrap tree #134, logLikelihood: -536.970212
[00:01:17] Bootstrap tree #135, logLikelihood: -558.278995
[00:01:18] Bootstrap tree #136, logLikelihood: -652.367179
[00:01:19] Bootstrap tree #137, logLikelihood: -685.158274
[00:01:19] Bootstrap tree #138, logLikelihood: -646.849369
[00:01:20] Bootstrap tree #139, logLikelihood: -481.525451
[00:01:21] Bootstrap tree #140, logLikelihood: -664.738463
[00:01:22] Bootstrap tree #141, logLikelihood: -561.432546
[00:01:22] Bootstrap tree #142, logLikelihood: -558.215858
[00:01:23] Bootstrap tree #143, logLikelihood: -579.842606
[00:01:23] Bootstrap tree #144, logLikelihood: -681.633954
[00:01:24] Bootstrap tree #145, logLikelihood: -541.405784
[00:01:25] Bootstrap tree #146, logLikelihood: -658.418257
[00:01:25] Bootstrap tree #147, logLikelihood: -530.379141
[00:01:26] Bootstrap tree #148, logLikelihood: -550.694427
[00:01:26] Bootstrap tree #149, logLikelihood: -656.670264
[00:01:27] Bootstrap tree #150, logLikelihood: -558.596175
[00:01:27] Bootstrap tree #151, logLikelihood: -629.323422
[00:01:28] Bootstrap tree #152, logLikelihood: -603.998497
[00:01:28] Bootstrap tree #153, logLikelihood: -613.311057
[00:01:29] Bootstrap tree #154, logLikelihood: -574.822823
[00:01:30] Bootstrap tree #155, logLikelihood: -714.550108
[00:01:30] Bootstrap tree #156, logLikelihood: -675.649015
[00:01:31] Bootstrap tree #157, logLikelihood: -493.970980
[00:01:31] Bootstrap tree #158, logLikelihood: -590.154393
[00:01:32] Bootstrap tree #159, logLikelihood: -603.812326
[00:01:32] Bootstrap tree #160, logLikelihood: -658.724860
[00:01:33] Bootstrap tree #161, logLikelihood: -559.984902
[00:01:33] Bootstrap tree #162, logLikelihood: -525.009875
[00:01:34] Bootstrap tree #163, logLikelihood: -506.489790
[00:01:34] Bootstrap tree #164, logLikelihood: -612.588455
[00:01:35] Bootstrap tree #165, logLikelihood: -592.136937
[00:01:35] Bootstrap tree #166, logLikelihood: -605.031070
[00:01:36] Bootstrap tree #167, logLikelihood: -597.333078
[00:01:37] Bootstrap tree #168, logLikelihood: -633.889167
[00:01:38] Bootstrap tree #169, logLikelihood: -648.553348
[00:01:38] Bootstrap tree #170, logLikelihood: -595.974313
[00:01:39] Bootstrap tree #171, logLikelihood: -548.256318
[00:01:40] Bootstrap tree #172, logLikelihood: -695.471235
[00:01:40] Bootstrap tree #173, logLikelihood: -592.091634
[00:01:41] Bootstrap tree #174, logLikelihood: -623.808515
[00:01:41] Bootstrap tree #175, logLikelihood: -607.641536
[00:01:42] Bootstrap tree #176, logLikelihood: -694.157447
[00:01:42] Bootstrap tree #177, logLikelihood: -567.768623
[00:01:43] Bootstrap tree #178, logLikelihood: -732.671672
[00:01:43] Bootstrap tree #179, logLikelihood: -507.080715
[00:01:44] Bootstrap tree #180, logLikelihood: -653.682365
[00:01:44] Bootstrap tree #181, logLikelihood: -713.606301
[00:01:45] Bootstrap tree #182, logLikelihood: -569.850020
[00:01:46] Bootstrap tree #183, logLikelihood: -592.510508
[00:01:46] Bootstrap tree #184, logLikelihood: -406.683283
[00:01:46] Bootstrap tree #185, logLikelihood: -588.023970
[00:01:47] Bootstrap tree #186, logLikelihood: -529.128399
[00:01:48] Bootstrap tree #187, logLikelihood: -558.400214
[00:01:48] Bootstrap tree #188, logLikelihood: -589.198806
[00:01:49] Bootstrap tree #189, logLikelihood: -609.264433
[00:01:50] Bootstrap tree #190, logLikelihood: -621.438416
[00:01:50] Bootstrap tree #191, logLikelihood: -742.958262
[00:01:51] Bootstrap tree #192, logLikelihood: -648.282730
[00:01:51] Bootstrap tree #193, logLikelihood: -584.403636
[00:01:52] Bootstrap tree #194, logLikelihood: -687.819874
[00:01:53] Bootstrap tree #195, logLikelihood: -679.951371
[00:01:53] Bootstrap tree #196, logLikelihood: -481.037726
[00:01:54] Bootstrap tree #197, logLikelihood: -673.802066
[00:01:54] Bootstrap tree #198, logLikelihood: -639.301467
[00:01:55] Bootstrap tree #199, logLikelihood: -622.941920
[00:01:55] Bootstrap tree #200, logLikelihood: -669.970682
[00:01:56] Bootstrap tree #201, logLikelihood: -668.817719
[00:01:57] Bootstrap tree #202, logLikelihood: -636.423613
[00:01:57] Bootstrap tree #203, logLikelihood: -504.253881
[00:01:58] Bootstrap tree #204, logLikelihood: -695.220950
[00:01:58] Bootstrap tree #205, logLikelihood: -724.362693
[00:01:59] Bootstrap tree #206, logLikelihood: -661.114244
[00:01:59] Bootstrap tree #207, logLikelihood: -643.030092
[00:02:00] Bootstrap tree #208, logLikelihood: -612.020283
[00:02:00] Bootstrap tree #209, logLikelihood: -672.411824
[00:02:01] Bootstrap tree #210, logLikelihood: -648.538127
[00:02:02] Bootstrap tree #211, logLikelihood: -664.679036
[00:02:02] Bootstrap tree #212, logLikelihood: -617.562057
[00:02:03] Bootstrap tree #213, logLikelihood: -544.947490
[00:02:03] Bootstrap tree #214, logLikelihood: -488.742398
[00:02:04] Bootstrap tree #215, logLikelihood: -588.735841
[00:02:04] Bootstrap tree #216, logLikelihood: -638.378732
[00:02:05] Bootstrap tree #217, logLikelihood: -546.688771
[00:02:06] Bootstrap tree #218, logLikelihood: -677.079073
[00:02:07] Bootstrap tree #219, logLikelihood: -607.118770
[00:02:07] Bootstrap tree #220, logLikelihood: -608.951800
[00:02:08] Bootstrap tree #221, logLikelihood: -611.034707
[00:02:08] Bootstrap tree #222, logLikelihood: -625.605364
[00:02:09] Bootstrap tree #223, logLikelihood: -510.602864
[00:02:09] Bootstrap tree #224, logLikelihood: -571.565303
[00:02:10] Bootstrap tree #225, logLikelihood: -498.629944
[00:02:11] Bootstrap tree #226, logLikelihood: -630.219381
[00:02:11] Bootstrap tree #227, logLikelihood: -591.040361
[00:02:12] Bootstrap tree #228, logLikelihood: -646.974232
[00:02:13] Bootstrap tree #229, logLikelihood: -554.538676
[00:02:14] Bootstrap tree #230, logLikelihood: -632.077727
[00:02:14] Bootstrap tree #231, logLikelihood: -699.564678
[00:02:15] Bootstrap tree #232, logLikelihood: -545.953624
[00:02:15] Bootstrap tree #233, logLikelihood: -591.999024
[00:02:16] Bootstrap tree #234, logLikelihood: -530.021996
[00:02:17] Bootstrap tree #235, logLikelihood: -759.934601
[00:02:17] Bootstrap tree #236, logLikelihood: -655.969102
[00:02:18] Bootstrap tree #237, logLikelihood: -600.593314
[00:02:18] Bootstrap tree #238, logLikelihood: -445.110574
[00:02:19] Bootstrap tree #239, logLikelihood: -559.049831
[00:02:19] Bootstrap tree #240, logLikelihood: -747.114592
[00:02:20] Bootstrap tree #241, logLikelihood: -614.143296
[00:02:21] Bootstrap tree #242, logLikelihood: -684.873478
[00:02:21] Bootstrap tree #243, logLikelihood: -751.910089
[00:02:22] Bootstrap tree #244, logLikelihood: -600.630635
[00:02:22] Bootstrap tree #245, logLikelihood: -524.941175
[00:02:23] Bootstrap tree #246, logLikelihood: -616.950493
[00:02:23] Bootstrap tree #247, logLikelihood: -375.569553
[00:02:24] Bootstrap tree #248, logLikelihood: -614.215779
[00:02:25] Bootstrap tree #249, logLikelihood: -543.568955
[00:02:25] Bootstrap tree #250, logLikelihood: -595.652729
[00:02:26] Bootstrap tree #251, logLikelihood: -514.914387
[00:02:26] Bootstrap tree #252, logLikelihood: -404.214339
[00:02:27] Bootstrap tree #253, logLikelihood: -636.400458
[00:02:27] Bootstrap tree #254, logLikelihood: -574.111139
[00:02:28] Bootstrap tree #255, logLikelihood: -501.666610
[00:02:29] Bootstrap tree #256, logLikelihood: -492.520876
[00:02:29] Bootstrap tree #257, logLikelihood: -542.826966
[00:02:30] Bootstrap tree #258, logLikelihood: -719.567103
[00:02:31] Bootstrap tree #259, logLikelihood: -570.502478
[00:02:31] Bootstrap tree #260, logLikelihood: -490.000407
[00:02:32] Bootstrap tree #261, logLikelihood: -584.124760
[00:02:32] Bootstrap tree #262, logLikelihood: -620.756548
[00:02:33] Bootstrap tree #263, logLikelihood: -611.855111
[00:02:34] Bootstrap tree #264, logLikelihood: -505.628137
[00:02:34] Bootstrap tree #265, logLikelihood: -644.234458
[00:02:35] Bootstrap tree #266, logLikelihood: -717.971779
[00:02:36] Bootstrap tree #267, logLikelihood: -540.111638
[00:02:36] Bootstrap tree #268, logLikelihood: -712.444864
[00:02:37] Bootstrap tree #269, logLikelihood: -579.000281
[00:02:38] Bootstrap tree #270, logLikelihood: -484.250219
[00:02:38] Bootstrap tree #271, logLikelihood: -670.111957
[00:02:39] Bootstrap tree #272, logLikelihood: -576.124083
[00:02:39] Bootstrap tree #273, logLikelihood: -566.687541
[00:02:40] Bootstrap tree #274, logLikelihood: -459.474708
[00:02:40] Bootstrap tree #275, logLikelihood: -647.033441
[00:02:41] Bootstrap tree #276, logLikelihood: -661.758587
[00:02:42] Bootstrap tree #277, logLikelihood: -733.105759
[00:02:43] Bootstrap tree #278, logLikelihood: -584.071503
[00:02:43] Bootstrap tree #279, logLikelihood: -634.175520
[00:02:44] Bootstrap tree #280, logLikelihood: -470.168043
[00:02:45] Bootstrap tree #281, logLikelihood: -468.047847
[00:02:45] Bootstrap tree #282, logLikelihood: -548.314200
[00:02:46] Bootstrap tree #283, logLikelihood: -567.189763
[00:02:47] Bootstrap tree #284, logLikelihood: -621.916149
[00:02:47] Bootstrap tree #285, logLikelihood: -550.997246
[00:02:48] Bootstrap tree #286, logLikelihood: -623.515802
[00:02:49] Bootstrap tree #287, logLikelihood: -424.627213
[00:02:50] Bootstrap tree #288, logLikelihood: -726.550952
[00:02:50] Bootstrap tree #289, logLikelihood: -743.119829
[00:02:51] Bootstrap tree #290, logLikelihood: -583.657897
[00:02:51] Bootstrap tree #291, logLikelihood: -536.739385
[00:02:52] Bootstrap tree #292, logLikelihood: -519.042065
[00:02:52] Bootstrap tree #293, logLikelihood: -610.113696
[00:02:53] Bootstrap tree #294, logLikelihood: -595.504316
[00:02:54] Bootstrap tree #295, logLikelihood: -740.586720
[00:02:54] Bootstrap tree #296, logLikelihood: -553.183882
[00:02:55] Bootstrap tree #297, logLikelihood: -625.602393
[00:02:56] Bootstrap tree #298, logLikelihood: -501.033138
[00:02:56] Bootstrap tree #299, logLikelihood: -662.149032
[00:02:57] Bootstrap tree #300, logLikelihood: -488.889512
[00:02:57] Bootstrap tree #301, logLikelihood: -600.591455
[00:02:58] Bootstrap tree #302, logLikelihood: -618.903885
[00:02:58] Bootstrap tree #303, logLikelihood: -515.831415
[00:02:59] Bootstrap tree #304, logLikelihood: -659.232065
[00:03:00] Bootstrap tree #305, logLikelihood: -690.639171
[00:03:01] Bootstrap tree #306, logLikelihood: -717.518802
[00:03:02] Bootstrap tree #307, logLikelihood: -520.973144

ERROR: ERROR in SPR round (LIBPLL-2240): BL opt converged to a worse likelihood score by -0.000000002381739 units

