
RAxML-NG v. 0.8.0 BETA released on 11.01.2019 by The Exelixis Lab.
Authors: Alexey Kozlov, Alexandros Stamatakis, Diego Darriba, Tomas Flouri, Benoit Morel.
Latest version: https://github.com/amkozlov/raxml-ng
Questions/problems/suggestions? Please visit: https://groups.google.com/forum/#!forum/raxml

WARNING: This is a BETA release, please use at your own risk!

RAxML-NG was called at 17-Apr-2019 21:10:52 as follows:

raxml-ng --msa Tolkien_behav_align_zergOG.txt --outgroup Zerg_OG --model MULTI6_MK --prefix MLsearchBehavZergOG --threads 1 --seed 2 --tree pars{200},rand{200}

Analysis options:
  run mode: ML tree search
  start tree(s): random (200) + parsimony (200)
  random seed: 2
  tip-inner: OFF
  pattern compression: ON
  per-rate scalers: OFF
  site repeats: ON
  fast spr radius: AUTO
  spr subtree cutoff: 1.000000
  branch lengths: proportional (ML estimate, algorithm: NR-FAST)
  SIMD kernels: AVX
  parallelization: NONE/sequential

[00:00:00] Reading alignment from file: Tolkien_behav_align_zergOG.txt
[00:00:00] Loaded alignment with 33 taxa and 20 sites

Alignment comprises 1 partitions and 20 patterns

Partition 0: noname
Model: MULTI6_MK
Alignment sites / patterns: 20 / 20
Gaps: 0.00 %
Invariant sites: 0.00 %


NOTE: Binary MSA file created: MLsearchBehavZergOG.raxml.rba

[00:00:00] Generating 200 random starting tree(s) with 33 taxa
[00:00:00] Generating 200 parsimony starting tree(s) with 33 taxa
[00:00:00] Data distribution: max. partitions/sites/weight per thread: 1 / 20 / 120

Starting ML tree search with 400 distinct starting trees

[00:00:01] ML tree search #1, logLikelihood: -677.116319
[00:00:01] ML tree search #2, logLikelihood: -687.214053
[00:00:02] ML tree search #3, logLikelihood: -676.827475
[00:00:03] ML tree search #4, logLikelihood: -676.774373
[00:00:03] ML tree search #5, logLikelihood: -677.553686
[00:00:04] ML tree search #6, logLikelihood: -676.774369
[00:00:05] ML tree search #7, logLikelihood: -688.525325
[00:00:06] ML tree search #8, logLikelihood: -679.548025
[00:00:06] ML tree search #9, logLikelihood: -676.742831
[00:00:07] ML tree search #10, logLikelihood: -676.774373
[00:00:08] ML tree search #11, logLikelihood: -677.521496
[00:00:09] ML tree search #12, logLikelihood: -676.774373
[00:00:09] ML tree search #13, logLikelihood: -676.789797
[00:00:10] ML tree search #14, logLikelihood: -676.378502
[00:00:11] ML tree search #15, logLikelihood: -676.378502
[00:00:12] ML tree search #16, logLikelihood: -676.323802
[00:00:13] ML tree search #17, logLikelihood: -676.789796
[00:00:14] ML tree search #18, logLikelihood: -676.292405
[00:00:15] ML tree search #19, logLikelihood: -677.055503
[00:00:16] ML tree search #20, logLikelihood: -677.822366
[00:00:17] ML tree search #21, logLikelihood: -676.401668
[00:00:18] ML tree search #22, logLikelihood: -677.135137
[00:00:18] ML tree search #23, logLikelihood: -677.973473
[00:00:19] ML tree search #24, logLikelihood: -676.825504
[00:00:20] ML tree search #25, logLikelihood: -676.323802
[00:00:21] ML tree search #26, logLikelihood: -676.774372
[00:00:22] ML tree search #27, logLikelihood: -676.789796
[00:00:23] ML tree search #28, logLikelihood: -677.521496
[00:00:24] ML tree search #29, logLikelihood: -677.116319
[00:00:25] ML tree search #30, logLikelihood: -676.314701
[00:00:26] ML tree search #31, logLikelihood: -678.250497
[00:00:27] ML tree search #32, logLikelihood: -677.135137
[00:00:27] ML tree search #33, logLikelihood: -676.774369
[00:00:28] ML tree search #34, logLikelihood: -676.796662
[00:00:29] ML tree search #35, logLikelihood: -676.789796
[00:00:30] ML tree search #36, logLikelihood: -677.504495
[00:00:30] ML tree search #37, logLikelihood: -677.224798
[00:00:31] ML tree search #38, logLikelihood: -676.669475
[00:00:32] ML tree search #39, logLikelihood: -676.292402
[00:00:32] ML tree search #40, logLikelihood: -676.825504
[00:00:33] ML tree search #41, logLikelihood: -677.553686
[00:00:33] ML tree search #42, logLikelihood: -676.292405
[00:00:34] ML tree search #43, logLikelihood: -676.323802
[00:00:35] ML tree search #44, logLikelihood: -676.844497
[00:00:35] ML tree search #45, logLikelihood: -676.744619
[00:00:36] ML tree search #46, logLikelihood: -677.048476
[00:00:37] ML tree search #47, logLikelihood: -677.822366
[00:00:38] ML tree search #48, logLikelihood: -677.224821
[00:00:39] ML tree search #49, logLikelihood: -676.742830
[00:00:40] ML tree search #50, logLikelihood: -676.314701
[00:00:40] ML tree search #51, logLikelihood: -676.292406
[00:00:41] ML tree search #52, logLikelihood: -677.972836
[00:00:42] ML tree search #53, logLikelihood: -691.149214
[00:00:43] ML tree search #54, logLikelihood: -676.292405
[00:00:43] ML tree search #55, logLikelihood: -676.825504
[00:00:44] ML tree search #56, logLikelihood: -676.742830
[00:00:45] ML tree search #57, logLikelihood: -676.789797
[00:00:45] ML tree search #58, logLikelihood: -676.314701
[00:00:46] ML tree search #59, logLikelihood: -677.651208
[00:00:47] ML tree search #60, logLikelihood: -676.323802
[00:00:48] ML tree search #61, logLikelihood: -676.314701
[00:00:49] ML tree search #62, logLikelihood: -676.742830
[00:00:49] ML tree search #63, logLikelihood: -676.669142
[00:00:50] ML tree search #64, logLikelihood: -677.048476
[00:00:50] ML tree search #65, logLikelihood: -677.800068
[00:00:51] ML tree search #66, logLikelihood: -677.616077
[00:00:52] ML tree search #67, logLikelihood: -676.323802
[00:00:53] ML tree search #68, logLikelihood: -676.825504
[00:00:54] ML tree search #69, logLikelihood: -677.390429
[00:00:55] ML tree search #70, logLikelihood: -676.774369
[00:00:56] ML tree search #71, logLikelihood: -676.566515
[00:00:57] ML tree search #72, logLikelihood: -676.789796
[00:00:57] ML tree search #73, logLikelihood: -676.789797
[00:00:58] ML tree search #74, logLikelihood: -676.789796
[00:00:59] ML tree search #75, logLikelihood: -676.669155
[00:01:00] ML tree search #76, logLikelihood: -678.115289
[00:01:01] ML tree search #77, logLikelihood: -676.386989
[00:01:02] ML tree search #78, logLikelihood: -676.401668
[00:01:03] ML tree search #79, logLikelihood: -676.774369
[00:01:04] ML tree search #80, logLikelihood: -676.867657
[00:01:04] ML tree search #81, logLikelihood: -677.224798
[00:01:05] ML tree search #82, logLikelihood: -677.307483
[00:01:05] ML tree search #83, logLikelihood: -676.796662
[00:01:06] ML tree search #84, logLikelihood: -676.401668
[00:01:07] ML tree search #85, logLikelihood: -676.292405
[00:01:08] ML tree search #86, logLikelihood: -676.774372
[00:01:09] ML tree search #87, logLikelihood: -678.056217
[00:01:09] ML tree search #88, logLikelihood: -676.789796
[00:01:10] ML tree search #89, logLikelihood: -676.774369
[00:01:10] ML tree search #90, logLikelihood: -678.565715
[00:01:11] ML tree search #91, logLikelihood: -677.135726
[00:01:11] ML tree search #92, logLikelihood: -676.774372
[00:01:12] ML tree search #93, logLikelihood: -677.224798
[00:01:13] ML tree search #94, logLikelihood: -676.774369
[00:01:13] ML tree search #95, logLikelihood: -676.789796
[00:01:14] ML tree search #96, logLikelihood: -677.224798
[00:01:15] ML tree search #97, logLikelihood: -677.210903
[00:01:16] ML tree search #98, logLikelihood: -677.048476
[00:01:17] ML tree search #99, logLikelihood: -676.774369
[00:01:17] ML tree search #100, logLikelihood: -676.867656
[00:01:18] ML tree search #101, logLikelihood: -676.789797
[00:01:19] ML tree search #102, logLikelihood: -676.292402
[00:01:20] ML tree search #103, logLikelihood: -677.307465
[00:01:21] ML tree search #104, logLikelihood: -676.789797
[00:01:21] ML tree search #105, logLikelihood: -676.796662
[00:01:22] ML tree search #106, logLikelihood: -676.880615
[00:01:22] ML tree search #107, logLikelihood: -676.867657
[00:01:23] ML tree search #108, logLikelihood: -677.507556
[00:01:24] ML tree search #109, logLikelihood: -676.774369
[00:01:24] ML tree search #110, logLikelihood: -677.543789
[00:01:25] ML tree search #111, logLikelihood: -677.135137
[00:01:25] ML tree search #112, logLikelihood: -676.796662
[00:01:26] ML tree search #113, logLikelihood: -677.822366
[00:01:27] ML tree search #114, logLikelihood: -676.826616
[00:01:28] ML tree search #115, logLikelihood: -677.135626
[00:01:29] ML tree search #116, logLikelihood: -678.064491
[00:01:30] ML tree search #117, logLikelihood: -676.378502
[00:01:31] ML tree search #118, logLikelihood: -677.055502
[00:01:32] ML tree search #119, logLikelihood: -676.378502
[00:01:32] ML tree search #120, logLikelihood: -677.553685
[00:01:34] ML tree search #121, logLikelihood: -677.038600
[00:01:35] ML tree search #122, logLikelihood: -677.346603
[00:01:35] ML tree search #123, logLikelihood: -691.967399
[00:01:36] ML tree search #124, logLikelihood: -676.314701
[00:01:37] ML tree search #125, logLikelihood: -677.805500
[00:01:38] ML tree search #126, logLikelihood: -677.077802
[00:01:39] ML tree search #127, logLikelihood: -676.774372
[00:01:39] ML tree search #128, logLikelihood: -678.379172
[00:01:40] ML tree search #129, logLikelihood: -706.539777
[00:01:41] ML tree search #130, logLikelihood: -676.742832
[00:01:41] ML tree search #131, logLikelihood: -677.226422
[00:01:42] ML tree search #132, logLikelihood: -676.292405
[00:01:43] ML tree search #133, logLikelihood: -677.077802
[00:01:44] ML tree search #134, logLikelihood: -677.135190
[00:01:45] ML tree search #135, logLikelihood: -676.868950
[00:01:46] ML tree search #136, logLikelihood: -676.774369
[00:01:46] ML tree search #137, logLikelihood: -676.292402
[00:01:47] ML tree search #138, logLikelihood: -676.292405
[00:01:47] ML tree search #139, logLikelihood: -676.774369
[00:01:48] ML tree search #140, logLikelihood: -676.774369
[00:01:49] ML tree search #141, logLikelihood: -676.789797
[00:01:50] ML tree search #142, logLikelihood: -677.224798
[00:01:50] ML tree search #143, logLikelihood: -676.292406
[00:01:51] ML tree search #144, logLikelihood: -676.796662
[00:01:52] ML tree search #145, logLikelihood: -676.774373
[00:01:53] ML tree search #146, logLikelihood: -677.224799
[00:01:54] ML tree search #147, logLikelihood: -676.323802
[00:01:55] ML tree search #148, logLikelihood: -676.743253
[00:01:56] ML tree search #149, logLikelihood: -677.116319
[00:01:56] ML tree search #150, logLikelihood: -676.292405
[00:01:57] ML tree search #151, logLikelihood: -676.742831
[00:01:58] ML tree search #152, logLikelihood: -676.742887
[00:01:59] ML tree search #153, logLikelihood: -676.292402
[00:02:00] ML tree search #154, logLikelihood: -676.670012
[00:02:01] ML tree search #155, logLikelihood: -676.742831
[00:02:01] ML tree search #156, logLikelihood: -676.742947
[00:02:03] ML tree search #157, logLikelihood: -676.292402
[00:02:04] ML tree search #158, logLikelihood: -679.673495
[00:02:05] ML tree search #159, logLikelihood: -678.177528
[00:02:05] ML tree search #160, logLikelihood: -676.323802
[00:02:06] ML tree search #161, logLikelihood: -676.401668
[00:02:07] ML tree search #162, logLikelihood: -676.292406
[00:02:08] ML tree search #163, logLikelihood: -676.789796
[00:02:08] ML tree search #164, logLikelihood: -676.789796
[00:02:09] ML tree search #165, logLikelihood: -677.136189
[00:02:10] ML tree search #166, logLikelihood: -676.789797
[00:02:11] ML tree search #167, logLikelihood: -677.616077
[00:02:12] ML tree search #168, logLikelihood: -676.796662
[00:02:13] ML tree search #169, logLikelihood: -676.742832
[00:02:13] ML tree search #170, logLikelihood: -676.292402
[00:02:14] ML tree search #171, logLikelihood: -676.796662
[00:02:15] ML tree search #172, logLikelihood: -676.323802
[00:02:16] ML tree search #173, logLikelihood: -676.844497
[00:02:16] ML tree search #174, logLikelihood: -676.789797
[00:02:17] ML tree search #175, logLikelihood: -676.401668
[00:02:18] ML tree search #176, logLikelihood: -677.317084
[00:02:18] ML tree search #177, logLikelihood: -676.774373
[00:02:19] ML tree search #178, logLikelihood: -677.531396
[00:02:20] ML tree search #179, logLikelihood: -676.669151
[00:02:21] ML tree search #180, logLikelihood: -676.789796
[00:02:22] ML tree search #181, logLikelihood: -676.292402
[00:02:23] ML tree search #182, logLikelihood: -677.832109
[00:02:24] ML tree search #183, logLikelihood: -676.314701
[00:02:25] ML tree search #184, logLikelihood: -676.386989
[00:02:26] ML tree search #185, logLikelihood: -676.323802
[00:02:27] ML tree search #186, logLikelihood: -676.867656
[00:02:27] ML tree search #187, logLikelihood: -676.292405
[00:02:28] ML tree search #188, logLikelihood: -677.940788
[00:02:29] ML tree search #189, logLikelihood: -677.116319
[00:02:29] ML tree search #190, logLikelihood: -676.796662
[00:02:31] ML tree search #191, logLikelihood: -676.292405
[00:02:32] ML tree search #192, logLikelihood: -676.669144
[00:02:32] ML tree search #193, logLikelihood: -676.323802
[00:02:33] ML tree search #194, logLikelihood: -678.177451
[00:02:34] ML tree search #195, logLikelihood: -677.135444
[00:02:35] ML tree search #196, logLikelihood: -676.292402
[00:02:35] ML tree search #197, logLikelihood: -676.292402
[00:02:36] ML tree search #198, logLikelihood: -676.323802
[00:02:37] ML tree search #199, logLikelihood: -676.669655
[00:02:38] ML tree search #200, logLikelihood: -677.225902
[00:02:38] ML tree search #201, logLikelihood: -676.868950
[00:02:39] ML tree search #202, logLikelihood: -677.543789
[00:02:39] ML tree search #203, logLikelihood: -676.796662
[00:02:40] ML tree search #204, logLikelihood: -676.314701
[00:02:40] ML tree search #205, logLikelihood: -676.796662
[00:02:41] ML tree search #206, logLikelihood: -678.137585
[00:02:42] ML tree search #207, logLikelihood: -676.796662
[00:02:42] ML tree search #208, logLikelihood: -676.796662
[00:02:43] ML tree search #209, logLikelihood: -677.909976
[00:02:44] ML tree search #210, logLikelihood: -676.774373
[00:02:44] ML tree search #211, logLikelihood: -676.774369
[00:02:45] ML tree search #212, logLikelihood: -676.386989
[00:02:45] ML tree search #213, logLikelihood: -677.783213
[00:02:46] ML tree search #214, logLikelihood: -677.531393
[00:02:46] ML tree search #215, logLikelihood: -678.054719
[00:02:48] ML tree search #216, logLikelihood: -676.314701
[00:02:49] ML tree search #217, logLikelihood: -676.401668
[00:02:49] ML tree search #218, logLikelihood: -676.825529
[00:02:50] ML tree search #219, logLikelihood: -676.669159
[00:02:51] ML tree search #220, logLikelihood: -676.742833
[00:02:51] ML tree search #221, logLikelihood: -679.086678
[00:02:52] ML tree search #222, logLikelihood: -676.796662
[00:02:53] ML tree search #223, logLikelihood: -676.314701
[00:02:53] ML tree search #224, logLikelihood: -677.224841
[00:02:54] ML tree search #225, logLikelihood: -676.796662
[00:02:54] ML tree search #226, logLikelihood: -676.796662
[00:02:55] ML tree search #227, logLikelihood: -676.378502
[00:02:56] ML tree search #228, logLikelihood: -676.314701
[00:02:57] ML tree search #229, logLikelihood: -676.774372
[00:02:57] ML tree search #230, logLikelihood: -677.210903
[00:02:58] ML tree search #231, logLikelihood: -676.796662
[00:02:58] ML tree search #232, logLikelihood: -677.625974
[00:02:59] ML tree search #233, logLikelihood: -676.774373
[00:03:00] ML tree search #234, logLikelihood: -676.868950
[00:03:00] ML tree search #235, logLikelihood: -677.553685
[00:03:01] ML tree search #236, logLikelihood: -676.796662
[00:03:02] ML tree search #237, logLikelihood: -676.742830
[00:03:02] ML tree search #238, logLikelihood: -676.867657
[00:03:03] ML tree search #239, logLikelihood: -677.553685
[00:03:03] ML tree search #240, logLikelihood: -676.579295
[00:03:04] ML tree search #241, logLikelihood: -676.774369
[00:03:05] ML tree search #242, logLikelihood: -677.746593
[00:03:05] ML tree search #243, logLikelihood: -677.947138
[00:03:05] ML tree search #244, logLikelihood: -676.796662
[00:03:06] ML tree search #245, logLikelihood: -676.323802
[00:03:07] ML tree search #246, logLikelihood: -676.292405
[00:03:08] ML tree search #247, logLikelihood: -676.825504
[00:03:08] ML tree search #248, logLikelihood: -677.135137
[00:03:09] ML tree search #249, logLikelihood: -677.225902
[00:03:09] ML tree search #250, logLikelihood: -676.401668
[00:03:10] ML tree search #251, logLikelihood: -676.314701
[00:03:11] ML tree search #252, logLikelihood: -679.270163
[00:03:11] ML tree search #253, logLikelihood: -678.064489
[00:03:12] ML tree search #254, logLikelihood: -676.292405
[00:03:12] ML tree search #255, logLikelihood: -676.867656
[00:03:13] ML tree search #256, logLikelihood: -677.822366
[00:03:14] ML tree search #257, logLikelihood: -677.822367
[00:03:15] ML tree search #258, logLikelihood: -676.774369
[00:03:15] ML tree search #259, logLikelihood: -677.307473
[00:03:16] ML tree search #260, logLikelihood: -678.250496
[00:03:16] ML tree search #261, logLikelihood: -676.825504
[00:03:17] ML tree search #262, logLikelihood: -676.292405
[00:03:18] ML tree search #263, logLikelihood: -677.909976
[00:03:18] ML tree search #264, logLikelihood: -676.743581
[00:03:19] ML tree search #265, logLikelihood: -676.314701
[00:03:20] ML tree search #266, logLikelihood: -676.742837
[00:03:21] ML tree search #267, logLikelihood: -676.774373
[00:03:21] ML tree search #268, logLikelihood: -676.314701
[00:03:22] ML tree search #269, logLikelihood: -676.386991
[00:03:23] ML tree search #270, logLikelihood: -676.314701
[00:03:24] ML tree search #271, logLikelihood: -677.135352
[00:03:24] ML tree search #272, logLikelihood: -676.796662
[00:03:25] ML tree search #273, logLikelihood: -676.789797
[00:03:25] ML tree search #274, logLikelihood: -677.783335
[00:03:25] ML tree search #275, logLikelihood: -678.324492
[00:03:26] ML tree search #276, logLikelihood: -677.224798
[00:03:27] ML tree search #277, logLikelihood: -676.796662
[00:03:28] ML tree search #278, logLikelihood: -676.796662
[00:03:28] ML tree search #279, logLikelihood: -676.401668
[00:03:29] ML tree search #280, logLikelihood: -677.832109
[00:03:30] ML tree search #281, logLikelihood: -676.378502
[00:03:31] ML tree search #282, logLikelihood: -676.292405
[00:03:32] ML tree search #283, logLikelihood: -676.669142
[00:03:32] ML tree search #284, logLikelihood: -677.307465
[00:03:33] ML tree search #285, logLikelihood: -676.844497
[00:03:34] ML tree search #286, logLikelihood: -676.292405
[00:03:34] ML tree search #287, logLikelihood: -676.796662
[00:03:35] ML tree search #288, logLikelihood: -676.868950
[00:03:36] ML tree search #289, logLikelihood: -676.880615
[00:03:36] ML tree search #290, logLikelihood: -677.150090
[00:03:37] ML tree search #291, logLikelihood: -677.210903
[00:03:38] ML tree search #292, logLikelihood: -676.844497
[00:03:38] ML tree search #293, logLikelihood: -676.789797
[00:03:39] ML tree search #294, logLikelihood: -677.625974
[00:03:39] ML tree search #295, logLikelihood: -676.669142
[00:03:40] ML tree search #296, logLikelihood: -676.314701
[00:03:41] ML tree search #297, logLikelihood: -676.669142
[00:03:42] ML tree search #298, logLikelihood: -677.135223
[00:03:43] ML tree search #299, logLikelihood: -676.323802
[00:03:44] ML tree search #300, logLikelihood: -676.796662
[00:03:44] ML tree search #301, logLikelihood: -679.548026
[00:03:45] ML tree search #302, logLikelihood: -676.386989
[00:03:46] ML tree search #303, logLikelihood: -676.292402
[00:03:47] ML tree search #304, logLikelihood: -676.314701
[00:03:47] ML tree search #305, logLikelihood: -676.314701
[00:03:48] ML tree search #306, logLikelihood: -677.783074
[00:03:49] ML tree search #307, logLikelihood: -676.669184
[00:03:49] ML tree search #308, logLikelihood: -677.210903
[00:03:50] ML tree search #309, logLikelihood: -676.314701
[00:03:51] ML tree search #310, logLikelihood: -678.250545
[00:03:51] ML tree search #311, logLikelihood: -676.867657
[00:03:52] ML tree search #312, logLikelihood: -677.224892
[00:03:53] ML tree search #313, logLikelihood: -676.314701
[00:03:53] ML tree search #314, logLikelihood: -677.553685
[00:03:54] ML tree search #315, logLikelihood: -676.868950
[00:03:54] ML tree search #316, logLikelihood: -676.825505
[00:03:55] ML tree search #317, logLikelihood: -676.314701
[00:03:56] ML tree search #318, logLikelihood: -676.742901
[00:03:57] ML tree search #319, logLikelihood: -676.825504
[00:03:57] ML tree search #320, logLikelihood: -676.844497
[00:03:58] ML tree search #321, logLikelihood: -676.796662
[00:03:59] ML tree search #322, logLikelihood: -677.180952
[00:04:00] ML tree search #323, logLikelihood: -677.822366
[00:04:01] ML tree search #324, logLikelihood: -676.292402
[00:04:02] ML tree search #325, logLikelihood: -676.844497
[00:04:02] ML tree search #326, logLikelihood: -678.064489

ERROR: ERROR in SPR round (LIBPLL-2240): BL opt converged to a worse likelihood score by -0.000000000333102 units

