
RAxML-NG v. 0.8.0 BETA released on 11.01.2019 by The Exelixis Lab.
Authors: Alexey Kozlov, Alexandros Stamatakis, Diego Darriba, Tomas Flouri, Benoit Morel.
Latest version: https://github.com/amkozlov/raxml-ng
Questions/problems/suggestions? Please visit: https://groups.google.com/forum/#!forum/raxml

WARNING: This is a BETA release, please use at your own risk!

RAxML-NG was called at 17-Apr-2019 13:07:41 as follows:

raxml-ng --msa Tolkien_concat_align.txt --outgroup Zerg_OG,Tyranids_OG,Xenomorphs_OG --model MULTI8_MK --prefix MLsearchConcat --threads 2 --seed 2 --tree pars{200},rand{200}

Analysis options:
  run mode: ML tree search
  start tree(s): random (200) + parsimony (200)
  random seed: 2
  tip-inner: OFF
  pattern compression: ON
  per-rate scalers: OFF
  site repeats: ON
  fast spr radius: AUTO
  spr subtree cutoff: 1.000000
  branch lengths: proportional (ML estimate, algorithm: NR-FAST)
  SIMD kernels: AVX
  parallelization: PTHREADS (2 threads), thread pinning: OFF

[00:00:00] Reading alignment from file: Tolkien_concat_align.txt
[00:00:00] Loaded alignment with 36 taxa and 70 sites

Alignment comprises 1 partitions and 68 patterns

Partition 0: noname
Model: MULTI8_MK
Alignment sites / patterns: 70 / 68
Gaps: 0.00 %
Invariant sites: 0.00 %


NOTE: Binary MSA file created: MLsearchConcat.raxml.rba


WARNING: You might be using too many threads (2) for your alignment with 68 unique patterns.
NOTE:    For the optimal throughput, please consider using fewer threads 
NOTE:    and parallelize across starting trees/bootstrap replicates.
NOTE:    As a general rule-of-thumb, please assign at least 200-1000 alignment patterns per thread.

[00:00:00] Generating 200 random starting tree(s) with 36 taxa
[00:00:00] Generating 200 parsimony starting tree(s) with 36 taxa
[00:00:00] Data distribution: max. partitions/sites/weight per thread: 1 / 34 / 272

Starting ML tree search with 400 distinct starting trees

[00:00:01] ML tree search #1, logLikelihood: -2547.249989
[00:00:03] ML tree search #2, logLikelihood: -2557.295295
[00:00:04] ML tree search #3, logLikelihood: -2547.249989
[00:00:06] ML tree search #4, logLikelihood: -2547.249989
[00:00:08] ML tree search #5, logLikelihood: -2544.782224
[00:00:10] ML tree search #6, logLikelihood: -2544.782224
[00:00:12] ML tree search #7, logLikelihood: -2555.216937
[00:00:14] ML tree search #8, logLikelihood: -2547.249989
[00:00:16] ML tree search #9, logLikelihood: -2544.782224
[00:00:17] ML tree search #10, logLikelihood: -2547.249989
[00:00:18] ML tree search #11, logLikelihood: -2544.782224
[00:00:19] ML tree search #12, logLikelihood: -2547.249989
[00:00:21] ML tree search #13, logLikelihood: -2547.249989
[00:00:22] ML tree search #14, logLikelihood: -2547.249989
[00:00:24] ML tree search #15, logLikelihood: -2544.782224
[00:00:25] ML tree search #16, logLikelihood: -2544.782224
[00:00:26] ML tree search #17, logLikelihood: -2547.249989
[00:00:28] ML tree search #18, logLikelihood: -2544.782224
[00:00:29] ML tree search #19, logLikelihood: -2555.479145
[00:00:31] ML tree search #20, logLikelihood: -2544.782224
[00:00:33] ML tree search #21, logLikelihood: -2544.782224
[00:00:35] ML tree search #22, logLikelihood: -2555.216937
[00:00:37] ML tree search #23, logLikelihood: -2544.782224
[00:00:38] ML tree search #24, logLikelihood: -2561.324322
[00:00:40] ML tree search #25, logLikelihood: -2547.249989
[00:00:41] ML tree search #26, logLikelihood: -2547.249989
[00:00:42] ML tree search #27, logLikelihood: -2547.249989
[00:00:44] ML tree search #28, logLikelihood: -2547.249989
[00:00:45] ML tree search #29, logLikelihood: -2547.249989
[00:00:46] ML tree search #30, logLikelihood: -2555.216937
[00:00:49] ML tree search #31, logLikelihood: -2544.782224
[00:00:51] ML tree search #32, logLikelihood: -2544.782224
[00:00:52] ML tree search #33, logLikelihood: -2544.782224
[00:00:54] ML tree search #34, logLikelihood: -2547.249989
[00:00:55] ML tree search #35, logLikelihood: -2555.479145
[00:00:56] ML tree search #36, logLikelihood: -2554.422169
[00:00:57] ML tree search #37, logLikelihood: -2547.249989
[00:00:59] ML tree search #38, logLikelihood: -2544.782224
[00:01:01] ML tree search #39, logLikelihood: -2544.782224
[00:01:03] ML tree search #40, logLikelihood: -2544.782224
[00:01:04] ML tree search #41, logLikelihood: -2547.249989
[00:01:05] ML tree search #42, logLikelihood: -2547.249989
[00:01:07] ML tree search #43, logLikelihood: -2544.782224
[00:01:08] ML tree search #44, logLikelihood: -2547.249989
[00:01:09] ML tree search #45, logLikelihood: -2544.782224
[00:01:10] ML tree search #46, logLikelihood: -2547.249989
[00:01:11] ML tree search #47, logLikelihood: -2547.249989
[00:01:13] ML tree search #48, logLikelihood: -2557.295295
[00:01:14] ML tree search #49, logLikelihood: -2547.249989
[00:01:16] ML tree search #50, logLikelihood: -2555.216937
[00:01:19] ML tree search #51, logLikelihood: -2544.782224
[00:01:21] ML tree search #52, logLikelihood: -2544.782224
[00:01:23] ML tree search #53, logLikelihood: -2557.295295
[00:01:24] ML tree search #54, logLikelihood: -2547.249989
[00:01:25] ML tree search #55, logLikelihood: -2547.249989
[00:01:27] ML tree search #56, logLikelihood: -2547.249989
[00:01:29] ML tree search #57, logLikelihood: -2557.295295
[00:01:30] ML tree search #58, logLikelihood: -2547.249989
[00:01:32] ML tree search #59, logLikelihood: -2554.422169
[00:01:34] ML tree search #60, logLikelihood: -2544.782224
[00:01:35] ML tree search #61, logLikelihood: -2547.249989
[00:01:38] ML tree search #62, logLikelihood: -2547.249989
[00:01:39] ML tree search #63, logLikelihood: -2547.249989
[00:01:41] ML tree search #64, logLikelihood: -2547.249989
[00:01:42] ML tree search #65, logLikelihood: -2544.782224
[00:01:44] ML tree search #66, logLikelihood: -2559.182382
[00:01:45] ML tree search #67, logLikelihood: -2547.249989
[00:01:47] ML tree search #68, logLikelihood: -2554.422169
[00:01:50] ML tree search #69, logLikelihood: -2547.249989
[00:01:51] ML tree search #70, logLikelihood: -2547.249989
[00:01:53] ML tree search #71, logLikelihood: -2544.782224
[00:01:54] ML tree search #72, logLikelihood: -2547.249989
[00:01:57] ML tree search #73, logLikelihood: -2547.249989
[00:01:58] ML tree search #74, logLikelihood: -2555.114607
[00:01:59] ML tree search #75, logLikelihood: -2544.782224
[00:02:00] ML tree search #76, logLikelihood: -2555.479145
[00:02:03] ML tree search #77, logLikelihood: -2547.249989
[00:02:05] ML tree search #78, logLikelihood: -2544.782224
[00:02:06] ML tree search #79, logLikelihood: -2547.249989
[00:02:08] ML tree search #80, logLikelihood: -2544.782224
[00:02:09] ML tree search #81, logLikelihood: -2544.782224
[00:02:11] ML tree search #82, logLikelihood: -2544.782224
[00:02:13] ML tree search #83, logLikelihood: -2555.479145
[00:02:14] ML tree search #84, logLikelihood: -2544.782224
[00:02:15] ML tree search #85, logLikelihood: -2557.295295
[00:02:16] ML tree search #86, logLikelihood: -2554.422169
[00:02:18] ML tree search #87, logLikelihood: -2547.249989
[00:02:19] ML tree search #88, logLikelihood: -2547.249989
[00:02:20] ML tree search #89, logLikelihood: -2547.249989
[00:02:22] ML tree search #90, logLikelihood: -2544.782224
[00:02:24] ML tree search #91, logLikelihood: -2544.782224
[00:02:25] ML tree search #92, logLikelihood: -2544.782224
[00:02:27] ML tree search #93, logLikelihood: -2557.295295
[00:02:28] ML tree search #94, logLikelihood: -2547.249989
[00:02:30] ML tree search #95, logLikelihood: -2544.782224
[00:02:33] ML tree search #96, logLikelihood: -2544.782224
[00:02:35] ML tree search #97, logLikelihood: -2544.782224
[00:02:37] ML tree search #98, logLikelihood: -2544.782224
[00:02:38] ML tree search #99, logLikelihood: -2544.782224
[00:02:40] ML tree search #100, logLikelihood: -2544.782224
[00:02:41] ML tree search #101, logLikelihood: -2544.782224
[00:02:43] ML tree search #102, logLikelihood: -2559.427899
[00:02:44] ML tree search #103, logLikelihood: -2557.295295
[00:02:46] ML tree search #104, logLikelihood: -2544.782224
[00:02:48] ML tree search #105, logLikelihood: -2547.249989
[00:02:50] ML tree search #106, logLikelihood: -2555.114607
[00:02:51] ML tree search #107, logLikelihood: -2544.782224
[00:02:52] ML tree search #108, logLikelihood: -2544.782224
[00:02:55] ML tree search #109, logLikelihood: -2544.782224
[00:02:56] ML tree search #110, logLikelihood: -2547.249989
[00:02:57] ML tree search #111, logLikelihood: -2547.249989
[00:02:59] ML tree search #112, logLikelihood: -2555.114607
[00:03:00] ML tree search #113, logLikelihood: -2544.782224
[00:03:03] ML tree search #114, logLikelihood: -2547.249989
[00:03:04] ML tree search #115, logLikelihood: -2547.249989
[00:03:05] ML tree search #116, logLikelihood: -2557.295295
[00:03:08] ML tree search #117, logLikelihood: -2547.249989
[00:03:10] ML tree search #118, logLikelihood: -2544.782224
[00:03:11] ML tree search #119, logLikelihood: -2544.782224
[00:03:12] ML tree search #120, logLikelihood: -2544.782224
[00:03:14] ML tree search #121, logLikelihood: -2547.249989
[00:03:16] ML tree search #122, logLikelihood: -2544.782224
[00:03:17] ML tree search #123, logLikelihood: -2544.782224
[00:03:18] ML tree search #124, logLikelihood: -2547.249989
[00:03:20] ML tree search #125, logLikelihood: -2544.782224
[00:03:22] ML tree search #126, logLikelihood: -2547.249989
[00:03:24] ML tree search #127, logLikelihood: -2554.422169
[00:03:25] ML tree search #128, logLikelihood: -2557.295295
[00:03:27] ML tree search #129, logLikelihood: -2544.782224
[00:03:28] ML tree search #130, logLikelihood: -2544.782224
[00:03:30] ML tree search #131, logLikelihood: -2555.114607
[00:03:33] ML tree search #132, logLikelihood: -2544.782224
[00:03:34] ML tree search #133, logLikelihood: -2547.249989
[00:03:36] ML tree search #134, logLikelihood: -2544.782224
[00:03:37] ML tree search #135, logLikelihood: -2544.782224
[00:03:39] ML tree search #136, logLikelihood: -2547.249989
[00:03:40] ML tree search #137, logLikelihood: -2547.249989
[00:03:42] ML tree search #138, logLikelihood: -2544.782224
[00:03:44] ML tree search #139, logLikelihood: -2547.249989
[00:03:45] ML tree search #140, logLikelihood: -2544.782224
[00:03:46] ML tree search #141, logLikelihood: -2547.249989
[00:03:47] ML tree search #142, logLikelihood: -2547.249989
[00:03:49] ML tree search #143, logLikelihood: -2547.249989
[00:03:51] ML tree search #144, logLikelihood: -2547.249989
[00:03:52] ML tree search #145, logLikelihood: -2547.249989
[00:03:54] ML tree search #146, logLikelihood: -2547.249989
[00:03:56] ML tree search #147, logLikelihood: -2555.216937
[00:03:57] ML tree search #148, logLikelihood: -2554.422169
[00:03:59] ML tree search #149, logLikelihood: -2544.782224
[00:04:00] ML tree search #150, logLikelihood: -2544.782224
[00:04:02] ML tree search #151, logLikelihood: -2547.249989
[00:04:03] ML tree search #152, logLikelihood: -2547.249989
[00:04:04] ML tree search #153, logLikelihood: -2544.782224
[00:04:06] ML tree search #154, logLikelihood: -2547.249989
[00:04:08] ML tree search #155, logLikelihood: -2544.782224
[00:04:09] ML tree search #156, logLikelihood: -2557.295295
[00:04:11] ML tree search #157, logLikelihood: -2555.216937
[00:04:12] ML tree search #158, logLikelihood: -2547.249989
[00:04:14] ML tree search #159, logLikelihood: -2544.782224
[00:04:16] ML tree search #160, logLikelihood: -2547.249989
[00:04:19] ML tree search #161, logLikelihood: -2544.782224
[00:04:20] ML tree search #162, logLikelihood: -2547.249989
[00:04:23] ML tree search #163, logLikelihood: -2544.782224
[00:04:25] ML tree search #164, logLikelihood: -2547.249989
[00:04:26] ML tree search #165, logLikelihood: -2547.249989
[00:04:29] ML tree search #166, logLikelihood: -2547.249989
[00:04:30] ML tree search #167, logLikelihood: -2547.249989
[00:04:31] ML tree search #168, logLikelihood: -2547.249989
[00:04:32] ML tree search #169, logLikelihood: -2555.114607
[00:04:35] ML tree search #170, logLikelihood: -2544.782224
[00:04:36] ML tree search #171, logLikelihood: -2544.782224
[00:04:38] ML tree search #172, logLikelihood: -2544.782224
[00:04:40] ML tree search #173, logLikelihood: -2544.782224
[00:04:41] ML tree search #174, logLikelihood: -2547.249989
[00:04:44] ML tree search #175, logLikelihood: -2544.782224
[00:04:46] ML tree search #176, logLikelihood: -2544.782224
[00:04:48] ML tree search #177, logLikelihood: -2547.249989
[00:04:50] ML tree search #178, logLikelihood: -2547.249989
[00:04:52] ML tree search #179, logLikelihood: -2547.249989
[00:04:53] ML tree search #180, logLikelihood: -2547.249989
[00:04:55] ML tree search #181, logLikelihood: -2547.249989
[00:04:56] ML tree search #182, logLikelihood: -2547.249989
[00:04:58] ML tree search #183, logLikelihood: -2554.422169
[00:04:59] ML tree search #184, logLikelihood: -2547.249989
[00:05:00] ML tree search #185, logLikelihood: -2547.249989
[00:05:02] ML tree search #186, logLikelihood: -2544.782224
[00:05:03] ML tree search #187, logLikelihood: -2547.249989
[00:05:06] ML tree search #188, logLikelihood: -2556.576586
[00:05:07] ML tree search #189, logLikelihood: -2547.249989
[00:05:08] ML tree search #190, logLikelihood: -2547.249989
[00:05:11] ML tree search #191, logLikelihood: -2544.782224
[00:05:15] ML tree search #192, logLikelihood: -2544.782224
[00:05:16] ML tree search #193, logLikelihood: -2544.782224
[00:05:18] ML tree search #194, logLikelihood: -2562.119090
[00:05:20] ML tree search #195, logLikelihood: -2547.249989
[00:05:21] ML tree search #196, logLikelihood: -2547.249989
[00:05:23] ML tree search #197, logLikelihood: -2559.427899
[00:05:24] ML tree search #198, logLikelihood: -2547.249989
[00:05:25] ML tree search #199, logLikelihood: -2544.782224
[00:05:27] ML tree search #200, logLikelihood: -2547.249989
[00:05:28] ML tree search #201, logLikelihood: -2547.249989
[00:05:29] ML tree search #202, logLikelihood: -2544.782224
[00:05:30] ML tree search #203, logLikelihood: -2547.249989
[00:05:31] ML tree search #204, logLikelihood: -2544.782224
[00:05:32] ML tree search #205, logLikelihood: -2544.782224
[00:05:34] ML tree search #206, logLikelihood: -2547.249989
[00:05:35] ML tree search #207, logLikelihood: -2544.782224
[00:05:36] ML tree search #208, logLikelihood: -2547.249989
[00:05:37] ML tree search #209, logLikelihood: -2547.249989
[00:05:38] ML tree search #210, logLikelihood: -2544.782224
[00:05:39] ML tree search #211, logLikelihood: -2544.782224
[00:05:40] ML tree search #212, logLikelihood: -2544.782224
[00:05:41] ML tree search #213, logLikelihood: -2547.249989
[00:05:42] ML tree search #214, logLikelihood: -2555.114607
[00:05:44] ML tree search #215, logLikelihood: -2544.782224
[00:05:47] ML tree search #216, logLikelihood: -2544.782224
[00:05:48] ML tree search #217, logLikelihood: -2547.249989
[00:05:50] ML tree search #218, logLikelihood: -2547.249989
[00:05:51] ML tree search #219, logLikelihood: -2544.782224
[00:05:52] ML tree search #220, logLikelihood: -2547.249989
[00:05:53] ML tree search #221, logLikelihood: -2547.249989
[00:05:55] ML tree search #222, logLikelihood: -2546.624358
[00:05:57] ML tree search #223, logLikelihood: -2544.782224
[00:05:58] ML tree search #224, logLikelihood: -2555.114607
[00:05:59] ML tree search #225, logLikelihood: -2544.782224
[00:06:00] ML tree search #226, logLikelihood: -2544.782224
[00:06:01] ML tree search #227, logLikelihood: -2544.782224
[00:06:02] ML tree search #228, logLikelihood: -2544.782224
[00:06:04] ML tree search #229, logLikelihood: -2544.782224
[00:06:05] ML tree search #230, logLikelihood: -2547.249989
[00:06:07] ML tree search #231, logLikelihood: -2544.782224
[00:06:08] ML tree search #232, logLikelihood: -2547.249989
[00:06:09] ML tree search #233, logLikelihood: -2547.249989
[00:06:11] ML tree search #234, logLikelihood: -2555.479145
[00:06:12] ML tree search #235, logLikelihood: -2547.249989
[00:06:13] ML tree search #236, logLikelihood: -2544.782224
[00:06:15] ML tree search #237, logLikelihood: -2544.782224
[00:06:17] ML tree search #238, logLikelihood: -2555.114607
[00:06:18] ML tree search #239, logLikelihood: -2544.782224
[00:06:19] ML tree search #240, logLikelihood: -2547.249989
[00:06:20] ML tree search #241, logLikelihood: -2544.782224
[00:06:22] ML tree search #242, logLikelihood: -2557.295295
[00:06:23] ML tree search #243, logLikelihood: -2556.576586
[00:06:24] ML tree search #244, logLikelihood: -2544.782224
[00:06:26] ML tree search #245, logLikelihood: -2544.782224
[00:06:27] ML tree search #246, logLikelihood: -2554.422169
[00:06:29] ML tree search #247, logLikelihood: -2547.249989
[00:06:31] ML tree search #248, logLikelihood: -2544.782224
[00:06:32] ML tree search #249, logLikelihood: -2547.249989
[00:06:34] ML tree search #250, logLikelihood: -2547.249989
[00:06:35] ML tree search #251, logLikelihood: -2547.249989
[00:06:38] ML tree search #252, logLikelihood: -2544.782224
[00:06:40] ML tree search #253, logLikelihood: -2544.782224
[00:06:41] ML tree search #254, logLikelihood: -2557.295295
[00:06:42] ML tree search #255, logLikelihood: -2544.782224
[00:06:43] ML tree search #256, logLikelihood: -2544.782224
[00:06:44] ML tree search #257, logLikelihood: -2544.782224
[00:06:46] ML tree search #258, logLikelihood: -2562.119090
[00:06:47] ML tree search #259, logLikelihood: -2544.782224
[00:06:48] ML tree search #260, logLikelihood: -2544.782224
[00:06:49] ML tree search #261, logLikelihood: -2547.249989
[00:06:51] ML tree search #262, logLikelihood: -2555.479145
[00:06:52] ML tree search #263, logLikelihood: -2544.782224
[00:06:53] ML tree search #264, logLikelihood: -2544.782224
[00:06:55] ML tree search #265, logLikelihood: -2555.114607
[00:06:57] ML tree search #266, logLikelihood: -2544.782224
[00:06:59] ML tree search #267, logLikelihood: -2544.782224
[00:07:01] ML tree search #268, logLikelihood: -2544.782224
[00:07:02] ML tree search #269, logLikelihood: -2554.422169
[00:07:03] ML tree search #270, logLikelihood: -2544.782224
[00:07:04] ML tree search #271, logLikelihood: -2547.249989
[00:07:05] ML tree search #272, logLikelihood: -2544.782224
[00:07:07] ML tree search #273, logLikelihood: -2544.782224
[00:07:09] ML tree search #274, logLikelihood: -2544.782224
[00:07:11] ML tree search #275, logLikelihood: -2561.324322
[00:07:12] ML tree search #276, logLikelihood: -2547.249989
[00:07:13] ML tree search #277, logLikelihood: -2544.782224
[00:07:15] ML tree search #278, logLikelihood: -2544.782224
[00:07:16] ML tree search #279, logLikelihood: -2544.782224
[00:07:17] ML tree search #280, logLikelihood: -2554.422169
[00:07:18] ML tree search #281, logLikelihood: -2544.782224
[00:07:20] ML tree search #282, logLikelihood: -2544.782224
[00:07:22] ML tree search #283, logLikelihood: -2556.576586
[00:07:23] ML tree search #284, logLikelihood: -2547.249989
[00:07:24] ML tree search #285, logLikelihood: -2564.017634
[00:07:25] ML tree search #286, logLikelihood: -2544.782224
[00:07:26] ML tree search #287, logLikelihood: -2556.576586
[00:07:28] ML tree search #288, logLikelihood: -2547.249989
[00:07:29] ML tree search #289, logLikelihood: -2544.782224
[00:07:30] ML tree search #290, logLikelihood: -2549.092140
[00:07:31] ML tree search #291, logLikelihood: -2544.782224
[00:07:32] ML tree search #292, logLikelihood: -2544.782224
[00:07:34] ML tree search #293, logLikelihood: -2557.295295
[00:07:35] ML tree search #294, logLikelihood: -2547.249989
[00:07:36] ML tree search #295, logLikelihood: -2557.295295
[00:07:38] ML tree search #296, logLikelihood: -2544.782224
[00:07:40] ML tree search #297, logLikelihood: -2544.782224
[00:07:43] ML tree search #298, logLikelihood: -2544.782224
[00:07:45] ML tree search #299, logLikelihood: -2544.782224
[00:07:46] ML tree search #300, logLikelihood: -2547.249989
[00:07:47] ML tree search #301, logLikelihood: -2547.249989
[00:07:48] ML tree search #302, logLikelihood: -2547.249989
[00:07:49] ML tree search #303, logLikelihood: -2547.249989
[00:07:50] ML tree search #304, logLikelihood: -2544.782224
[00:07:52] ML tree search #305, logLikelihood: -2547.249989
[00:07:53] ML tree search #306, logLikelihood: -2547.249989
[00:07:54] ML tree search #307, logLikelihood: -2544.782224
[00:07:56] ML tree search #308, logLikelihood: -2544.782224
[00:07:57] ML tree search #309, logLikelihood: -2547.249989
[00:07:59] ML tree search #310, logLikelihood: -2547.249989
[00:08:01] ML tree search #311, logLikelihood: -2544.782224
[00:08:03] ML tree search #312, logLikelihood: -2547.249989
[00:08:04] ML tree search #313, logLikelihood: -2547.249989
[00:08:06] ML tree search #314, logLikelihood: -2544.782224
[00:08:08] ML tree search #315, logLikelihood: -2547.249989
[00:08:09] ML tree search #316, logLikelihood: -2547.249989
[00:08:11] ML tree search #317, logLikelihood: -2544.782224
[00:08:13] ML tree search #318, logLikelihood: -2547.249989
[00:08:17] ML tree search #319, logLikelihood: -2544.782224
[00:08:18] ML tree search #320, logLikelihood: -2547.249989
[00:08:20] ML tree search #321, logLikelihood: -2544.782224
[00:08:21] ML tree search #322, logLikelihood: -2544.782224
[00:08:23] ML tree search #323, logLikelihood: -2544.782224
[00:08:25] ML tree search #324, logLikelihood: -2559.182382
[00:08:26] ML tree search #325, logLikelihood: -2554.422169
[00:08:27] ML tree search #326, logLikelihood: -2554.422169
[00:08:28] ML tree search #327, logLikelihood: -2547.249989
[00:08:30] ML tree search #328, logLikelihood: -2547.249989
[00:08:31] ML tree search #329, logLikelihood: -2561.299044
[00:08:32] ML tree search #330, logLikelihood: -2547.249989
[00:08:34] ML tree search #331, logLikelihood: -2561.324322
[00:08:35] ML tree search #332, logLikelihood: -2544.782224
[00:08:36] ML tree search #333, logLikelihood: -2544.782224
[00:08:38] ML tree search #334, logLikelihood: -2544.782224
[00:08:40] ML tree search #335, logLikelihood: -2547.249989
[00:08:42] ML tree search #336, logLikelihood: -2555.479145
[00:08:44] ML tree search #337, logLikelihood: -2544.782224
[00:08:45] ML tree search #338, logLikelihood: -2547.249989
[00:08:46] ML tree search #339, logLikelihood: -2547.249989
[00:08:47] ML tree search #340, logLikelihood: -2544.782224
[00:08:48] ML tree search #341, logLikelihood: -2547.249989
[00:08:50] ML tree search #342, logLikelihood: -2544.782224
[00:08:51] ML tree search #343, logLikelihood: -2547.249989
[00:08:52] ML tree search #344, logLikelihood: -2556.714618
[00:08:55] ML tree search #345, logLikelihood: -2544.782224
[00:08:57] ML tree search #346, logLikelihood: -2544.782224
[00:08:58] ML tree search #347, logLikelihood: -2544.782224
[00:08:59] ML tree search #348, logLikelihood: -2544.782224
[00:09:00] ML tree search #349, logLikelihood: -2544.782224
[00:09:02] ML tree search #350, logLikelihood: -2544.782224
[00:09:03] ML tree search #351, logLikelihood: -2555.216937
[00:09:04] ML tree search #352, logLikelihood: -2547.249989
[00:09:05] ML tree search #353, logLikelihood: -2544.782224
[00:09:07] ML tree search #354, logLikelihood: -2544.782224
[00:09:08] ML tree search #355, logLikelihood: -2547.249989
[00:09:09] ML tree search #356, logLikelihood: -2544.782224
[00:09:11] ML tree search #357, logLikelihood: -2563.325213
[00:09:12] ML tree search #358, logLikelihood: -2557.295295
[00:09:14] ML tree search #359, logLikelihood: -2544.782224
[00:09:16] ML tree search #360, logLikelihood: -2544.782224
[00:09:17] ML tree search #361, logLikelihood: -2555.479145
[00:09:18] ML tree search #362, logLikelihood: -2544.782224
[00:09:21] ML tree search #363, logLikelihood: -2544.782224
[00:09:22] ML tree search #364, logLikelihood: -2547.249989
[00:09:23] ML tree search #365, logLikelihood: -2544.782224
[00:09:25] ML tree search #366, logLikelihood: -2555.216937
[00:09:26] ML tree search #367, logLikelihood: -2544.782224
[00:09:27] ML tree search #368, logLikelihood: -2547.249989
[00:09:28] ML tree search #369, logLikelihood: -2547.249989
[00:09:29] ML tree search #370, logLikelihood: -2547.249989
[00:09:31] ML tree search #371, logLikelihood: -2544.782224
[00:09:32] ML tree search #372, logLikelihood: -2547.249989
[00:09:33] ML tree search #373, logLikelihood: -2547.249989
[00:09:34] ML tree search #374, logLikelihood: -2547.249989
[00:09:36] ML tree search #375, logLikelihood: -2547.249989
[00:09:37] ML tree search #376, logLikelihood: -2547.249989
[00:09:39] ML tree search #377, logLikelihood: -2544.782224
[00:09:40] ML tree search #378, logLikelihood: -2544.782224
[00:09:41] ML tree search #379, logLikelihood: -2544.782224
[00:09:42] ML tree search #380, logLikelihood: -2547.249989
[00:09:43] ML tree search #381, logLikelihood: -2559.182382
[00:09:44] ML tree search #382, logLikelihood: -2547.249989
[00:09:45] ML tree search #383, logLikelihood: -2544.782224
[00:09:46] ML tree search #384, logLikelihood: -2547.249989
[00:09:47] ML tree search #385, logLikelihood: -2547.249989
[00:09:48] ML tree search #386, logLikelihood: -2544.782224
[00:09:50] ML tree search #387, logLikelihood: -2547.249989
[00:09:51] ML tree search #388, logLikelihood: -2547.249989
[00:09:52] ML tree search #389, logLikelihood: -2544.782224
[00:09:53] ML tree search #390, logLikelihood: -2544.782224
[00:09:54] ML tree search #391, logLikelihood: -2544.782224
[00:09:55] ML tree search #392, logLikelihood: -2547.249989
[00:09:57] ML tree search #393, logLikelihood: -2557.295295
[00:09:58] ML tree search #394, logLikelihood: -2544.782224
[00:10:01] ML tree search #395, logLikelihood: -2544.782224
[00:10:02] ML tree search #396, logLikelihood: -2555.114607
[00:10:04] ML tree search #397, logLikelihood: -2544.782224
[00:10:06] ML tree search #398, logLikelihood: -2547.249989
[00:10:07] ML tree search #399, logLikelihood: -2544.782224
[00:10:08] ML tree search #400, logLikelihood: -2554.422169

Optimized model parameters:

   Partition 0: noname
   Rate heterogeneity: NONE
   Base frequencies (model): 0.125000 0.125000 0.125000 0.125000 0.125000 0.125000 0.125000 0.125000 
   Substitution rates (model): 1.000000 1.000000 1.000000 1.000000 1.000000 1.000000 1.000000 1.000000 1.000000 1.000000 1.000000 1.000000 1.000000 1.000000 1.000000 1.000000 1.000000 1.000000 1.000000 1.000000 1.000000 1.000000 1.000000 1.000000 1.000000 1.000000 1.000000 1.000000 

Final LogLikelihood: -2544.782224

AIC score: 5227.564449 / AICc score: 14887.564449 / BIC score: 5382.710620
Free parameters (model + branch lengths): 69

All ML trees saved to: /home/jmahguib/EEOB563-Spring2019/Final_Project/MLsearchConcat.raxml.mlTrees
Best ML tree saved to: /home/jmahguib/EEOB563-Spring2019/Final_Project/MLsearchConcat.raxml.bestTree
Optimized model saved to: /home/jmahguib/EEOB563-Spring2019/Final_Project/MLsearchConcat.raxml.bestModel

Execution log saved to: /home/jmahguib/EEOB563-Spring2019/Final_Project/MLsearchConcat.raxml.log

Analysis started: 17-Apr-2019 13:07:41 / finished: 17-Apr-2019 13:17:49

Elapsed time: 608.422 seconds

