
RAxML-NG v. 0.8.0 BETA released on 11.01.2019 by The Exelixis Lab.
Authors: Alexey Kozlov, Alexandros Stamatakis, Diego Darriba, Tomas Flouri, Benoit Morel.
Latest version: https://github.com/amkozlov/raxml-ng
Questions/problems/suggestions? Please visit: https://groups.google.com/forum/#!forum/raxml

WARNING: This is a BETA release, please use at your own risk!

RAxML-NG was called at 17-Apr-2019 21:36:23 as follows:

raxml-ng --msa Tolkien_arche_align_protossOG.txt --outgroup Protoss_OG --model MULTI7_MK --prefix MLsearchArcheProtossOG --threads 1 --seed 2 --tree pars{200},rand{200}

Analysis options:
  run mode: ML tree search
  start tree(s): random (200) + parsimony (200)
  random seed: 2
  tip-inner: OFF
  pattern compression: ON
  per-rate scalers: OFF
  site repeats: ON
  fast spr radius: AUTO
  spr subtree cutoff: 1.000000
  branch lengths: proportional (ML estimate, algorithm: NR-FAST)
  SIMD kernels: AVX
  parallelization: NONE/sequential

[00:00:00] Reading alignment from file: Tolkien_arche_align_protossOG.txt
[00:00:00] Loaded alignment with 33 taxa and 18 sites

Alignment comprises 1 partitions and 18 patterns

Partition 0: noname
Model: MULTI7_MK
Alignment sites / patterns: 18 / 18
Gaps: 0.00 %
Invariant sites: 0.00 %


NOTE: Binary MSA file created: MLsearchArcheProtossOG.raxml.rba

[00:00:00] Generating 200 random starting tree(s) with 33 taxa
[00:00:00] Generating 200 parsimony starting tree(s) with 33 taxa
[00:00:00] Data distribution: max. partitions/sites/weight per thread: 1 / 18 / 126

Starting ML tree search with 400 distinct starting trees

[00:00:01] ML tree search #1, logLikelihood: -632.671685
[00:00:02] ML tree search #2, logLikelihood: -635.562722
[00:00:02] ML tree search #3, logLikelihood: -637.008158
[00:00:03] ML tree search #4, logLikelihood: -632.972879
[00:00:04] ML tree search #5, logLikelihood: -636.051666
[00:00:04] ML tree search #6, logLikelihood: -633.024102
[00:00:05] ML tree search #7, logLikelihood: -633.198613
[00:00:06] ML tree search #8, logLikelihood: -632.972059
[00:00:07] ML tree search #9, logLikelihood: -635.775787
[00:00:07] ML tree search #10, logLikelihood: -637.970619
[00:00:08] ML tree search #11, logLikelihood: -633.024101
[00:00:08] ML tree search #12, logLikelihood: -634.693321
[00:00:09] ML tree search #13, logLikelihood: -632.972059
[00:00:09] ML tree search #14, logLikelihood: -633.569672
[00:00:10] ML tree search #15, logLikelihood: -632.898239
[00:00:11] ML tree search #16, logLikelihood: -633.024869
[00:00:11] ML tree search #17, logLikelihood: -636.991973
[00:00:12] ML tree search #18, logLikelihood: -633.024101
[00:00:13] ML tree search #19, logLikelihood: -632.972059
[00:00:14] ML tree search #20, logLikelihood: -632.671685
[00:00:14] ML tree search #21, logLikelihood: -634.635259
[00:00:15] ML tree search #22, logLikelihood: -633.198613
[00:00:16] ML tree search #23, logLikelihood: -633.198613
[00:00:18] ML tree search #24, logLikelihood: -635.440288
[00:00:18] ML tree search #25, logLikelihood: -633.500259
[00:00:19] ML tree search #26, logLikelihood: -636.718833
[00:00:20] ML tree search #27, logLikelihood: -639.719290
[00:00:20] ML tree search #28, logLikelihood: -633.797708
[00:00:21] ML tree search #29, logLikelihood: -632.671685
[00:00:22] ML tree search #30, logLikelihood: -635.964256
[00:00:22] ML tree search #31, logLikelihood: -632.671685
[00:00:23] ML tree search #32, logLikelihood: -632.972059
[00:00:23] ML tree search #33, logLikelihood: -638.487802
[00:00:24] ML tree search #34, logLikelihood: -632.972059
[00:00:25] ML tree search #35, logLikelihood: -632.887304
[00:00:25] ML tree search #36, logLikelihood: -634.567275
[00:00:26] ML tree search #37, logLikelihood: -635.440288
[00:00:28] ML tree search #38, logLikelihood: -633.096407
[00:00:28] ML tree search #39, logLikelihood: -635.510679
[00:00:29] ML tree search #40, logLikelihood: -633.226316
[00:00:29] ML tree search #41, logLikelihood: -634.899547
[00:00:30] ML tree search #42, logLikelihood: -633.198613
[00:00:31] ML tree search #43, logLikelihood: -632.421595
[00:00:32] ML tree search #44, logLikelihood: -632.972879
[00:00:33] ML tree search #45, logLikelihood: -633.024872
[00:00:33] ML tree search #46, logLikelihood: -635.487598
[00:00:34] ML tree search #47, logLikelihood: -638.717021
[00:00:35] ML tree search #48, logLikelihood: -633.096407
[00:00:35] ML tree search #49, logLikelihood: -636.517389
[00:00:36] ML tree search #50, logLikelihood: -638.910700
[00:00:37] ML tree search #51, logLikelihood: -633.237167
[00:00:38] ML tree search #52, logLikelihood: -632.972059
[00:00:38] ML tree search #53, logLikelihood: -633.024869
[00:00:39] ML tree search #54, logLikelihood: -641.003996
[00:00:40] ML tree search #55, logLikelihood: -632.616471
[00:00:41] ML tree search #56, logLikelihood: -632.352182
[00:00:42] ML tree search #57, logLikelihood: -633.764560
[00:00:42] ML tree search #58, logLikelihood: -636.991973
[00:00:43] ML tree search #59, logLikelihood: -635.687124
[00:00:44] ML tree search #60, logLikelihood: -637.906745
[00:00:44] ML tree search #61, logLikelihood: -636.729683
[00:00:45] ML tree search #62, logLikelihood: -632.898239
[00:00:46] ML tree search #63, logLikelihood: -633.024869
[00:00:47] ML tree search #64, logLikelihood: -633.024101
[00:00:47] ML tree search #65, logLikelihood: -632.616471
[00:00:48] ML tree search #66, logLikelihood: -633.024869
[00:00:48] ML tree search #67, logLikelihood: -632.671685
[00:00:49] ML tree search #68, logLikelihood: -632.972059
[00:00:49] ML tree search #69, logLikelihood: -633.306580
[00:00:50] ML tree search #70, logLikelihood: -632.352182
[00:00:51] ML tree search #71, logLikelihood: -641.463138
[00:00:52] ML tree search #72, logLikelihood: -632.623015
[00:00:52] ML tree search #73, logLikelihood: -632.421595
[00:00:53] ML tree search #74, logLikelihood: -636.056337
[00:00:55] ML tree search #75, logLikelihood: -632.892349
[00:00:56] ML tree search #76, logLikelihood: -638.918441
[00:00:56] ML tree search #77, logLikelihood: -633.306580
[00:00:57] ML tree search #78, logLikelihood: -633.446272
[00:00:58] ML tree search #79, logLikelihood: -635.425925
[00:00:58] ML tree search #80, logLikelihood: -635.682488
[00:00:59] ML tree search #81, logLikelihood: -633.237167
[00:00:59] ML tree search #82, logLikelihood: -635.563489
[00:01:00] ML tree search #83, logLikelihood: -635.210305
[00:01:01] ML tree search #84, logLikelihood: -635.984895
[00:01:01] ML tree search #85, logLikelihood: -633.435419
[00:01:02] ML tree search #86, logLikelihood: -635.562721
[00:01:03] ML tree search #87, logLikelihood: -635.440288
[00:01:04] ML tree search #88, logLikelihood: -636.452772
[00:01:05] ML tree search #89, logLikelihood: -638.333051
[00:01:05] ML tree search #90, logLikelihood: -632.972059
[00:01:06] ML tree search #91, logLikelihood: -635.562722
[00:01:07] ML tree search #92, logLikelihood: -632.972059
[00:01:08] ML tree search #93, logLikelihood: -633.024869
[00:01:08] ML tree search #94, logLikelihood: -633.024105
[00:01:09] ML tree search #95, logLikelihood: -633.024101
[00:01:09] ML tree search #96, logLikelihood: -632.972059
[00:01:10] ML tree search #97, logLikelihood: -632.972059
[00:01:11] ML tree search #98, logLikelihood: -633.499452
[00:01:11] ML tree search #99, logLikelihood: -636.204739
[00:01:12] ML tree search #100, logLikelihood: -632.352182
[00:01:13] ML tree search #101, logLikelihood: -633.513046
[00:01:14] ML tree search #102, logLikelihood: -639.056013
[00:01:15] ML tree search #103, logLikelihood: -632.887304
[00:01:16] ML tree search #104, logLikelihood: -633.199078
[00:01:16] ML tree search #105, logLikelihood: -633.198613
[00:01:17] ML tree search #106, logLikelihood: -632.892349
[00:01:18] ML tree search #107, logLikelihood: -633.500259
[00:01:18] ML tree search #108, logLikelihood: -633.024102
[00:01:19] ML tree search #109, logLikelihood: -633.237167
[00:01:20] ML tree search #110, logLikelihood: -635.155092
[00:01:20] ML tree search #111, logLikelihood: -634.623357
[00:01:21] ML tree search #112, logLikelihood: -638.261369
[00:01:22] ML tree search #113, logLikelihood: -635.090609
[00:01:23] ML tree search #114, logLikelihood: -633.552262
[00:01:23] ML tree search #115, logLikelihood: -636.090886
[00:01:24] ML tree search #116, logLikelihood: -632.962027
[00:01:25] ML tree search #117, logLikelihood: -635.090612
[00:01:25] ML tree search #118, logLikelihood: -633.024101
[00:01:26] ML tree search #119, logLikelihood: -635.436860
[00:01:27] ML tree search #120, logLikelihood: -634.768853
[00:01:28] ML tree search #121, logLikelihood: -632.987513
[00:01:28] ML tree search #122, logLikelihood: -632.623015
[00:01:29] ML tree search #123, logLikelihood: -632.972059
[00:01:30] ML tree search #124, logLikelihood: -637.934556
[00:01:31] ML tree search #125, logLikelihood: -636.090886
[00:01:31] ML tree search #126, logLikelihood: -636.454542
[00:01:32] ML tree search #127, logLikelihood: -632.887304
[00:01:33] ML tree search #128, logLikelihood: -635.155092
[00:01:34] ML tree search #129, logLikelihood: -639.450872
[00:01:34] ML tree search #130, logLikelihood: -633.306580
[00:01:35] ML tree search #131, logLikelihood: -632.898239
[00:01:36] ML tree search #132, logLikelihood: -634.768853
[00:01:37] ML tree search #133, logLikelihood: -632.671685
[00:01:38] ML tree search #134, logLikelihood: -636.464580
[00:01:39] ML tree search #135, logLikelihood: -633.500259
[00:01:39] ML tree search #136, logLikelihood: -633.024101
[00:01:40] ML tree search #137, logLikelihood: -639.884771
[00:01:41] ML tree search #138, logLikelihood: -635.563489
[00:01:41] ML tree search #139, logLikelihood: -633.024869
[00:01:42] ML tree search #140, logLikelihood: -634.497048
[00:01:42] ML tree search #141, logLikelihood: -632.972059
[00:01:43] ML tree search #142, logLikelihood: -632.972059
[00:01:44] ML tree search #143, logLikelihood: -637.419259
[00:01:44] ML tree search #144, logLikelihood: -632.972879
[00:01:45] ML tree search #145, logLikelihood: -633.024101
[00:01:46] ML tree search #146, logLikelihood: -634.768850
[00:01:46] ML tree search #147, logLikelihood: -632.962027
[00:01:47] ML tree search #148, logLikelihood: -632.671685
[00:01:48] ML tree search #149, logLikelihood: -633.024102
[00:01:48] ML tree search #150, logLikelihood: -635.737234
[00:01:49] ML tree search #151, logLikelihood: -633.024869
[00:01:50] ML tree search #152, logLikelihood: -633.024869
[00:01:51] ML tree search #153, logLikelihood: -633.150395
[00:01:52] ML tree search #154, logLikelihood: -632.671685
[00:01:53] ML tree search #155, logLikelihood: -632.898239
[00:01:54] ML tree search #156, logLikelihood: -636.051666
[00:01:54] ML tree search #157, logLikelihood: -633.096407
[00:01:55] ML tree search #158, logLikelihood: -633.024101
[00:01:56] ML tree search #159, logLikelihood: -632.887304
[00:01:57] ML tree search #160, logLikelihood: -632.948975
[00:01:57] ML tree search #161, logLikelihood: -635.418185
[00:01:58] ML tree search #162, logLikelihood: -638.766894
[00:01:59] ML tree search #163, logLikelihood: -637.629223
[00:02:00] ML tree search #164, logLikelihood: -633.042292
[00:02:01] ML tree search #165, logLikelihood: -634.202552
[00:02:01] ML tree search #166, logLikelihood: -635.425925
[00:02:02] ML tree search #167, logLikelihood: -633.435419
[00:02:02] ML tree search #168, logLikelihood: -632.892349
[00:02:03] ML tree search #169, logLikelihood: -637.279513
[00:02:04] ML tree search #170, logLikelihood: -633.198613
[00:02:04] ML tree search #171, logLikelihood: -636.379821
[00:02:05] ML tree search #172, logLikelihood: -633.425633
[00:02:06] ML tree search #173, logLikelihood: -633.042292
[00:02:07] ML tree search #174, logLikelihood: -632.616471
[00:02:08] ML tree search #175, logLikelihood: -633.513046
[00:02:09] ML tree search #176, logLikelihood: -632.623015
[00:02:09] ML tree search #177, logLikelihood: -634.047797
[00:02:10] ML tree search #178, logLikelihood: -633.306580
[00:02:10] ML tree search #179, logLikelihood: -639.003200
[00:02:11] ML tree search #180, logLikelihood: -632.962027
[00:02:12] ML tree search #181, logLikelihood: -633.150395
[00:02:12] ML tree search #182, logLikelihood: -634.768850
[00:02:13] ML tree search #183, logLikelihood: -636.376267
[00:02:14] ML tree search #184, logLikelihood: -634.047797
[00:02:15] ML tree search #185, logLikelihood: -633.024104
[00:02:15] ML tree search #186, logLikelihood: -633.237167
[00:02:16] ML tree search #187, logLikelihood: -632.972059
[00:02:17] ML tree search #188, logLikelihood: -639.003200
[00:02:17] ML tree search #189, logLikelihood: -633.414697
[00:02:18] ML tree search #190, logLikelihood: -638.729821
[00:02:19] ML tree search #191, logLikelihood: -636.056337
[00:02:20] ML tree search #192, logLikelihood: -633.024101
[00:02:21] ML tree search #193, logLikelihood: -632.352182
[00:02:22] ML tree search #194, logLikelihood: -641.718264
[00:02:23] ML tree search #195, logLikelihood: -634.681304
[00:02:24] ML tree search #196, logLikelihood: -632.623015
[00:02:24] ML tree search #197, logLikelihood: -633.096407
[00:02:25] ML tree search #198, logLikelihood: -635.737235
[00:02:25] ML tree search #199, logLikelihood: -635.510679
[00:02:26] ML tree search #200, logLikelihood: -632.972059
[00:02:27] ML tree search #201, logLikelihood: -632.825575
[00:02:27] ML tree search #202, logLikelihood: -636.390759
[00:02:28] ML tree search #203, logLikelihood: -635.563489
[00:02:29] ML tree search #204, logLikelihood: -632.972059
[00:02:30] ML tree search #205, logLikelihood: -633.419728
[00:02:30] ML tree search #206, logLikelihood: -632.671685
[00:02:31] ML tree search #207, logLikelihood: -639.056010
[00:02:31] ML tree search #208, logLikelihood: -639.056010
[00:02:32] ML tree search #209, logLikelihood: -635.562722
[00:02:33] ML tree search #210, logLikelihood: -633.198613
[00:02:33] ML tree search #211, logLikelihood: -632.671685
[00:02:35] ML tree search #212, logLikelihood: -636.916835
[00:02:35] ML tree search #213, logLikelihood: -639.229753
[00:02:36] ML tree search #214, logLikelihood: -633.726006
[00:02:37] ML tree search #215, logLikelihood: -632.685885
[00:02:38] ML tree search #216, logLikelihood: -639.268304
[00:02:38] ML tree search #217, logLikelihood: -633.226316
[00:02:39] ML tree search #218, logLikelihood: -633.213277
[00:02:40] ML tree search #219, logLikelihood: -632.972059
[00:02:40] ML tree search #220, logLikelihood: -637.062188
[00:02:41] ML tree search #221, logLikelihood: -632.972059
[00:02:42] ML tree search #222, logLikelihood: -632.972059
[00:02:43] ML tree search #223, logLikelihood: -634.768850
[00:02:44] ML tree search #224, logLikelihood: -634.693321
[00:02:44] ML tree search #225, logLikelihood: -636.038075
[00:02:45] ML tree search #226, logLikelihood: -633.024101
[00:02:45] ML tree search #227, logLikelihood: -636.387504
[00:02:46] ML tree search #228, logLikelihood: -635.751901
[00:02:47] ML tree search #229, logLikelihood: -635.224505
[00:02:48] ML tree search #230, logLikelihood: -634.202549
[00:02:48] ML tree search #231, logLikelihood: -632.972059
[00:02:49] ML tree search #232, logLikelihood: -636.729683
[00:02:50] ML tree search #233, logLikelihood: -633.024101
[00:02:50] ML tree search #234, logLikelihood: -633.489406
[00:02:52] ML tree search #235, logLikelihood: -638.654151
[00:02:52] ML tree search #236, logLikelihood: -634.890803
[00:02:53] ML tree search #237, logLikelihood: -638.570837
[00:02:54] ML tree search #238, logLikelihood: -633.024869
[00:02:55] ML tree search #239, logLikelihood: -633.024869
[00:02:55] ML tree search #240, logLikelihood: -632.972059
[00:02:56] ML tree search #241, logLikelihood: -648.070377
[00:02:57] ML tree search #242, logLikelihood: -636.379821
[00:02:57] ML tree search #243, logLikelihood: -636.516620
[00:02:58] ML tree search #244, logLikelihood: -640.703622
[00:02:59] ML tree search #245, logLikelihood: -632.972059
[00:03:00] ML tree search #246, logLikelihood: -633.042292
[00:03:01] ML tree search #247, logLikelihood: -636.056337
[00:03:01] ML tree search #248, logLikelihood: -634.040425
[00:03:02] ML tree search #249, logLikelihood: -638.383318
[00:03:02] ML tree search #250, logLikelihood: -633.499452
[00:03:03] ML tree search #251, logLikelihood: -632.825575
[00:03:04] ML tree search #252, logLikelihood: -632.972059
[00:03:05] ML tree search #253, logLikelihood: -632.623015
[00:03:06] ML tree search #254, logLikelihood: -632.972059
[00:03:07] ML tree search #255, logLikelihood: -639.003200
[00:03:07] ML tree search #256, logLikelihood: -640.703622
[00:03:08] ML tree search #257, logLikelihood: -633.848153
[00:03:08] ML tree search #258, logLikelihood: -636.980166
[00:03:09] ML tree search #259, logLikelihood: -632.972059
[00:03:10] ML tree search #260, logLikelihood: -636.228271
[00:03:11] ML tree search #261, logLikelihood: -633.499452
[00:03:12] ML tree search #262, logLikelihood: -640.860187
[00:03:13] ML tree search #263, logLikelihood: -632.352182
[00:03:13] ML tree search #264, logLikelihood: -634.693321
[00:03:14] ML tree search #265, logLikelihood: -639.243529
[00:03:15] ML tree search #266, logLikelihood: -636.226769
[00:03:16] ML tree search #267, logLikelihood: -632.898239
[00:03:17] ML tree search #268, logLikelihood: -632.623015
[00:03:18] ML tree search #269, logLikelihood: -635.764937
[00:03:19] ML tree search #270, logLikelihood: -637.473246
[00:03:19] ML tree search #271, logLikelihood: -636.516620
[00:03:20] ML tree search #272, logLikelihood: -635.108651
[00:03:21] ML tree search #273, logLikelihood: -633.024872
[00:03:21] ML tree search #274, logLikelihood: -632.671685
[00:03:22] ML tree search #275, logLikelihood: -632.616471
[00:03:23] ML tree search #276, logLikelihood: -638.654152
[00:03:24] ML tree search #277, logLikelihood: -632.671685
[00:03:24] ML tree search #278, logLikelihood: -633.024102
[00:03:25] ML tree search #279, logLikelihood: -633.552262
[00:03:26] ML tree search #280, logLikelihood: -633.024102
[00:03:26] ML tree search #281, logLikelihood: -636.108988
[00:03:27] ML tree search #282, logLikelihood: -638.717021
[00:03:28] ML tree search #283, logLikelihood: -638.439582
[00:03:29] ML tree search #284, logLikelihood: -634.740892
[00:03:29] ML tree search #285, logLikelihood: -632.825575
[00:03:30] ML tree search #286, logLikelihood: -632.671685
[00:03:31] ML tree search #287, logLikelihood: -632.894988
[00:03:32] ML tree search #288, logLikelihood: -639.337717
[00:03:33] ML tree search #289, logLikelihood: -633.024869
[00:03:33] ML tree search #290, logLikelihood: -634.681304
[00:03:34] ML tree search #291, logLikelihood: -636.264630
[00:03:35] ML tree search #292, logLikelihood: -636.226769
[00:03:36] ML tree search #293, logLikelihood: -636.228271
[00:03:36] ML tree search #294, logLikelihood: -633.096407
[00:03:37] ML tree search #295, logLikelihood: -633.024102
[00:03:38] ML tree search #296, logLikelihood: -634.740892
[00:03:38] ML tree search #297, logLikelihood: -633.213277
[00:03:39] ML tree search #298, logLikelihood: -632.972879
[00:03:40] ML tree search #299, logLikelihood: -632.892349
[00:03:41] ML tree search #300, logLikelihood: -636.464580
[00:03:42] ML tree search #301, logLikelihood: -635.436860
[00:03:42] ML tree search #302, logLikelihood: -639.127546
[00:03:43] ML tree search #303, logLikelihood: -633.198613
[00:03:44] ML tree search #304, logLikelihood: -632.972059
[00:03:45] ML tree search #305, logLikelihood: -634.681304
[00:03:46] ML tree search #306, logLikelihood: -633.237167
[00:03:47] ML tree search #307, logLikelihood: -636.691599
[00:03:48] ML tree search #308, logLikelihood: -635.754878
[00:03:48] ML tree search #309, logLikelihood: -632.972879
[00:03:49] ML tree search #310, logLikelihood: -635.845200
[00:03:50] ML tree search #311, logLikelihood: -633.150395
[00:03:51] ML tree search #312, logLikelihood: -638.261381
[00:03:51] ML tree search #313, logLikelihood: -638.360231
[00:03:52] ML tree search #314, logLikelihood: -633.237167
[00:03:53] ML tree search #315, logLikelihood: -635.440288
[00:03:54] ML tree search #316, logLikelihood: -638.647608
[00:03:55] ML tree search #317, logLikelihood: -633.024872
[00:03:56] ML tree search #318, logLikelihood: -633.024869
[00:03:57] ML tree search #319, logLikelihood: -632.972059
[00:03:57] ML tree search #320, logLikelihood: -633.435419
[00:03:58] ML tree search #321, logLikelihood: -635.425925
[00:03:59] ML tree search #322, logLikelihood: -635.431998
[00:04:00] ML tree search #323, logLikelihood: -640.910858
[00:04:01] ML tree search #324, logLikelihood: -632.671685
[00:04:02] ML tree search #325, logLikelihood: -641.452380
[00:04:02] ML tree search #326, logLikelihood: -636.480765
[00:04:03] ML tree search #327, logLikelihood: -633.552262
[00:04:04] ML tree search #328, logLikelihood: -633.024869
[00:04:05] ML tree search #329, logLikelihood: -639.167630
[00:04:06] ML tree search #330, logLikelihood: -632.671685
[00:04:06] ML tree search #331, logLikelihood: -646.652728
[00:04:07] ML tree search #332, logLikelihood: -632.972059
[00:04:08] ML tree search #333, logLikelihood: -633.499452
[00:04:08] ML tree search #334, logLikelihood: -633.042292
[00:04:09] ML tree search #335, logLikelihood: -635.754878
[00:04:10] ML tree search #336, logLikelihood: -633.024101
[00:04:11] ML tree search #337, logLikelihood: -635.511500
[00:04:11] ML tree search #338, logLikelihood: -634.360267
[00:04:12] ML tree search #339, logLikelihood: -632.972059
[00:04:13] ML tree search #340, logLikelihood: -635.562721
[00:04:13] ML tree search #341, logLikelihood: -638.498014
[00:04:14] ML tree search #342, logLikelihood: -635.431998
[00:04:14] ML tree search #343, logLikelihood: -635.845200
[00:04:16] ML tree search #344, logLikelihood: -633.150395
[00:04:16] ML tree search #345, logLikelihood: -632.948975
[00:04:17] ML tree search #346, logLikelihood: -633.569672
[00:04:18] ML tree search #347, logLikelihood: -639.582636
[00:04:18] ML tree search #348, logLikelihood: -632.972059
[00:04:20] ML tree search #349, logLikelihood: -636.056337
[00:04:21] ML tree search #350, logLikelihood: -632.894988
[00:04:22] ML tree search #351, logLikelihood: -634.729943
[00:04:22] ML tree search #352, logLikelihood: -639.003200
[00:04:23] ML tree search #353, logLikelihood: -633.150395
[00:04:24] ML tree search #354, logLikelihood: -639.396880
[00:04:24] ML tree search #355, logLikelihood: -632.623015
[00:04:25] ML tree search #356, logLikelihood: -639.004015
[00:04:26] ML tree search #357, logLikelihood: -637.062188
[00:04:27] ML tree search #358, logLikelihood: -632.887304
[00:04:27] ML tree search #359, logLikelihood: -638.261249
[00:04:29] ML tree search #360, logLikelihood: -632.352182
[00:04:29] ML tree search #361, logLikelihood: -633.306580
[00:04:30] ML tree search #362, logLikelihood: -633.024101
[00:04:31] ML tree search #363, logLikelihood: -638.120693
[00:04:31] ML tree search #364, logLikelihood: -634.693321
[00:04:32] ML tree search #365, logLikelihood: -636.991973
[00:04:33] ML tree search #366, logLikelihood: -635.510679
[00:04:33] ML tree search #367, logLikelihood: -639.530596
[00:04:34] ML tree search #368, logLikelihood: -637.044783
[00:04:34] ML tree search #369, logLikelihood: -635.562722
[00:04:35] ML tree search #370, logLikelihood: -632.962027
[00:04:36] ML tree search #371, logLikelihood: -632.894988
[00:04:37] ML tree search #372, logLikelihood: -633.365741
[00:04:38] ML tree search #373, logLikelihood: -633.835140
[00:04:39] ML tree search #374, logLikelihood: -632.685885
[00:04:40] ML tree search #375, logLikelihood: -632.879562
[00:04:41] ML tree search #376, logLikelihood: -635.431999
[00:04:41] ML tree search #377, logLikelihood: -632.962027
[00:04:42] ML tree search #378, logLikelihood: -632.972059
[00:04:42] ML tree search #379, logLikelihood: -633.499452
[00:04:43] ML tree search #380, logLikelihood: -639.068353
[00:04:44] ML tree search #381, logLikelihood: -632.972059
[00:04:45] ML tree search #382, logLikelihood: -641.003996
[00:04:45] ML tree search #383, logLikelihood: -635.563489
[00:04:46] ML tree search #384, logLikelihood: -632.825575
[00:04:47] ML tree search #385, logLikelihood: -632.972059
[00:04:48] ML tree search #386, logLikelihood: -633.024101
[00:04:49] ML tree search #387, logLikelihood: -634.740892
[00:04:50] ML tree search #388, logLikelihood: -636.090117
[00:04:50] ML tree search #389, logLikelihood: -633.435419
[00:04:51] ML tree search #390, logLikelihood: -632.671690
[00:04:52] ML tree search #391, logLikelihood: -632.972059
[00:04:53] ML tree search #392, logLikelihood: -633.414697
[00:04:54] ML tree search #393, logLikelihood: -633.306580
[00:04:55] ML tree search #394, logLikelihood: -633.198613
[00:04:55] ML tree search #395, logLikelihood: -634.255674
[00:04:56] ML tree search #396, logLikelihood: -638.487803
[00:04:56] ML tree search #397, logLikelihood: -641.515964
[00:04:57] ML tree search #398, logLikelihood: -635.296242
[00:04:58] ML tree search #399, logLikelihood: -635.436860
[00:04:59] ML tree search #400, logLikelihood: -633.024102

Optimized model parameters:

   Partition 0: noname
   Rate heterogeneity: NONE
   Base frequencies (model): 0.142857 0.142857 0.142857 0.142857 0.142857 0.142857 0.142857 
   Substitution rates (model): 1.000000 1.000000 1.000000 1.000000 1.000000 1.000000 1.000000 1.000000 1.000000 1.000000 1.000000 1.000000 1.000000 1.000000 1.000000 1.000000 1.000000 1.000000 1.000000 1.000000 1.000000 

Final LogLikelihood: -632.352182

AIC score: 1390.704364 / AICc score: 9454.704364 / BIC score: 1446.797785
Free parameters (model + branch lengths): 63

WARNING: Number of free parameters (K=63) is larger than alignment size (n=18).
         This might lead to overfitting and compromise tree inference results!


All ML trees saved to: /home/jmahguib/EEOB563-Spring2019/Final_Project/MLsearchArcheProtossOG.raxml.mlTrees
Best ML tree saved to: /home/jmahguib/EEOB563-Spring2019/Final_Project/MLsearchArcheProtossOG.raxml.bestTree
Optimized model saved to: /home/jmahguib/EEOB563-Spring2019/Final_Project/MLsearchArcheProtossOG.raxml.bestModel

Execution log saved to: /home/jmahguib/EEOB563-Spring2019/Final_Project/MLsearchArcheProtossOG.raxml.log

Analysis started: 17-Apr-2019 21:36:23 / finished: 17-Apr-2019 21:41:22

Elapsed time: 299.227 seconds

